This is LuaHBTeX, Version 1.15.1 (MiKTeX 22.8.28) (format=lualatex 2022.11.23)  5 DEC 2022 21:19
 restricted system commands enabled.
**thesis_ms_eld895_aryan_ritwajeet_jha.tex
(./thesis_ms_eld895_aryan_ritwajeet_jha.tex
LaTeX2e <2022-06-01> patch level 5
Lua module: luaotfload 2022-06-15 3.22 Lua based OpenType font support
Lua module: lualibs 2021-05-20 2.74 ConTeXt Lua standard libraries.
Lua module: lualibs-extended 2021-05-20 2.74 ConTeXt Lua libraries -- extended c
ollection.
luaotfload | conf : Root cache directory is "C:/Users/aryan/AppData/Local/MiKTeX
/luatex-cache/generic/names".
luaotfload | init : Loading fontloader "fontloader-2022-06-15.lua" from kpse-res
olved path "C:/Users/aryan/AppData/Local/Programs/MiKTeX/tex/luatex/luaotfload/f
ontloader-2022-06-15.lua".
Lua-only attribute luaotfload@noligature = 1
luaotfload | init : Context OpenType loader version 3.120
Inserting `luaotfload.node_processor' at position 1 in `pre_linebreak_filter'.
Inserting `luaotfload.node_processor' at position 1 in `hpack_filter'.
Inserting `luaotfload.glyph_stream' at position 1 in `glyph_stream_provider'.
Inserting `luaotfload.define_font' at position 1 in `define_font'.
Lua-only attribute luaotfload_color_attribute = 2
luaotfload | conf : Root cache directory is "C:/Users/aryan/AppData/Local/MiKTeX
/luatex-cache/generic/names".
Inserting `luaotfload.harf.strip_prefix' at position 1 in `find_opentype_file'.
Inserting `luaotfload.harf.strip_prefix' at position 1 in `find_truetype_file'.
Removing  `luaotfload.glyph_stream' from `glyph_stream_provider'.
Inserting `luaotfload.harf.glyphstream' at position 1 in `glyph_stream_provider'
.
Inserting `luaotfload.harf.finalize_vlist' at position 1 in `post_linebreak_filt
er'.
Inserting `luaotfload.harf.finalize_hlist' at position 2 in `hpack_filter'.
Inserting `luaotfload.cleanup_files' at position 1 in `wrapup_run'.
Inserting `luaotfload.harf.finalize_unicode' at position 1 in `finish_pdffile'.
Inserting `luaotfload.glyphinfo' at position 1 in `glyph_info'.
Lua-only attribute luaotfload.letterspace_done = 3
Inserting `luaotfload.aux.set_sscale_dimens' at position 1 in `luaotfload.patch_
font'.
Inserting `luaotfload.aux.set_font_index' at position 2 in `luaotfload.patch_fon
t'.
Inserting `luaotfload.aux.patch_cambria_domh' at position 3 in `luaotfload.patch
_font'.
Inserting `luaotfload.aux.fixup_fontdata' at position 1 in `luaotfload.patch_fon
t_unsafe'.
Inserting `luaotfload.aux.set_capheight' at position 4 in `luaotfload.patch_font
'.
Inserting `luaotfload.aux.set_xheight' at position 5 in `luaotfload.patch_font'.
Inserting `luaotfload.rewrite_fontname' at position 6 in `luaotfload.patch_font'
. L3 programming layer <2022-08-30>
Inserting `tracingstacklevels' at position 1 in `input_level_string'. (./iitddi
ss.cls
Document Class: iitddiss 2005/03/09 Class for IIT-Delhi Dissertations
(C:/Users/aryan/AppData/Local/Programs/MiKTeX/tex/latex/base/article.cls
Document Class: article 2021/10/04 v1.4n Standard LaTeX document class
(C:/Users/aryan/AppData/Local/Programs/MiKTeX/tex/latex/base/size12.clo
File: size12.clo 2021/10/04 v1.4n Standard LaTeX file (size option)
luaotfload | db : Font names database loaded from C:/Users/aryan/AppData/Local/M
iKTeX/luatex-cache/generic/names/luaotfload-names.luc.gz)
\c@part=\count183
\c@section=\count184
\c@subsection=\count185
\c@subsubsection=\count186
\c@paragraph=\count187
\c@subparagraph=\count188
\c@figure=\count189
\c@table=\count190
\abovecaptionskip=\skip47
\belowcaptionskip=\skip48
\bibindent=\dimen137
)
(C:/Users/aryan/AppData/Local/Programs/MiKTeX/tex/latex/geometry/geometry.sty
Package: geometry 2020/01/02 v5.9 Page Geometry

(C:/Users/aryan/AppData/Local/Programs/MiKTeX/tex/latex/graphics/keyval.sty
Package: keyval 2022/05/29 v1.15 key=value parser (DPC)
\KV@toks@=\toks16
)
(C:/Users/aryan/AppData/Local/Programs/MiKTeX/tex/generic/iftex/ifvtex.sty
Package: ifvtex 2019/10/25 v1.7 ifvtex legacy package. Use iftex instead.

(C:/Users/aryan/AppData/Local/Programs/MiKTeX/tex/generic/iftex/iftex.sty
Package: iftex 2022/02/03 v1.0f TeX engine tests
))
\Gm@cnth=\count191
\Gm@cntv=\count192
\c@Gm@tempcnt=\count193
\Gm@bindingoffset=\dimen138
\Gm@wd@mp=\dimen139
\Gm@odd@mp=\dimen140
\Gm@even@mp=\dimen141
\Gm@layoutwidth=\dimen142
\Gm@layoutheight=\dimen143
\Gm@layouthoffset=\dimen144
\Gm@layoutvoffset=\dimen145
\Gm@dimlist=\toks17

(C:/Users/aryan/AppData/Local/Programs/MiKTeX/tex/latex/geometry/geometry.cfg)) (C:/Users/aryan/AppData/Local/Programs/MiKTeX/tex/latex/graphics/graphicx.sty
Package: graphicx 2021/09/16 v1.2d Enhanced LaTeX Graphics (DPC,SPQR)

(C:/Users/aryan/AppData/Local/Programs/MiKTeX/tex/latex/graphics/graphics.sty
Package: graphics 2022/03/10 v1.4e Standard LaTeX Graphics (DPC,SPQR)

(C:/Users/aryan/AppData/Local/Programs/MiKTeX/tex/latex/graphics/trig.sty
Package: trig 2021/08/11 v1.11 sin cos tan (DPC)
)
(C:/Users/aryan/AppData/Local/Programs/MiKTeX/tex/latex/graphics-cfg/graphics.c
fg
File: graphics.cfg 2016/06/04 v1.11 sample graphics configuration
)
Package graphics Info: Driver file: luatex.def on input line 107.

(C:/Users/aryan/AppData/Local/Programs/MiKTeX/tex/latex/graphics-def/luatex.def
File: luatex.def 2021/06/01 v1.2c Graphics/color driver for luatex
))
\Gin@req@height=\dimen146
\Gin@req@width=\dimen147
)
(C:/Users/aryan/AppData/Local/Programs/MiKTeX/tex/latex/setspace/setspace.sty
Package: setspace 2011/12/19 v6.7a set line spacing
)
(./atbeginend.sty)
(C:/Users/aryan/AppData/Local/Programs/MiKTeX/tex/latex/caption/caption.sty
Package: caption 2022/03/01 v3.6b Customizing captions (AR)

(C:/Users/aryan/AppData/Local/Programs/MiKTeX/tex/latex/caption/caption3.sty
Package: caption3 2022/03/17 v2.3b caption3 kernel (AR)
\caption@tempdima=\dimen148
\captionmargin=\dimen149
\caption@leftmargin=\dimen150
\caption@rightmargin=\dimen151
\caption@width=\dimen152
\caption@indent=\dimen153
\caption@parindent=\dimen154
\caption@hangindent=\dimen155
Package caption Info: Standard document class detected.
)
\c@caption@flags=\count194
\c@continuedfloat=\count195
)) (C:/Users/aryan/AppData/Local/Programs/MiKTeX/tex/latex/base/inputenc.sty
Package: inputenc 2021/02/14 v1.3d Input encoding file
\inpenc@prehook=\toks18
\inpenc@posthook=\toks19


Package inputenc Warning: inputenc package ignored with utf8 based engines.

) (C:/Users/aryan/AppData/Local/Programs/MiKTeX/tex/generic/babel/babel.sty
Package: babel 2022/08/29 3.79 The Babel package

(C:/Users/aryan/AppData/Local/Programs/MiKTeX/tex/generic/babel/luababel.def
\bbl@readstream=\read2
\l@afrikaans=\language2
Package babel Info: Non-standard hyphenation setup on input line 118.
\l@ancientgreek=\language3
\l@armenian=\language4
\l@assamese=\language5
\l@basque=\language6
\l@belarusian=\language7
\l@bengali=\language8
\l@bokmal=\language9
\l@bulgarian=\language10
\l@catalan=\language11
\l@churchslavonic=\language12
\l@classiclatin=\language13
\l@coptic=\language14
\l@croatian=\language15
\l@czech=\language16
\l@danish=\language17
\l@dutch=\language18
\l@esperanto=\language19
\l@estonian=\language20
\l@ethiopic=\language21
\l@finnish=\language22
\l@french=\language23
\l@friulan=\language24
\l@galician=\language25
\l@georgian=\language26
\l@german=\language27
\l@greek=\language28
\l@gujarati=\language29
\l@hindi=\language30
\l@hungarian=\language31
\l@icelandic=\language32
\l@indonesian=\language33
\l@interlingua=\language34
\l@irish=\language35
\l@italian=\language36
\l@kannada=\language37
\l@kurmanji=\language38
\l@latin=\language39
\l@latvian=\language40
\l@lithuanian=\language41
\l@liturgicallatin=\language42
\l@macedonian=\language43
\l@malayalam=\language44
\l@marathi=\language45
\l@mongolian=\language46
\l@mongolianlmc=\language47
\l@monogreek=\language48
\l@ngerman=\language49
\l@nynorsk=\language50
\l@occitan=\language51
\l@oriya=\language52
\l@pali=\language53
\l@panjabi=\language54
\l@piedmontese=\language55
\l@polish=\language56
\l@portuguese=\language57
\l@romanian=\language58
\l@romansh=\language59
\l@russian=\language60
\l@sanskrit=\language61
\l@serbian=\language62
\l@serbianc=\language63
\l@slovak=\language64
\l@slovenian=\language65
\l@spanish=\language66
\l@swedish=\language67
\l@swissgerman=\language68
\l@tamil=\language69
\l@telugu=\language70
\l@thai=\language71
\l@turkish=\language72
\l@turkmen=\language73
\l@ukenglish=\language74
\l@ukrainian=\language75
\l@uppersorbian=\language76
\l@usenglishmax=\language77
\l@welsh=\language78
\babelcatcodetablenum=\catcodetable12
\bbl@pattcodes=\catcodetable13
)
\babel@savecnt=\count196
\U@D=\dimen156
\l@unhyphenated=\language79

(C:/Users/aryan/AppData/Local/Programs/MiKTeX/tex/generic/babel/luababel.def
\bbl@attr@locale=\attribute4
)
*************************************
* Local config file bblopts.cfg used
*
(C:/Users/aryan/AppData/Local/Programs/MiKTeX/tex/latex/arabi/bblopts.cfg
File: bblopts.cfg 2005/09/08 v0.1 add Arabic and Farsi to "declared" options of
 babel
)
(C:/Users/aryan/AppData/Local/Programs/MiKTeX/tex/latex/babel-english/english.l
df
Language: english 2017/06/06 v3.3r English support from the babel system
Package babel Info: Hyphen rules for 'canadian' set to \l@english
(babel)             (\language0). Reported on input line 102.
Package babel Info: Hyphen rules for 'australian' set to \l@ukenglish
(babel)             (\language74). Reported on input line 105.
Package babel Info: Hyphen rules for 'newzealand' set to \l@ukenglish
(babel)             (\language74). Reported on input line 108.
))
(C:/Users/aryan/AppData/Local/Programs/MiKTeX/tex/generic/babel/locale/en/babel
-english.tex
Package babel Info: Importing font and identification data for english
(babel)             from babel-en.ini. Reported on input line 11.
) (./t1enc.sty
Package: t1enc 1994/06/01 Standard LaTeX package
LaTeX Font Info:    Trying to load font information for T1+lmr on input line 57
.

(C:/Users/aryan/AppData/Local/Programs/MiKTeX/tex/latex/lm/t1lmr.fd
File: t1lmr.fd 2015/05/01 v1.6.1 Font defs for Latin Modern
))
(C:/Users/aryan/AppData/Local/Programs/MiKTeX/tex/latex/lipsum/lipsum.sty
(C:/Users/aryan/AppData/Local/Programs/MiKTeX/tex/latex/l3packages/l3keys2e/l3k
eys2e.sty
(C:/Users/aryan/AppData/Local/Programs/MiKTeX/tex/latex/l3kernel/expl3.sty
Package: expl3 2022-08-30 L3 programming layer (loader) 

(C:/Users/aryan/AppData/Local/Programs/MiKTeX/tex/latex/l3backend/l3backend-lua
tex.def
File: l3backend-luatex.def 2022-08-30 L3 backend support: PDF output (LuaTeX)
\l__color_backend_stack_int=\count197
\l__pdf_internal_box=\box51
))
Package: l3keys2e 2022-06-22 LaTeX2e option processing using LaTeX3 keys
)
Package: lipsum 2021-09-20 v2.7 150 paragraphs of Lorem Ipsum dummy text
\g__lipsum_par_int=\count198
\l__lipsum_a_int=\count199
\l__lipsum_b_int=\count266

(C:/Users/aryan/AppData/Local/Programs/MiKTeX/tex/latex/lipsum/lipsum.ltd.tex)) (C:/Users/aryan/AppData/Local/Programs/MiKTeX/tex/latex/booktabs/booktabs.sty
Package: booktabs 2020/01/12 v1.61803398 Publication quality tables
\heavyrulewidth=\dimen157
\lightrulewidth=\dimen158
\cmidrulewidth=\dimen159
\belowrulesep=\dimen160
\belowbottomsep=\dimen161
\aboverulesep=\dimen162
\abovetopsep=\dimen163
\cmidrulesep=\dimen164
\cmidrulekern=\dimen165
\defaultaddspace=\dimen166
\@cmidla=\count267
\@cmidlb=\count268
\@aboverulesep=\dimen167
\@belowrulesep=\dimen168
\@thisruleclass=\count269
\@lastruleclass=\count270
\@thisrulewidth=\dimen169
) (C:/Users/aryan/AppData/Local/Programs/MiKTeX/tex/latex/biblatex/biblatex.sty
Package: biblatex 2022/07/12 v3.18b programmable bibliographies (PK/MW)

(C:/Users/aryan/AppData/Local/Programs/MiKTeX/tex/generic/pdftexcmds/pdftexcmds
.sty
Package: pdftexcmds 2020-06-27 v0.33 Utility functions of pdfTeX for LuaTeX (HO
)

(C:/Users/aryan/AppData/Local/Programs/MiKTeX/tex/generic/infwarerr/infwarerr.s
ty
Package: infwarerr 2019/12/03 v1.5 Providing info/warning/error messages (HO)
)
(C:/Users/aryan/AppData/Local/Programs/MiKTeX/tex/generic/ltxcmds/ltxcmds.sty
Package: ltxcmds 2020-05-10 v1.25 LaTeX kernel commands for general use (HO)
)
Package pdftexcmds Info: \pdf@primitive is available.
Package pdftexcmds Info: \pdf@ifprimitive is available.
Package pdftexcmds Info: \pdfdraftmode found.
\pdftexcmds@toks=\toks20
) (C:/Users/aryan/AppData/Local/Programs/MiKTeX/tex/latex/etoolbox/etoolbox.sty
Package: etoolbox 2020/10/05 v2.5k e-TeX tools for LaTeX (JAW)
\etb@tempcnta=\count271
)
(C:/Users/aryan/AppData/Local/Programs/MiKTeX/tex/latex/kvoptions/kvoptions.sty
Package: kvoptions 2022-06-15 v3.15 Key value format for package options (HO)

(C:/Users/aryan/AppData/Local/Programs/MiKTeX/tex/generic/kvsetkeys/kvsetkeys.s
ty
Package: kvsetkeys 2019/12/15 v1.18 Key value parser (HO)
)) (C:/Users/aryan/AppData/Local/Programs/MiKTeX/tex/latex/logreq/logreq.sty
Package: logreq 2010/08/04 v1.0 xml request logger
\lrq@indent=\count272

(C:/Users/aryan/AppData/Local/Programs/MiKTeX/tex/latex/logreq/logreq.def
File: logreq.def 2010/08/04 v1.0 logreq spec v1.0
))
(C:/Users/aryan/AppData/Local/Programs/MiKTeX/tex/latex/base/ifthen.sty
Package: ifthen 2022/04/13 v1.1d Standard LaTeX ifthen package (DPC)
)
(C:/Users/aryan/AppData/Local/Programs/MiKTeX/tex/latex/url/url.sty
\Urlmuskip=\muskip16
Package: url 2013/09/16  ver 3.4  Verb mode for urls, etc.
)
\c@tabx@nest=\count273
\c@listtotal=\count274
\c@listcount=\count275
\c@liststart=\count276
\c@liststop=\count277
\c@citecount=\count278
\c@citetotal=\count279
\c@multicitecount=\count280
\c@multicitetotal=\count281
\c@instcount=\count282
\c@maxnames=\count283
\c@minnames=\count284
\c@maxitems=\count285
\c@minitems=\count286
\c@citecounter=\count287
\c@maxcitecounter=\count288
\c@savedcitecounter=\count289
\c@uniquelist=\count290
\c@uniquename=\count291
\c@refsection=\count292
\c@refsegment=\count293
\c@maxextratitle=\count294
\c@maxextratitleyear=\count295
\c@maxextraname=\count296
\c@maxextradate=\count297
\c@maxextraalpha=\count298
\c@abbrvpenalty=\count299
\c@highnamepenalty=\count300
\c@lownamepenalty=\count301
\c@maxparens=\count302
\c@parenlevel=\count303
\blx@tempcnta=\count304
\blx@tempcntb=\count305
\blx@tempcntc=\count306
\c@blx@maxsection=\count307
\blx@maxsegment@0=\count308
\blx@notetype=\count309
\blx@parenlevel@text=\count310
\blx@parenlevel@foot=\count311
\blx@sectionciteorder@0=\count312
\blx@sectionciteorderinternal@0=\count313
\blx@entrysetcounter=\count314
\blx@biblioinstance=\count315
\labelnumberwidth=\skip49
\labelalphawidth=\skip50
\biblabelsep=\skip51
\bibitemsep=\skip52
\bibnamesep=\skip53
\bibinitsep=\skip54
\bibparsep=\skip55
\bibhang=\skip56
\blx@bcfin=\read3
\blx@bcfout=\write3
\blx@langwohyphens=\language80
\c@mincomprange=\count316
\c@maxcomprange=\count317
\c@mincompwidth=\count318
Package biblatex Info: Trying to load biblatex default data model...
Package biblatex Info: ... file 'blx-dm.def' found.

(C:/Users/aryan/AppData/Local/Programs/MiKTeX/tex/latex/biblatex/blx-dm.def
File: blx-dm.def 2022/07/12 v3.18b biblatex localization (PK/MW)
)
Package biblatex Info: Trying to load biblatex style data model...
Package biblatex Info: ... file 'numeric-comp.dbx' not found.
Package biblatex Info: Trying to load biblatex custom data model...
Package biblatex Info: ... file 'biblatex-dm.cfg' not found.
\c@afterword=\count319
\c@savedafterword=\count320
\c@annotator=\count321
\c@savedannotator=\count322
\c@author=\count323
\c@savedauthor=\count324
\c@bookauthor=\count325
\c@savedbookauthor=\count326
\c@commentator=\count327
\c@savedcommentator=\count328
\c@editor=\count329
\c@savededitor=\count330
\c@editora=\count331
\c@savededitora=\count332
\c@editorb=\count333
\c@savededitorb=\count334
\c@editorc=\count335
\c@savededitorc=\count336
\c@foreword=\count337
\c@savedforeword=\count338
\c@holder=\count339
\c@savedholder=\count340
\c@introduction=\count341
\c@savedintroduction=\count342
\c@namea=\count343
\c@savednamea=\count344
\c@nameb=\count345
\c@savednameb=\count346
\c@namec=\count347
\c@savednamec=\count348
\c@translator=\count349
\c@savedtranslator=\count350
\c@shortauthor=\count351
\c@savedshortauthor=\count352
\c@shorteditor=\count353
\c@savedshorteditor=\count354
\c@labelname=\count355
\c@savedlabelname=\count356
\c@institution=\count357
\c@savedinstitution=\count358
\c@lista=\count359
\c@savedlista=\count360
\c@listb=\count361
\c@savedlistb=\count362
\c@listc=\count363
\c@savedlistc=\count364
\c@listd=\count365
\c@savedlistd=\count366
\c@liste=\count367
\c@savedliste=\count368
\c@listf=\count369
\c@savedlistf=\count370
\c@location=\count371
\c@savedlocation=\count372
\c@organization=\count373
\c@savedorganization=\count374
\c@origlocation=\count375
\c@savedoriglocation=\count376
\c@origpublisher=\count377
\c@savedorigpublisher=\count378
\c@publisher=\count379
\c@savedpublisher=\count380
\c@language=\count381
\c@savedlanguage=\count382
\c@origlanguage=\count383
\c@savedoriglanguage=\count384
\c@pageref=\count385
\c@savedpageref=\count386
\shorthandwidth=\skip57
\shortjournalwidth=\skip58
\shortserieswidth=\skip59
\shorttitlewidth=\skip60
\shortauthorwidth=\skip61
\shorteditorwidth=\skip62
\locallabelnumberwidth=\skip63
\locallabelalphawidth=\skip64
\localshorthandwidth=\skip65
\localshortjournalwidth=\skip66
\localshortserieswidth=\skip67
\localshorttitlewidth=\skip68
\localshortauthorwidth=\skip69
\localshorteditorwidth=\skip70
Package biblatex Info: Trying to load enhanced support for Unicode engines...
Package biblatex Info: ... file 'blx-unicode.def' found.

(C:/Users/aryan/AppData/Local/Programs/MiKTeX/tex/latex/biblatex/blx-unicode.de
f)
Package biblatex Info: Trying to load compatibility code...
Package biblatex Info: ... file 'blx-compat.def' found.

(C:/Users/aryan/AppData/Local/Programs/MiKTeX/tex/latex/biblatex/blx-compat.def
File: blx-compat.def 2022/07/12 v3.18b biblatex compatibility (PK/MW)
)
Package biblatex Info: Trying to load generic definitions...
Package biblatex Info: ... file 'biblatex.def' found.
 (C:/Users/aryan/AppData/Local/Programs/MiKTeX/tex/latex/biblatex/biblatex.def
File: biblatex.def 2022/07/12 v3.18b biblatex compatibility (PK/MW)
\c@textcitecount=\count387
\c@textcitetotal=\count388
\c@textcitemaxnames=\count389
\c@biburlbigbreakpenalty=\count390
\c@biburlbreakpenalty=\count391
\c@biburlnumpenalty=\count392
\c@biburlucpenalty=\count393
\c@biburllcpenalty=\count394
\biburlbigskip=\muskip17
\biburlnumskip=\muskip18
\biburlucskip=\muskip19
\biburllcskip=\muskip20
\c@smartand=\count395
)
Package biblatex Info: Trying to load bibliography style 'numeric-comp'...
Package biblatex Info: ... file 'numeric-comp.bbx' found.

(C:/Users/aryan/AppData/Local/Programs/MiKTeX/tex/latex/biblatex/bbx/numeric-co
mp.bbx
File: numeric-comp.bbx 2022/07/12 v3.18b biblatex bibliography style (PK/MW)
Package biblatex Info: Trying to load bibliography style 'numeric'...
Package biblatex Info: ... file 'numeric.bbx' found.

(C:/Users/aryan/AppData/Local/Programs/MiKTeX/tex/latex/biblatex/bbx/numeric.bb
x
File: numeric.bbx 2022/07/12 v3.18b biblatex bibliography style (PK/MW)
Package biblatex Info: Trying to load bibliography style 'standard'...
Package biblatex Info: ... file 'standard.bbx' found.

(C:/Users/aryan/AppData/Local/Programs/MiKTeX/tex/latex/biblatex/bbx/standard.b
bx
File: standard.bbx 2022/07/12 v3.18b biblatex bibliography style (PK/MW)
\c@bbx:relatedcount=\count396
\c@bbx:relatedtotal=\count397
)))
Package biblatex Info: Trying to load citation style 'numeric-comp'...
Package biblatex Info: ... file 'numeric-comp.cbx' found.

(C:/Users/aryan/AppData/Local/Programs/MiKTeX/tex/latex/biblatex/cbx/numeric-co
mp.cbx
File: numeric-comp.cbx 2022/07/12 v3.18b biblatex citation style (PK/MW)
\c@cbx@tempcnta=\count398
\c@cbx@tempcntb=\count399
\c@cbx@tempcntc=\count400
\c@cbx@tempcntd=\count401
Package biblatex Info: Redefining '\cite'.
Package biblatex Info: Redefining '\parencite'.
Package biblatex Info: Redefining '\footcite'.
Package biblatex Info: Redefining '\footcitetext'.
Package biblatex Info: Redefining '\smartcite'.
Package biblatex Info: Redefining '\supercite'.
Package biblatex Info: Redefining '\textcite'.
Package biblatex Info: Redefining '\textcites'.
Package biblatex Info: Redefining '\cites'.
Package biblatex Info: Redefining '\parencites'.
Package biblatex Info: Redefining '\smartcites'.
)
Package biblatex Info: Trying to load configuration file...
Package biblatex Info: ... file 'biblatex.cfg' found.

(C:/Users/aryan/AppData/Local/Programs/MiKTeX/tex/latex/biblatex/biblatex.cfg
File: biblatex.cfg 
)
Package biblatex Info: LuaTeX detected.
(biblatex)             Assuming input encoding 'utf8'.
Package biblatex Info: Document encoding is UTF8 ....
Package biblatex Info: ... and expl3
(biblatex)             2022-08-30 L3 programming layer (loader) 
(biblatex)             is new enough (at least 2020/04/06),
(biblatex)             setting 'casechanger=expl3'.

(C:/Users/aryan/AppData/Local/Programs/MiKTeX/tex/latex/biblatex/blx-case-expl3
.sty
(C:/Users/aryan/AppData/Local/Programs/MiKTeX/tex/latex/l3packages/xparse/xpars
e.sty
Package: xparse 2022-06-22 L3 Experimental document command parser
)
Package: blx-case-expl3 2022/07/12 v3.18b expl3 case changing code for biblatex

))
(C:/Users/aryan/AppData/Local/Programs/MiKTeX/tex/latex/import/import.sty
Package: import 2020/04/01  v 6.2
)
(C:/Users/aryan/AppData/Local/Programs/MiKTeX/tex/latex/hyperref/hyperref.sty
Package: hyperref 2022-06-20 v7.00s Hypertext links for LaTeX

(C:/Users/aryan/AppData/Local/Programs/MiKTeX/tex/generic/kvdefinekeys/kvdefine
keys.sty
Package: kvdefinekeys 2019-12-19 v1.6 Define keys (HO)
)
(C:/Users/aryan/AppData/Local/Programs/MiKTeX/tex/generic/pdfescape/pdfescape.s
ty
Package: pdfescape 2019/12/09 v1.15 Implements pdfTeX's escape features (HO)
) (C:/Users/aryan/AppData/Local/Programs/MiKTeX/tex/latex/hycolor/hycolor.sty
Package: hycolor 2020-01-27 v1.10 Color options for hyperref/bookmark (HO)
)
(C:/Users/aryan/AppData/Local/Programs/MiKTeX/tex/latex/letltxmacro/letltxmacro
.sty
Package: letltxmacro 2019/12/03 v1.6 Let assignment for LaTeX macros (HO)
)
(C:/Users/aryan/AppData/Local/Programs/MiKTeX/tex/latex/auxhook/auxhook.sty
Package: auxhook 2019-12-17 v1.6 Hooks for auxiliary files (HO)
)
(C:/Users/aryan/AppData/Local/Programs/MiKTeX/tex/latex/hyperref/nameref.sty
Package: nameref 2022-05-17 v2.50 Cross-referencing by name of section

(C:/Users/aryan/AppData/Local/Programs/MiKTeX/tex/latex/refcount/refcount.sty
Package: refcount 2019/12/15 v3.6 Data extraction from label references (HO)
)
(C:/Users/aryan/AppData/Local/Programs/MiKTeX/tex/generic/gettitlestring/gettit
lestring.sty
Package: gettitlestring 2019/12/15 v1.6 Cleanup title references (HO)
)
\c@section@level=\count402
)
\@linkdim=\dimen170
\Hy@linkcounter=\count403
\Hy@pagecounter=\count404

(C:/Users/aryan/AppData/Local/Programs/MiKTeX/tex/latex/hyperref/pd1enc.def
File: pd1enc.def 2022-06-20 v7.00s Hyperref: PDFDocEncoding definition (HO)
)
(C:/Users/aryan/AppData/Local/Programs/MiKTeX/tex/generic/intcalc/intcalc.sty
Package: intcalc 2019/12/15 v1.3 Expandable calculations with integers (HO)
)
(C:/Users/aryan/AppData/Local/Programs/MiKTeX/tex/generic/etexcmds/etexcmds.sty
Package: etexcmds 2019/12/15 v1.7 Avoid name clashes with e-TeX commands (HO)
)
\Hy@SavedSpaceFactor=\count405
 (C:/Users/aryan/AppData/Local/Programs/MiKTeX/tex/latex/hyperref/puenc.def
File: puenc.def 2022-06-20 v7.00s Hyperref: PDF Unicode definition (HO)
)
Package hyperref Info: Hyper figures OFF on input line 4162.
Package hyperref Info: Link nesting OFF on input line 4167.
Package hyperref Info: Hyper index ON on input line 4170.
Package hyperref Info: Plain pages OFF on input line 4177.
Package hyperref Info: Backreferencing OFF on input line 4182.
Package hyperref Info: Implicit mode ON; LaTeX internals redefined.
Package hyperref Info: Bookmarks ON on input line 4408.
\c@Hy@tempcnt=\count406
LaTeX Info: Redefining \url on input line 4746.
\XeTeXLinkMargin=\dimen171

(C:/Users/aryan/AppData/Local/Programs/MiKTeX/tex/generic/bitset/bitset.sty
Package: bitset 2019/12/09 v1.3 Handle bit-vector datatype (HO)

(C:/Users/aryan/AppData/Local/Programs/MiKTeX/tex/generic/bigintcalc/bigintcalc
.sty
Package: bigintcalc 2019/12/15 v1.5 Expandable calculations on big integers (HO
)
))
\Fld@menulength=\count407
\Field@Width=\dimen172
\Fld@charsize=\dimen173
Package hyperref Info: Hyper figures OFF on input line 6024.
Package hyperref Info: Link nesting OFF on input line 6029.
Package hyperref Info: Hyper index ON on input line 6032.
Package hyperref Info: backreferencing OFF on input line 6039.
Package hyperref Info: Link coloring OFF on input line 6044.
Package hyperref Info: Link coloring with OCG OFF on input line 6049.
Package hyperref Info: PDF/A mode OFF on input line 6054.

(C:/Users/aryan/AppData/Local/Programs/MiKTeX/tex/latex/base/atbegshi-ltx.sty
Package: atbegshi-ltx 2021/01/10 v1.0c Emulation of the original atbegshi
package with kernel methods
)
\Hy@abspage=\count408
\c@Item=\count409
\c@Hfootnote=\count410
)
Package hyperref Info: Driver (autodetected): hluatex.
(C:/Users/aryan/AppData/Local/Programs/MiKTeX/tex/latex/hyperref/hluatex.def
File: hluatex.def 2022-06-20 v7.00s Hyperref driver for luaTeX

(C:/Users/aryan/AppData/Local/Programs/MiKTeX/tex/generic/stringenc/stringenc.s
ty
Package: stringenc 2019/11/29 v1.12 Convert strings between diff. encodings (HO
)
)
(C:/Users/aryan/AppData/Local/Programs/MiKTeX/tex/latex/base/atveryend-ltx.sty
Package: atveryend-ltx 2020/08/19 v1.0a Emulation of the original atveryend pac
kage
with kernel methods
)
\Fld@listcount=\count411
\c@bookmark@seq@number=\count412

(C:/Users/aryan/AppData/Local/Programs/MiKTeX/tex/latex/rerunfilecheck/rerunfil
echeck.sty
Package: rerunfilecheck 2022-07-10 v1.10 Rerun checks for auxiliary files (HO)

(C:/Users/aryan/AppData/Local/Programs/MiKTeX/tex/generic/uniquecounter/uniquec
ounter.sty
Package: uniquecounter 2019/12/15 v1.4 Provide unlimited unique counter (HO)
)
Package uniquecounter Info: New unique counter `rerunfilecheck' on input line 2
85.
)
\Hy@SectionHShift=\skip71
)
(C:/Users/aryan/AppData/Local/Programs/MiKTeX/tex/latex/amsmath/amsmath.sty
Package: amsmath 2022/04/08 v2.17n AMS math features
\@mathmargin=\skip72

For additional information on amsmath, use the `?' option.
(C:/Users/aryan/AppData/Local/Programs/MiKTeX/tex/latex/amsmath/amstext.sty
Package: amstext 2021/08/26 v2.01 AMS text

(C:/Users/aryan/AppData/Local/Programs/MiKTeX/tex/latex/amsmath/amsgen.sty
File: amsgen.sty 1999/11/30 v2.0 generic functions
\@emptytoks=\toks21
\ex@=\dimen174
))
(C:/Users/aryan/AppData/Local/Programs/MiKTeX/tex/latex/amsmath/amsbsy.sty
Package: amsbsy 1999/11/29 v1.2d Bold Symbols
\pmbraise@=\dimen175
)
(C:/Users/aryan/AppData/Local/Programs/MiKTeX/tex/latex/amsmath/amsopn.sty
Package: amsopn 2022/04/08 v2.04 operator names
)
\inf@bad=\count413
LaTeX Info: Redefining \frac on input line 236.
\uproot@=\count414
\leftroot@=\count415
LaTeX Info: Redefining \overline on input line 399.
LaTeX Info: Redefining \colon on input line 410.
\classnum@=\count416
\DOTSCASE@=\count417
LaTeX Info: Redefining \ldots on input line 496.
LaTeX Info: Redefining \dots on input line 499.
LaTeX Info: Redefining \cdots on input line 620.
\Mathstrutbox@=\box52
\strutbox@=\box53
LaTeX Info: Redefining \big on input line 722.
LaTeX Info: Redefining \Big on input line 723.
LaTeX Info: Redefining \bigg on input line 724.
LaTeX Info: Redefining \Bigg on input line 725.
\big@size=\dimen176
LaTeX Font Info:    Redeclaring font encoding OML on input line 743.
LaTeX Font Info:    Redeclaring font encoding OMS on input line 744.
\macc@depth=\count418
LaTeX Info: Redefining \bmod on input line 905.
LaTeX Info: Redefining \pmod on input line 910.
LaTeX Info: Redefining \smash on input line 940.
LaTeX Info: Redefining \relbar on input line 970.
LaTeX Info: Redefining \Relbar on input line 971.
\c@MaxMatrixCols=\count419
\dotsspace@=\muskip21
\c@parentequation=\count420
\dspbrk@lvl=\count421
\tag@help=\toks22
\row@=\count422
\column@=\count423
\maxfields@=\count424
\andhelp@=\toks23
\eqnshift@=\dimen177
\alignsep@=\dimen178
\tagshift@=\dimen179
\tagwidth@=\dimen180
\totwidth@=\dimen181
\lineht@=\dimen182
\@envbody=\toks24
\multlinegap=\skip73
\multlinetaggap=\skip74
\mathdisplay@stack=\toks25
LaTeX Info: Redefining \[ on input line 2953.
LaTeX Info: Redefining \] on input line 2954.
)
(C:/Users/aryan/AppData/Local/Programs/MiKTeX/tex/latex/amsfonts/amssymb.sty
Package: amssymb 2013/01/14 v3.01 AMS font symbols

(C:/Users/aryan/AppData/Local/Programs/MiKTeX/tex/latex/amsfonts/amsfonts.sty
Package: amsfonts 2013/01/14 v3.01 Basic AMSFonts support
\symAMSa=\mathgroup4
\symAMSb=\mathgroup5
LaTeX Font Info:    Redeclaring math symbol \hbar on input line 98.
LaTeX Font Info:    Overwriting math alphabet `\mathfrak' in version `bold'
(Font)                  U/euf/m/n --> U/euf/b/n on input line 106.
)) (C:/Users/aryan/AppData/Local/Programs/MiKTeX/tex/latex/pgfplots/pgfplots.st
y
(C:/Users/aryan/AppData/Local/Programs/MiKTeX/tex/generic/pgfplots/pgfplots.rev
ision.tex)
Package: pgfplots 2021/05/15 v1.18.1 Data Visualization (1.18.1)

(C:/Users/aryan/AppData/Local/Programs/MiKTeX/tex/latex/pgf/frontendlayer/tikz.
sty
(C:/Users/aryan/AppData/Local/Programs/MiKTeX/tex/latex/pgf/basiclayer/pgf.sty
(C:/Users/aryan/AppData/Local/Programs/MiKTeX/tex/latex/pgf/utilities/pgfrcs.st
y
(C:/Users/aryan/AppData/Local/Programs/MiKTeX/tex/generic/pgf/utilities/pgfutil
-common.tex
\pgfutil@everybye=\toks26
\pgfutil@tempdima=\dimen183
\pgfutil@tempdimb=\dimen184

(C:/Users/aryan/AppData/Local/Programs/MiKTeX/tex/generic/pgf/utilities/pgfutil
-common-lists.tex))
(C:/Users/aryan/AppData/Local/Programs/MiKTeX/tex/generic/pgf/utilities/pgfutil
-latex.def
\pgfutil@abb=\box54
)
(C:/Users/aryan/AppData/Local/Programs/MiKTeX/tex/generic/pgf/utilities/pgfrcs.
code.tex
(C:/Users/aryan/AppData/Local/Programs/MiKTeX/tex/generic/pgf/pgf.revision.tex)
Package: pgfrcs 2021/05/15 v3.1.9a (3.1.9a)
))
Package: pgf 2021/05/15 v3.1.9a (3.1.9a)

(C:/Users/aryan/AppData/Local/Programs/MiKTeX/tex/latex/pgf/basiclayer/pgfcore.
sty
(C:/Users/aryan/AppData/Local/Programs/MiKTeX/tex/latex/pgf/systemlayer/pgfsys.
sty
(C:/Users/aryan/AppData/Local/Programs/MiKTeX/tex/generic/pgf/systemlayer/pgfsy
s.code.tex
Package: pgfsys 2021/05/15 v3.1.9a (3.1.9a)

(C:/Users/aryan/AppData/Local/Programs/MiKTeX/tex/generic/pgf/utilities/pgfkeys
.code.tex
\pgfkeys@pathtoks=\toks27
\pgfkeys@temptoks=\toks28

(C:/Users/aryan/AppData/Local/Programs/MiKTeX/tex/generic/pgf/utilities/pgfkeys
filtered.code.tex
\pgfkeys@tmptoks=\toks29
))
\pgf@x=\dimen185
\pgf@y=\dimen186
\pgf@xa=\dimen187
\pgf@ya=\dimen188
\pgf@xb=\dimen189
\pgf@yb=\dimen190
\pgf@xc=\dimen191
\pgf@yc=\dimen192
\pgf@xd=\dimen193
\pgf@yd=\dimen194
\w@pgf@writea=\write4
\r@pgf@reada=\read4
\c@pgf@counta=\count425
\c@pgf@countb=\count426
\c@pgf@countc=\count427
\c@pgf@countd=\count428
\t@pgf@toka=\toks30
\t@pgf@tokb=\toks31
\t@pgf@tokc=\toks32
\pgf@sys@id@count=\count429

(C:/Users/aryan/AppData/Local/Programs/MiKTeX/tex/generic/pgf/systemlayer/pgf.c
fg
File: pgf.cfg 2021/05/15 v3.1.9a (3.1.9a)
)
Driver file for pgf: pgfsys-luatex.def

(C:/Users/aryan/AppData/Local/Programs/MiKTeX/tex/generic/pgf/systemlayer/pgfsy
s-luatex.def
File: pgfsys-luatex.def 2021/05/15 v3.1.9a (3.1.9a)

(C:/Users/aryan/AppData/Local/Programs/MiKTeX/tex/generic/pgf/systemlayer/pgfsy
s-common-pdf.def
File: pgfsys-common-pdf.def 2021/05/15 v3.1.9a (3.1.9a)
)))
(C:/Users/aryan/AppData/Local/Programs/MiKTeX/tex/generic/pgf/systemlayer/pgfsy
ssoftpath.code.tex
File: pgfsyssoftpath.code.tex 2021/05/15 v3.1.9a (3.1.9a)
\pgfsyssoftpath@smallbuffer@items=\count430
\pgfsyssoftpath@bigbuffer@items=\count431
)
(C:/Users/aryan/AppData/Local/Programs/MiKTeX/tex/generic/pgf/systemlayer/pgfsy
sprotocol.code.tex
File: pgfsysprotocol.code.tex 2021/05/15 v3.1.9a (3.1.9a)
))
(C:/Users/aryan/AppData/Local/Programs/MiKTeX/tex/latex/xcolor/xcolor.sty
Package: xcolor 2022/06/12 v2.14 LaTeX color extensions (UK)

(C:/Users/aryan/AppData/Local/Programs/MiKTeX/tex/latex/graphics-cfg/color.cfg
File: color.cfg 2016/01/02 v1.6 sample color configuration
)
Package xcolor Info: Driver file: luatex.def on input line 227.

(C:/Users/aryan/AppData/Local/Programs/MiKTeX/tex/latex-dev/graphics/mathcolor.
ltx)
Package xcolor Info: Model `cmy' substituted by `cmy0' on input line 1353.
Package xcolor Info: Model `hsb' substituted by `rgb' on input line 1357.
Package xcolor Info: Model `RGB' extended on input line 1369.
Package xcolor Info: Model `HTML' substituted by `rgb' on input line 1371.
Package xcolor Info: Model `Hsb' substituted by `hsb' on input line 1372.
Package xcolor Info: Model `tHsb' substituted by `hsb' on input line 1373.
Package xcolor Info: Model `HSB' substituted by `hsb' on input line 1374.
Package xcolor Info: Model `Gray' substituted by `gray' on input line 1375.
Package xcolor Info: Model `wave' substituted by `hsb' on input line 1376.
)
(C:/Users/aryan/AppData/Local/Programs/MiKTeX/tex/generic/pgf/basiclayer/pgfcor
e.code.tex
Package: pgfcore 2021/05/15 v3.1.9a (3.1.9a)

(C:/Users/aryan/AppData/Local/Programs/MiKTeX/tex/generic/pgf/math/pgfmath.code
.tex
(C:/Users/aryan/AppData/Local/Programs/MiKTeX/tex/generic/pgf/math/pgfmathcalc.
code.tex
(C:/Users/aryan/AppData/Local/Programs/MiKTeX/tex/generic/pgf/math/pgfmathutil.
code.tex)
(C:/Users/aryan/AppData/Local/Programs/MiKTeX/tex/generic/pgf/math/pgfmathparse
r.code.tex
\pgfmath@dimen=\dimen195
\pgfmath@count=\count432
\pgfmath@box=\box55
\pgfmath@toks=\toks33
\pgfmath@stack@operand=\toks34
\pgfmath@stack@operation=\toks35
)
(C:/Users/aryan/AppData/Local/Programs/MiKTeX/tex/generic/pgf/math/pgfmathfunct
ions.code.tex
(C:/Users/aryan/AppData/Local/Programs/MiKTeX/tex/generic/pgf/math/pgfmathfunct
ions.basic.code.tex)
(C:/Users/aryan/AppData/Local/Programs/MiKTeX/tex/generic/pgf/math/pgfmathfunct
ions.trigonometric.code.tex)
(C:/Users/aryan/AppData/Local/Programs/MiKTeX/tex/generic/pgf/math/pgfmathfunct
ions.random.code.tex)
(C:/Users/aryan/AppData/Local/Programs/MiKTeX/tex/generic/pgf/math/pgfmathfunct
ions.comparison.code.tex)
(C:/Users/aryan/AppData/Local/Programs/MiKTeX/tex/generic/pgf/math/pgfmathfunct
ions.base.code.tex)
(C:/Users/aryan/AppData/Local/Programs/MiKTeX/tex/generic/pgf/math/pgfmathfunct
ions.round.code.tex)
(C:/Users/aryan/AppData/Local/Programs/MiKTeX/tex/generic/pgf/math/pgfmathfunct
ions.misc.code.tex)
(C:/Users/aryan/AppData/Local/Programs/MiKTeX/tex/generic/pgf/math/pgfmathfunct
ions.integerarithmetics.code.tex)))
(C:/Users/aryan/AppData/Local/Programs/MiKTeX/tex/generic/pgf/math/pgfmathfloat
.code.tex
\c@pgfmathroundto@lastzeros=\count433
))
(C:/Users/aryan/AppData/Local/Programs/MiKTeX/tex/generic/pgf/math/pgfint.code.
tex)
(C:/Users/aryan/AppData/Local/Programs/MiKTeX/tex/generic/pgf/basiclayer/pgfcor
epoints.code.tex
File: pgfcorepoints.code.tex 2021/05/15 v3.1.9a (3.1.9a)
\pgf@picminx=\dimen196
\pgf@picmaxx=\dimen197
\pgf@picminy=\dimen198
\pgf@picmaxy=\dimen199
\pgf@pathminx=\dimen256
\pgf@pathmaxx=\dimen257
\pgf@pathminy=\dimen258
\pgf@pathmaxy=\dimen259
\pgf@xx=\dimen260
\pgf@xy=\dimen261
\pgf@yx=\dimen262
\pgf@yy=\dimen263
\pgf@zx=\dimen264
\pgf@zy=\dimen265
)
(C:/Users/aryan/AppData/Local/Programs/MiKTeX/tex/generic/pgf/basiclayer/pgfcor
epathconstruct.code.tex
File: pgfcorepathconstruct.code.tex 2021/05/15 v3.1.9a (3.1.9a)
\pgf@path@lastx=\dimen266
\pgf@path@lasty=\dimen267
)
(C:/Users/aryan/AppData/Local/Programs/MiKTeX/tex/generic/pgf/basiclayer/pgfcor
epathusage.code.tex
File: pgfcorepathusage.code.tex 2021/05/15 v3.1.9a (3.1.9a)
\pgf@shorten@end@additional=\dimen268
\pgf@shorten@start@additional=\dimen269
)
(C:/Users/aryan/AppData/Local/Programs/MiKTeX/tex/generic/pgf/basiclayer/pgfcor
escopes.code.tex
File: pgfcorescopes.code.tex 2021/05/15 v3.1.9a (3.1.9a)
\pgfpic=\box56
\pgf@hbox=\box57
\pgf@layerbox@main=\box58
\pgf@picture@serial@count=\count434
)
(C:/Users/aryan/AppData/Local/Programs/MiKTeX/tex/generic/pgf/basiclayer/pgfcor
egraphicstate.code.tex
File: pgfcoregraphicstate.code.tex 2021/05/15 v3.1.9a (3.1.9a)
\pgflinewidth=\dimen270
)
(C:/Users/aryan/AppData/Local/Programs/MiKTeX/tex/generic/pgf/basiclayer/pgfcor
etransformations.code.tex
File: pgfcoretransformations.code.tex 2021/05/15 v3.1.9a (3.1.9a)
\pgf@pt@x=\dimen271
\pgf@pt@y=\dimen272
\pgf@pt@temp=\dimen273
)
(C:/Users/aryan/AppData/Local/Programs/MiKTeX/tex/generic/pgf/basiclayer/pgfcor
equick.code.tex
File: pgfcorequick.code.tex 2021/05/15 v3.1.9a (3.1.9a)
)
(C:/Users/aryan/AppData/Local/Programs/MiKTeX/tex/generic/pgf/basiclayer/pgfcor
eobjects.code.tex
File: pgfcoreobjects.code.tex 2021/05/15 v3.1.9a (3.1.9a)
)
(C:/Users/aryan/AppData/Local/Programs/MiKTeX/tex/generic/pgf/basiclayer/pgfcor
epathprocessing.code.tex
File: pgfcorepathprocessing.code.tex 2021/05/15 v3.1.9a (3.1.9a)
)
(C:/Users/aryan/AppData/Local/Programs/MiKTeX/tex/generic/pgf/basiclayer/pgfcor
earrows.code.tex
File: pgfcorearrows.code.tex 2021/05/15 v3.1.9a (3.1.9a)
\pgfarrowsep=\dimen274
)
(C:/Users/aryan/AppData/Local/Programs/MiKTeX/tex/generic/pgf/basiclayer/pgfcor
eshade.code.tex
File: pgfcoreshade.code.tex 2021/05/15 v3.1.9a (3.1.9a)
\pgf@max=\dimen275
\pgf@sys@shading@range@num=\count435
\pgf@shadingcount=\count436
)
(C:/Users/aryan/AppData/Local/Programs/MiKTeX/tex/generic/pgf/basiclayer/pgfcor
eimage.code.tex
File: pgfcoreimage.code.tex 2021/05/15 v3.1.9a (3.1.9a)

(C:/Users/aryan/AppData/Local/Programs/MiKTeX/tex/generic/pgf/basiclayer/pgfcor
eexternal.code.tex
File: pgfcoreexternal.code.tex 2021/05/15 v3.1.9a (3.1.9a)
\pgfexternal@startupbox=\box59
))
(C:/Users/aryan/AppData/Local/Programs/MiKTeX/tex/generic/pgf/basiclayer/pgfcor
elayers.code.tex
File: pgfcorelayers.code.tex 2021/05/15 v3.1.9a (3.1.9a)
)
(C:/Users/aryan/AppData/Local/Programs/MiKTeX/tex/generic/pgf/basiclayer/pgfcor
etransparency.code.tex
File: pgfcoretransparency.code.tex 2021/05/15 v3.1.9a (3.1.9a)
)
(C:/Users/aryan/AppData/Local/Programs/MiKTeX/tex/generic/pgf/basiclayer/pgfcor
epatterns.code.tex
File: pgfcorepatterns.code.tex 2021/05/15 v3.1.9a (3.1.9a)
)
(C:/Users/aryan/AppData/Local/Programs/MiKTeX/tex/generic/pgf/basiclayer/pgfcor
erdf.code.tex
File: pgfcorerdf.code.tex 2021/05/15 v3.1.9a (3.1.9a)
)))
(C:/Users/aryan/AppData/Local/Programs/MiKTeX/tex/generic/pgf/modules/pgfmodule
shapes.code.tex
File: pgfmoduleshapes.code.tex 2021/05/15 v3.1.9a (3.1.9a)
\pgfnodeparttextbox=\box60
)
(C:/Users/aryan/AppData/Local/Programs/MiKTeX/tex/generic/pgf/modules/pgfmodule
plot.code.tex
File: pgfmoduleplot.code.tex 2021/05/15 v3.1.9a (3.1.9a)
)
(C:/Users/aryan/AppData/Local/Programs/MiKTeX/tex/latex/pgf/compatibility/pgfco
mp-version-0-65.sty
Package: pgfcomp-version-0-65 2021/05/15 v3.1.9a (3.1.9a)
\pgf@nodesepstart=\dimen276
\pgf@nodesepend=\dimen277
)
(C:/Users/aryan/AppData/Local/Programs/MiKTeX/tex/latex/pgf/compatibility/pgfco
mp-version-1-18.sty
Package: pgfcomp-version-1-18 2021/05/15 v3.1.9a (3.1.9a)
))
(C:/Users/aryan/AppData/Local/Programs/MiKTeX/tex/latex/pgf/utilities/pgffor.st
y
(C:/Users/aryan/AppData/Local/Programs/MiKTeX/tex/latex/pgf/utilities/pgfkeys.s
ty
(C:/Users/aryan/AppData/Local/Programs/MiKTeX/tex/generic/pgf/utilities/pgfkeys
.code.tex))
(C:/Users/aryan/AppData/Local/Programs/MiKTeX/tex/latex/pgf/math/pgfmath.sty
(C:/Users/aryan/AppData/Local/Programs/MiKTeX/tex/generic/pgf/math/pgfmath.code
.tex))
(C:/Users/aryan/AppData/Local/Programs/MiKTeX/tex/generic/pgf/utilities/pgffor.
code.tex
Package: pgffor 2021/05/15 v3.1.9a (3.1.9a)

(C:/Users/aryan/AppData/Local/Programs/MiKTeX/tex/generic/pgf/math/pgfmath.code
.tex)
\pgffor@iter=\dimen278
\pgffor@skip=\dimen279
\pgffor@stack=\toks36
\pgffor@toks=\toks37
))
(C:/Users/aryan/AppData/Local/Programs/MiKTeX/tex/generic/pgf/frontendlayer/tik
z/tikz.code.tex
Package: tikz 2021/05/15 v3.1.9a (3.1.9a)

(C:/Users/aryan/AppData/Local/Programs/MiKTeX/tex/generic/pgf/libraries/pgflibr
aryplothandlers.code.tex
File: pgflibraryplothandlers.code.tex 2021/05/15 v3.1.9a (3.1.9a)
\pgf@plot@mark@count=\count437
\pgfplotmarksize=\dimen280
)
\tikz@lastx=\dimen281
\tikz@lasty=\dimen282
\tikz@lastxsaved=\dimen283
\tikz@lastysaved=\dimen284
\tikz@lastmovetox=\dimen285
\tikz@lastmovetoy=\dimen286
\tikzleveldistance=\dimen287
\tikzsiblingdistance=\dimen288
\tikz@figbox=\box61
\tikz@figbox@bg=\box62
\tikz@tempbox=\box63
\tikz@tempbox@bg=\box64
\tikztreelevel=\count438
\tikznumberofchildren=\count439
\tikznumberofcurrentchild=\count440
\tikz@fig@count=\count441

(C:/Users/aryan/AppData/Local/Programs/MiKTeX/tex/generic/pgf/modules/pgfmodule
matrix.code.tex
File: pgfmodulematrix.code.tex 2021/05/15 v3.1.9a (3.1.9a)
\pgfmatrixcurrentrow=\count442
\pgfmatrixcurrentcolumn=\count443
\pgf@matrix@numberofcolumns=\count444
)
\tikz@expandcount=\count445

(C:/Users/aryan/AppData/Local/Programs/MiKTeX/tex/generic/pgf/frontendlayer/tik
z/libraries/tikzlibrarytopaths.code.tex
File: tikzlibrarytopaths.code.tex 2021/05/15 v3.1.9a (3.1.9a)
)))
(C:/Users/aryan/AppData/Local/Programs/MiKTeX/tex/generic/pgfplots/pgfplots.cod
e.tex
(C:/Users/aryan/AppData/Local/Programs/MiKTeX/tex/generic/pgfplots/pgfplotscore
.code.tex
Package pgfplots info on input line 124: Initializing with LUA version Lua 5.3
\pgfplots@luabackend@table=\catcodetable14
\t@pgfplots@toka=\toks38
\t@pgfplots@tokb=\toks39
\t@pgfplots@tokc=\toks40
\pgfplots@tmpa=\dimen289
\c@pgfplots@coordindex=\count446
\c@pgfplots@scanlineindex=\count447

(C:/Users/aryan/AppData/Local/Programs/MiKTeX/tex/generic/pgfplots/sys/pgfplots
sysgeneric.code.tex))
(C:/Users/aryan/AppData/Local/Programs/MiKTeX/tex/generic/pgfplots/libs/pgfplot
slibrary.code.tex)
(C:/Users/aryan/AppData/Local/Programs/MiKTeX/tex/generic/pgfplots/oldpgfcompat
ib/pgfplotsoldpgfsupp_loader.code.tex
(C:/Users/aryan/AppData/Local/Programs/MiKTeX/tex/generic/pgf/libraries/pgflibr
aryfpu.code.tex)
(C:/Users/aryan/AppData/Local/Programs/MiKTeX/tex/generic/pgf/libraries/luamath
/pgflibraryluamath.code.tex)
Package pgfplots info on input line 290: luamath library shipped with pgf 3.1.9
a is up-to-date
)
(C:/Users/aryan/AppData/Local/Programs/MiKTeX/tex/generic/pgfplots/util/pgfplot
sutil.code.tex
Package pgfplots info on input line 82: Found new luatex: initializing lua comm
ands instead of write18 (shell-escape)

(C:/Users/aryan/AppData/Local/Programs/MiKTeX/tex/generic/pgfplots/liststructur
e/pgfplotsliststructure.code.tex)
(C:/Users/aryan/AppData/Local/Programs/MiKTeX/tex/generic/pgfplots/liststructur
e/pgfplotsliststructureext.code.tex)
(C:/Users/aryan/AppData/Local/Programs/MiKTeX/tex/generic/pgfplots/liststructur
e/pgfplotsarray.code.tex
\c@pgfplotsarray@tmp=\count448
)
(C:/Users/aryan/AppData/Local/Programs/MiKTeX/tex/generic/pgfplots/liststructur
e/pgfplotsmatrix.code.tex)
(C:/Users/aryan/AppData/Local/Programs/MiKTeX/tex/generic/pgfplots/numtable/pgf
plotstableshared.code.tex
\c@pgfplotstable@counta=\count449
\t@pgfplotstable@a=\toks41
)
(C:/Users/aryan/AppData/Local/Programs/MiKTeX/tex/generic/pgfplots/liststructur
e/pgfplotsdeque.code.tex)
(C:/Users/aryan/AppData/Local/Programs/MiKTeX/tex/generic/pgfplots/util/pgfplot
sbinary.code.tex
(C:/Users/aryan/AppData/Local/Programs/MiKTeX/tex/generic/pgfplots/util/pgfplot
sbinary.data.code.tex))
(C:/Users/aryan/AppData/Local/Programs/MiKTeX/tex/generic/pgfplots/util/pgfplot
sutil.verb.code.tex)
(C:/Users/aryan/AppData/Local/Programs/MiKTeX/tex/generic/pgfplots/libs/pgflibr
arypgfplots.surfshading.code.tex
\c@pgfplotslibrarysurf@no=\count450

(C:/Users/aryan/AppData/Local/Programs/MiKTeX/tex/generic/pgfplots/sys/pgflibra
rypgfplots.surfshading.pgfsys-luatex.def)))
(C:/Users/aryan/AppData/Local/Programs/MiKTeX/tex/generic/pgfplots/util/pgfplot
scolormap.code.tex
(C:/Users/aryan/AppData/Local/Programs/MiKTeX/tex/generic/pgfplots/util/pgfplot
scolor.code.tex))
(C:/Users/aryan/AppData/Local/Programs/MiKTeX/tex/generic/pgfplots/pgfplotsstac
kedplots.code.tex)
(C:/Users/aryan/AppData/Local/Programs/MiKTeX/tex/generic/pgfplots/pgfplotsplot
handlers.code.tex
(C:/Users/aryan/AppData/Local/Programs/MiKTeX/tex/generic/pgfplots/pgfplotsmesh
plothandler.code.tex
(C:/Users/aryan/AppData/Local/Programs/MiKTeX/tex/generic/pgfplots/pgfplotsmesh
plotimage.code.tex)))
(C:/Users/aryan/AppData/Local/Programs/MiKTeX/tex/generic/pgfplots/pgfplots.sca
ling.code.tex)
(C:/Users/aryan/AppData/Local/Programs/MiKTeX/tex/generic/pgfplots/pgfplotscoor
dprocessing.code.tex)
(C:/Users/aryan/AppData/Local/Programs/MiKTeX/tex/generic/pgfplots/pgfplots.err
orbars.code.tex)
(C:/Users/aryan/AppData/Local/Programs/MiKTeX/tex/generic/pgfplots/pgfplots.mar
kers.code.tex)
(C:/Users/aryan/AppData/Local/Programs/MiKTeX/tex/generic/pgfplots/pgfplotstick
s.code.tex)
(C:/Users/aryan/AppData/Local/Programs/MiKTeX/tex/generic/pgfplots/pgfplots.pat
hs.code.tex)
(C:/Users/aryan/AppData/Local/Programs/MiKTeX/tex/generic/pgf/frontendlayer/tik
z/libraries/tikzlibrarydecorations.code.tex
(C:/Users/aryan/AppData/Local/Programs/MiKTeX/tex/generic/pgf/modules/pgfmodule
decorations.code.tex
\pgfdecoratedcompleteddistance=\dimen290
\pgfdecoratedremainingdistance=\dimen291
\pgfdecoratedinputsegmentcompleteddistance=\dimen292
\pgfdecoratedinputsegmentremainingdistance=\dimen293
\pgf@decorate@distancetomove=\dimen294
\pgf@decorate@repeatstate=\count451
\pgfdecorationsegmentamplitude=\dimen295
\pgfdecorationsegmentlength=\dimen296
)
\tikz@lib@dec@box=\box65
)
(C:/Users/aryan/AppData/Local/Programs/MiKTeX/tex/generic/pgf/frontendlayer/tik
z/libraries/tikzlibrarydecorations.pathmorphing.code.tex
(C:/Users/aryan/AppData/Local/Programs/MiKTeX/tex/generic/pgf/libraries/decorat
ions/pgflibrarydecorations.pathmorphing.code.tex))
(C:/Users/aryan/AppData/Local/Programs/MiKTeX/tex/generic/pgf/frontendlayer/tik
z/libraries/tikzlibrarydecorations.pathreplacing.code.tex
(C:/Users/aryan/AppData/Local/Programs/MiKTeX/tex/generic/pgf/libraries/decorat
ions/pgflibrarydecorations.pathreplacing.code.tex))
(C:/Users/aryan/AppData/Local/Programs/MiKTeX/tex/generic/pgfplots/libs/tikzlib
rarypgfplots.contourlua.code.tex)
\pgfplots@numplots=\count452
\pgfplots@xmin@reg=\dimen297
\pgfplots@xmax@reg=\dimen298
\pgfplots@ymin@reg=\dimen299
\pgfplots@ymax@reg=\dimen300
\pgfplots@zmin@reg=\dimen301
\pgfplots@zmax@reg=\dimen302
)
(C:/Users/aryan/AppData/Local/Programs/MiKTeX/tex/generic/pgf/frontendlayer/tik
z/libraries/tikzlibraryplotmarks.code.tex
File: tikzlibraryplotmarks.code.tex 2021/05/15 v3.1.9a (3.1.9a)

(C:/Users/aryan/AppData/Local/Programs/MiKTeX/tex/generic/pgf/libraries/pgflibr
aryplotmarks.code.tex
File: pgflibraryplotmarks.code.tex 2021/05/15 v3.1.9a (3.1.9a)
)))
(C:/Users/aryan/AppData/Local/Programs/MiKTeX/tex/latex/standalone/standalone.s
ty
Package: standalone 2018/03/26 v1.3a Package to include TeX sub-files with prea
mbles
 (C:/Users/aryan/AppData/Local/Programs/MiKTeX/tex/latex/tools/shellesc.sty
Package: shellesc 2019/11/08 v1.0c unified shell escape interface for LaTeX
Package shellesc Info: Restricted shell escape enabled on input line 77.
)
(C:/Users/aryan/AppData/Local/Programs/MiKTeX/tex/latex/xkeyval/xkeyval.sty
Package: xkeyval 2022/06/16 v2.9 package option processing (HA)

(C:/Users/aryan/AppData/Local/Programs/MiKTeX/tex/generic/xkeyval/xkeyval.tex
(C:/Users/aryan/AppData/Local/Programs/MiKTeX/tex/generic/xkeyval/xkvutils.tex
\XKV@toks=\toks42
\XKV@tempa@toks=\toks43
)
\XKV@depth=\count453
File: xkeyval.tex 2014/12/03 v2.7a key=value parser (HA)
))
(C:/Users/aryan/AppData/Local/Programs/MiKTeX/tex/latex/currfile/currfile.sty
Package: currfile 2020/09/29 v0.7d Provides the file path elements of the curre
nt input file

(C:/Users/aryan/AppData/Local/Programs/MiKTeX/tex/latex/filehook/filehook.sty
Package: filehook 2020/09/29 v0.8a Hooks for input files

(C:/Users/aryan/AppData/Local/Programs/MiKTeX/tex/latex/filehook/filehook-2020.
sty
Package: filehook-2020 2020/09/29 v0.8a Hooks for input files
))
\c@currfiledepth=\count454
)
(C:/Users/aryan/AppData/Local/Programs/MiKTeX/tex/latex/gincltex/gincltex.sty
(C:/Users/aryan/AppData/Local/Programs/MiKTeX/tex/latex/svn-prov/svn-prov.sty
Package: svn-prov 2010/04/24 v3.1862 Package Date/Version from SVN Keywords
)
Package: gincltex 2011/09/04 v0.3 Include external LaTeX files like graphics

(C:/Users/aryan/AppData/Local/Programs/MiKTeX/tex/latex/adjustbox/adjustbox.sty
Package: adjustbox 2020/08/19 v1.3 Adjusting TeX boxes (trim, clip, ...)
(C:/Users/aryan/AppData/Local/Programs/MiKTeX/tex/latex/adjustbox/adjcalc.sty
Package: adjcalc 2012/05/16 v1.1 Provides advanced setlength with multiple back
-ends (calc, etex, pgfmath)
)
(C:/Users/aryan/AppData/Local/Programs/MiKTeX/tex/latex/adjustbox/trimclip.sty
Package: trimclip 2020/08/19 v1.2 Trim and clip general TeX material

(C:/Users/aryan/AppData/Local/Programs/MiKTeX/tex/latex/collectbox/collectbox.s
ty
Package: collectbox 2012/05/17 v0.4b Collect macro arguments as boxes
\collectedbox=\box66
)
\tc@llx=\dimen303
\tc@lly=\dimen304
\tc@urx=\dimen305
\tc@ury=\dimen306

(C:/Users/aryan/AppData/Local/Programs/MiKTeX/tex/latex/adjustbox/tc-pgf.def
File: tc-pgf.def 2019/01/04 v2.2 trimclip fall-back clipping driver using PGF
)
Package trimclip Info: No clipping driver 'tc-luatex.def' available.
(trimclip)             Using fall-back PGF driver.
)
\adjbox@Width=\dimen307
\adjbox@Height=\dimen308
\adjbox@Depth=\dimen309
\adjbox@Totalheight=\dimen310
\adjbox@pwidth=\dimen311
\adjbox@pheight=\dimen312
\adjbox@pdepth=\dimen313
\adjbox@ptotalheight=\dimen314

(C:/Users/aryan/AppData/Local/Programs/MiKTeX/tex/latex/ifoddpage/ifoddpage.sty
Package: ifoddpage 2016/04/23 v1.1 Conditionals for odd/even page detection
\c@checkoddpage=\count455
) (C:/Users/aryan/AppData/Local/Programs/MiKTeX/tex/latex/varwidth/varwidth.sty
Package: varwidth 2009/03/30 ver 0.92;  Variable-width minipages
\@vwid@box=\box67
\sift@deathcycles=\count456
\@vwid@loff=\dimen315
\@vwid@roff=\dimen316
))
\gincltex@box=\box68
)
(C:/Users/aryan/AppData/Local/Programs/MiKTeX/tex/latex/filemod/filemod-expmin.
sty
Package: filemod-expmin 2011/09/19 v1.2 Get and compare file modification times
 (expandable; minimal)
))
(C:/Users/aryan/AppData/Local/Programs/MiKTeX/tex/latex/titlesec/titlesec.sty
Package: titlesec 2021/07/05 v2.14 Sectioning titles
\ttl@box=\box69
\beforetitleunit=\skip75
\aftertitleunit=\skip76
\ttl@plus=\dimen317
\ttl@minus=\dimen318
\ttl@toksa=\toks44
\titlewidth=\dimen319
\titlewidthlast=\dimen320
\titlewidthfirst=\dimen321
)
(C:/Users/aryan/AppData/Local/Programs/MiKTeX/tex/latex/titlesec/titletoc.sty
Package: titletoc 2021/07/05 v2.14 TOC entries
\ttl@leftsep=\dimen322
)
(C:/Users/aryan/AppData/Local/Programs/MiKTeX/tex/latex/caption/subcaption.sty
Package: subcaption 2022/01/07 v1.5 Sub-captions (AR)
\c@subfigure=\count457
\c@subtable=\count458
) (C:/Users/aryan/AppData/Local/Programs/MiKTeX/tex/latex/cleveref/cleveref.sty
Package: cleveref 2018/03/27 v0.21.4 Intelligent cross-referencing
Package cleveref Info: `hyperref' support loaded on input line 2370.
LaTeX Info: Redefining \cref on input line 2370.
LaTeX Info: Redefining \Cref on input line 2370.
LaTeX Info: Redefining \crefrange on input line 2370.
LaTeX Info: Redefining \Crefrange on input line 2370.
LaTeX Info: Redefining \cpageref on input line 2370.
LaTeX Info: Redefining \Cpageref on input line 2370.
LaTeX Info: Redefining \cpagerefrange on input line 2370.
LaTeX Info: Redefining \Cpagerefrange on input line 2370.
LaTeX Info: Redefining \labelcref on input line 2370.
LaTeX Info: Redefining \labelcpageref on input line 2370.
)

Package biblatex Warning: 'babel/polyglossia' detected but 'csquotes' missing.
(biblatex)                Loading 'csquotes' recommended.

\@quotelevel=\count459
\@quotereset=\count460
(./thesis_ms_eld895_aryan_ritwajeet_jha.aux)
\openout1 = thesis_ms_eld895_aryan_ritwajeet_jha.aux

LaTeX Font Info:    Checking defaults for OML/cmm/m/it on input line 53.
LaTeX Font Info:    ... okay on input line 53.
LaTeX Font Info:    Checking defaults for OMS/cmsy/m/n on input line 53.
LaTeX Font Info:    ... okay on input line 53.
LaTeX Font Info:    Checking defaults for OT1/cmr/m/n on input line 53.
LaTeX Font Info:    ... okay on input line 53.
LaTeX Font Info:    Checking defaults for T1/cmr/m/n on input line 53.
LaTeX Font Info:    ... okay on input line 53.
LaTeX Font Info:    Checking defaults for TS1/cmr/m/n on input line 53.
LaTeX Font Info:    Trying to load font information for TS1+cmr on input line 5
3.

(C:/Users/aryan/AppData/Local/Programs/MiKTeX/tex/latex/base/ts1cmr.fd
File: ts1cmr.fd 2019/12/16 v2.5j Standard LaTeX font definitions
)
LaTeX Font Info:    ... okay on input line 53.
LaTeX Font Info:    Checking defaults for TU/lmr/m/n on input line 53.
LaTeX Font Info:    ... okay on input line 53.
LaTeX Font Info:    Checking defaults for OMX/cmex/m/n on input line 53.
LaTeX Font Info:    ... okay on input line 53.
LaTeX Font Info:    Checking defaults for U/cmr/m/n on input line 53.
LaTeX Font Info:    ... okay on input line 53.
LaTeX Font Info:    Checking defaults for PD1/pdf/m/n on input line 53.
LaTeX Font Info:    ... okay on input line 53.
LaTeX Font Info:    Checking defaults for PU/pdf/m/n on input line 53.
LaTeX Font Info:    ... okay on input line 53.

*geometry* driver: auto-detecting
*geometry* detected driver: luatex
*geometry* verbose mode - [ preamble ] result:
* driver: luatex
* paper: a4paper
* layout: <same size as paper>
* layoutoffset:(h,v)=(0.0pt,0.0pt)
* modes: 
* h-part:(L,W,R)=(72.26999pt, 467.42168pt, 57.81621pt)
* v-part:(T,H,B)=(72.26999pt, 700.50687pt, 72.26999pt)
* \paperwidth=597.50787pt
* \paperheight=845.04684pt
* \textwidth=467.42168pt
* \textheight=700.50687pt
* \oddsidemargin=0.0pt
* \evensidemargin=0.0pt
* \topmargin=-40.90755pt
* \headheight=12.0pt
* \headsep=28.90755pt
* \topskip=12.0pt
* \footskip=30.0pt
* \marginparwidth=35.0pt
* \marginparsep=10.0pt
* \columnsep=10.0pt
* \skip\footins=10.8pt plus 4.0pt minus 2.0pt
* \hoffset=0.0pt
* \voffset=0.0pt
* \mag=1000
* \@twocolumnfalse
* \@twosidefalse
* \@mparswitchfalse
* \@reversemarginfalse
* (1in=72.27pt=25.4mm, 1cm=28.453pt)


(C:/Users/aryan/AppData/Local/Programs/MiKTeX/tex/context/base/mkii/supp-pdf.mk
ii
[Loading MPS to PDF converter (version 2006.09.02).]
\scratchcounter=\count461
\scratchdimen=\dimen323
\scratchbox=\box70
\nofMPsegments=\count462
\nofMParguments=\count463
\everyMPshowfont=\toks45
\MPscratchCnt=\count464
\MPscratchDim=\dimen324
\MPnumerator=\count465
\makeMPintoPDFobject=\count466
\everyMPtoPDFconversion=\toks46
)
(C:/Users/aryan/AppData/Local/Programs/MiKTeX/tex/latex/epstopdf-pkg/epstopdf-b
ase.sty
Package: epstopdf-base 2020-01-24 v2.11 Base part for package epstopdf
Package epstopdf-base Info: Redefining graphics rule for `.eps' on input line 4
85.

(C:/Users/aryan/AppData/Local/Programs/MiKTeX/tex/latex/00miktex/epstopdf-sys.c
fg
File: epstopdf-sys.cfg 2021/03/18 v2.0 Configuration of epstopdf for MiKTeX
))
Package caption Info: Begin \AtBeginDocument code.
Package caption Info: hyperref package is loaded.
Package caption Info: End \AtBeginDocument code.
Package biblatex Info: Trying to load language 'english'...
Package biblatex Info: ... file 'english.lbx' found.

(C:/Users/aryan/AppData/Local/Programs/MiKTeX/tex/latex/biblatex/lbx/english.lb
x
File: english.lbx 2022/07/12 v3.18b biblatex localization (PK/MW)
)
Package biblatex Info: LuaTeX detected.
(biblatex)             Assuming input encoding 'utf8'.
Package biblatex Info: Automatic encoding selection.
(biblatex)             Assuming data encoding 'utf8'.

\openout3 = thesis_ms_eld895_aryan_ritwajeet_jha.bcf
Package biblatex Info: Trying to load bibliographic data...
Package biblatex Info: ... file 'thesis_ms_eld895_aryan_ritwajeet_jha.bbl' foun
d.
 (./thesis_ms_eld895_aryan_ritwajeet_jha.bbl)
Package biblatex Info: Reference section=0 on input line 53.
Package biblatex Info: Reference segment=0 on input line 53.
Package hyperref Info: Link coloring OFF on input line 53.

(./thesis_ms_eld895_aryan_ritwajeet_jha.out)
(./thesis_ms_eld895_aryan_ritwajeet_jha.out)
\@outlinefile=\write5

\openout5 = thesis_ms_eld895_aryan_ritwajeet_jha.out


Package pgfplots Warning: running in backwards compatibility mode (unsuitable t
ick labels; missing features). Consider writing \pgfplotsset{compat=1.18} into 
your preamble.
 on input line 53.

<iitd_logo.png, id=46, 2007.5pt x 2007.5pt>
File: iitd_logo.png Graphic file (type png)
<use iitd_logo.png>
Package luatex.def Info: iitd_logo.png  used on input line 56.
(luatex.def)             Requested size: 108.37581pt x 108.37581pt.
[0

{C:/Users/aryan/AppData/Local/MiKTeX/fonts/map/pdftex/pdftex.map}<./iitd_logo.pn
g
warning  (pngwrite): large interlaced bitmap might cause out of memory
>] (./thesis_ms_eld895_aryan_ritwajeet_jha.toc)
\tf@toc=\write6

\openout6 = thesis_ms_eld895_aryan_ritwajeet_jha.toc

warning  (pdf backend): ignoring duplicate destination with the name 'page.'
[0] (../chapters/Introduction.tex [1]) [2] (../chapters/LiteratureReview.tex
LaTeX Font Info:    Trying to load font information for U+msa on input line 8.

(C:/Users/aryan/AppData/Local/Programs/MiKTeX/tex/latex/amsfonts/umsa.fd
File: umsa.fd 2013/01/14 v3.01 AMS symbols A
)
LaTeX Font Info:    Trying to load font information for U+msb on input line 8.

(C:/Users/aryan/AppData/Local/Programs/MiKTeX/tex/latex/amsfonts/umsb.fd
File: umsb.fd 2013/01/14 v3.01 AMS symbols B
)
[3

]) [4] (../chapters/Theory.tex
LaTeX Font Info:    Trying to load font information for T1+lmtt on input line 4
.

(C:/Users/aryan/AppData/Local/Programs/MiKTeX/tex/latex/lm/t1lmtt.fd
File: t1lmtt.fd 2015/05/01 v1.6.1 Font defs for Latin Modern
) [5

]
[6] (../figures/../figures/bifurcationPitchforkPdf.pdf_tex
<../figures/../figures//bifurcationPitchforkPdf.pdf, id=186, page=1, 219.03035p
t x 189.78543pt>
File: ../figures/../figures//bifurcationPitchforkPdf.pdf Graphic file (type pdf
)
<use ../figures/../figures//bifurcationPitchforkPdf.pdf, page 1>
Package luatex.def Info: ../figures/../figures//bifurcationPitchforkPdf.pdf , p
age1 used on input line 56.
(luatex.def)             Requested size: 219.03033pt x 189.79654pt.
)
(../figures/../figures/bifurcationPitchforkNegativePdf.pdf_tex
<../figures/../figures//bifurcationPitchforkNegativePdf.pdf, id=187, page=1, 21
9.03035pt x 189.78543pt>
File: ../figures/../figures//bifurcationPitchforkNegativePdf.pdf Graphic file (
type pdf)
<use ../figures/../figures//bifurcationPitchforkNegativePdf.pdf, page 1>
Package luatex.def Info: ../figures/../figures//bifurcationPitchforkNegativePdf
.pdf , page1 used on input line 56.
(luatex.def)             Requested size: 219.03033pt x 189.79654pt.
) [7<../figures/../figures//bifurcationPitchforkPdf.pdf>] [8<../figures/../figur
es//bifurcationPitchforkNegativePdf.pdf>] [9] [10] [11]) [12] (../chapters/Offl
ineAnalysis.tex
(../tables/realGridSamplingData.tex
Overfull \hbox (45.27739pt too wide) in paragraph at lines 5--90
 [][] 
 []

)
<../figures/pdf/pdf_frequency_continental_europe_2019.png, id=304, 1927.2pt x 9
78.65625pt>
File: ../figures/pdf/pdf_frequency_continental_europe_2019.png Graphic file (ty
pe png)
<use ../figures/pdf/pdf_frequency_continental_europe_2019.png>
Package luatex.def Info: ../figures/pdf/pdf_frequency_continental_europe_2019.p
ng  used on input line 25.
(luatex.def)             Requested size: 481.79883pt x 244.66347pt.

Overfull \hbox (14.37715pt too wide) in paragraph at lines 25--26
[][] 
 []

[13

]
<../figures/pdf/pdf_frequency_tokyo_2020_01.png, id=321, 1927.2pt x 978.65625pt
>
File: ../figures/pdf/pdf_frequency_tokyo_2020_01.png Graphic file (type png)
<use ../figures/pdf/pdf_frequency_tokyo_2020_01.png>
Package luatex.def Info: ../figures/pdf/pdf_frequency_tokyo_2020_01.png  used o
n input line 33.
(luatex.def)             Requested size: 481.79883pt x 244.66347pt.

Overfull \hbox (14.37715pt too wide) in paragraph at lines 33--34
 [][] 
 []

<../figures/pdf/pdf_frequency_nordic_2019.png, id=322, 1927.2pt x 978.65625pt>
File: ../figures/pdf/pdf_frequency_nordic_2019.png Graphic file (type png)
<use ../figures/pdf/pdf_frequency_nordic_2019.png>
Package luatex.def Info: ../figures/pdf/pdf_frequency_nordic_2019.png  used on 
input line 39.
(luatex.def)             Requested size: 481.79883pt x 244.66347pt.

Overfull \hbox (14.37715pt too wide) in paragraph at lines 39--40
 [][] 
 []

<../figures/pdf/pdf_frequency_rte_2019_09.png, id=323, 1927.2pt x 978.65625pt>
File: ../figures/pdf/pdf_frequency_rte_2019_09.png Graphic file (type png)
<use ../figures/pdf/pdf_frequency_rte_2019_09.png>
Package luatex.def Info: ../figures/pdf/pdf_frequency_rte_2019_09.png  used on 
input line 49.
(luatex.def)             Requested size: 481.79883pt x 244.66347pt.

Overfull \hbox (14.37715pt too wide) in paragraph at lines 49--50
 [][] 
 []

<../figures/pdf/pdf_frequency_uk_2020_04.png, id=324, 1927.2pt x 978.65625pt>
File: ../figures/pdf/pdf_frequency_uk_2020_04.png Graphic file (type png)
<use ../figures/pdf/pdf_frequency_uk_2020_04.png>
Package luatex.def Info: ../figures/pdf/pdf_frequency_uk_2020_04.png  used on i
nput line 55.
(luatex.def)             Requested size: 481.79883pt x 244.66347pt.

Overfull \hbox (14.37715pt too wide) in paragraph at lines 55--56
 [][] 
 []

<../figures/pdf/pdf_frequency_rte_2021_01_blackout.png, id=325, 1927.2pt x 978.
65625pt>
File: ../figures/pdf/pdf_frequency_rte_2021_01_blackout.png Graphic file (type 
png)
<use ../figures/pdf/pdf_frequency_rte_2021_01_blackout.png>
Package luatex.def Info: ../figures/pdf/pdf_frequency_rte_2021_01_blackout.png 
 used on input line 66.
(luatex.def)             Requested size: 481.79883pt x 244.66347pt.

Overfull \hbox (14.37715pt too wide) in paragraph at lines 66--67
 [][] 
 []

<../figures/pdf/pdf_frequency_uk_2019_08_blackout.png, id=326, 1927.2pt x 978.6
5625pt>
File: ../figures/pdf/pdf_frequency_uk_2019_08_blackout.png Graphic file (type p
ng)
<use ../figures/pdf/pdf_frequency_uk_2019_08_blackout.png>
Package luatex.def Info: ../figures/pdf/pdf_frequency_uk_2019_08_blackout.png  
used on input line 72.
(luatex.def)             Requested size: 481.79883pt x 244.66347pt.

Overfull \hbox (14.37715pt too wide) in paragraph at lines 72--73
 [][] 
 []

<../figures/pdf/pdf_frequency_spain_mallorca_2019_05_f1.png, id=327, 1927.2pt x
 978.65625pt>
File: ../figures/pdf/pdf_frequency_spain_mallorca_2019_05_f1.png Graphic file (
type png)
<use ../figures/pdf/pdf_frequency_spain_mallorca_2019_05_f1.png>
Package luatex.def Info: ../figures/pdf/pdf_frequency_spain_mallorca_2019_05_f1
.png  used on input line 79.
(luatex.def)             Requested size: 481.79883pt x 244.66347pt.

Overfull \hbox (14.37715pt too wide) in paragraph at lines 79--80
[][] 
 []

(../figures/autocorr/comparison_five_no_title.tex) [14]
(../tables/inverseAutocorrelationValues.tex

LaTeX Warning: `h' float specifier changed to `ht'.

) [15<../figures/pdf/pdf_frequency_continental_europe_2019.png>]
Overfull \vbox (32.66995pt too high) has occurred while \output is active []


[16<../figures/pdf/pdf_frequency_tokyo_2020_01.png><../figures/pdf/pdf_frequency
_nordic_2019.png>] [17<../figures/pdf/pdf_frequency_rte_2019_09.png><../figures/
pdf/pdf_frequency_uk_2020_04.png>] [18<../figures/pdf/pdf_frequency_rte_2021_01_
blackout.png><../figures/pdf/pdf_frequency_uk_2019_08_blackout.png>]
<../figures/autocorr/fautocorrs_nordic_201801_to_201912.png, id=366, 1927.2pt x
 978.65625pt>
File: ../figures/autocorr/fautocorrs_nordic_201801_to_201912.png Graphic file (
type png)
<use ../figures/autocorr/fautocorrs_nordic_201801_to_201912.png>
Package luatex.def Info: ../figures/autocorr/fautocorrs_nordic_201801_to_201912
.png  used on input line 113.
(luatex.def)             Requested size: 481.79883pt x 244.66347pt.

Overfull \hbox (14.37715pt too wide) in paragraph at lines 113--114
[][] 
 []

<../figures/autocorr/fautocorrs_rte_201901_to_201912_202101.png, id=367, 1927.2
pt x 978.65625pt>
File: ../figures/autocorr/fautocorrs_rte_201901_to_201912_202101.png Graphic fi
le (type png)
<use ../figures/autocorr/fautocorrs_rte_201901_to_201912_202101.png>
Package luatex.def Info: ../figures/autocorr/fautocorrs_rte_201901_to_201912_20
2101.png  used on input line 119.
(luatex.def)             Requested size: 481.79883pt x 244.66347pt.

Overfull \hbox (14.37715pt too wide) in paragraph at lines 119--120
[][] 
 []

<../figures/autocorr/fautocorrs_uk_201901_to_202103_2.png, id=368, 1927.2pt x 9
78.65625pt>
File: ../figures/autocorr/fautocorrs_uk_201901_to_202103_2.png Graphic file (ty
pe png)
<use ../figures/autocorr/fautocorrs_uk_201901_to_202103_2.png>
Package luatex.def Info: ../figures/autocorr/fautocorrs_uk_201901_to_202103_2.p
ng  used on input line 124.
(luatex.def)             Requested size: 481.79883pt x 244.66347pt.

Overfull \hbox (14.37715pt too wide) in paragraph at lines 124--125
[][] 
 []

<../figures/autocorr/fautocorrs_tokyo_202001_to_202012.png, id=369, 1927.2pt x 
978.65625pt>
File: ../figures/autocorr/fautocorrs_tokyo_202001_to_202012.png Graphic file (t
ype png)
<use ../figures/autocorr/fautocorrs_tokyo_202001_to_202012.png>
Package luatex.def Info: ../figures/autocorr/fautocorrs_tokyo_202001_to_202012.
png  used on input line 129.
(luatex.def)             Requested size: 481.79883pt x 244.66347pt.

Overfull \hbox (14.37715pt too wide) in paragraph at lines 129--130
[][] 
 []

<../figures/autocorr/fautocorrs_nrldc_201904_to_202004.png, id=370, 1927.2pt x 
978.65625pt>
File: ../figures/autocorr/fautocorrs_nrldc_201904_to_202004.png Graphic file (t
ype png)
<use ../figures/autocorr/fautocorrs_nrldc_201904_to_202004.png>
Package luatex.def Info: ../figures/autocorr/fautocorrs_nrldc_201904_to_202004.
png  used on input line 136.
(luatex.def)             Requested size: 481.79883pt x 244.66347pt.

Overfull \hbox (14.37715pt too wide) in paragraph at lines 136--137
[][] 
 []

[19<../figures/pdf/pdf_frequency_spain_mallorca_2019_05_f1.png>]

LaTeX Warning: Text page 20 contains only floats.

[20<../figures/autocorr/fautocorrs_nordic_201801_to_201912.png>]
<../figures/pdf/nrldc/pdf_frequency_nrldc_01.png, id=384, 1927.2pt x 978.65625p
t>
File: ../figures/pdf/nrldc/pdf_frequency_nrldc_01.png Graphic file (type png)
<use ../figures/pdf/nrldc/pdf_frequency_nrldc_01.png>
Package luatex.def Info: ../figures/pdf/nrldc/pdf_frequency_nrldc_01.png  used 
on input line 142.
(luatex.def)             Requested size: 210.33832pt x 106.80133pt.
<../figures/pdf/nrldc/pdf_frequency_nrldc_02.png, id=385, 1927.2pt x 978.65625p
t>
File: ../figures/pdf/nrldc/pdf_frequency_nrldc_02.png Graphic file (type png)
<use ../figures/pdf/nrldc/pdf_frequency_nrldc_02.png>
Package luatex.def Info: ../figures/pdf/nrldc/pdf_frequency_nrldc_02.png  used 
on input line 143.
(luatex.def)             Requested size: 210.33832pt x 106.80133pt.
<../figures/pdf/nrldc/pdf_frequency_nrldc_03.png, id=386, 1927.2pt x 978.65625p
t>
File: ../figures/pdf/nrldc/pdf_frequency_nrldc_03.png Graphic file (type png)
<use ../figures/pdf/nrldc/pdf_frequency_nrldc_03.png>
Package luatex.def Info: ../figures/pdf/nrldc/pdf_frequency_nrldc_03.png  used 
on input line 147.
(luatex.def)             Requested size: 210.33832pt x 106.80133pt.
<../figures/pdf/nrldc/pdf_frequency_nrldc_04.png, id=387, 1927.2pt x 978.65625p
t>
File: ../figures/pdf/nrldc/pdf_frequency_nrldc_04.png Graphic file (type png)
<use ../figures/pdf/nrldc/pdf_frequency_nrldc_04.png>
Package luatex.def Info: ../figures/pdf/nrldc/pdf_frequency_nrldc_04.png  used 
on input line 148.
(luatex.def)             Requested size: 210.33832pt x 106.80133pt.
<../figures/pdf/nrldc/pdf_frequency_nrldc_05.png, id=388, 1927.2pt x 978.65625p
t>
File: ../figures/pdf/nrldc/pdf_frequency_nrldc_05.png Graphic file (type png)
<use ../figures/pdf/nrldc/pdf_frequency_nrldc_05.png>
Package luatex.def Info: ../figures/pdf/nrldc/pdf_frequency_nrldc_05.png  used 
on input line 152.
(luatex.def)             Requested size: 210.33832pt x 106.80133pt.
<../figures/pdf/nrldc/pdf_frequency_nrldc_06.png, id=389, 1927.2pt x 978.65625p
t>
File: ../figures/pdf/nrldc/pdf_frequency_nrldc_06.png Graphic file (type png)
<use ../figures/pdf/nrldc/pdf_frequency_nrldc_06.png>
Package luatex.def Info: ../figures/pdf/nrldc/pdf_frequency_nrldc_06.png  used 
on input line 153.
(luatex.def)             Requested size: 210.33832pt x 106.80133pt.
<../figures/pdf/pdf_frequency_us_wi_2019_05.png, id=390, 1927.2pt x 978.65625pt
>
File: ../figures/pdf/pdf_frequency_us_wi_2019_05.png Graphic file (type png)
<use ../figures/pdf/pdf_frequency_us_wi_2019_05.png>
Package luatex.def Info: ../figures/pdf/pdf_frequency_us_wi_2019_05.png  used o
n input line 164.
(luatex.def)             Requested size: 481.79883pt x 244.66347pt.

Overfull \hbox (14.37715pt too wide) in paragraph at lines 164--165
 [][] 
 []

<../figures/pdf/pdf_frequency_us_tx_2019_05.png, id=391, 1927.2pt x 978.65625pt
>
File: ../figures/pdf/pdf_frequency_us_tx_2019_05.png Graphic file (type png)
<use ../figures/pdf/pdf_frequency_us_tx_2019_05.png>
Package luatex.def Info: ../figures/pdf/pdf_frequency_us_tx_2019_05.png  used o
n input line 170.
(luatex.def)             Requested size: 481.79883pt x 244.66347pt.

Overfull \hbox (14.37715pt too wide) in paragraph at lines 170--171
 [][] 
 []

) [21<../figures/autocorr/fautocorrs_rte_201901_to_201912_202101.png>] [22<../fi
gures/autocorr/fautocorrs_uk_201901_to_202103_2.png><../figures/autocorr/fautoco
rrs_tokyo_202001_to_202012.png>] [23<../figures/autocorr/fautocorrs_nrldc_201904
_to_202004.png>] [24<../figures/pdf/nrldc/pdf_frequency_nrldc_01.png><../figures
/pdf/nrldc/pdf_frequency_nrldc_02.png><../figures/pdf/nrldc/pdf_frequency_nrldc_
03.png><../figures/pdf/nrldc/pdf_frequency_nrldc_04.png><../figures/pdf/nrldc/pd
f_frequency_nrldc_05.png><../figures/pdf/nrldc/pdf_frequency_nrldc_06.png>] [25
<../figures/pdf/pdf_frequency_us_wi_2019_05.png><../figures/pdf/pdf_frequency_us
_tx_2019_05.png>] (../chapters/OnlineAnalysis.tex [26

]
<../figures/analysis_matlab/ploads_run02.png, id=429, 1927.2pt x 978.65625pt>
File: ../figures/analysis_matlab/ploads_run02.png Graphic file (type png)
<use ../figures/analysis_matlab/ploads_run02.png>
Package luatex.def Info: ../figures/analysis_matlab/ploads_run02.png  used on i
nput line 28.
(luatex.def)             Requested size: 481.79883pt x 244.66347pt.

Overfull \hbox (14.37715pt too wide) in paragraph at lines 28--29
 [][] 
 []

<../figures/analysis_matlab/pgens_run02.png, id=430, 1927.2pt x 978.65625pt>
File: ../figures/analysis_matlab/pgens_run02.png Graphic file (type png)
<use ../figures/analysis_matlab/pgens_run02.png>
Package luatex.def Info: ../figures/analysis_matlab/pgens_run02.png  used on in
put line 34.
(luatex.def)             Requested size: 481.79883pt x 244.66347pt.

Overfull \hbox (14.37715pt too wide) in paragraph at lines 34--35
 [][] 
 []

<../figures/analysis_matlab/frequencies_run02.png, id=431, 1927.2pt x 978.65625
pt>
File: ../figures/analysis_matlab/frequencies_run02.png Graphic file (type png)
<use ../figures/analysis_matlab/frequencies_run02.png>
Package luatex.def Info: ../figures/analysis_matlab/frequencies_run02.png  used
 on input line 46.
(luatex.def)             Requested size: 481.79883pt x 244.66347pt.

Overfull \hbox (14.37715pt too wide) in paragraph at lines 46--47
 [][] 
 []

<../figures/analysis_matlab/voltages_run02.png, id=432, 1927.2pt x 978.65625pt>

File: ../figures/analysis_matlab/voltages_run02.png Graphic file (type png)
<use ../figures/analysis_matlab/voltages_run02.png>
Package luatex.def Info: ../figures/analysis_matlab/voltages_run02.png  used on
 input line 52.
(luatex.def)             Requested size: 481.79883pt x 244.66347pt.

Overfull \hbox (14.37715pt too wide) in paragraph at lines 52--53
 [][] 
 []

<../figures/analysis_matlab/currents_run02.png, id=433, 1927.2pt x 978.65625pt>

File: ../figures/analysis_matlab/currents_run02.png Graphic file (type png)
<use ../figures/analysis_matlab/currents_run02.png>
Package luatex.def Info: ../figures/analysis_matlab/currents_run02.png  used on
 input line 62.
(luatex.def)             Requested size: 481.79883pt x 244.66347pt.

Overfull \hbox (14.37715pt too wide) in paragraph at lines 62--63
 [][] 
 []

<../figures/analysis_matlab/mvas_run02.png, id=434, 1927.2pt x 978.65625pt>
File: ../figures/analysis_matlab/mvas_run02.png Graphic file (type png)
<use ../figures/analysis_matlab/mvas_run02.png>
Package luatex.def Info: ../figures/analysis_matlab/mvas_run02.png  used on inp
ut line 68.
(luatex.def)             Requested size: 481.79883pt x 244.66347pt.

Overfull \hbox (14.37715pt too wide) in paragraph at lines 68--69
 [][] 
 []

[27] [28<../figures/analysis_matlab/ploads_run02.png><../figures/analysis_matlab
/pgens_run02.png>] [29<../figures/analysis_matlab/frequencies_run02.png><../figu
res/analysis_matlab/voltages_run02.png>] [30<../figures/analysis_matlab/currents
_run02.png><../figures/analysis_matlab/mvas_run02.png>] [31

]
<../figures/analysis_matlab/voltsDetrended_run02.png, id=478, 1927.2pt x 978.65
625pt>
File: ../figures/analysis_matlab/voltsDetrended_run02.png Graphic file (type pn
g)
<use ../figures/analysis_matlab/voltsDetrended_run02.png>
Package luatex.def Info: ../figures/analysis_matlab/voltsDetrended_run02.png  u
sed on input line 119.
(luatex.def)             Requested size: 481.79883pt x 244.66347pt.

Overfull \hbox (14.37715pt too wide) in paragraph at lines 119--120
 [][] 
 []

<../figures/analysis_matlab/ar1_run02.png, id=479, 1927.2pt x 978.65625pt>
File: ../figures/analysis_matlab/ar1_run02.png Graphic file (type png)
<use ../figures/analysis_matlab/ar1_run02.png>
Package luatex.def Info: ../figures/analysis_matlab/ar1_run02.png  used on inpu
t line 127.
(luatex.def)             Requested size: 481.79883pt x 244.66347pt.

Overfull \hbox (14.37715pt too wide) in paragraph at lines 127--128
 [][] 
 []

<../figures/analysis_matlab/var_run02.png, id=480, 1927.2pt x 978.65625pt>
File: ../figures/analysis_matlab/var_run02.png Graphic file (type png)
<use ../figures/analysis_matlab/var_run02.png>
Package luatex.def Info: ../figures/analysis_matlab/var_run02.png  used on inpu
t line 133.
(luatex.def)             Requested size: 481.79883pt x 244.66347pt.

Overfull \hbox (14.37715pt too wide) in paragraph at lines 133--134
 [][] 
 []

<../figures/analysis_matlab/mktcc_ar1_run02.png, id=481, 1927.2pt x 978.65625pt
>
File: ../figures/analysis_matlab/mktcc_ar1_run02.png Graphic file (type png)
<use ../figures/analysis_matlab/mktcc_ar1_run02.png>
Package luatex.def Info: ../figures/analysis_matlab/mktcc_ar1_run02.png  used o
n input line 144.
(luatex.def)             Requested size: 481.79883pt x 244.66347pt.

Overfull \hbox (14.37715pt too wide) in paragraph at lines 144--145
 [][] 
 []

<../figures/analysis_matlab/mktcc_var_run02.png, id=482, 1927.2pt x 978.65625pt
>
File: ../figures/analysis_matlab/mktcc_var_run02.png Graphic file (type png)
<use ../figures/analysis_matlab/mktcc_var_run02.png>
Package luatex.def Info: ../figures/analysis_matlab/mktcc_var_run02.png  used o
n input line 150.
(luatex.def)             Requested size: 481.79883pt x 244.66347pt.

Overfull \hbox (14.37715pt too wide) in paragraph at lines 150--151
 [][] 
 []

[32] [33<../figures/analysis_matlab/voltsDetrended_run02.png>] [34<../figures/an
alysis_matlab/ar1_run02.png><../figures/analysis_matlab/var_run02.png>]
[35<../figures/analysis_matlab/mktcc_ar1_run02.png><../figures/analysis_matlab/m
ktcc_var_run02.png>]) [36

] (../chapters/Conclusions.tex [37

]) [38

]
(../chapters/FutureWork.tex) [39

] [40

] [41]
Overfull \hbox (0.31636pt too wide) in paragraph at lines 78--78
\T1/lmr/m/n/12 fastslow sys-tems and stochas-tic dy-nam-ics''. In: \T1/lmr/m
/it/12 Phys-ica D \T1/lmr/m/n/12 240.12 (June 2011), pp. 1020
 []

[42
Missing character: There is no  (U+2013) in font ec-lmr12!
Missing character: There is no  (U+2013) in font ec-lmr12!
] [43] (../chapters/Appendix.tex (../chapters/appendix/brownianMotionAndOUP.tex
) [44

] (../chapters/appendix/moreExamplesForCSD.tex
(../figures/../figures/bifurcationTranscriticalPdf.pdf_tex
<../figures/../figures//bifurcationTranscriticalPdf.pdf, id=628, page=1, 219.50
623pt x 190.54787pt>
File: ../figures/../figures//bifurcationTranscriticalPdf.pdf Graphic file (type
 pdf)
<use ../figures/../figures//bifurcationTranscriticalPdf.pdf, page 1>
Package luatex.def Info: ../figures/../figures//bifurcationTranscriticalPdf.pdf
 , page1 used on input line 56.
(luatex.def)             Requested size: 219.03033pt x 190.1374pt.
)
(../figures/../figures/bifurcationTranscriticalNegativePdf.pdf_tex
<../figures/../figures//bifurcationTranscriticalNegativePdf.pdf, id=629, page=1
, 219.50623pt x 190.54787pt>
File: ../figures/../figures//bifurcationTranscriticalNegativePdf.pdf Graphic fi
le (type pdf)
<use ../figures/../figures//bifurcationTranscriticalNegativePdf.pdf, page 1>
Package luatex.def Info: ../figures/../figures//bifurcationTranscriticalNegativ
ePdf.pdf , page1 used on input line 56.
(luatex.def)             Requested size: 219.03033pt x 190.1374pt.
)) [45

<../figures/../figures//bifurcationTranscriticalPdf.pdf><../figures/../figures//
bifurcationTranscriticalNegativePdf.pdf>]
(../chapters/appendix/examplesComparingKTCCWithOtherCCs.tex
Overfull \hbox (28.44421pt too wide) in paragraph at lines 14--112
 [][] 
 []

(../figures/../figures/pearsonCC01.pdf_tex
<../figures/../figures//pearsonCC01.pdf, id=674, page=1, 565.03102pt x 404.6291
5pt>
File: ../figures/../figures//pearsonCC01.pdf Graphic file (type pdf)
<use ../figures/../figures//pearsonCC01.pdf, page 1>
Package luatex.def Info: ../figures/../figures//pearsonCC01.pdf , page1 used on
 input line 56.
(luatex.def)             Requested size: 565.03102pt x 404.64665pt.
<../figures/../figures//pearsonCC01.pdf, id=675, page=2, 565.03102pt x 404.6291
5pt>
File: ../figures/../figures//pearsonCC01.pdf Graphic file (type pdf)
<use ../figures/../figures//pearsonCC01.pdf, page 2>
Package luatex.def Info: ../figures/../figures//pearsonCC01.pdf , page2 used on
 input line 61.
(luatex.def)             Requested size: 565.03102pt x 404.64665pt.
)
(../figures/../figures/pearsonCC02.pdf_tex
<../figures/../figures//pearsonCC02.pdf, id=676, page=1, 446.68251pt x 403.9186
7pt>
File: ../figures/../figures//pearsonCC02.pdf Graphic file (type pdf)
<use ../figures/../figures//pearsonCC02.pdf, page 1>
Package luatex.def Info: ../figures/../figures//pearsonCC02.pdf , page1 used on
 input line 56.
(luatex.def)             Requested size: 446.6825pt x 403.93614pt.
<../figures/../figures//pearsonCC02.pdf, id=677, page=2, 446.68251pt x 403.9186
7pt>
File: ../figures/../figures//pearsonCC02.pdf Graphic file (type pdf)
<use ../figures/../figures//pearsonCC02.pdf, page 2>
Package luatex.def Info: ../figures/../figures//pearsonCC02.pdf , page2 used on
 input line 61.
(luatex.def)             Requested size: 446.6825pt x 403.93614pt.
)
(../figures/../figures/pearsonCC03.pdf_tex
<../figures/../figures//pearsonCC03.pdf, id=678, page=1, 538.63579pt x 403.9186
7pt>
File: ../figures/../figures//pearsonCC03.pdf Graphic file (type pdf)
<use ../figures/../figures//pearsonCC03.pdf, page 1>
Package luatex.def Info: ../figures/../figures//pearsonCC03.pdf , page1 used on
 input line 56.
(luatex.def)             Requested size: 538.63577pt x 403.92381pt.
<../figures/../figures//pearsonCC03.pdf, id=679, page=2, 538.63579pt x 403.9186
7pt>
File: ../figures/../figures//pearsonCC03.pdf Graphic file (type pdf)
<use ../figures/../figures//pearsonCC03.pdf, page 2>
Package luatex.def Info: ../figures/../figures//pearsonCC03.pdf , page2 used on
 input line 61.
(luatex.def)             Requested size: 538.63577pt x 403.92381pt.
)
(../figures/../figures/pearsonCC04.pdf_tex
<../figures/../figures//pearsonCC04.pdf, id=680, page=1, 548.68938pt x 403.9186
7pt>
File: ../figures/../figures//pearsonCC04.pdf Graphic file (type pdf)
<use ../figures/../figures//pearsonCC04.pdf, page 1>
Package luatex.def Info: ../figures/../figures//pearsonCC04.pdf , page1 used on
 input line 56.
(luatex.def)             Requested size: 548.68938pt x 403.91766pt.
<../figures/../figures//pearsonCC04.pdf, id=681, page=2, 548.68938pt x 403.9186
7pt>
File: ../figures/../figures//pearsonCC04.pdf Graphic file (type pdf)
<use ../figures/../figures//pearsonCC04.pdf, page 2>
Package luatex.def Info: ../figures/../figures//pearsonCC04.pdf , page2 used on
 input line 61.
(luatex.def)             Requested size: 548.68938pt x 403.91766pt.
)
(../figures/../figures/pearsonCC05.pdf_tex
<../figures/../figures//pearsonCC05.pdf, id=682, page=1, 446.68251pt x 403.9186
7pt>
File: ../figures/../figures//pearsonCC05.pdf Graphic file (type pdf)
<use ../figures/../figures//pearsonCC05.pdf, page 1>
Package luatex.def Info: ../figures/../figures//pearsonCC05.pdf , page1 used on
 input line 56.
(luatex.def)             Requested size: 446.6825pt x 403.93614pt.
))) [46

] [47] [48<../figures/../figures//pearsonCC01.pdf><../figures/../figures//pearso
nCC01.pdf><../figures/../figures//pearsonCC02.pdf><../figures/../figures//pearso
nCC02.pdf><../figures/../figures//pearsonCC03.pdf><../figures/../figures//pearso
nCC03.pdf><../figures/../figures//pearsonCC04.pdf><../figures/../figures//pearso
nCC04.pdf><../figures/../figures//pearsonCC05.pdf>] (./thesis_ms_eld895_aryan_r
itwajeet_jha.aux)
Package rerunfilecheck Info: File `thesis_ms_eld895_aryan_ritwajeet_jha.out' ha
s not changed.
(rerunfilecheck)             Checksum: D64F3D837670AA6027DC86BDC64F2933;1789.
Package logreq Info: Writing requests to 'thesis_ms_eld895_aryan_ritwajeet_jha.
run.xml'.

\openout1 = thesis_ms_eld895_aryan_ritwajeet_jha.run.xml
)

Here is how much of LuaTeX's memory you used:
 48247 strings out of 477356
 125123,1977958 words of node,token memory allocated
 1312 words of node memory still in use:
   6 hlist, 2 vlist, 2 rule, 2 glue, 4 kern, 1 glyph, 213 attribute, 67 glue_spe
c, 108 attribute_list, 2 write, 22 pdf_action nodes
   avail lists: 1:2,2:7198,3:2264,4:116,5:475,6:42,7:9465,8:142,9:1309,10:29,11:
595
 67049 multiletter control sequences out of 65536+600000
 71 fonts using 4464159 bytes
 99i,26n,98p,1563b,2335s stack positions out of 10000i,1000n,20000p,200000b,80000s
{C:/Users/aryan/AppData/Local/Programs/MiKTeX/fonts/enc/dvips/lm/lm-ec.enc}{C:/U
sers/aryan/AppData/Local/Programs/MiKTeX/fonts/enc/dvips/lm/lm-ts1.enc}<C:/Users
/aryan/AppData/Local/Programs/MiKTeX/fonts/type1/public/amsfonts/cm/cmex10.pfb><
C:/Users/aryan/AppData/Local/Programs/MiKTeX/fonts/type1/public/amsfonts/cm/cmmi
10.pfb><C:/Users/aryan/AppData/Local/Programs/MiKTeX/fonts/type1/public/amsfonts
/cm/cmmi12.pfb><C:/Users/aryan/AppData/Local/Programs/MiKTeX/fonts/type1/public/
amsfonts/cm/cmmi6.pfb><C:/Users/aryan/AppData/Local/Programs/MiKTeX/fonts/type1/
public/amsfonts/cm/cmmi8.pfb><C:/Users/aryan/AppData/Local/Programs/MiKTeX/fonts
/type1/public/amsfonts/cm/cmr10.pfb><C:/Users/aryan/AppData/Local/Programs/MiKTe
X/fonts/type1/public/amsfonts/cm/cmr12.pfb><C:/Users/aryan/AppData/Local/Program
s/MiKTeX/fonts/type1/public/amsfonts/cm/cmr17.pfb><C:/Users/aryan/AppData/Local/
Programs/MiKTeX/fonts/type1/public/amsfonts/cm/cmr6.pfb><C:/Users/aryan/AppData/
Local/Programs/MiKTeX/fonts/type1/public/amsfonts/cm/cmr8.pfb><C:/Users/aryan/Ap
pData/Local/Programs/MiKTeX/fonts/type1/public/amsfonts/cm/cmsy10.pfb><C:/Users/
aryan/AppData/Local/Programs/MiKTeX/fonts/type1/public/amsfonts/cm/cmsy8.pfb><C:
/Users/aryan/AppData/Local/Programs/MiKTeX/fonts/type1/public/lm/lmbx12.pfb><C:/
Users/aryan/AppData/Local/Programs/MiKTeX/fonts/type1/public/lm/lmcsc10.pfb><C:/
Users/aryan/AppData/Local/Programs/MiKTeX/fonts/type1/public/lm/lmr10.pfb><C:/Us
ers/aryan/AppData/Local/Programs/MiKTeX/fonts/type1/public/lm/lmr12.pfb><C:/User
s/aryan/AppData/Local/Programs/MiKTeX/fonts/type1/public/lm/lmri12.pfb><C:/Users
/aryan/AppData/Local/Programs/MiKTeX/fonts/type1/public/lm/lmtt12.pfb><C:/Users/
aryan/AppData/Local/Programs/MiKTeX/fonts/type1/public/amsfonts/symbols/msbm10.p
fb>
Output written on thesis_ms_eld895_aryan_ritwajeet_jha.pdf (50 pages, 3804802 by
tes).

PDF statistics: 771 PDF objects out of 1000 (max. 8388607)
 168 named destinations out of 1000 (max. 131072)
 96 words of extra memory for PDF output out of 10000 (max. 100000000)

