This is LuaHBTeX, Version 1.17.0 (MiKTeX 23.5) (format=lualatex 2023.7.16)  16 JUL 2023 18:55
 restricted system commands enabled.
**main.tex
(./main.tex
LaTeX2e <2022-11-01> patch level 1
Lua module: luaotfload 2022-10-03 3.23 Lua based OpenType font support
Lua module: lualibs 2022-10-04 2.75 ConTeXt Lua standard libraries.
Lua module: lualibs-extended 2022-10-04 2.75 ConTeXt Lua libraries -- extended c
ollection.
luaotfload | conf : Root cache directory is "C:/Users/Aryan Ritwajeet Jha/AppDat
a/Local/MiKTeX/luatex-cache/generic/names".
luaotfload | init : Loading fontloader "fontloader-2022-10-03.lua" from kpse-res
olved path "C:/Users/Aryan Ritwajeet Jha/AppData/Local/Programs/MiKTeX/tex/luate
x/luaotfload/fontloader-2022-10-03.lua".
Lua-only attribute luaotfload@noligature = 1
luaotfload | init : Context OpenType loader version 3.120
Inserting `luaotfload.node_processor' in `pre_linebreak_filter'.
Inserting `luaotfload.node_processor' in `hpack_filter'.
Inserting `luaotfload.glyph_stream' in `glyph_stream_provider'.
Inserting `luaotfload.define_font' in `define_font'.
Lua-only attribute luaotfload_color_attribute = 2
luaotfload | conf : Root cache directory is "C:/Users/Aryan Ritwajeet Jha/AppDat
a/Local/MiKTeX/luatex-cache/generic/names".
Inserting `luaotfload.harf.strip_prefix' in `find_opentype_file'.
Inserting `luaotfload.harf.strip_prefix' in `find_truetype_file'.
Removing  `luaotfload.glyph_stream' from `glyph_stream_provider'.
Inserting `luaotfload.harf.glyphstream' in `glyph_stream_provider'.
Inserting `luaotfload.harf.finalize_vlist' in `post_linebreak_filter'.
Inserting `luaotfload.harf.finalize_hlist' in `hpack_filter'.
Inserting `luaotfload.cleanup_files' in `wrapup_run'.
Inserting `luaotfload.harf.finalize_unicode' in `finish_pdffile'.
Inserting `luaotfload.glyphinfo' in `glyph_info'.
Lua-only attribute luaotfload.letterspace_done = 3
Inserting `luaotfload.aux.set_sscale_dimens' in `luaotfload.patch_font'.
Inserting `luaotfload.aux.set_font_index' in `luaotfload.patch_font'.
Inserting `luaotfload.aux.patch_cambria_domh' in `luaotfload.patch_font'.
Inserting `luaotfload.aux.fixup_fontdata' in `luaotfload.patch_font_unsafe'.
Inserting `luaotfload.aux.set_capheight' in `luaotfload.patch_font'.
Inserting `luaotfload.aux.set_xheight' in `luaotfload.patch_font'.
Inserting `luaotfload.rewrite_fontname' in `luaotfload.patch_font'. L3 programm
ing layer <2023-05-15>
Inserting `tracingstacklevels' in `input_level_string'. (./coverletter.cls
Document Class: coverletter 2018/01/03 WSU Cover Letter by Adam Erickson

("C:/Users/Aryan Ritwajeet Jha/AppData/Local/Programs/MiKTeX/tex/latex/base/art
icle.cls"
Document Class: article 2022/07/02 v1.4n Standard LaTeX document class

("C:/Users/Aryan Ritwajeet Jha/AppData/Local/Programs/MiKTeX/tex/latex/base/siz
e10.clo"
File: size10.clo 2022/07/02 v1.4n Standard LaTeX file (size option)
luaotfload | db : Font names database loaded from C:/Users/Aryan Ritwajeet Jha/A
ppData/Local/MiKTeX/luatex-cache/generic/names/luaotfload-names.luc.gz)
\c@part=\count183
\c@section=\count184
\c@subsection=\count185
\c@subsubsection=\count186
\c@paragraph=\count187
\c@subparagraph=\count188
\c@figure=\count189
\c@table=\count190
\abovecaptionskip=\skip48
\belowcaptionskip=\skip49
\bibindent=\dimen139
)
("C:/Users/Aryan Ritwajeet Jha/AppData/Local/Programs/MiKTeX/tex/latex/xcolor/x
color.sty"
Package: xcolor 2022/06/12 v2.14 LaTeX color extensions (UK)

("C:/Users/Aryan Ritwajeet Jha/AppData/Local/Programs/MiKTeX/tex/latex/graphics
-cfg/color.cfg"
File: color.cfg 2016/01/02 v1.6 sample color configuration
)
Package xcolor Info: Package option `dvinames' ignored on input line 218.
Package xcolor Info: Driver file: luatex.def on input line 227.

("C:/Users/Aryan Ritwajeet Jha/AppData/Local/Programs/MiKTeX/tex/latex/graphics
-def/luatex.def"
File: luatex.def 2022/09/22 v1.2d Graphics/color driver for luatex
)
("C:/Users/Aryan Ritwajeet Jha/AppData/Local/Programs/MiKTeX/tex/latex/graphics
/mathcolor.ltx")
Package xcolor Info: Model `cmy' substituted by `cmy0' on input line 1353.
Package xcolor Info: Model `hsb' substituted by `rgb' on input line 1357.
Package xcolor Info: Model `RGB' extended on input line 1369.
Package xcolor Info: Model `HTML' substituted by `rgb' on input line 1371.
Package xcolor Info: Model `Hsb' substituted by `hsb' on input line 1372.
Package xcolor Info: Model `tHsb' substituted by `hsb' on input line 1373.
Package xcolor Info: Model `HSB' substituted by `hsb' on input line 1374.
Package xcolor Info: Model `Gray' substituted by `gray' on input line 1375.
Package xcolor Info: Model `wave' substituted by `hsb' on input line 1376.
)

Class coverletter Warning: Unknown option '10pt' on input line 40.


Class coverletter Warning: Unknown option 'letterpaper' on input line 40.


("C:/Users/Aryan Ritwajeet Jha/AppData/Local/Programs/MiKTeX/tex/latex/base/inp
utenc.sty"
Package: inputenc 2021/02/14 v1.3d Input encoding file
\inpenc@prehook=\toks16
\inpenc@posthook=\toks17


Package inputenc Warning: inputenc package ignored with utf8 based engines.

)
("C:/Users/Aryan Ritwajeet Jha/AppData/Local/Programs/MiKTeX/tex/latex/geometry
/geometry.sty"
Package: geometry 2020/01/02 v5.9 Page Geometry

("C:/Users/Aryan Ritwajeet Jha/AppData/Local/Programs/MiKTeX/tex/latex/graphics
/keyval.sty"
Package: keyval 2022/05/29 v1.15 key=value parser (DPC)
\KV@toks@=\toks18
)
("C:/Users/Aryan Ritwajeet Jha/AppData/Local/Programs/MiKTeX/tex/generic/iftex/
ifvtex.sty"
Package: ifvtex 2019/10/25 v1.7 ifvtex legacy package. Use iftex instead.

("C:/Users/Aryan Ritwajeet Jha/AppData/Local/Programs/MiKTeX/tex/generic/iftex/
iftex.sty"
Package: iftex 2022/02/03 v1.0f TeX engine tests
))
\Gm@cnth=\count191
\Gm@cntv=\count192
\c@Gm@tempcnt=\count193
\Gm@bindingoffset=\dimen140
\Gm@wd@mp=\dimen141
\Gm@odd@mp=\dimen142
\Gm@even@mp=\dimen143
\Gm@layoutwidth=\dimen144
\Gm@layoutheight=\dimen145
\Gm@layouthoffset=\dimen146
\Gm@layoutvoffset=\dimen147
\Gm@dimlist=\toks19

("C:/Users/Aryan Ritwajeet Jha/AppData/Local/Programs/MiKTeX/tex/latex/geometry
/geometry.cfg"))
("C:/Users/Aryan Ritwajeet Jha/AppData/Local/Programs/MiKTeX/tex/latex/graphics
/graphicx.sty"
Package: graphicx 2021/09/16 v1.2d Enhanced LaTeX Graphics (DPC,SPQR)

("C:/Users/Aryan Ritwajeet Jha/AppData/Local/Programs/MiKTeX/tex/latex/graphics
/graphics.sty"
Package: graphics 2022/03/10 v1.4e Standard LaTeX Graphics (DPC,SPQR)

("C:/Users/Aryan Ritwajeet Jha/AppData/Local/Programs/MiKTeX/tex/latex/graphics
/trig.sty"
Package: trig 2021/08/11 v1.11 sin cos tan (DPC)
)
("C:/Users/Aryan Ritwajeet Jha/AppData/Local/Programs/MiKTeX/tex/latex/graphics
-cfg/graphics.cfg"
File: graphics.cfg 2016/06/04 v1.11 sample graphics configuration
)
Package graphics Info: Driver file: luatex.def on input line 107.
)
\Gin@req@height=\dimen148
\Gin@req@width=\dimen149
)
("C:/Users/Aryan Ritwajeet Jha/AppData/Local/Programs/MiKTeX/tex/latex/hyperref
/hyperref.sty"
Package: hyperref 2023-04-22 v7.00x Hypertext links for LaTeX

("C:/Users/Aryan Ritwajeet Jha/AppData/Local/Programs/MiKTeX/tex/generic/ltxcmd
s/ltxcmds.sty"
Package: ltxcmds 2020-05-10 v1.25 LaTeX kernel commands for general use (HO)
)
("C:/Users/Aryan Ritwajeet Jha/AppData/Local/Programs/MiKTeX/tex/generic/pdftex
cmds/pdftexcmds.sty"
Package: pdftexcmds 2020-06-27 v0.33 Utility functions of pdfTeX for LuaTeX (HO
)

("C:/Users/Aryan Ritwajeet Jha/AppData/Local/Programs/MiKTeX/tex/generic/infwar
err/infwarerr.sty"
Package: infwarerr 2019/12/03 v1.5 Providing info/warning/error messages (HO)
)
Package pdftexcmds Info: \pdf@primitive is available.
Package pdftexcmds Info: \pdf@ifprimitive is available.
Package pdftexcmds Info: \pdfdraftmode found.
\pdftexcmds@toks=\toks20
)
("C:/Users/Aryan Ritwajeet Jha/AppData/Local/Programs/MiKTeX/tex/latex/kvsetkey
s/kvsetkeys.sty"
Package: kvsetkeys 2022-10-05 v1.19 Key value parser (HO)
)
("C:/Users/Aryan Ritwajeet Jha/AppData/Local/Programs/MiKTeX/tex/generic/kvdefi
nekeys/kvdefinekeys.sty"
Package: kvdefinekeys 2019-12-19 v1.6 Define keys (HO)
)
("C:/Users/Aryan Ritwajeet Jha/AppData/Local/Programs/MiKTeX/tex/generic/pdfesc
ape/pdfescape.sty"
Package: pdfescape 2019/12/09 v1.15 Implements pdfTeX's escape features (HO)
)
("C:/Users/Aryan Ritwajeet Jha/AppData/Local/Programs/MiKTeX/tex/latex/hycolor/
hycolor.sty"
Package: hycolor 2020-01-27 v1.10 Color options for hyperref/bookmark (HO)
)
("C:/Users/Aryan Ritwajeet Jha/AppData/Local/Programs/MiKTeX/tex/latex/letltxma
cro/letltxmacro.sty"
Package: letltxmacro 2019/12/03 v1.6 Let assignment for LaTeX macros (HO)
)
("C:/Users/Aryan Ritwajeet Jha/AppData/Local/Programs/MiKTeX/tex/latex/auxhook/
auxhook.sty"
Package: auxhook 2019-12-17 v1.6 Hooks for auxiliary files (HO)
)
("C:/Users/Aryan Ritwajeet Jha/AppData/Local/Programs/MiKTeX/tex/latex/hyperref
/nameref.sty"
Package: nameref 2022-05-17 v2.50 Cross-referencing by name of section

("C:/Users/Aryan Ritwajeet Jha/AppData/Local/Programs/MiKTeX/tex/latex/refcount
/refcount.sty"
Package: refcount 2019/12/15 v3.6 Data extraction from label references (HO)
)
("C:/Users/Aryan Ritwajeet Jha/AppData/Local/Programs/MiKTeX/tex/generic/gettit
lestring/gettitlestring.sty"
Package: gettitlestring 2019/12/15 v1.6 Cleanup title references (HO)

("C:/Users/Aryan Ritwajeet Jha/AppData/Local/Programs/MiKTeX/tex/latex/kvoption
s/kvoptions.sty"
Package: kvoptions 2022-06-15 v3.15 Key value format for package options (HO)
))
\c@section@level=\count194
)
("C:/Users/Aryan Ritwajeet Jha/AppData/Local/Programs/MiKTeX/tex/latex/etoolbox
/etoolbox.sty"
Package: etoolbox 2020/10/05 v2.5k e-TeX tools for LaTeX (JAW)
\etb@tempcnta=\count195
)
\@linkdim=\dimen150
\Hy@linkcounter=\count196
\Hy@pagecounter=\count197

("C:/Users/Aryan Ritwajeet Jha/AppData/Local/Programs/MiKTeX/tex/latex/hyperref
/pd1enc.def"
File: pd1enc.def 2023-04-22 v7.00x Hyperref: PDFDocEncoding definition (HO)
)
("C:/Users/Aryan Ritwajeet Jha/AppData/Local/Programs/MiKTeX/tex/generic/intcal
c/intcalc.sty"
Package: intcalc 2019/12/15 v1.3 Expandable calculations with integers (HO)
)
\Hy@SavedSpaceFactor=\count198

("C:/Users/Aryan Ritwajeet Jha/AppData/Local/Programs/MiKTeX/tex/latex/hyperref
/puenc.def"
File: puenc.def 2023-04-22 v7.00x Hyperref: PDF Unicode definition (HO)
)
Package hyperref Info: Option `colorlinks' set `false' on input line 4065.
Package hyperref Info: Hyper figures OFF on input line 4182.
Package hyperref Info: Link nesting OFF on input line 4187.
Package hyperref Info: Hyper index ON on input line 4190.
Package hyperref Info: Plain pages OFF on input line 4197.
Package hyperref Info: Backreferencing OFF on input line 4202.
Package hyperref Info: Implicit mode ON; LaTeX internals redefined.
Package hyperref Info: Bookmarks ON on input line 4449.
\c@Hy@tempcnt=\count199

("C:/Users/Aryan Ritwajeet Jha/AppData/Local/Programs/MiKTeX/tex/latex/url/url.
sty"
\Urlmuskip=\muskip16
Package: url 2013/09/16  ver 3.4  Verb mode for urls, etc.
)
LaTeX Info: Redefining \url on input line 4787.
\XeTeXLinkMargin=\dimen151

("C:/Users/Aryan Ritwajeet Jha/AppData/Local/Programs/MiKTeX/tex/generic/bitset
/bitset.sty"
Package: bitset 2019/12/09 v1.3 Handle bit-vector datatype (HO)

("C:/Users/Aryan Ritwajeet Jha/AppData/Local/Programs/MiKTeX/tex/generic/bigint
calc/bigintcalc.sty"
Package: bigintcalc 2019/12/15 v1.5 Expandable calculations on big integers (HO
)
))
\Fld@menulength=\count266
\Field@Width=\dimen152
\Fld@charsize=\dimen153
Package hyperref Info: Hyper figures OFF on input line 6066.
Package hyperref Info: Link nesting OFF on input line 6071.
Package hyperref Info: Hyper index ON on input line 6074.
Package hyperref Info: backreferencing OFF on input line 6081.
Package hyperref Info: Link coloring OFF on input line 6086.
Package hyperref Info: Link coloring with OCG OFF on input line 6091.
Package hyperref Info: PDF/A mode OFF on input line 6096.

("C:/Users/Aryan Ritwajeet Jha/AppData/Local/Programs/MiKTeX/tex/latex/base/atb
egshi-ltx.sty"
Package: atbegshi-ltx 2021/01/10 v1.0c Emulation of the original atbegshi
package with kernel methods
)
\Hy@abspage=\count267
\c@Item=\count268
\c@Hfootnote=\count269
)
Package hyperref Info: Driver (autodetected): hluatex.

("C:/Users/Aryan Ritwajeet Jha/AppData/Local/Programs/MiKTeX/tex/latex/hyperref
/hluatex.def"
File: hluatex.def 2023-04-22 v7.00x Hyperref driver for luaTeX

("C:/Users/Aryan Ritwajeet Jha/AppData/Local/Programs/MiKTeX/tex/generic/string
enc/stringenc.sty"
Package: stringenc 2019/11/29 v1.12 Convert strings between diff. encodings (HO
)
)
("C:/Users/Aryan Ritwajeet Jha/AppData/Local/Programs/MiKTeX/tex/latex/base/atv
eryend-ltx.sty"
Package: atveryend-ltx 2020/08/19 v1.0a Emulation of the original atveryend pac
kage
with kernel methods
)
\Fld@listcount=\count270
\c@bookmark@seq@number=\count271

("C:/Users/Aryan Ritwajeet Jha/AppData/Local/Programs/MiKTeX/tex/latex/rerunfil
echeck/rerunfilecheck.sty"
Package: rerunfilecheck 2022-07-10 v1.10 Rerun checks for auxiliary files (HO)

("C:/Users/Aryan Ritwajeet Jha/AppData/Local/Programs/MiKTeX/tex/generic/unique
counter/uniquecounter.sty"
Package: uniquecounter 2019/12/15 v1.4 Provide unlimited unique counter (HO)
)
Package uniquecounter Info: New unique counter `rerunfilecheck' on input line 2
85.
)
\Hy@SectionHShift=\skip50
)
("C:/Users/Aryan Ritwajeet Jha/AppData/Local/Programs/MiKTeX/tex/latex/textpos/
textpos.sty"
Package: textpos 2022/07/23 v1.10.1
Package textpos Info: choosing support for LaTeX3 on input line 60.
\TP@textbox=\box51
\TP@holdbox=\box52
\TPHorizModule=\dimen154
\TPVertModule=\dimen155
\TP@margin=\dimen156
\TP@absmargin=\dimen157

Grid set 16 x 16 = 38.39343pt x 49.68562pt
\TPboxrulesize=\dimen158
\TP@ox=\dimen159
\TP@oy=\dimen160
\TP@tbargs=\toks21
TextBlockOrigin set to 0pt x 0pt
)
("C:/Users/Aryan Ritwajeet Jha/AppData/Local/Programs/MiKTeX/tex/latex/base/ift
hen.sty"
Package: ifthen 2022/04/13 v1.1d Standard LaTeX ifthen package (DPC)
)
("C:/Users/Aryan Ritwajeet Jha/AppData/Local/Programs/MiKTeX/tex/generic/soul/s
oul.sty"
Package: soul 2023-06-14 v3.1 Permit use of UTF-8 characters in soul (HO)

("C:/Users/Aryan Ritwajeet Jha/AppData/Local/Programs/MiKTeX/tex/generic/soul/s
oul-ori.sty"
Package: soul-ori 2023-06-14 v3.1 letterspacing/underlining (mf)
\SOUL@word=\toks22
\SOUL@lasttoken=\toks23
\SOUL@syllable=\toks24
\SOUL@cmds=\toks25
\SOUL@buffer=\toks26
\SOUL@token=\toks27
\SOUL@syllgoal=\dimen161
\SOUL@syllwidth=\dimen162
\SOUL@charkern=\dimen163
\SOUL@hyphkern=\dimen164
\SOUL@dimen=\dimen165
\SOUL@dimeni=\dimen166
\SOUL@minus=\count272
\SOUL@comma=\count273
\SOUL@apo=\count274
\SOUL@grave=\count275
\SOUL@spaceskip=\skip51
\SOUL@ttwidth=\dimen167
\SOUL@uldp=\dimen168
\SOUL@ulht=\dimen169
)
("C:/Users/Aryan Ritwajeet Jha/AppData/Local/Programs/MiKTeX/tex/generic/etexcm
ds/etexcmds.sty"
Package: etexcmds 2019/12/15 v1.7 Avoid name clashes with e-TeX commands (HO)
))
("C:/Users/Aryan Ritwajeet Jha/AppData/Local/Programs/MiKTeX/tex/latex/pgf/fron
tendlayer/tikz.sty"
("C:/Users/Aryan Ritwajeet Jha/AppData/Local/Programs/MiKTeX/tex/latex/pgf/basi
clayer/pgf.sty"
("C:/Users/Aryan Ritwajeet Jha/AppData/Local/Programs/MiKTeX/tex/latex/pgf/util
ities/pgfrcs.sty"
("C:/Users/Aryan Ritwajeet Jha/AppData/Local/Programs/MiKTeX/tex/generic/pgf/ut
ilities/pgfutil-common.tex"
\pgfutil@everybye=\toks28
\pgfutil@tempdima=\dimen170
\pgfutil@tempdimb=\dimen171
)
("C:/Users/Aryan Ritwajeet Jha/AppData/Local/Programs/MiKTeX/tex/generic/pgf/ut
ilities/pgfutil-latex.def"
\pgfutil@abb=\box53
)
("C:/Users/Aryan Ritwajeet Jha/AppData/Local/Programs/MiKTeX/tex/generic/pgf/ut
ilities/pgfrcs.code.tex"
("C:/Users/Aryan Ritwajeet Jha/AppData/Local/Programs/MiKTeX/tex/generic/pgf/pg
f.revision.tex")
Package: pgfrcs 2023-01-15 v3.1.10 (3.1.10)
))
Package: pgf 2023-01-15 v3.1.10 (3.1.10)

("C:/Users/Aryan Ritwajeet Jha/AppData/Local/Programs/MiKTeX/tex/latex/pgf/basi
clayer/pgfcore.sty"
("C:/Users/Aryan Ritwajeet Jha/AppData/Local/Programs/MiKTeX/tex/latex/pgf/syst
emlayer/pgfsys.sty"
("C:/Users/Aryan Ritwajeet Jha/AppData/Local/Programs/MiKTeX/tex/generic/pgf/sy
stemlayer/pgfsys.code.tex"
Package: pgfsys 2023-01-15 v3.1.10 (3.1.10)

("C:/Users/Aryan Ritwajeet Jha/AppData/Local/Programs/MiKTeX/tex/generic/pgf/ut
ilities/pgfkeys.code.tex"
\pgfkeys@pathtoks=\toks29
\pgfkeys@temptoks=\toks30

("C:/Users/Aryan Ritwajeet Jha/AppData/Local/Programs/MiKTeX/tex/generic/pgf/ut
ilities/pgfkeyslibraryfiltered.code.tex"
\pgfkeys@tmptoks=\toks31
))
\pgf@x=\dimen172
\pgf@y=\dimen173
\pgf@xa=\dimen174
\pgf@ya=\dimen175
\pgf@xb=\dimen176
\pgf@yb=\dimen177
\pgf@xc=\dimen178
\pgf@yc=\dimen179
\pgf@xd=\dimen180
\pgf@yd=\dimen181
\w@pgf@writea=\write3
\r@pgf@reada=\read2
\c@pgf@counta=\count276
\c@pgf@countb=\count277
\c@pgf@countc=\count278
\c@pgf@countd=\count279
\t@pgf@toka=\toks32
\t@pgf@tokb=\toks33
\t@pgf@tokc=\toks34
\pgf@sys@id@count=\count280

("C:/Users/Aryan Ritwajeet Jha/AppData/Local/Programs/MiKTeX/tex/generic/pgf/sy
stemlayer/pgf.cfg"
File: pgf.cfg 2023-01-15 v3.1.10 (3.1.10)
)
Driver file for pgf: pgfsys-luatex.def

("C:/Users/Aryan Ritwajeet Jha/AppData/Local/Programs/MiKTeX/tex/generic/pgf/sy
stemlayer/pgfsys-luatex.def"
File: pgfsys-luatex.def 2023-01-15 v3.1.10 (3.1.10)

("C:/Users/Aryan Ritwajeet Jha/AppData/Local/Programs/MiKTeX/tex/generic/pgf/sy
stemlayer/pgfsys-common-pdf.def"
File: pgfsys-common-pdf.def 2023-01-15 v3.1.10 (3.1.10)
)))
("C:/Users/Aryan Ritwajeet Jha/AppData/Local/Programs/MiKTeX/tex/generic/pgf/sy
stemlayer/pgfsyssoftpath.code.tex"
File: pgfsyssoftpath.code.tex 2023-01-15 v3.1.10 (3.1.10)
\pgfsyssoftpath@smallbuffer@items=\count281
\pgfsyssoftpath@bigbuffer@items=\count282
)
("C:/Users/Aryan Ritwajeet Jha/AppData/Local/Programs/MiKTeX/tex/generic/pgf/sy
stemlayer/pgfsysprotocol.code.tex"
File: pgfsysprotocol.code.tex 2023-01-15 v3.1.10 (3.1.10)
))
("C:/Users/Aryan Ritwajeet Jha/AppData/Local/Programs/MiKTeX/tex/generic/pgf/ba
siclayer/pgfcore.code.tex"
Package: pgfcore 2023-01-15 v3.1.10 (3.1.10)

("C:/Users/Aryan Ritwajeet Jha/AppData/Local/Programs/MiKTeX/tex/generic/pgf/ma
th/pgfmath.code.tex"
("C:/Users/Aryan Ritwajeet Jha/AppData/Local/Programs/MiKTeX/tex/generic/pgf/ma
th/pgfmathutil.code.tex")
("C:/Users/Aryan Ritwajeet Jha/AppData/Local/Programs/MiKTeX/tex/generic/pgf/ma
th/pgfmathparser.code.tex"
\pgfmath@dimen=\dimen182
\pgfmath@count=\count283
\pgfmath@box=\box54
\pgfmath@toks=\toks35
\pgfmath@stack@operand=\toks36
\pgfmath@stack@operation=\toks37
)
("C:/Users/Aryan Ritwajeet Jha/AppData/Local/Programs/MiKTeX/tex/generic/pgf/ma
th/pgfmathfunctions.code.tex")
("C:/Users/Aryan Ritwajeet Jha/AppData/Local/Programs/MiKTeX/tex/generic/pgf/ma
th/pgfmathfunctions.basic.code.tex")
("C:/Users/Aryan Ritwajeet Jha/AppData/Local/Programs/MiKTeX/tex/generic/pgf/ma
th/pgfmathfunctions.trigonometric.code.tex")
("C:/Users/Aryan Ritwajeet Jha/AppData/Local/Programs/MiKTeX/tex/generic/pgf/ma
th/pgfmathfunctions.random.code.tex")
("C:/Users/Aryan Ritwajeet Jha/AppData/Local/Programs/MiKTeX/tex/generic/pgf/ma
th/pgfmathfunctions.comparison.code.tex")
("C:/Users/Aryan Ritwajeet Jha/AppData/Local/Programs/MiKTeX/tex/generic/pgf/ma
th/pgfmathfunctions.base.code.tex")
("C:/Users/Aryan Ritwajeet Jha/AppData/Local/Programs/MiKTeX/tex/generic/pgf/ma
th/pgfmathfunctions.round.code.tex")
("C:/Users/Aryan Ritwajeet Jha/AppData/Local/Programs/MiKTeX/tex/generic/pgf/ma
th/pgfmathfunctions.misc.code.tex")
("C:/Users/Aryan Ritwajeet Jha/AppData/Local/Programs/MiKTeX/tex/generic/pgf/ma
th/pgfmathfunctions.integerarithmetics.code.tex")
("C:/Users/Aryan Ritwajeet Jha/AppData/Local/Programs/MiKTeX/tex/generic/pgf/ma
th/pgfmathcalc.code.tex")
("C:/Users/Aryan Ritwajeet Jha/AppData/Local/Programs/MiKTeX/tex/generic/pgf/ma
th/pgfmathfloat.code.tex"
\c@pgfmathroundto@lastzeros=\count284
))
("C:/Users/Aryan Ritwajeet Jha/AppData/Local/Programs/MiKTeX/tex/generic/pgf/ma
th/pgfint.code.tex")
("C:/Users/Aryan Ritwajeet Jha/AppData/Local/Programs/MiKTeX/tex/generic/pgf/ba
siclayer/pgfcorepoints.code.tex"
File: pgfcorepoints.code.tex 2023-01-15 v3.1.10 (3.1.10)
\pgf@picminx=\dimen183
\pgf@picmaxx=\dimen184
\pgf@picminy=\dimen185
\pgf@picmaxy=\dimen186
\pgf@pathminx=\dimen187
\pgf@pathmaxx=\dimen188
\pgf@pathminy=\dimen189
\pgf@pathmaxy=\dimen190
\pgf@xx=\dimen191
\pgf@xy=\dimen192
\pgf@yx=\dimen193
\pgf@yy=\dimen194
\pgf@zx=\dimen195
\pgf@zy=\dimen196
)
("C:/Users/Aryan Ritwajeet Jha/AppData/Local/Programs/MiKTeX/tex/generic/pgf/ba
siclayer/pgfcorepathconstruct.code.tex"
File: pgfcorepathconstruct.code.tex 2023-01-15 v3.1.10 (3.1.10)
\pgf@path@lastx=\dimen197
\pgf@path@lasty=\dimen198
)
("C:/Users/Aryan Ritwajeet Jha/AppData/Local/Programs/MiKTeX/tex/generic/pgf/ba
siclayer/pgfcorepathusage.code.tex"
File: pgfcorepathusage.code.tex 2023-01-15 v3.1.10 (3.1.10)
\pgf@shorten@end@additional=\dimen199
\pgf@shorten@start@additional=\dimen256
)
("C:/Users/Aryan Ritwajeet Jha/AppData/Local/Programs/MiKTeX/tex/generic/pgf/ba
siclayer/pgfcorescopes.code.tex"
File: pgfcorescopes.code.tex 2023-01-15 v3.1.10 (3.1.10)
\pgfpic=\box55
\pgf@hbox=\box56
\pgf@layerbox@main=\box57
\pgf@picture@serial@count=\count285
)
("C:/Users/Aryan Ritwajeet Jha/AppData/Local/Programs/MiKTeX/tex/generic/pgf/ba
siclayer/pgfcoregraphicstate.code.tex"
File: pgfcoregraphicstate.code.tex 2023-01-15 v3.1.10 (3.1.10)
\pgflinewidth=\dimen257
)
("C:/Users/Aryan Ritwajeet Jha/AppData/Local/Programs/MiKTeX/tex/generic/pgf/ba
siclayer/pgfcoretransformations.code.tex"
File: pgfcoretransformations.code.tex 2023-01-15 v3.1.10 (3.1.10)
\pgf@pt@x=\dimen258
\pgf@pt@y=\dimen259
\pgf@pt@temp=\dimen260
)
("C:/Users/Aryan Ritwajeet Jha/AppData/Local/Programs/MiKTeX/tex/generic/pgf/ba
siclayer/pgfcorequick.code.tex"
File: pgfcorequick.code.tex 2023-01-15 v3.1.10 (3.1.10)
)
("C:/Users/Aryan Ritwajeet Jha/AppData/Local/Programs/MiKTeX/tex/generic/pgf/ba
siclayer/pgfcoreobjects.code.tex"
File: pgfcoreobjects.code.tex 2023-01-15 v3.1.10 (3.1.10)
)
("C:/Users/Aryan Ritwajeet Jha/AppData/Local/Programs/MiKTeX/tex/generic/pgf/ba
siclayer/pgfcorepathprocessing.code.tex"
File: pgfcorepathprocessing.code.tex 2023-01-15 v3.1.10 (3.1.10)
)
("C:/Users/Aryan Ritwajeet Jha/AppData/Local/Programs/MiKTeX/tex/generic/pgf/ba
siclayer/pgfcorearrows.code.tex"
File: pgfcorearrows.code.tex 2023-01-15 v3.1.10 (3.1.10)
\pgfarrowsep=\dimen261
)
("C:/Users/Aryan Ritwajeet Jha/AppData/Local/Programs/MiKTeX/tex/generic/pgf/ba
siclayer/pgfcoreshade.code.tex"
File: pgfcoreshade.code.tex 2023-01-15 v3.1.10 (3.1.10)
\pgf@max=\dimen262
\pgf@sys@shading@range@num=\count286
\pgf@shadingcount=\count287
)
("C:/Users/Aryan Ritwajeet Jha/AppData/Local/Programs/MiKTeX/tex/generic/pgf/ba
siclayer/pgfcoreimage.code.tex"
File: pgfcoreimage.code.tex 2023-01-15 v3.1.10 (3.1.10)
)
("C:/Users/Aryan Ritwajeet Jha/AppData/Local/Programs/MiKTeX/tex/generic/pgf/ba
siclayer/pgfcoreexternal.code.tex"
File: pgfcoreexternal.code.tex 2023-01-15 v3.1.10 (3.1.10)
\pgfexternal@startupbox=\box58
)
("C:/Users/Aryan Ritwajeet Jha/AppData/Local/Programs/MiKTeX/tex/generic/pgf/ba
siclayer/pgfcorelayers.code.tex"
File: pgfcorelayers.code.tex 2023-01-15 v3.1.10 (3.1.10)
)
("C:/Users/Aryan Ritwajeet Jha/AppData/Local/Programs/MiKTeX/tex/generic/pgf/ba
siclayer/pgfcoretransparency.code.tex"
File: pgfcoretransparency.code.tex 2023-01-15 v3.1.10 (3.1.10)
)
("C:/Users/Aryan Ritwajeet Jha/AppData/Local/Programs/MiKTeX/tex/generic/pgf/ba
siclayer/pgfcorepatterns.code.tex"
File: pgfcorepatterns.code.tex 2023-01-15 v3.1.10 (3.1.10)
)
("C:/Users/Aryan Ritwajeet Jha/AppData/Local/Programs/MiKTeX/tex/generic/pgf/ba
siclayer/pgfcorerdf.code.tex"
File: pgfcorerdf.code.tex 2023-01-15 v3.1.10 (3.1.10)
)))
("C:/Users/Aryan Ritwajeet Jha/AppData/Local/Programs/MiKTeX/tex/generic/pgf/mo
dules/pgfmoduleshapes.code.tex"
File: pgfmoduleshapes.code.tex 2023-01-15 v3.1.10 (3.1.10)
\pgfnodeparttextbox=\box59
)
("C:/Users/Aryan Ritwajeet Jha/AppData/Local/Programs/MiKTeX/tex/generic/pgf/mo
dules/pgfmoduleplot.code.tex"
File: pgfmoduleplot.code.tex 2023-01-15 v3.1.10 (3.1.10)
)
("C:/Users/Aryan Ritwajeet Jha/AppData/Local/Programs/MiKTeX/tex/latex/pgf/comp
atibility/pgfcomp-version-0-65.sty"
Package: pgfcomp-version-0-65 2023-01-15 v3.1.10 (3.1.10)
\pgf@nodesepstart=\dimen263
\pgf@nodesepend=\dimen264
)
("C:/Users/Aryan Ritwajeet Jha/AppData/Local/Programs/MiKTeX/tex/latex/pgf/comp
atibility/pgfcomp-version-1-18.sty"
Package: pgfcomp-version-1-18 2023-01-15 v3.1.10 (3.1.10)
))
("C:/Users/Aryan Ritwajeet Jha/AppData/Local/Programs/MiKTeX/tex/latex/pgf/util
ities/pgffor.sty"
("C:/Users/Aryan Ritwajeet Jha/AppData/Local/Programs/MiKTeX/tex/latex/pgf/util
ities/pgfkeys.sty"
("C:/Users/Aryan Ritwajeet Jha/AppData/Local/Programs/MiKTeX/tex/generic/pgf/ut
ilities/pgfkeys.code.tex"))
("C:/Users/Aryan Ritwajeet Jha/AppData/Local/Programs/MiKTeX/tex/latex/pgf/math
/pgfmath.sty"
("C:/Users/Aryan Ritwajeet Jha/AppData/Local/Programs/MiKTeX/tex/generic/pgf/ma
th/pgfmath.code.tex"))
("C:/Users/Aryan Ritwajeet Jha/AppData/Local/Programs/MiKTeX/tex/generic/pgf/ut
ilities/pgffor.code.tex"
Package: pgffor 2023-01-15 v3.1.10 (3.1.10)
\pgffor@iter=\dimen265
\pgffor@skip=\dimen266
\pgffor@stack=\toks38
\pgffor@toks=\toks39
))
("C:/Users/Aryan Ritwajeet Jha/AppData/Local/Programs/MiKTeX/tex/generic/pgf/fr
ontendlayer/tikz/tikz.code.tex"
Package: tikz 2023-01-15 v3.1.10 (3.1.10)

("C:/Users/Aryan Ritwajeet Jha/AppData/Local/Programs/MiKTeX/tex/generic/pgf/li
braries/pgflibraryplothandlers.code.tex"
File: pgflibraryplothandlers.code.tex 2023-01-15 v3.1.10 (3.1.10)
\pgf@plot@mark@count=\count288
\pgfplotmarksize=\dimen267
)
\tikz@lastx=\dimen268
\tikz@lasty=\dimen269
\tikz@lastxsaved=\dimen270
\tikz@lastysaved=\dimen271
\tikz@lastmovetox=\dimen272
\tikz@lastmovetoy=\dimen273
\tikzleveldistance=\dimen274
\tikzsiblingdistance=\dimen275
\tikz@figbox=\box60
\tikz@figbox@bg=\box61
\tikz@tempbox=\box62
\tikz@tempbox@bg=\box63
\tikztreelevel=\count289
\tikznumberofchildren=\count290
\tikznumberofcurrentchild=\count291
\tikz@fig@count=\count292

("C:/Users/Aryan Ritwajeet Jha/AppData/Local/Programs/MiKTeX/tex/generic/pgf/mo
dules/pgfmodulematrix.code.tex"
File: pgfmodulematrix.code.tex 2023-01-15 v3.1.10 (3.1.10)
\pgfmatrixcurrentrow=\count293
\pgfmatrixcurrentcolumn=\count294
\pgf@matrix@numberofcolumns=\count295
)
\tikz@expandcount=\count296

("C:/Users/Aryan Ritwajeet Jha/AppData/Local/Programs/MiKTeX/tex/generic/pgf/fr
ontendlayer/tikz/libraries/tikzlibrarytopaths.code.tex"
File: tikzlibrarytopaths.code.tex 2023-01-15 v3.1.10 (3.1.10)
)))
("C:/Users/Aryan Ritwajeet Jha/AppData/Local/Programs/MiKTeX/tex/latex/psnfss/m
athpazo.sty"
Package: mathpazo 2020/03/25 PSNFSS-v9.3 Palatino w/ Pazo Math (D.Puga, WaS) 
\symupright=\mathgroup4
)
("C:/Users/Aryan Ritwajeet Jha/AppData/Local/Programs/MiKTeX/tex/latex/fancyhdr
/fancyhdr.sty"
Package: fancyhdr 2022/11/09 v4.1 Extensive control of page headers and footers

\f@nch@headwidth=\skip52
\f@nch@O@elh=\skip53
\f@nch@O@erh=\skip54
\f@nch@O@olh=\skip55
\f@nch@O@orh=\skip56
\f@nch@O@elf=\skip57
\f@nch@O@erf=\skip58
\f@nch@O@olf=\skip59
\f@nch@O@orf=\skip60
)
("C:/Users/Aryan Ritwajeet Jha/AppData/Local/Programs/MiKTeX/tex/latex/l3packag
es/xparse/xparse.sty"
("C:/Users/Aryan Ritwajeet Jha/AppData/Local/Programs/MiKTeX/tex/latex/l3kernel
/expl3.sty"
Package: expl3 2023-05-15 L3 programming layer (loader) 

("C:/Users/Aryan Ritwajeet Jha/AppData/Local/Programs/MiKTeX/tex/latex/l3backen
d/l3backend-luatex.def"
File: l3backend-luatex.def 2023-04-19 L3 backend support: PDF output (LuaTeX)
\l__color_backend_stack_int=\count297
Inserting `l3color' in `luaotfload.parse_color'.
\l__pdf_internal_box=\box64
))
Package: xparse 2023-02-02 L3 Experimental document command parser
)
("C:/Users/Aryan Ritwajeet Jha/AppData/Local/Programs/MiKTeX/tex/latex/xstring/
xstring.sty"
("C:/Users/Aryan Ritwajeet Jha/AppData/Local/Programs/MiKTeX/tex/generic/xstrin
g/xstring.tex"
\integerpart=\count298
\decimalpart=\count299
)
Package: xstring 2023/01/14 v1.85 String manipulations (CT)
)
("C:/Users/Aryan Ritwajeet Jha/AppData/Local/Programs/MiKTeX/tex/generic/pgf/fr
ontendlayer/tikz/libraries/tikzlibrarycalc.code.tex"
File: tikzlibrarycalc.code.tex 2023-01-15 v3.1.10 (3.1.10)
))
("C:/Users/Aryan Ritwajeet Jha/AppData/Local/Programs/MiKTeX/tex/latex/lipsum/l
ipsum.sty"
("C:/Users/Aryan Ritwajeet Jha/AppData/Local/Programs/MiKTeX/tex/latex/l3packag
es/l3keys2e/l3keys2e.sty"
Package: l3keys2e 2023-02-02 LaTeX2e option processing using LaTeX3 keys
)
Package: lipsum 2021-09-20 v2.7 150 paragraphs of Lorem Ipsum dummy text
\g__lipsum_par_int=\count300
\l__lipsum_a_int=\count301
\l__lipsum_b_int=\count302

("C:/Users/Aryan Ritwajeet Jha/AppData/Local/Programs/MiKTeX/tex/latex/lipsum/l
ipsum.ltd.tex"))
("C:/Users/Aryan Ritwajeet Jha/AppData/Local/Programs/MiKTeX/tex/latex/enumitem
/enumitem.sty"
Package: enumitem 2019/06/20 v3.9 Customized lists
\labelindent=\skip61
\enit@outerparindent=\dimen276
\enit@toks=\toks40
\enit@inbox=\box65
\enit@count@id=\count303
\enitdp@description=\count304
)
("C:/Users/Aryan Ritwajeet Jha/AppData/Local/Programs/MiKTeX/tex/latex/tikzsymb
ols/tikzsymbols.sty"
Package: tikzsymbols 2021/12/14 v4.12a Some symbols created using tikz and LaTe
X3.

("C:/Users/Aryan Ritwajeet Jha/AppData/Local/Programs/MiKTeX/tex/latex/tools/xs
pace.sty"
Package: xspace 2014/10/28 v1.13 Space after command names (DPC,MH)
)
("C:/Users/Aryan Ritwajeet Jha/AppData/Local/Programs/MiKTeX/tex/generic/pgf/fr
ontendlayer/tikz/libraries/tikzlibraryarrows.code.tex"
File: tikzlibraryarrows.code.tex 2023-01-15 v3.1.10 (3.1.10)

("C:/Users/Aryan Ritwajeet Jha/AppData/Local/Programs/MiKTeX/tex/generic/pgf/li
braries/pgflibraryarrows.code.tex"
File: pgflibraryarrows.code.tex 2023-01-15 v3.1.10 (3.1.10)
\arrowsize=\dimen277
))
("C:/Users/Aryan Ritwajeet Jha/AppData/Local/Programs/MiKTeX/tex/generic/pgf/fr
ontendlayer/tikz/libraries/tikzlibrarydecorations.pathmorphing.code.tex"
("C:/Users/Aryan Ritwajeet Jha/AppData/Local/Programs/MiKTeX/tex/generic/pgf/fr
ontendlayer/tikz/libraries/tikzlibrarydecorations.code.tex"
("C:/Users/Aryan Ritwajeet Jha/AppData/Local/Programs/MiKTeX/tex/generic/pgf/mo
dules/pgfmoduledecorations.code.tex"
\pgfdecoratedcompleteddistance=\dimen278
\pgfdecoratedremainingdistance=\dimen279
\pgfdecoratedinputsegmentcompleteddistance=\dimen280
\pgfdecoratedinputsegmentremainingdistance=\dimen281
\pgf@decorate@distancetomove=\dimen282
\pgf@decorate@repeatstate=\count305
\pgfdecorationsegmentamplitude=\dimen283
\pgfdecorationsegmentlength=\dimen284
)
\tikz@lib@dec@box=\box66
)
("C:/Users/Aryan Ritwajeet Jha/AppData/Local/Programs/MiKTeX/tex/generic/pgf/li
braries/decorations/pgflibrarydecorations.pathmorphing.code.tex"))
("C:/Users/Aryan Ritwajeet Jha/AppData/Local/Programs/MiKTeX/tex/generic/pgf/fr
ontendlayer/tikz/libraries/tikzlibrarytrees.code.tex"
File: tikzlibrarytrees.code.tex 2023-01-15 v3.1.10 (3.1.10)
)
\l__tikzsymbols_Moai_thickness_dim=\dimen285
\l__tikzsymbols_Kochtopf_nr_arguments_int=\count306
\l__tikzsymbols_Bratpfanne_nr_arguments_int=\count307
\l__tikzsymbols_Schneebesen_nr_arguments_int=\count308
\l__tikzsymbols_Sieb_nr_arguments_int=\count309
\l__tikzsymbols_Purierstab_nr_arguments_int=\count310
\l__tikzsymbols_Dreizack_nr_arguments_int=\count311
\l__tikzsymbols_Backblech_nr_arguments_int=\count312
\l__tikzsymbols_Ofen_nr_arguments_int=\count313
\l__tikzsymbols_Pfanne_nr_arguments_int=\count314
\l__tikzsymbols_Herd_nr_arguments_int=\count315
\l__tikzsymbols_Saftpresse_nr_arguments_int=\count316
\l__tikzsymbols_Schussel_nr_arguments_int=\count317
\l__tikzsymbols_Schaler_nr_arguments_int=\count318
\l__tikzsymbols_Reibe_nr_arguments_int=\count319
\l__tikzsymbols_Flasche_nr_arguments_int=\count320
\l__tikzsymbols_Nudelholz_nr_arguments_int=\count321
\l__tikzsymbols_Knoblauchpresse_nr_arguments_int=\count322
\l__tikzsymbols_Sadey_nr_arguments_int=\count323
\l__tikzsymbols_dSadey_nr_arguments_int=\count324
\l__tikzsymbols_Changey_nr_arguments_int=\count325
\l__tikzsymbols_dChangey_nr_arguments_int=\count326
\l__tikzsymbols_cChangey_nr_arguments_int=\count327
\l__tikzsymbols_dcChangey_nr_arguments_int=\count328
\l__tikzsymbols_Annoey_nr_arguments_int=\count329
\l__tikzsymbols_dAnnoey_nr_arguments_int=\count330
\l__tikzsymbols_Smiley_nr_arguments_int=\count331
\l__tikzsymbols_dSmiley_nr_arguments_int=\count332
\l__tikzsymbols_Laughey_nr_arguments_int=\count333
\l__tikzsymbols_dLaughey_nr_arguments_int=\count334
\l__tikzsymbols_Neutrey_nr_arguments_int=\count335
\l__tikzsymbols_dNeutrey_nr_arguments_int=\count336
\l__tikzsymbols_Winkey_nr_arguments_int=\count337
\l__tikzsymbols_oldWinkey_nr_arguments_int=\count338
\l__tikzsymbols_dWinkey_nr_arguments_int=\count339
\l__tikzsymbols_olddWinkey_nr_arguments_int=\count340
\l__tikzsymbols_Sey_nr_arguments_int=\count341
\l__tikzsymbols_dSey_nr_arguments_int=\count342
\l__tikzsymbols_Xey_nr_arguments_int=\count343
\l__tikzsymbols_dXey_nr_arguments_int=\count344
\l__tikzsymbols_Innocey_nr_arguments_int=\count345
\l__tikzsymbols_wInnocey_nr_arguments_int=\count346
\l__tikzsymbols_dInnocey_nr_arguments_int=\count347
\l__tikzsymbols_Cooley_nr_arguments_int=\count348
\l__tikzsymbols_dCooley_nr_arguments_int=\count349
\l__tikzsymbols_Tongey_nr_arguments_int=\count350
\l__tikzsymbols_dTongey_nr_arguments_int=\count351
\l__tikzsymbols_Nursey_nr_arguments_int=\count352
\l__tikzsymbols_dNursey_nr_arguments_int=\count353
\l__tikzsymbols_Vomey_nr_arguments_int=\count354
\l__tikzsymbols_dVomey_nr_arguments_int=\count355
\l__tikzsymbols_Walley_nr_arguments_int=\count356
\l__tikzsymbols_rWalley_nr_arguments_int=\count357
\l__tikzsymbols_dWalley_nr_arguments_int=\count358
\l__tikzsymbols_drWalley_nr_arguments_int=\count359
\l__tikzsymbols_Cat_nr_arguments_int=\count360
\l__tikzsymbols_SchrodingersCat_nr_arguments_int=\count361
\l__tikzsymbols_Ninja_nr_arguments_int=\count362
\l__tikzsymbols_dNinja_nr_arguments_int=\count363
\l__tikzsymbols_Sleepey_nr_arguments_int=\count364
\l__tikzsymbols_dSleepey_nr_arguments_int=\count365
\l__tikzsymbols_Maskey_nr_arguments_int=\count366
\l__tikzsymbols_NiceReapey_nr_arguments_int=\count367
\l__tikzsymbols_Strichmaxerl_nr_arguments_int=\count368
\l__tikzsymbols_Person_nr_arguments_int=\count369
\l__tikzsymbols_Heart_nr_arguments_int=\count370
\l__tikzsymbols_dHeart_nr_arguments_int=\count371
\l__tikzsymbols_HeartBroken_nr_arguments_int=\count372
\l__tikzsymbols_Candle_nr_arguments_int=\count373
\l__tikzsymbols_Fire_nr_arguments_int=\count374
\l__tikzsymbols_Coffeecup_nr_arguments_int=\count375
\l__tikzsymbols_Chair_nr_arguments_int=\count376
\l__tikzsymbols_Bed_nr_arguments_int=\count377
\l__tikzsymbols_Tribar_nr_arguments_int=\count378
\l__tikzsymbols_Moai_nr_arguments_int=\count379
\l__tikzsymbols_Snowman_nr_arguments_int=\count380
\l__tikzsymbols_BasicTree_nr_arguments_int=\count381
\l__tikzsymbols_WorstTree_nr_arguments_int=\count382
\l__tikzsymbols_Springtree_nr_arguments_int=\count383
\l__tikzsymbols_Summertree_nr_arguments_int=\count384
\l__tikzsymbols_Autumntree_nr_arguments_int=\count385
\l__tikzsymbols_Wintertree_nr_arguments_int=\count386
)
("C:/Users/Aryan Ritwajeet Jha/AppData/Local/Programs/MiKTeX/tex/latex/amsfonts
/amssymb.sty"
Package: amssymb 2013/01/14 v3.01 AMS font symbols

("C:/Users/Aryan Ritwajeet Jha/AppData/Local/Programs/MiKTeX/tex/latex/amsfonts
/amsfonts.sty"
Package: amsfonts 2013/01/14 v3.01 Basic AMSFonts support
\@emptytoks=\toks41
\symAMSa=\mathgroup5
\symAMSb=\mathgroup6
LaTeX Font Info:    Redeclaring math symbol \hbar on input line 98.
LaTeX Font Info:    Overwriting math alphabet `\mathfrak' in version `bold'
(Font)                  U/euf/m/n --> U/euf/b/n on input line 106.
))
Package hyperref Info: Option `colorlinks' set `true' on input line 21.
LaTeX Font Info:    Trying to load font information for TU+pplj on input line 3
3.
LaTeX Font Info:    No file TUpplj.fd. on input line 33.


LaTeX Font Warning: Font shape `TU/pplj/m/n' undefined
(Font)              using `TU/lmr/m/n' instead on input line 33.

(./main.aux)
\openout1 = main.aux

LaTeX Font Info:    Checking defaults for OML/cmm/m/it on input line 33.
LaTeX Font Info:    ... okay on input line 33.
LaTeX Font Info:    Checking defaults for OMS/cmsy/m/n on input line 33.
LaTeX Font Info:    ... okay on input line 33.
LaTeX Font Info:    Checking defaults for OT1/cmr/m/n on input line 33.
LaTeX Font Info:    ... okay on input line 33.
LaTeX Font Info:    Checking defaults for T1/cmr/m/n on input line 33.
LaTeX Font Info:    ... okay on input line 33.
LaTeX Font Info:    Checking defaults for TS1/cmr/m/n on input line 33.
LaTeX Font Info:    Trying to load font information for TS1+cmr on input line 3
3.

("C:/Users/Aryan Ritwajeet Jha/AppData/Local/Programs/MiKTeX/tex/latex/base/ts1
cmr.fd"
File: ts1cmr.fd 2022/07/10 v2.5l Standard LaTeX font definitions
)
LaTeX Font Info:    ... okay on input line 33.
LaTeX Font Info:    Checking defaults for TU/lmr/m/n on input line 33.
LaTeX Font Info:    ... okay on input line 33.
LaTeX Font Info:    Checking defaults for OMX/cmex/m/n on input line 33.
LaTeX Font Info:    ... okay on input line 33.
LaTeX Font Info:    Checking defaults for U/cmr/m/n on input line 33.
LaTeX Font Info:    ... okay on input line 33.
LaTeX Font Info:    Checking defaults for PD1/pdf/m/n on input line 33.
LaTeX Font Info:    ... okay on input line 33.
LaTeX Font Info:    Checking defaults for PU/pdf/m/n on input line 33.
LaTeX Font Info:    ... okay on input line 33.

("C:/Users/Aryan Ritwajeet Jha/AppData/Local/Programs/MiKTeX/tex/context/base/m
kii/supp-pdf.mkii"
[Loading MPS to PDF converter (version 2006.09.02).]
\scratchcounter=\count387
\scratchdimen=\dimen286
\scratchbox=\box67
\nofMPsegments=\count388
\nofMParguments=\count389
\everyMPshowfont=\toks42
\MPscratchCnt=\count390
\MPscratchDim=\dimen287
\MPnumerator=\count391
\makeMPintoPDFobject=\count392
\everyMPtoPDFconversion=\toks43
)
("C:/Users/Aryan Ritwajeet Jha/AppData/Local/Programs/MiKTeX/tex/latex/epstopdf
-pkg/epstopdf-base.sty"
Package: epstopdf-base 2020-01-24 v2.11 Base part for package epstopdf
Package epstopdf-base Info: Redefining graphics rule for `.eps' on input line 4
85.

("C:/Users/Aryan Ritwajeet Jha/AppData/Local/Programs/MiKTeX/tex/latex/00miktex
/epstopdf-sys.cfg"
File: epstopdf-sys.cfg 2021/03/18 v2.0 Configuration of epstopdf for MiKTeX
))
*geometry* driver: auto-detecting
*geometry* detected driver: luatex
*geometry* verbose mode - [ preamble ] result:
* driver: luatex
* paper: letterpaper
* layout: <same size as paper>
* layoutoffset:(h,v)=(0.0pt,0.0pt)
* modes: 
* h-part:(L,W,R)=(108.405pt, 460.72125pt, 45.16875pt)
* v-part:(T,H,B)=(144.54pt, 614.295pt, 36.135pt)
* \paperwidth=614.295pt
* \paperheight=794.96999pt
* \textwidth=460.72125pt
* \textheight=614.295pt
* \oddsidemargin=36.13501pt
* \evensidemargin=36.13501pt
* \topmargin=35.27pt
* \headheight=12.0pt
* \headsep=25.0pt
* \topskip=10.0pt
* \footskip=30.0pt
* \marginparwidth=65.0pt
* \marginparsep=11.0pt
* \columnsep=10.0pt
* \skip\footins=9.0pt plus 4.0pt minus 2.0pt
* \hoffset=0.0pt
* \voffset=0.0pt
* \mag=1000
* \@twocolumnfalse
* \@twosidefalse
* \@mparswitchfalse
* \@reversemarginfalse
* (1in=72.27pt=25.4mm, 1cm=28.453pt)

Package hyperref Info: Link coloring ON on input line 33.
(./main.out) (./main.out)
\@outlinefile=\write4

\openout4 = main.out
\big@size=\dimen288
*geometry* verbose mode - [ newgeometry ] result:
* driver: luatex
* paper: letterpaper
* layout: <same size as paper>
* layoutoffset:(h,v)=(0.0pt,0.0pt)
* modes: 
* h-part:(L,W,R)=(108.405pt, 433.62001pt, 72.26999pt)
* v-part:(T,H,B)=(144.54pt, 563.70622pt, 86.72377pt)
* \paperwidth=614.295pt
* \paperheight=794.96999pt
* \textwidth=433.62001pt
* \textheight=563.70622pt
* \oddsidemargin=36.13501pt
* \evensidemargin=36.13501pt
* \topmargin=35.27pt
* \headheight=12.0pt
* \headsep=25.0pt
* \topskip=10.0pt
* \footskip=30.0pt
* \marginparwidth=65.0pt
* \marginparsep=11.0pt
* \columnsep=10.0pt
* \skip\footins=9.0pt plus 4.0pt minus 2.0pt
* \hoffset=0.0pt
* \voffset=0.0pt
* \mag=1000
* \@twocolumnfalse
* \@twosidefalse
* \@mparswitchfalse
* \@reversemarginfalse
* (1in=72.27pt=25.4mm, 1cm=28.453pt)



LaTeX Font Warning: Font shape `TU/pplj/b/n' undefined
(Font)              using `TU/pplj/m/n' instead on input line 39.

\g__tikzsymbols_savebox_F_0 g 0 G_10_Laughey_1_none_none_box=\box68
Package epstopdf Info: Source file: <WSU-Logo-Primary-RGB.eps>
(epstopdf)                    date: 2023-07-16 18:54:25
(epstopdf)                    size: 536954 bytes
(epstopdf)             Output file: <WSU-Logo-Primary-RGB-eps-converted-to.pdf>

(epstopdf)                    date: 2023-07-16 18:55:15
(epstopdf)                    size: 19460 bytes
(epstopdf)             Command: <miktex-epstopdf --outfile=WSU-Logo-Primary-RGB
-eps-converted-to.pdf WSU-Logo-Primary-RGB.eps>
(epstopdf)             \includegraphics on input line 51.
Package epstopdf Info: Output file is already uptodate.

warning  (file WSU-Logo-Primary-RGB-eps-converted-to.pdf) (pdf inclusion): PDF i
nclusion: found PDF version '1.7', but at most version '1.5' allowed
<WSU-Logo-Primary-RGB-eps-converted-to.pdf, id=6, 259.97125pt x 72.27pt>
File: WSU-Logo-Primary-RGB-eps-converted-to.pdf Graphic file (type pdf)
<use WSU-Logo-Primary-RGB-eps-converted-to.pdf>
Package luatex.def Info: WSU-Logo-Primary-RGB-eps-converted-to.pdf  used on inp
ut line 51.
(luatex.def)             Requested size: 144.54pt x 40.18088pt.
LaTeX Font Info:    Trying to load font information for OT1+pplx on input line 
51.

("C:/Users/Aryan Ritwajeet Jha/AppData/Local/Programs/MiKTeX/tex/latex/psnfss/o
t1pplx.fd"
File: ot1pplx.fd 2004/09/06 font definitions for OT1/pplx.
)
LaTeX Font Info:    Trying to load font information for OML+zplm on input line 
51.

("C:/Users/Aryan Ritwajeet Jha/AppData/Local/Programs/MiKTeX/tex/latex/psnfss/o
mlzplm.fd"
File: omlzplm.fd 2002/09/08 Fontinst v1.914 font definitions for OML/zplm.
)
LaTeX Font Info:    Trying to load font information for OMS+zplm on input line 
51.

("C:/Users/Aryan Ritwajeet Jha/AppData/Local/Programs/MiKTeX/tex/latex/psnfss/o
mszplm.fd"
File: omszplm.fd 2002/09/08 Fontinst v1.914 font definitions for OMS/zplm.
)
LaTeX Font Info:    Trying to load font information for OMX+zplm on input line 
51.

("C:/Users/Aryan Ritwajeet Jha/AppData/Local/Programs/MiKTeX/tex/latex/psnfss/o
mxzplm.fd"
File: omxzplm.fd 2002/09/08 Fontinst v1.914 font definitions for OMX/zplm.
)
LaTeX Font Info:    Trying to load font information for OT1+zplm on input line 
51.

("C:/Users/Aryan Ritwajeet Jha/AppData/Local/Programs/MiKTeX/tex/latex/psnfss/o
t1zplm.fd"
File: ot1zplm.fd 2002/09/08 Fontinst v1.914 font definitions for OT1/zplm.
)
LaTeX Font Info:    Font shape `U/msa/m/n' will be
(Font)              scaled to size 8.33606pt on input line 51.
LaTeX Font Info:    Font shape `U/msa/m/n' will be
(Font)              scaled to size 6.25204pt on input line 51.
LaTeX Font Info:    Font shape `U/msa/m/n' will be
(Font)              scaled to size 5.21004pt on input line 51.
LaTeX Font Info:    Font shape `U/msb/m/n' will be
(Font)              scaled to size 8.33606pt on input line 51.
LaTeX Font Info:    Font shape `U/msb/m/n' will be
(Font)              scaled to size 6.25204pt on input line 51.
LaTeX Font Info:    Font shape `U/msb/m/n' will be
(Font)              scaled to size 5.21004pt on input line 51.
 [1{C:/Users/Aryan Ritwajeet Jha/AppData/Local/MiKTeX/fonts/map/pdftex/pdftex.ma
p}


<./WSU-Logo-Primary-RGB-eps-converted-to.pdf>]
Package epstopdf Info: Source file: <WSU-Logo-Primary-RGB.eps>
(epstopdf)                    date: 2023-07-16 18:54:25
(epstopdf)                    size: 536954 bytes
(epstopdf)             Output file: <WSU-Logo-Primary-RGB-eps-converted-to.pdf>

(epstopdf)                    date: 2023-07-16 18:55:15
(epstopdf)                    size: 19460 bytes
(epstopdf)             Command: <miktex-epstopdf --outfile=WSU-Logo-Primary-RGB
-eps-converted-to.pdf WSU-Logo-Primary-RGB.eps>
(epstopdf)             \includegraphics on input line 52.
Package epstopdf Info: Output file is already uptodate.
File: WSU-Logo-Primary-RGB-eps-converted-to.pdf Graphic file (type pdf)
<use WSU-Logo-Primary-RGB-eps-converted-to.pdf>
Package luatex.def Info: WSU-Logo-Primary-RGB-eps-converted-to.pdf  used on inp
ut line 52.
(luatex.def)             Requested size: 144.54pt x 40.18088pt.
 [2] (./main.aux)

LaTeX Font Warning: Some font shapes were not available, defaults substituted.

Package rerunfilecheck Info: File `main.out' has not changed.
(rerunfilecheck)             Checksum: D41D8CD98F00B204E9800998ECF8427E;0.
)

Here is how much of LuaTeX's memory you used:
 24822 strings out of 478364
 125027,1977958 words of node,token memory allocated
 858 words of node memory still in use:
   8 hlist, 1 vlist, 1 rule, 12 glue, 3 kern, 2 glyph, 52 attribute, 53 glue_spe
c, 52 attribute_list, 2 write, 34 pdf_literal, 2 pdf_colorstack nodes
   avail lists: 1:1,2:365,3:287,4:71,5:634,6:87,7:10538,8:21,9:429,10:23,11:780
 43885 multiletter control sequences out of 65536+600000
 73 fonts using 4510831 bytes
 99i,18n,90p,731b,664s stack positions out of 10000i,1000n,20000p,200000b,200000s
<//?/c:/users/aryan ritwajeet jha/appdata/local/programs/miktex/fonts/opentype/p
ublic/lm/lmsans8-regular.otf><//?/c:/users/aryan ritwajeet jha/appdata/local/pro
grams/miktex/fonts/opentype/public/lm/lmroman10-regular.otf><//?/c:/users/aryan 
ritwajeet jha/appdata/local/programs/miktex/fonts/opentype/public/lm/lmsans10-re
gular.otf>
Output written on main.pdf (2 pages, 43907 bytes).

PDF statistics: 58 PDF objects out of 1000 (max. 8388607)
 3 named destinations out of 1000 (max. 131072)
 16 words of extra memory for PDF output out of 10000 (max. 100000000)

