This is LuaHBTeX, Version 1.17.0 (MiKTeX 23.5) (format=lualatex 2023.7.16)  16 JUL 2023 16:19
 restricted system commands enabled.
**resume_aryan_ritwajeet_jha.tex
(./resume_aryan_ritwajeet_jha.tex
LaTeX2e <2022-11-01> patch level 1
Lua module: luaotfload 2022-10-03 3.23 Lua based OpenType font support
Lua module: lualibs 2022-10-04 2.75 ConTeXt Lua standard libraries.
Lua module: lualibs-extended 2022-10-04 2.75 ConTeXt Lua libraries -- extended c
ollection.
luaotfload | conf : Root cache directory is "C:/Users/Aryan Ritwajeet Jha/AppDat
a/Local/MiKTeX/luatex-cache/generic/names".
luaotfload | init : Loading fontloader "fontloader-2022-10-03.lua" from kpse-res
olved path "C:/Users/Aryan Ritwajeet Jha/AppData/Local/Programs/MiKTeX/tex/luate
x/luaotfload/fontloader-2022-10-03.lua".
Lua-only attribute luaotfload@noligature = 1
luaotfload | init : Context OpenType loader version 3.120
Inserting `luaotfload.node_processor' in `pre_linebreak_filter'.
Inserting `luaotfload.node_processor' in `hpack_filter'.
Inserting `luaotfload.glyph_stream' in `glyph_stream_provider'.
Inserting `luaotfload.define_font' in `define_font'.
Lua-only attribute luaotfload_color_attribute = 2
luaotfload | conf : Root cache directory is "C:/Users/Aryan Ritwajeet Jha/AppDat
a/Local/MiKTeX/luatex-cache/generic/names".
Inserting `luaotfload.harf.strip_prefix' in `find_opentype_file'.
Inserting `luaotfload.harf.strip_prefix' in `find_truetype_file'.
Removing  `luaotfload.glyph_stream' from `glyph_stream_provider'.
Inserting `luaotfload.harf.glyphstream' in `glyph_stream_provider'.
Inserting `luaotfload.harf.finalize_vlist' in `post_linebreak_filter'.
Inserting `luaotfload.harf.finalize_hlist' in `hpack_filter'.
Inserting `luaotfload.cleanup_files' in `wrapup_run'.
Inserting `luaotfload.harf.finalize_unicode' in `finish_pdffile'.
Inserting `luaotfload.glyphinfo' in `glyph_info'.
Lua-only attribute luaotfload.letterspace_done = 3
Inserting `luaotfload.aux.set_sscale_dimens' in `luaotfload.patch_font'.
Inserting `luaotfload.aux.set_font_index' in `luaotfload.patch_font'.
Inserting `luaotfload.aux.patch_cambria_domh' in `luaotfload.patch_font'.
Inserting `luaotfload.aux.fixup_fontdata' in `luaotfload.patch_font_unsafe'.
Inserting `luaotfload.aux.set_capheight' in `luaotfload.patch_font'.
Inserting `luaotfload.aux.set_xheight' in `luaotfload.patch_font'.
Inserting `luaotfload.rewrite_fontname' in `luaotfload.patch_font'. L3 programm
ing layer <2023-05-15>
Inserting `tracingstacklevels' in `input_level_string'.
("C:/Users/Aryan Ritwajeet Jha/AppData/Local/Programs/MiKTeX/tex/latex/koma-scr
ipt/scrartcl.cls"
Document Class: scrartcl 2023/04/24 v3.40 KOMA-Script document class (article)

("C:/Users/Aryan Ritwajeet Jha/AppData/Local/Programs/MiKTeX/tex/latex/koma-scr
ipt/scrkbase.sty"
Package: scrkbase 2023/04/24 v3.40 KOMA-Script package (KOMA-Script-dependent b
asics and keyval usage)

("C:/Users/Aryan Ritwajeet Jha/AppData/Local/Programs/MiKTeX/tex/latex/koma-scr
ipt/scrbase.sty"
Package: scrbase 2023/04/24 v3.40 KOMA-Script package (KOMA-Script-independent 
basics and keyval usage)

("C:/Users/Aryan Ritwajeet Jha/AppData/Local/Programs/MiKTeX/tex/latex/koma-scr
ipt/scrlfile.sty"
Package: scrlfile 2023/04/24 v3.40 KOMA-Script package (file load hooks)

("C:/Users/Aryan Ritwajeet Jha/AppData/Local/Programs/MiKTeX/tex/latex/koma-scr
ipt/scrlfile-hook.sty"
Package: scrlfile-hook 2023/04/24 v3.40 KOMA-Script package (using LaTeX hooks)


("C:/Users/Aryan Ritwajeet Jha/AppData/Local/Programs/MiKTeX/tex/latex/koma-scr
ipt/scrlogo.sty"
Package: scrlogo 2023/04/24 v3.40 KOMA-Script package (logo)
)))
("C:/Users/Aryan Ritwajeet Jha/AppData/Local/Programs/MiKTeX/tex/latex/graphics
/keyval.sty"
Package: keyval 2022/05/29 v1.15 key=value parser (DPC)
\KV@toks@=\toks16
)
Applying: [2021/05/01] Usage of raw or classic option list on input line 252.
Already applied: [0000/00/00] Usage of raw or classic option list on input line
 368.
))
("C:/Users/Aryan Ritwajeet Jha/AppData/Local/Programs/MiKTeX/tex/latex/koma-scr
ipt/tocbasic.sty"
Package: tocbasic 2023/04/24 v3.40 KOMA-Script package (handling toc-files)
\scr@dte@tocline@numberwidth=\skip48
\scr@dte@tocline@numbox=\box51
)
Package tocbasic Info: omitting babel extension for `toc'
(tocbasic)             because of feature `nobabel' available
(tocbasic)             for `toc' on input line 133.
Class scrartcl Info: File `scrsize11pt.clo' used to setup font sizes on input l
ine 2418.

("C:/Users/Aryan Ritwajeet Jha/AppData/Local/Programs/MiKTeX/tex/latex/koma-scr
ipt/scrsize11pt.clo"
File: scrsize11pt.clo 2023/04/24 v3.40 KOMA-Script font size class option (11pt
)
luaotfload | db : Font names database loaded from C:/Users/Aryan Ritwajeet Jha/A
ppData/Local/MiKTeX/luatex-cache/generic/names/luaotfload-names.luc.gz)
("C:/Users/Aryan Ritwajeet Jha/AppData/Local/Programs/MiKTeX/tex/latex/koma-scr
ipt/typearea.sty"
Package: typearea 2023/04/24 v3.40 KOMA-Script package (type area)
\ta@bcor=\skip49
\ta@div=\count183
\ta@hblk=\skip50
\ta@vblk=\skip51
\ta@temp=\skip52
\footheight=\skip53
Package typearea Info: These are the values describing the layout:
(typearea)             DIV  = 10
(typearea)             BCOR = 0.0pt
(typearea)             \paperwidth      = 597.50793pt
(typearea)              \textwidth      = 418.25555pt
(typearea)              DIV departure   = -6%
(typearea)              \evensidemargin = 17.3562pt
(typearea)              \oddsidemargin  = 17.3562pt
(typearea)             \paperheight     = 845.04694pt
(typearea)              \textheight     = 595.80026pt
(typearea)              \topmargin      = -25.16531pt
(typearea)              \headheight     = 17.0pt
(typearea)              \headsep        = 20.40001pt
(typearea)              \topskip        = 11.0pt
(typearea)              \footskip       = 47.6pt
(typearea)              \baselineskip   = 13.6pt
(typearea)              on input line 1798.
)
\c@part=\count184
\c@section=\count185
\c@subsection=\count186
\c@subsubsection=\count187
\c@paragraph=\count188
\c@subparagraph=\count189
\scr@dte@section@maxnumwidth=\skip54
Class scrartcl Info: using compatibility default `runin=bysign'
(scrartcl)           for `\section on input line 5046.
Class scrartcl Info: using compatibility default `afterindent=bysign'
(scrartcl)           for `\section on input line 5046.
\scr@dte@part@maxnumwidth=\skip55
Class scrartcl Info: using compatibility default `afterindent=false'
(scrartcl)           for `\part on input line 5054.
\scr@dte@subsection@maxnumwidth=\skip56
Class scrartcl Info: using compatibility default `runin=bysign'
(scrartcl)           for `\subsection on input line 5064.
Class scrartcl Info: using compatibility default `afterindent=bysign'
(scrartcl)           for `\subsection on input line 5064.
\scr@dte@subsubsection@maxnumwidth=\skip57
Class scrartcl Info: using compatibility default `runin=bysign'
(scrartcl)           for `\subsubsection on input line 5074.
Class scrartcl Info: using compatibility default `afterindent=bysign'
(scrartcl)           for `\subsubsection on input line 5074.
\scr@dte@paragraph@maxnumwidth=\skip58
Class scrartcl Info: using compatibility default `runin=bysign'
(scrartcl)           for `\paragraph on input line 5085.
Class scrartcl Info: using compatibility default `afterindent=bysign'
(scrartcl)           for `\paragraph on input line 5085.
\scr@dte@subparagraph@maxnumwidth=\skip59
Class scrartcl Info: using compatibility default `runin=bysign'
(scrartcl)           for `\subparagraph on input line 5095.
Class scrartcl Info: using compatibility default `afterindent=bysign'
(scrartcl)           for `\subparagraph on input line 5095.
\abovecaptionskip=\skip60
\belowcaptionskip=\skip61
\c@pti@nb@sid@b@x=\box52
Package tocbasic Info: omitting babel extension for `lof'
(tocbasic)             because of feature `nobabel' available
(tocbasic)             for `lof' on input line 6263.
\scr@dte@figure@maxnumwidth=\skip62
\c@figure=\count190
Package tocbasic Info: omitting babel extension for `lot'
(tocbasic)             because of feature `nobabel' available
(tocbasic)             for `lot' on input line 6279.
\scr@dte@table@maxnumwidth=\skip63
\c@table=\count191
Class scrartcl Info: Redefining `\numberline' on input line 6449.
\bibindent=\dimen139
)
("C:/Users/Aryan Ritwajeet Jha/AppData/Local/Programs/MiKTeX/tex/generic/babel/
babel.sty"
Package: babel 2023/05/11 v3.89 The Babel package

("C:/Users/Aryan Ritwajeet Jha/AppData/Local/Programs/MiKTeX/tex/generic/babel/
luababel.def"
\bbl@readstream=\read2
\l@afrikaans=\language2
Package babel Info: Non-standard hyphenation setup on input line 118.
\l@ancientgreek=\language3
\l@armenian=\language4
\l@assamese=\language5
\l@basque=\language6
\l@belarusian=\language7
\l@bengali=\language8
\l@bokmal=\language9
\l@bulgarian=\language10
\l@catalan=\language11
\l@churchslavonic=\language12
\l@classiclatin=\language13
\l@coptic=\language14
\l@croatian=\language15
\l@czech=\language16
\l@danish=\language17
\l@dutch=\language18
\l@esperanto=\language19
\l@estonian=\language20
\l@ethiopic=\language21
\l@finnish=\language22
\l@french=\language23
\l@friulan=\language24
\l@galician=\language25
\l@georgian=\language26
\l@german=\language27
\l@greek=\language28
\l@gujarati=\language29
\l@hindi=\language30
\l@hungarian=\language31
\l@icelandic=\language32
\l@indonesian=\language33
\l@interlingua=\language34
\l@irish=\language35
\l@italian=\language36
\l@kannada=\language37
\l@kurmanji=\language38
\l@latin=\language39
\l@latvian=\language40
\l@lithuanian=\language41
\l@liturgicallatin=\language42
\l@macedonian=\language43
\l@malayalam=\language44
\l@marathi=\language45
\l@mongolian=\language46
\l@mongolianlmc=\language47
\l@monogreek=\language48
\l@ngerman=\language49
\l@nynorsk=\language50
\l@occitan=\language51
\l@oriya=\language52
\l@pali=\language53
\l@panjabi=\language54
\l@piedmontese=\language55
\l@polish=\language56
\l@portuguese=\language57
\l@romanian=\language58
\l@romansh=\language59
\l@russian=\language60
\l@sanskrit=\language61
\l@serbian=\language62
\l@serbianc=\language63
\l@slovak=\language64
\l@slovenian=\language65
\l@spanish=\language66
\l@swedish=\language67
\l@swissgerman=\language68
\l@tamil=\language69
\l@telugu=\language70
\l@thai=\language71
\l@turkish=\language72
\l@turkmen=\language73
\l@ukenglish=\language74
\l@ukrainian=\language75
\l@uppersorbian=\language76
\l@usenglishmax=\language77
\l@welsh=\language78
\babelcatcodetablenum=\catcodetable12
\bbl@pattcodes=\catcodetable13
)
\babel@savecnt=\count192
\U@D=\dimen140
\l@unhyphenated=\language79

("C:/Users/Aryan Ritwajeet Jha/AppData/Local/Programs/MiKTeX/tex/generic/babel/
luababel.def"
\bbl@attr@locale=\attribute4
)
*************************************
* Local config file bblopts.cfg used
*

("C:/Users/Aryan Ritwajeet Jha/AppData/Local/Programs/MiKTeX/tex/latex/arabi/bb
lopts.cfg"
File: bblopts.cfg 2005/09/08 v0.1 add Arabic and Farsi to "declared" options of
 babel
)
("C:/Users/Aryan Ritwajeet Jha/AppData/Local/Programs/MiKTeX/tex/latex/babel-en
glish/english.ldf"
Language: english 2017/06/06 v3.3r English support from the babel system
Package babel Info: Hyphen rules for 'canadian' set to \l@english
(babel)             (\language0). Reported on input line 102.
Package babel Info: Hyphen rules for 'australian' set to \l@ukenglish
(babel)             (\language74). Reported on input line 105.
Package babel Info: Hyphen rules for 'newzealand' set to \l@ukenglish
(babel)             (\language74). Reported on input line 108.
))
("C:/Users/Aryan Ritwajeet Jha/AppData/Local/Programs/MiKTeX/tex/generic/babel/
locale/en/babel-english.tex"
Package babel Info: Importing font and identification data for english
(babel)             from babel-en.ini. Reported on input line 11.
)
("C:/Users/Aryan Ritwajeet Jha/AppData/Local/Programs/MiKTeX/tex/latex/base/inp
utenc.sty"
Package: inputenc 2021/02/14 v1.3d Input encoding file
\inpenc@prehook=\toks17
\inpenc@posthook=\toks18


Package inputenc Warning: inputenc package ignored with utf8 based engines.

)
("C:/Users/Aryan Ritwajeet Jha/AppData/Local/Programs/MiKTeX/tex/latex/fontawes
ome5/fontawesome5.sty"
("C:/Users/Aryan Ritwajeet Jha/AppData/Local/Programs/MiKTeX/tex/latex/l3kernel
/expl3.sty"
Package: expl3 2023-05-15 L3 programming layer (loader) 

("C:/Users/Aryan Ritwajeet Jha/AppData/Local/Programs/MiKTeX/tex/latex/l3backen
d/l3backend-luatex.def"
File: l3backend-luatex.def 2023-04-19 L3 backend support: PDF output (LuaTeX)
\l__color_backend_stack_int=\count193
Inserting `l3color' in `luaotfload.parse_color'.
\l__pdf_internal_box=\box53
))
Package: fontawesome5 2022/05/02 v5.15.4 Font Awesome 5

("C:/Users/Aryan Ritwajeet Jha/AppData/Local/Programs/MiKTeX/tex/latex/l3packag
es/l3keys2e/l3keys2e.sty"
Package: l3keys2e 2023-02-02 LaTeX2e option processing using LaTeX3 keys
)
("C:/Users/Aryan Ritwajeet Jha/AppData/Local/Programs/MiKTeX/tex/latex/l3packag
es/xparse/xparse.sty"
Package: xparse 2023-02-02 L3 Experimental document command parser
)
("C:/Users/Aryan Ritwajeet Jha/AppData/Local/Programs/MiKTeX/tex/latex/fontawes
ome5/fontawesome5-utex-helper.sty"
Package: fontawesome5-utex-helper 2022/05/02 v5.15.4 uTeX helper for fontawesom
e5

("C:/Users/Aryan Ritwajeet Jha/AppData/Local/Programs/MiKTeX/tex/luatex/luatexb
ase/luatexbase.sty"
Package: luatexbase 2015/10/04 v1.3 luatexbase interface to LuaTeX 

("C:/Users/Aryan Ritwajeet Jha/AppData/Local/Programs/MiKTeX/tex/luatex/ctables
tack/ctablestack.sty"
Package: ctablestack 2015/10/01 v1.0 Catcode table stable support
\@catcodetablestackcnt=\count194
)
\CatcodeTableOther=\catcodetable14
\CatcodeTableExpl=\catcodetable15
)
LaTeX Font Info:    Trying to load font information for TU+fontawesomefree on i
nput line 69.

("C:/Users/Aryan Ritwajeet Jha/AppData/Local/Programs/MiKTeX/tex/latex/fontawes
ome5/tufontawesomefree.fd")
LaTeX Font Info:    Trying to load font information for TU+fontawesomebrands on
 input line 70.

("C:/Users/Aryan Ritwajeet Jha/AppData/Local/Programs/MiKTeX/tex/latex/fontawes
ome5/tufontawesomebrands.fd")))
("C:/Users/Aryan Ritwajeet Jha/AppData/Local/Programs/MiKTeX/tex/latex/hyperref
/hyperref.sty"
Package: hyperref 2023-04-22 v7.00x Hypertext links for LaTeX

("C:/Users/Aryan Ritwajeet Jha/AppData/Local/Programs/MiKTeX/tex/generic/ltxcmd
s/ltxcmds.sty"
Package: ltxcmds 2020-05-10 v1.25 LaTeX kernel commands for general use (HO)
)
("C:/Users/Aryan Ritwajeet Jha/AppData/Local/Programs/MiKTeX/tex/generic/iftex/
iftex.sty"
Package: iftex 2022/02/03 v1.0f TeX engine tests
)
("C:/Users/Aryan Ritwajeet Jha/AppData/Local/Programs/MiKTeX/tex/generic/pdftex
cmds/pdftexcmds.sty"
Package: pdftexcmds 2020-06-27 v0.33 Utility functions of pdfTeX for LuaTeX (HO
)

("C:/Users/Aryan Ritwajeet Jha/AppData/Local/Programs/MiKTeX/tex/generic/infwar
err/infwarerr.sty"
Package: infwarerr 2019/12/03 v1.5 Providing info/warning/error messages (HO)
)
Package pdftexcmds Info: \pdf@primitive is available.
Package pdftexcmds Info: \pdf@ifprimitive is available.
Package pdftexcmds Info: \pdfdraftmode found.
\pdftexcmds@toks=\toks19
)
("C:/Users/Aryan Ritwajeet Jha/AppData/Local/Programs/MiKTeX/tex/latex/kvsetkey
s/kvsetkeys.sty"
Package: kvsetkeys 2022-10-05 v1.19 Key value parser (HO)
)
("C:/Users/Aryan Ritwajeet Jha/AppData/Local/Programs/MiKTeX/tex/generic/kvdefi
nekeys/kvdefinekeys.sty"
Package: kvdefinekeys 2019-12-19 v1.6 Define keys (HO)
)
("C:/Users/Aryan Ritwajeet Jha/AppData/Local/Programs/MiKTeX/tex/generic/pdfesc
ape/pdfescape.sty"
Package: pdfescape 2019/12/09 v1.15 Implements pdfTeX's escape features (HO)
)
("C:/Users/Aryan Ritwajeet Jha/AppData/Local/Programs/MiKTeX/tex/latex/hycolor/
hycolor.sty"
Package: hycolor 2020-01-27 v1.10 Color options for hyperref/bookmark (HO)
)
("C:/Users/Aryan Ritwajeet Jha/AppData/Local/Programs/MiKTeX/tex/latex/letltxma
cro/letltxmacro.sty"
Package: letltxmacro 2019/12/03 v1.6 Let assignment for LaTeX macros (HO)
)
("C:/Users/Aryan Ritwajeet Jha/AppData/Local/Programs/MiKTeX/tex/latex/auxhook/
auxhook.sty"
Package: auxhook 2019-12-17 v1.6 Hooks for auxiliary files (HO)
)
("C:/Users/Aryan Ritwajeet Jha/AppData/Local/Programs/MiKTeX/tex/latex/hyperref
/nameref.sty"
Package: nameref 2022-05-17 v2.50 Cross-referencing by name of section

("C:/Users/Aryan Ritwajeet Jha/AppData/Local/Programs/MiKTeX/tex/latex/refcount
/refcount.sty"
Package: refcount 2019/12/15 v3.6 Data extraction from label references (HO)
)
("C:/Users/Aryan Ritwajeet Jha/AppData/Local/Programs/MiKTeX/tex/generic/gettit
lestring/gettitlestring.sty"
Package: gettitlestring 2019/12/15 v1.6 Cleanup title references (HO)

("C:/Users/Aryan Ritwajeet Jha/AppData/Local/Programs/MiKTeX/tex/latex/kvoption
s/kvoptions.sty"
Package: kvoptions 2022-06-15 v3.15 Key value format for package options (HO)
))
\c@section@level=\count195
)
("C:/Users/Aryan Ritwajeet Jha/AppData/Local/Programs/MiKTeX/tex/latex/etoolbox
/etoolbox.sty"
Package: etoolbox 2020/10/05 v2.5k e-TeX tools for LaTeX (JAW)
\etb@tempcnta=\count196
)
\@linkdim=\dimen141
\Hy@linkcounter=\count197
\Hy@pagecounter=\count198

("C:/Users/Aryan Ritwajeet Jha/AppData/Local/Programs/MiKTeX/tex/latex/hyperref
/pd1enc.def"
File: pd1enc.def 2023-04-22 v7.00x Hyperref: PDFDocEncoding definition (HO)
)
("C:/Users/Aryan Ritwajeet Jha/AppData/Local/Programs/MiKTeX/tex/generic/intcal
c/intcalc.sty"
Package: intcalc 2019/12/15 v1.3 Expandable calculations with integers (HO)
)
\Hy@SavedSpaceFactor=\count199

("C:/Users/Aryan Ritwajeet Jha/AppData/Local/Programs/MiKTeX/tex/latex/hyperref
/puenc.def"
File: puenc.def 2023-04-22 v7.00x Hyperref: PDF Unicode definition (HO)
)
Package hyperref Info: Hyper figures OFF on input line 4182.
Package hyperref Info: Link nesting OFF on input line 4187.
Package hyperref Info: Hyper index ON on input line 4190.
Package hyperref Info: Plain pages OFF on input line 4197.
Package hyperref Info: Backreferencing OFF on input line 4202.
Package hyperref Info: Implicit mode ON; LaTeX internals redefined.
Package hyperref Info: Bookmarks ON on input line 4449.
\c@Hy@tempcnt=\count266

("C:/Users/Aryan Ritwajeet Jha/AppData/Local/Programs/MiKTeX/tex/latex/url/url.
sty"
\Urlmuskip=\muskip16
Package: url 2013/09/16  ver 3.4  Verb mode for urls, etc.
)
LaTeX Info: Redefining \url on input line 4787.
\XeTeXLinkMargin=\dimen142

("C:/Users/Aryan Ritwajeet Jha/AppData/Local/Programs/MiKTeX/tex/generic/bitset
/bitset.sty"
Package: bitset 2019/12/09 v1.3 Handle bit-vector datatype (HO)

("C:/Users/Aryan Ritwajeet Jha/AppData/Local/Programs/MiKTeX/tex/generic/bigint
calc/bigintcalc.sty"
Package: bigintcalc 2019/12/15 v1.5 Expandable calculations on big integers (HO
)
))
\Fld@menulength=\count267
\Field@Width=\dimen143
\Fld@charsize=\dimen144
Package hyperref Info: Hyper figures OFF on input line 6066.
Package hyperref Info: Link nesting OFF on input line 6071.
Package hyperref Info: Hyper index ON on input line 6074.
Package hyperref Info: backreferencing OFF on input line 6081.
Package hyperref Info: Link coloring OFF on input line 6086.
Package hyperref Info: Link coloring with OCG OFF on input line 6091.
Package hyperref Info: PDF/A mode OFF on input line 6096.

("C:/Users/Aryan Ritwajeet Jha/AppData/Local/Programs/MiKTeX/tex/latex/base/atb
egshi-ltx.sty"
Package: atbegshi-ltx 2021/01/10 v1.0c Emulation of the original atbegshi
package with kernel methods
)
\Hy@abspage=\count268
\c@Item=\count269
\c@Hfootnote=\count270
)
Package hyperref Info: Driver (autodetected): hluatex.

("C:/Users/Aryan Ritwajeet Jha/AppData/Local/Programs/MiKTeX/tex/latex/hyperref
/hluatex.def"
File: hluatex.def 2023-04-22 v7.00x Hyperref driver for luaTeX

("C:/Users/Aryan Ritwajeet Jha/AppData/Local/Programs/MiKTeX/tex/generic/string
enc/stringenc.sty"
Package: stringenc 2019/11/29 v1.12 Convert strings between diff. encodings (HO
)
)
("C:/Users/Aryan Ritwajeet Jha/AppData/Local/Programs/MiKTeX/tex/latex/base/atv
eryend-ltx.sty"
Package: atveryend-ltx 2020/08/19 v1.0a Emulation of the original atveryend pac
kage
with kernel methods
)
\Fld@listcount=\count271
\c@bookmark@seq@number=\count272

("C:/Users/Aryan Ritwajeet Jha/AppData/Local/Programs/MiKTeX/tex/latex/rerunfil
echeck/rerunfilecheck.sty"
Package: rerunfilecheck 2022-07-10 v1.10 Rerun checks for auxiliary files (HO)

("C:/Users/Aryan Ritwajeet Jha/AppData/Local/Programs/MiKTeX/tex/generic/unique
counter/uniquecounter.sty"
Package: uniquecounter 2019/12/15 v1.4 Provide unlimited unique counter (HO)
)
Package uniquecounter Info: New unique counter `rerunfilecheck' on input line 2
85.
)
\Hy@SectionHShift=\skip64
)
("C:/Users/Aryan Ritwajeet Jha/AppData/Local/Programs/MiKTeX/tex/latex/microtyp
e/microtype.sty"
Package: microtype 2023/03/13 v3.1a Micro-typographical refinements (RS)
\MT@toks=\toks20
\MT@tempbox=\box54
\MT@count=\count273
LaTeX Info: Redefining \noprotrusionifhmode on input line 1059.
LaTeX Info: Redefining \leftprotrusion on input line 1060.
\MT@prot@toks=\toks21
LaTeX Info: Redefining \rightprotrusion on input line 1078.
LaTeX Info: Redefining \textls on input line 1368.
\MT@outer@kern=\dimen145
LaTeX Info: Redefining \textmicrotypecontext on input line 1988.
\MT@listname@count=\count274

("C:/Users/Aryan Ritwajeet Jha/AppData/Local/Programs/MiKTeX/tex/latex/microtyp
e/microtype-luatex.def"
File: microtype-luatex.def 2023/03/13 v3.1a Definitions specific to luatex (RS)

Lua module: microtype 2023/03/13 3.1a microtype module.
Module microtype Info: overwriting function `keepligature' on input line 63
LaTeX Info: Redefining \lsstyle on input line 688.
LaTeX Info: Redefining \lslig on input line 688.
\MT@outer@space=\skip65
)
Package microtype Info: Loading configuration file microtype.cfg.

("C:/Users/Aryan Ritwajeet Jha/AppData/Local/Programs/MiKTeX/tex/latex/microtyp
e/microtype.cfg"
File: microtype.cfg 2023/03/13 v3.1a microtype main configuration file (RS)
))
("C:/Users/Aryan Ritwajeet Jha/AppData/Local/Programs/MiKTeX/tex/latex/amsmath/
amsmath.sty"
Package: amsmath 2022/04/08 v2.17n AMS math features
\@mathmargin=\skip66

For additional information on amsmath, use the `?' option.

("C:/Users/Aryan Ritwajeet Jha/AppData/Local/Programs/MiKTeX/tex/latex/amsmath/
amstext.sty"
Package: amstext 2021/08/26 v2.01 AMS text

("C:/Users/Aryan Ritwajeet Jha/AppData/Local/Programs/MiKTeX/tex/latex/amsmath/
amsgen.sty"
File: amsgen.sty 1999/11/30 v2.0 generic functions
\@emptytoks=\toks22
\ex@=\dimen146
))
("C:/Users/Aryan Ritwajeet Jha/AppData/Local/Programs/MiKTeX/tex/latex/amsmath/
amsbsy.sty"
Package: amsbsy 1999/11/29 v1.2d Bold Symbols
\pmbraise@=\dimen147
)
("C:/Users/Aryan Ritwajeet Jha/AppData/Local/Programs/MiKTeX/tex/latex/amsmath/
amsopn.sty"
Package: amsopn 2022/04/08 v2.04 operator names
)
\inf@bad=\count275
LaTeX Info: Redefining \frac on input line 236.
\uproot@=\count276
\leftroot@=\count277
LaTeX Info: Redefining \overline on input line 399.
LaTeX Info: Redefining \colon on input line 410.
\classnum@=\count278
\DOTSCASE@=\count279
LaTeX Info: Redefining \ldots on input line 496.
LaTeX Info: Redefining \dots on input line 499.
LaTeX Info: Redefining \cdots on input line 620.
\Mathstrutbox@=\box55
\strutbox@=\box56
LaTeX Info: Redefining \big on input line 722.
LaTeX Info: Redefining \Big on input line 723.
LaTeX Info: Redefining \bigg on input line 724.
LaTeX Info: Redefining \Bigg on input line 725.
\big@size=\dimen148
LaTeX Font Info:    Redeclaring font encoding OML on input line 743.
LaTeX Font Info:    Redeclaring font encoding OMS on input line 744.
\macc@depth=\count280
LaTeX Info: Redefining \bmod on input line 905.
LaTeX Info: Redefining \pmod on input line 910.
LaTeX Info: Redefining \smash on input line 940.
LaTeX Info: Redefining \relbar on input line 970.
LaTeX Info: Redefining \Relbar on input line 971.
\c@MaxMatrixCols=\count281
\dotsspace@=\muskip17
\c@parentequation=\count282
\dspbrk@lvl=\count283
\tag@help=\toks23
\row@=\count284
\column@=\count285
\maxfields@=\count286
\andhelp@=\toks24
\eqnshift@=\dimen149
\alignsep@=\dimen150
\tagshift@=\dimen151
\tagwidth@=\dimen152
\totwidth@=\dimen153
\lineht@=\dimen154
\@envbody=\toks25
\multlinegap=\skip67
\multlinetaggap=\skip68
\mathdisplay@stack=\toks26
LaTeX Info: Redefining \[ on input line 2953.
LaTeX Info: Redefining \] on input line 2954.
)
("C:/Users/Aryan Ritwajeet Jha/AppData/Local/Programs/MiKTeX/tex/latex/amsfonts
/amsfonts.sty"
Package: amsfonts 2013/01/14 v3.01 Basic AMSFonts support
\symAMSa=\mathgroup4
\symAMSb=\mathgroup5
LaTeX Font Info:    Redeclaring math symbol \hbar on input line 98.
LaTeX Font Info:    Overwriting math alphabet `\mathfrak' in version `bold'
(Font)                  U/euf/m/n --> U/euf/b/n on input line 106.
)
("C:/Users/Aryan Ritwajeet Jha/AppData/Local/Programs/MiKTeX/tex/latex/amscls/a
msthm.sty"
Package: amsthm 2020/05/29 v2.20.6
\thm@style=\toks27
\thm@bodyfont=\toks28
\thm@headfont=\toks29
\thm@notefont=\toks30
\thm@headpunct=\toks31
\thm@preskip=\skip69
\thm@postskip=\skip70
\thm@headsep=\skip71
\dth@everypar=\toks32
)
("C:/Users/Aryan Ritwajeet Jha/AppData/Local/Programs/MiKTeX/tex/latex/xpatch/x
patch.sty"
Package: xpatch 2020/03/25 v0.3a Extending etoolbox patching commands
)
Class scrartcl Info: amsthm's \deferred@thm@head patched.

("C:/Users/Aryan Ritwajeet Jha/AppData/Local/Programs/MiKTeX/tex/latex/graphics
/graphicx.sty"
Package: graphicx 2021/09/16 v1.2d Enhanced LaTeX Graphics (DPC,SPQR)

("C:/Users/Aryan Ritwajeet Jha/AppData/Local/Programs/MiKTeX/tex/latex/graphics
/graphics.sty"
Package: graphics 2022/03/10 v1.4e Standard LaTeX Graphics (DPC,SPQR)

("C:/Users/Aryan Ritwajeet Jha/AppData/Local/Programs/MiKTeX/tex/latex/graphics
/trig.sty"
Package: trig 2021/08/11 v1.11 sin cos tan (DPC)
)
("C:/Users/Aryan Ritwajeet Jha/AppData/Local/Programs/MiKTeX/tex/latex/graphics
-cfg/graphics.cfg"
File: graphics.cfg 2016/06/04 v1.11 sample graphics configuration
)
Package graphics Info: Driver file: luatex.def on input line 107.

("C:/Users/Aryan Ritwajeet Jha/AppData/Local/Programs/MiKTeX/tex/latex/graphics
-def/luatex.def"
File: luatex.def 2022/09/22 v1.2d Graphics/color driver for luatex
))
\Gin@req@height=\dimen155
\Gin@req@width=\dimen156
)
("C:/Users/Aryan Ritwajeet Jha/AppData/Local/Programs/MiKTeX/tex/latex/xcolor/x
color.sty"
Package: xcolor 2022/06/12 v2.14 LaTeX color extensions (UK)

("C:/Users/Aryan Ritwajeet Jha/AppData/Local/Programs/MiKTeX/tex/latex/graphics
-cfg/color.cfg"
File: color.cfg 2016/01/02 v1.6 sample color configuration
)
Package xcolor Info: Driver file: luatex.def on input line 227.

("C:/Users/Aryan Ritwajeet Jha/AppData/Local/Programs/MiKTeX/tex/latex/graphics
/mathcolor.ltx")
Package xcolor Info: Model `cmy' substituted by `cmy0' on input line 1353.
Package xcolor Info: Model `hsb' substituted by `rgb' on input line 1357.
Package xcolor Info: Model `RGB' extended on input line 1369.
Package xcolor Info: Model `HTML' substituted by `rgb' on input line 1371.
Package xcolor Info: Model `Hsb' substituted by `hsb' on input line 1372.
Package xcolor Info: Model `tHsb' substituted by `hsb' on input line 1373.
Package xcolor Info: Model `HSB' substituted by `hsb' on input line 1374.
Package xcolor Info: Model `Gray' substituted by `gray' on input line 1375.
Package xcolor Info: Model `wave' substituted by `hsb' on input line 1376.

("C:/Users/Aryan Ritwajeet Jha/AppData/Local/Programs/MiKTeX/tex/latex/xcolor/s
vgnam.def"
File: svgnam.def 2022/06/12 v2.14 Predefined colors according to SVG 1.1 (UK)
))
("C:/Users/Aryan Ritwajeet Jha/AppData/Local/Programs/MiKTeX/tex/latex/geometry
/geometry.sty"
Package: geometry 2020/01/02 v5.9 Page Geometry

("C:/Users/Aryan Ritwajeet Jha/AppData/Local/Programs/MiKTeX/tex/generic/iftex/
ifvtex.sty"
Package: ifvtex 2019/10/25 v1.7 ifvtex legacy package. Use iftex instead.
)
\Gm@cnth=\count287
\Gm@cntv=\count288
\c@Gm@tempcnt=\count289
\Gm@bindingoffset=\dimen157
\Gm@wd@mp=\dimen158
\Gm@odd@mp=\dimen159
\Gm@even@mp=\dimen160
\Gm@layoutwidth=\dimen161
\Gm@layoutheight=\dimen162
\Gm@layouthoffset=\dimen163
\Gm@layoutvoffset=\dimen164
\Gm@dimlist=\toks33

("C:/Users/Aryan Ritwajeet Jha/AppData/Local/Programs/MiKTeX/tex/latex/geometry
/geometry.cfg"))
("C:/Users/Aryan Ritwajeet Jha/AppData/Local/Programs/MiKTeX/tex/latex/sectsty/
sectsty.sty"
Package: sectsty 2002/02/25 v2.0.2 Commands to change all sectional heading sty
les


LaTeX Warning: Command \underbar  has changed.
               Check if current package is valid.


LaTeX Warning: Command \underline  has changed.
               Check if current package is valid.

)

Class scrartcl Warning: Incompatible package `sectsty' loaded!
(scrartcl)              Package `sectsty' up to version 2.0.2 is incompatible
(scrartcl)              with KOMA-Script from version 2.8e released in 2001.
(scrartcl)              You should avoid that package and configure the
(scrartcl)              section titles of your document using the KOMA-Script
(scrartcl)              user interface, e.g., \chapterlinesformat,
(scrartcl)              \RedeclareSectionCommand etc. or you should ask
(scrartcl)              the `sectsty' maintainer for a more compatible release.

(scrartcl)              Ignoring this warning could result in several error
(scrartcl)              messages and formatting issues after loading package
(scrartcl)              `sectsty' on input line 24.

\spacebox=\skip72
(./resume_aryan_ritwajeet_jha.aux)
\openout1 = resume_aryan_ritwajeet_jha.aux

LaTeX Font Info:    Checking defaults for OML/cmm/m/it on input line 76.
LaTeX Font Info:    ... okay on input line 76.
LaTeX Font Info:    Checking defaults for OMS/cmsy/m/n on input line 76.
LaTeX Font Info:    ... okay on input line 76.
LaTeX Font Info:    Checking defaults for OT1/cmr/m/n on input line 76.
LaTeX Font Info:    ... okay on input line 76.
LaTeX Font Info:    Checking defaults for T1/cmr/m/n on input line 76.
LaTeX Font Info:    ... okay on input line 76.
LaTeX Font Info:    Checking defaults for TS1/cmr/m/n on input line 76.
LaTeX Font Info:    Trying to load font information for TS1+cmr on input line 7
6.

("C:/Users/Aryan Ritwajeet Jha/AppData/Local/Programs/MiKTeX/tex/latex/base/ts1
cmr.fd"
File: ts1cmr.fd 2022/07/10 v2.5l Standard LaTeX font definitions
)
LaTeX Font Info:    ... okay on input line 76.
LaTeX Font Info:    Checking defaults for TU/lmr/m/n on input line 76.
LaTeX Font Info:    ... okay on input line 76.
LaTeX Font Info:    Checking defaults for OMX/cmex/m/n on input line 76.
LaTeX Font Info:    ... okay on input line 76.
LaTeX Font Info:    Checking defaults for U/cmr/m/n on input line 76.
LaTeX Font Info:    ... okay on input line 76.
LaTeX Font Info:    Checking defaults for PD1/pdf/m/n on input line 76.
LaTeX Font Info:    ... okay on input line 76.
LaTeX Font Info:    Checking defaults for PU/pdf/m/n on input line 76.
LaTeX Font Info:    ... okay on input line 76.
Package scrbase Info: activating english \abstractname on input line 76.
Package scrbase Info: activating english \partname on input line 76.
Package scrbase Info: activating english \figurename on input line 76.
Package scrbase Info: activating english \tablename on input line 76.
Package scrbase Info: activating english \contentsname on input line 76.
Package scrbase Info: activating english \listfigurename on input line 76.
Package scrbase Info: activating english \listtablename on input line 76.
Package scrbase Info: activating english \refname on input line 76.
Package scrbase Info: activating english \indexname on input line 76.
Package hyperref Info: Link coloring OFF on input line 76.
 (./resume_aryan_ritwajeet_jha.out) (./resume_aryan_ritwajeet_jha.out)
\@outlinefile=\write3

\openout3 = resume_aryan_ritwajeet_jha.out
Class scrartcl Info: loading recommended package `bookmark'.
(scrartcl)           Using `bookmark' together with `hyperref' is recommended,
(scrartcl)           because of handling of possible bookmark level gaps.
(scrartcl)           You can avoid loading `bookmark' with KOMA-Script option
(scrartcl)           `bookmarkpackage=false' before \begin{document} and
(scrartcl)           you can avoid this message adding:
(scrartcl)             \usepackage{bookmark}
(scrartcl)           before \begin{document} on input line 76.

("C:/Users/Aryan Ritwajeet Jha/AppData/Local/Programs/MiKTeX/tex/latex/bookmark
/bookmark.sty"
Package: bookmark 2020-11-06 v1.29 PDF bookmarks (HO)

("C:/Users/Aryan Ritwajeet Jha/AppData/Local/Programs/MiKTeX/tex/latex/bookmark
/bkm-pdftex.def"
File: bkm-pdftex.def 2020-11-06 v1.29 bookmark driver for pdfTeX (HO)
\BKM@id=\count290
))
LaTeX Info: Redefining \microtypecontext on input line 76.
Package microtype Info: Applying patch `item' on input line 76.
Package microtype Info: Applying patch `toc' on input line 76.
Package microtype Info: Applying patch `eqnum' on input line 76.
Package microtype Info: Applying patch `footnote' on input line 76.
Package microtype Info: Applying patch `verbatim' on input line 76.
Package microtype Info: Generating PDF output.
Package microtype Info: Character protrusion enabled (level 2).
Package microtype Info: Using default protrusion set `alltext'.
Package microtype Info: Automatic font expansion enabled (level 2),
(microtype)             stretch: 20, shrink: 20, step: 1, non-selected.
Package microtype Info: Using default expansion set `alltext-nott'.
LaTeX Info: Redefining \showhyphens on input line 76.
Package microtype Info: No adjustment of tracking.
Package microtype Info: No adjustment of spacing.
Package microtype Info: No adjustment of kerning.

("C:/Users/Aryan Ritwajeet Jha/AppData/Local/Programs/MiKTeX/tex/latex/microtyp
e/mt-LatinModernRoman.cfg"
File: mt-LatinModernRoman.cfg 2021/02/21 v1.1 microtype config. file: Latin Mod
ern Roman (RS)
)
("C:/Users/Aryan Ritwajeet Jha/AppData/Local/Programs/MiKTeX/tex/context/base/m
kii/supp-pdf.mkii"
[Loading MPS to PDF converter (version 2006.09.02).]
\scratchcounter=\count291
\scratchdimen=\dimen165
\scratchbox=\box57
\nofMPsegments=\count292
\nofMParguments=\count293
\everyMPshowfont=\toks34
\MPscratchCnt=\count294
\MPscratchDim=\dimen166
\MPnumerator=\count295
\makeMPintoPDFobject=\count296
\everyMPtoPDFconversion=\toks35
)
("C:/Users/Aryan Ritwajeet Jha/AppData/Local/Programs/MiKTeX/tex/latex/epstopdf
-pkg/epstopdf-base.sty"
Package: epstopdf-base 2020-01-24 v2.11 Base part for package epstopdf
Package epstopdf-base Info: Redefining graphics rule for `.eps' on input line 4
85.

("C:/Users/Aryan Ritwajeet Jha/AppData/Local/Programs/MiKTeX/tex/latex/00miktex
/epstopdf-sys.cfg"
File: epstopdf-sys.cfg 2021/03/18 v2.0 Configuration of epstopdf for MiKTeX
))
*geometry* driver: auto-detecting
*geometry* detected driver: luatex
*geometry* verbose mode - [ preamble ] result:
* driver: luatex
* paper: <default>
* layout: <same size as paper>
* layoutoffset:(h,v)=(0.0pt,0.0pt)
* modes: 
* h-part:(L,W,R)=(89.6271pt, 418.25372pt, 89.6271pt)
* v-part:(T,H,B)=(101.40665pt, 591.53027pt, 152.11002pt)
* \paperwidth=597.50793pt
* \paperheight=845.04694pt
* \textwidth=418.25372pt
* \textheight=702.61688pt
* \oddsidemargin=17.35712pt
* \evensidemargin=17.35712pt
* \topmargin=-8.26335pt
* \headheight=17.0pt
* \headsep=20.40001pt
* \topskip=11.0pt
* \footskip=47.6pt
* \marginparwidth=59.7508pt
* \marginparsep=12.8401pt
* \columnsep=10.0pt
* \skip\footins=10.0pt plus 4.0pt minus 2.0pt
* \hoffset=0.0pt
* \voffset=0.0pt
* \mag=1000
* \@twocolumnfalse
* \@twosidefalse
* \@mparswitchfalse
* \@reversemarginfalse
* (1in=72.27pt=25.4mm, 1cm=28.453pt)

LaTeX Font Info:    Trying to load font information for OT1+phv on input line 7
8.

("C:/Users/Aryan Ritwajeet Jha/AppData/Local/Programs/MiKTeX/tex/latex/psnfss/o
t1phv.fd"
File: ot1phv.fd 2020/03/25 scalable font definitions for OT1/phv.
)
Package microtype Info: Loading generic protrusion settings for font family
(microtype)             `phv' (encoding: OT1).
(microtype)             For optimal results, create family-specific settings.
(microtype)             See the microtype manual for details.
LaTeX Font Info:    Font shape `OT1/phv/m/it' in size <12> not available
(Font)              Font shape `OT1/phv/m/sl' tried instead on input line 82.


Class scrartcl Warning: Incompatible usage of \@ssect detected.
(scrartcl)              You've used the KOMA-Script implementation of \@ssect
(scrartcl)              from within a non compatible caller, that does not
(scrartcl)              \scr@s@ct@@nn@m@ locally.
(scrartcl)              This could result in several error messages on input li
ne 90.

Package microtype Info: Loading generic protrusion settings for font family
(microtype)             `lmss' (encoding: TU).
(microtype)             For optimal results, create family-specific settings.
(microtype)             See the microtype manual for details.

("C:/Users/Aryan Ritwajeet Jha/AppData/Local/Programs/MiKTeX/tex/latex/microtyp
e/mt-cmr.cfg"
File: mt-cmr.cfg 2013/05/19 v2.2 microtype config. file: Computer Modern Roman 
(RS)
)
LaTeX Font Info:    Trying to load font information for U+msa on input line 92.


("C:/Users/Aryan Ritwajeet Jha/AppData/Local/Programs/MiKTeX/tex/latex/amsfonts
/umsa.fd"
File: umsa.fd 2013/01/14 v3.01 AMS symbols A
)
("C:/Users/Aryan Ritwajeet Jha/AppData/Local/Programs/MiKTeX/tex/latex/microtyp
e/mt-msa.cfg"
File: mt-msa.cfg 2006/02/04 v1.1 microtype config. file: AMS symbols (a) (RS)
)
LaTeX Font Info:    Trying to load font information for U+msb on input line 92.


("C:/Users/Aryan Ritwajeet Jha/AppData/Local/Programs/MiKTeX/tex/latex/amsfonts
/umsb.fd"
File: umsb.fd 2013/01/14 v3.01 AMS symbols B
)
("C:/Users/Aryan Ritwajeet Jha/AppData/Local/Programs/MiKTeX/tex/latex/microtyp
e/mt-msb.cfg"
File: mt-msb.cfg 2005/06/01 v1.0 microtype config. file: AMS symbols (b) (RS)
)
Package microtype Info: Loading generic protrusion settings for font family
(microtype)             `lmtt' (encoding: TU).
(microtype)             For optimal results, create family-specific settings.
(microtype)             See the microtype manual for details.


Class scrartcl Warning: Incompatible usage of \@ssect detected.
(scrartcl)              You've used the KOMA-Script implementation of \@ssect
(scrartcl)              from within a non compatible caller, that does not
(scrartcl)              \scr@s@ct@@nn@m@ locally.
(scrartcl)              This could result in several error messages on input li
ne 105.


Class scrartcl Warning: Incompatible usage of \@ssect detected.
(scrartcl)              You've used the KOMA-Script implementation of \@ssect
(scrartcl)              from within a non compatible caller, that does not
(scrartcl)              \scr@s@ct@@nn@m@ locally.
(scrartcl)              This could result in several error messages on input li
ne 123.

[1

{C:/Users/Aryan Ritwajeet Jha/AppData/Local/MiKTeX/fonts/map/pdftex/pdftex.map}]

Class scrartcl Warning: Incompatible usage of \@ssect detected.
(scrartcl)              You've used the KOMA-Script implementation of \@ssect
(scrartcl)              from within a non compatible caller, that does not
(scrartcl)              \scr@s@ct@@nn@m@ locally.
(scrartcl)              This could result in several error messages on input li
ne 129.

[2]

Class scrartcl Warning: Incompatible usage of \@ssect detected.
(scrartcl)              You've used the KOMA-Script implementation of \@ssect
(scrartcl)              from within a non compatible caller, that does not
(scrartcl)              \scr@s@ct@@nn@m@ locally.
(scrartcl)              This could result in several error messages on input li
ne 143.


Class scrartcl Warning: Incompatible usage of \@ssect detected.
(scrartcl)              You've used the KOMA-Script implementation of \@ssect
(scrartcl)              from within a non compatible caller, that does not
(scrartcl)              \scr@s@ct@@nn@m@ locally.
(scrartcl)              This could result in several error messages on input li
ne 153.

[3]

Class scrartcl Warning: Incompatible usage of \@ssect detected.
(scrartcl)              You've used the KOMA-Script implementation of \@ssect
(scrartcl)              from within a non compatible caller, that does not
(scrartcl)              \scr@s@ct@@nn@m@ locally.
(scrartcl)              This could result in several error messages on input li
ne 163.


("C:/Users/Aryan Ritwajeet Jha/AppData/Local/Programs/MiKTeX/tex/latex/microtyp
e/mt-TU-empty.cfg"
File: mt-TU-empty.cfg 2021/06/22 v1.1 microtype config. file: fonts with nonsta
ndard glyph set (RS)
)

Class scrartcl Warning: Incompatible usage of \@ssect detected.
(scrartcl)              You've used the KOMA-Script implementation of \@ssect
(scrartcl)              from within a non compatible caller, that does not
(scrartcl)              \scr@s@ct@@nn@m@ locally.
(scrartcl)              This could result in several error messages on input li
ne 181.


Underfull \hbox (badness 10000) in paragraph at lines 188--188
[]\TU/lmr/m/it/10.95 Pro-gram-
 []


Underfull \hbox (badness 10000) in paragraph at lines 188--188
\TU/lmr/m/it/10.95 ming
 []


Underfull \hbox (badness 10000) in paragraph at lines 191--191
[]\TU/lmr/m/it/10.95 Type-set-
 []


Underfull \hbox (badness 10000) in paragraph at lines 191--191
\TU/lmr/m/it/10.95 ting and
 []


Class scrartcl Warning: Incompatible usage of \@ssect detected.
(scrartcl)              You've used the KOMA-Script implementation of \@ssect
(scrartcl)              from within a non compatible caller, that does not
(scrartcl)              \scr@s@ct@@nn@m@ locally.
(scrartcl)              This could result in several error messages on input li
ne 197.


Class scrartcl Warning: Incompatible usage of \@ssect detected.
(scrartcl)              You've used the KOMA-Script implementation of \@ssect
(scrartcl)              from within a non compatible caller, that does not
(scrartcl)              \scr@s@ct@@nn@m@ locally.
(scrartcl)              This could result in several error messages on input li
ne 203.

[4] (./resume_aryan_ritwajeet_jha.aux)
Package rerunfilecheck Info: File `resume_aryan_ritwajeet_jha.out' has not chan
ged.
(rerunfilecheck)             Checksum: D41D8CD98F00B204E9800998ECF8427E;0.
)

Here is how much of LuaTeX's memory you used:
 21239 strings out of 478364
 100000,1977958 words of node,token memory allocated
 538 words of node memory still in use:
   6 hlist, 2 vlist, 2 rule, 2 glue, 4 kern, 1 glyph, 12 attribute, 60 glue_spec
, 7 attribute_list, 1 write nodes
   avail lists: 1:2,2:750,3:271,4:219,5:487,6:71,7:7180,8:21,9:432,10:8,11:622,1
2:1
 40609 multiletter control sequences out of 65536+600000
 59 fonts using 4511903 bytes
 108i,9n,100p,10927b,1134s stack positions out of 10000i,1000n,20000p,200000b,200000s
<//?/c:/users/aryan ritwajeet jha/appdata/local/programs/miktex/fonts/opentype/p
ublic/lm/lmromancaps10-regular.otf><//?/c:/users/aryan ritwajeet jha/appdata/loc
al/programs/miktex/fonts/opentype/public/fontawesome5/fontawesome5free-solid-900
.otf><//?/c:/users/aryan ritwajeet jha/appdata/local/programs/miktex/fonts/opent
ype/public/lm/lmroman10-italic.otf><//?/c:/users/aryan ritwajeet jha/appdata/loc
al/programs/miktex/fonts/opentype/public/lm/lmmono10-regular.otf><//?/c:/users/a
ryan ritwajeet jha/appdata/local/programs/miktex/fonts/opentype/public/lm/lmroma
n10-regular.otf><//?/c:/users/aryan ritwajeet jha/appdata/local/programs/miktex/
fonts/opentype/public/lm/lmroman10-bold.otf>{C:/Users/Aryan Ritwajeet Jha/AppDat
a/Local/Programs/MiKTeX/fonts/enc/dvips/base/8r.enc}<C:/Users/Aryan Ritwajeet Jh
a/AppData/Local/Programs/MiKTeX/fonts/type1/public/amsfonts/cm/cmmi8.pfb><C:/Use
rs/Aryan Ritwajeet Jha/AppData/Local/Programs/MiKTeX/fonts/type1/public/amsfonts
/cm/cmr10.pfb><C:/Users/Aryan Ritwajeet Jha/AppData/Local/Programs/MiKTeX/fonts/
type1/urw/helvetic/uhvb8a.pfb><C:/Users/Aryan Ritwajeet Jha/AppData/Local/Progra
ms/MiKTeX/fonts/type1/urw/helvetic/uhvro8a.pfb>
Output written on resume_aryan_ritwajeet_jha.pdf (4 pages, 83932 bytes).

PDF statistics: 101 PDF objects out of 1000 (max. 8388607)
 15 named destinations out of 1000 (max. 131072)
 1 words of extra memory for PDF output out of 10000 (max. 100000000)

