This is LuaHBTeX, Version 1.14.0 (MiKTeX 21.10) (format=lualatex 2021.11.21)  7 MAR 2022 10:50
 restricted system commands enabled.
**showcase.tex
(./showcase.tex
LaTeX2e <2021-11-15>
Lua module: luaotfload 2021-05-21 3.18 Lua based OpenType font support
Lua module: lualibs 2021-05-20 2.74 ConTeXt Lua standard libraries.
Lua module: lualibs-extended 2021-05-20 2.74 ConTeXt Lua libraries -- extended c
ollection.
luaotfload | conf : Root cache directory is "C:/Users/aryan/AppData/Local/MiKTeX
/2.9/luatex-cache/generic/names".
luaotfload | init : Loading fontloader "fontloader-2021-05-20.lua" from kpse-res
olved path "C:/Users/aryan/AppData/Local/Programs/MiKTeX 2.9/tex/luatex/luaotflo
ad/fontloader-2021-05-20.lua".
Lua-only attribute luaotfload@noligature = 1
Lua-only attribute luaotfload@syllabe = 2
luaotfload | init : Context OpenType loader version 3.116
Inserting `luaotfload.node_processor' at position 1 in `pre_linebreak_filter'.
Inserting `luaotfload.node_processor' at position 1 in `hpack_filter'.
Inserting `luaotfload.glyph_stream' at position 1 in `glyph_stream_provider'.
Inserting `luaotfload.define_font' at position 1 in `define_font'.
Lua-only attribute luaotfload_color_attribute = 3
luaotfload | conf : Root cache directory is "C:/Users/aryan/AppData/Local/MiKTeX
/2.9/luatex-cache/generic/names".
Inserting `luaotfload.harf.strip_prefix' at position 1 in `find_opentype_file'.
Inserting `luaotfload.harf.strip_prefix' at position 1 in `find_truetype_file'.
Inserting `luaotfload.harf.finalize_vlist' at position 1 in `post_linebreak_filt
er'.
Inserting `luaotfload.harf.finalize_hlist' at position 2 in `hpack_filter'.
Inserting `luaotfload.cleanup_files' at position 1 in `wrapup_run'.
Inserting `luaotfload.harf.finalize_unicode' at position 1 in `finish_pdffile'.
Inserting `luaotfload.glyphinfo' at position 1 in `glyph_info'.
Lua-only attribute luaotfload.letterspace_done = 4
Inserting `luaotfload.aux.set_sscale_dimens' at position 1 in `luaotfload.patch_
font'.
Inserting `luaotfload.aux.set_font_index' at position 2 in `luaotfload.patch_fon
t'.
Inserting `luaotfload.aux.patch_cambria_domh' at position 3 in `luaotfload.patch
_font'.
Inserting `luaotfload.aux.fixup_fontdata' at position 1 in `luaotfload.patch_fon
t_unsafe'.
Inserting `luaotfload.aux.set_capheight' at position 4 in `luaotfload.patch_font
'.
Inserting `luaotfload.aux.set_xheight' at position 5 in `luaotfload.patch_font'.
Inserting `luaotfload.rewrite_fontname' at position 6 in `luaotfload.patch_font'
. L3 programming layer <2021-11-12>
Inserting `tracingstacklevels' at position 1 in `input_level_string'.
("C:/Users/aryan/AppData/Local/Programs/MiKTeX 2.9/tex/latex/beamer/beamer.cls"
Document Class: beamer 2021/10/18 v3.64 A class for typesetting presentations

("C:/Users/aryan/AppData/Local/Programs/MiKTeX 2.9/tex/latex/beamer/beamerbasem
odes.sty"
("C:/Users/aryan/AppData/Local/Programs/MiKTeX 2.9/tex/latex/etoolbox/etoolbox.
sty"
Package: etoolbox 2020/10/05 v2.5k e-TeX tools for LaTeX (JAW)
\etb@tempcnta=\count180
)
\beamer@tempbox=\box50
\beamer@tempcount=\count181
\c@beamerpauses=\count182

("C:/Users/aryan/AppData/Local/Programs/MiKTeX 2.9/tex/latex/beamer/beamerbased
ecode.sty"
\beamer@slideinframe=\count183
\beamer@minimum=\count184
\beamer@decode@box=\box51
)
\beamer@commentbox=\box52
\beamer@modecount=\count185
)
("C:/Users/aryan/AppData/Local/Programs/MiKTeX 2.9/tex/generic/iftex/ifpdf.sty"
Package: ifpdf 2019/10/25 v3.4 ifpdf legacy package. Use iftex instead.
("C:/Users/aryan/AppData/Local/Programs/MiKTeX 2.9/tex/generic/iftex/iftex.sty"
Package: iftex 2020/03/06 v1.0d TeX engine tests
))
\headdp=\dimen138
\footheight=\dimen139
\sidebarheight=\dimen140
\beamer@tempdim=\dimen141
\beamer@finalheight=\dimen142
\beamer@animht=\dimen143
\beamer@animdp=\dimen144
\beamer@animwd=\dimen145
\beamer@leftmargin=\dimen146
\beamer@rightmargin=\dimen147
\beamer@leftsidebar=\dimen148
\beamer@rightsidebar=\dimen149
\beamer@boxsize=\dimen150
\beamer@vboxoffset=\dimen151
\beamer@descdefault=\dimen152
\beamer@descriptionwidth=\dimen153
\beamer@lastskip=\skip47
\beamer@areabox=\box53
\beamer@animcurrent=\box54
\beamer@animshowbox=\box55
\beamer@sectionbox=\box56
\beamer@logobox=\box57
\beamer@linebox=\box58
\beamer@sectioncount=\count186
\beamer@subsubsectionmax=\count187
\beamer@subsectionmax=\count188
\beamer@sectionmax=\count189
\beamer@totalheads=\count190
\beamer@headcounter=\count191
\beamer@partstartpage=\count192
\beamer@sectionstartpage=\count193
\beamer@subsectionstartpage=\count194
\beamer@animationtempa=\count195
\beamer@animationtempb=\count196
\beamer@xpos=\count197
\beamer@ypos=\count198
\beamer@ypos@offset=\count199
\beamer@showpartnumber=\count266
\beamer@currentsubsection=\count267
\beamer@coveringdepth=\count268
\beamer@sectionadjust=\count269
\beamer@toclastsection=\count270
\beamer@tocsectionnumber=\count271

("C:/Users/aryan/AppData/Local/Programs/MiKTeX 2.9/tex/latex/beamer/beamerbaseo
ptions.sty"
("C:/Users/aryan/AppData/Local/Programs/MiKTeX 2.9/tex/latex/graphics/keyval.st
y"
Package: keyval 2014/10/28 v1.15 key=value parser (DPC)
\KV@toks@=\toks16
))
\beamer@paperwidth=\skip48
\beamer@paperheight=\skip49

("C:/Users/aryan/AppData/Local/Programs/MiKTeX 2.9/tex/latex/geometry/geometry.
sty"
Package: geometry 2020/01/02 v5.9 Page Geometry

("C:/Users/aryan/AppData/Local/Programs/MiKTeX 2.9/tex/generic/iftex/ifvtex.sty
"
Package: ifvtex 2019/10/25 v1.7 ifvtex legacy package. Use iftex instead.
)
\Gm@cnth=\count272
\Gm@cntv=\count273
\c@Gm@tempcnt=\count274
\Gm@bindingoffset=\dimen154
\Gm@wd@mp=\dimen155
\Gm@odd@mp=\dimen156
\Gm@even@mp=\dimen157
\Gm@layoutwidth=\dimen158
\Gm@layoutheight=\dimen159
\Gm@layouthoffset=\dimen160
\Gm@layoutvoffset=\dimen161
\Gm@dimlist=\toks17

("C:/Users/aryan/AppData/Local/Programs/MiKTeX 2.9/tex/latex/geometry/geometry.
cfg"))
("C:/Users/aryan/AppData/Local/Programs/MiKTeX 2.9/tex/latex/base/size10.clo"
File: size10.clo 2021/10/04 v1.4n Standard LaTeX file (size option)
luaotfload | db : Font names database loaded from C:/Users/aryan/AppData/Local/M
iKTeX/2.9/luatex-cache/generic/names/luaotfload-names.luc)
("C:/Users/aryan/AppData/Local/Programs/MiKTeX 2.9/tex/latex/pgf/basiclayer/pgf
core.sty"
("C:/Users/aryan/AppData/Local/Programs/MiKTeX 2.9/tex/latex/graphics/graphicx.
sty"
Package: graphicx 2021/09/16 v1.2d Enhanced LaTeX Graphics (DPC,SPQR)

("C:/Users/aryan/AppData/Local/Programs/MiKTeX 2.9/tex/latex/graphics/graphics.
sty"
Package: graphics 2021/03/04 v1.4d Standard LaTeX Graphics (DPC,SPQR)

("C:/Users/aryan/AppData/Local/Programs/MiKTeX 2.9/tex/latex/graphics/trig.sty"
Package: trig 2021/08/11 v1.11 sin cos tan (DPC)
)
("C:/Users/aryan/AppData/Local/Programs/MiKTeX 2.9/tex/latex/graphics-cfg/graph
ics.cfg"
File: graphics.cfg 2016/06/04 v1.11 sample graphics configuration
)
Package graphics Info: Driver file: luatex.def on input line 107.

("C:/Users/aryan/AppData/Local/Programs/MiKTeX 2.9/tex/latex/graphics-def/luate
x.def"
File: luatex.def 2021/06/01 v1.2c Graphics/color driver for luatex
))
\Gin@req@height=\dimen162
\Gin@req@width=\dimen163
)
("C:/Users/aryan/AppData/Local/Programs/MiKTeX 2.9/tex/latex/pgf/systemlayer/pg
fsys.sty"
("C:/Users/aryan/AppData/Local/Programs/MiKTeX 2.9/tex/latex/pgf/utilities/pgfr
cs.sty"
("C:/Users/aryan/AppData/Local/Programs/MiKTeX 2.9/tex/generic/pgf/utilities/pg
futil-common.tex"
\pgfutil@everybye=\toks18
\pgfutil@tempdima=\dimen164
\pgfutil@tempdimb=\dimen165

("C:/Users/aryan/AppData/Local/Programs/MiKTeX 2.9/tex/generic/pgf/utilities/pg
futil-common-lists.tex"))
("C:/Users/aryan/AppData/Local/Programs/MiKTeX 2.9/tex/generic/pgf/utilities/pg
futil-latex.def"
\pgfutil@abb=\box59
)
("C:/Users/aryan/AppData/Local/Programs/MiKTeX 2.9/tex/generic/pgf/utilities/pg
frcs.code.tex"
("C:/Users/aryan/AppData/Local/Programs/MiKTeX 2.9/tex/generic/pgf/pgf.revision
.tex")
Package: pgfrcs 2021/05/15 v3.1.9a (3.1.9a)
))
("C:/Users/aryan/AppData/Local/Programs/MiKTeX 2.9/tex/generic/pgf/systemlayer/
pgfsys.code.tex"
Package: pgfsys 2021/05/15 v3.1.9a (3.1.9a)

("C:/Users/aryan/AppData/Local/Programs/MiKTeX 2.9/tex/generic/pgf/utilities/pg
fkeys.code.tex"
\pgfkeys@pathtoks=\toks19
\pgfkeys@temptoks=\toks20

("C:/Users/aryan/AppData/Local/Programs/MiKTeX 2.9/tex/generic/pgf/utilities/pg
fkeysfiltered.code.tex"
\pgfkeys@tmptoks=\toks21
))
\pgf@x=\dimen166
\pgf@y=\dimen167
\pgf@xa=\dimen168
\pgf@ya=\dimen169
\pgf@xb=\dimen170
\pgf@yb=\dimen171
\pgf@xc=\dimen172
\pgf@yc=\dimen173
\pgf@xd=\dimen174
\pgf@yd=\dimen175
\w@pgf@writea=\write3
\r@pgf@reada=\read2
\c@pgf@counta=\count275
\c@pgf@countb=\count276
\c@pgf@countc=\count277
\c@pgf@countd=\count278
\t@pgf@toka=\toks22
\t@pgf@tokb=\toks23
\t@pgf@tokc=\toks24
\pgf@sys@id@count=\count279

("C:/Users/aryan/AppData/Local/Programs/MiKTeX 2.9/tex/generic/pgf/systemlayer/
pgf.cfg"
File: pgf.cfg 2021/05/15 v3.1.9a (3.1.9a)
)
Driver file for pgf: pgfsys-luatex.def

("C:/Users/aryan/AppData/Local/Programs/MiKTeX 2.9/tex/generic/pgf/systemlayer/
pgfsys-luatex.def"
File: pgfsys-luatex.def 2021/05/15 v3.1.9a (3.1.9a)

("C:/Users/aryan/AppData/Local/Programs/MiKTeX 2.9/tex/generic/pgf/systemlayer/
pgfsys-common-pdf.def"
File: pgfsys-common-pdf.def 2021/05/15 v3.1.9a (3.1.9a)
)))
("C:/Users/aryan/AppData/Local/Programs/MiKTeX 2.9/tex/generic/pgf/systemlayer/
pgfsyssoftpath.code.tex"
File: pgfsyssoftpath.code.tex 2021/05/15 v3.1.9a (3.1.9a)
\pgfsyssoftpath@smallbuffer@items=\count280
\pgfsyssoftpath@bigbuffer@items=\count281
)
("C:/Users/aryan/AppData/Local/Programs/MiKTeX 2.9/tex/generic/pgf/systemlayer/
pgfsysprotocol.code.tex"
File: pgfsysprotocol.code.tex 2021/05/15 v3.1.9a (3.1.9a)
))
("C:/Users/aryan/AppData/Local/Programs/MiKTeX 2.9/tex/latex/xcolor/xcolor.sty"
Package: xcolor 2021/10/31 v2.13 LaTeX color extensions (UK)

("C:/Users/aryan/AppData/Local/Programs/MiKTeX 2.9/tex/latex/graphics-cfg/color
.cfg"
File: color.cfg 2016/01/02 v1.6 sample color configuration
)
Package xcolor Info: Driver file: luatex.def on input line 227.
Package xcolor Info: Model `cmy' substituted by `cmy0' on input line 1352.
Package xcolor Info: Model `hsb' substituted by `rgb' on input line 1356.
Package xcolor Info: Model `RGB' extended on input line 1368.
Package xcolor Info: Model `HTML' substituted by `rgb' on input line 1370.
Package xcolor Info: Model `Hsb' substituted by `hsb' on input line 1371.
Package xcolor Info: Model `tHsb' substituted by `hsb' on input line 1372.
Package xcolor Info: Model `HSB' substituted by `hsb' on input line 1373.
Package xcolor Info: Model `Gray' substituted by `gray' on input line 1374.
Package xcolor Info: Model `wave' substituted by `hsb' on input line 1375.
)
("C:/Users/aryan/AppData/Local/Programs/MiKTeX 2.9/tex/generic/pgf/basiclayer/p
gfcore.code.tex"
Package: pgfcore 2021/05/15 v3.1.9a (3.1.9a)

("C:/Users/aryan/AppData/Local/Programs/MiKTeX 2.9/tex/generic/pgf/math/pgfmath
.code.tex"
("C:/Users/aryan/AppData/Local/Programs/MiKTeX 2.9/tex/generic/pgf/math/pgfmath
calc.code.tex"
("C:/Users/aryan/AppData/Local/Programs/MiKTeX 2.9/tex/generic/pgf/math/pgfmath
util.code.tex")
("C:/Users/aryan/AppData/Local/Programs/MiKTeX 2.9/tex/generic/pgf/math/pgfmath
parser.code.tex"
\pgfmath@dimen=\dimen176
\pgfmath@count=\count282
\pgfmath@box=\box60
\pgfmath@toks=\toks25
\pgfmath@stack@operand=\toks26
\pgfmath@stack@operation=\toks27
)
("C:/Users/aryan/AppData/Local/Programs/MiKTeX 2.9/tex/generic/pgf/math/pgfmath
functions.code.tex"
("C:/Users/aryan/AppData/Local/Programs/MiKTeX 2.9/tex/generic/pgf/math/pgfmath
functions.basic.code.tex")
("C:/Users/aryan/AppData/Local/Programs/MiKTeX 2.9/tex/generic/pgf/math/pgfmath
functions.trigonometric.code.tex")
("C:/Users/aryan/AppData/Local/Programs/MiKTeX 2.9/tex/generic/pgf/math/pgfmath
functions.random.code.tex")
("C:/Users/aryan/AppData/Local/Programs/MiKTeX 2.9/tex/generic/pgf/math/pgfmath
functions.comparison.code.tex")
("C:/Users/aryan/AppData/Local/Programs/MiKTeX 2.9/tex/generic/pgf/math/pgfmath
functions.base.code.tex")
("C:/Users/aryan/AppData/Local/Programs/MiKTeX 2.9/tex/generic/pgf/math/pgfmath
functions.round.code.tex")
("C:/Users/aryan/AppData/Local/Programs/MiKTeX 2.9/tex/generic/pgf/math/pgfmath
functions.misc.code.tex")
("C:/Users/aryan/AppData/Local/Programs/MiKTeX 2.9/tex/generic/pgf/math/pgfmath
functions.integerarithmetics.code.tex")))
("C:/Users/aryan/AppData/Local/Programs/MiKTeX 2.9/tex/generic/pgf/math/pgfmath
float.code.tex"
\c@pgfmathroundto@lastzeros=\count283
))
("C:/Users/aryan/AppData/Local/Programs/MiKTeX 2.9/tex/generic/pgf/math/pgfint.
code.tex")
("C:/Users/aryan/AppData/Local/Programs/MiKTeX 2.9/tex/generic/pgf/basiclayer/p
gfcorepoints.code.tex"
File: pgfcorepoints.code.tex 2021/05/15 v3.1.9a (3.1.9a)
\pgf@picminx=\dimen177
\pgf@picmaxx=\dimen178
\pgf@picminy=\dimen179
\pgf@picmaxy=\dimen180
\pgf@pathminx=\dimen181
\pgf@pathmaxx=\dimen182
\pgf@pathminy=\dimen183
\pgf@pathmaxy=\dimen184
\pgf@xx=\dimen185
\pgf@xy=\dimen186
\pgf@yx=\dimen187
\pgf@yy=\dimen188
\pgf@zx=\dimen189
\pgf@zy=\dimen190
)
("C:/Users/aryan/AppData/Local/Programs/MiKTeX 2.9/tex/generic/pgf/basiclayer/p
gfcorepathconstruct.code.tex"
File: pgfcorepathconstruct.code.tex 2021/05/15 v3.1.9a (3.1.9a)
\pgf@path@lastx=\dimen191
\pgf@path@lasty=\dimen192
)
("C:/Users/aryan/AppData/Local/Programs/MiKTeX 2.9/tex/generic/pgf/basiclayer/p
gfcorepathusage.code.tex"
File: pgfcorepathusage.code.tex 2021/05/15 v3.1.9a (3.1.9a)
\pgf@shorten@end@additional=\dimen193
\pgf@shorten@start@additional=\dimen194
)
("C:/Users/aryan/AppData/Local/Programs/MiKTeX 2.9/tex/generic/pgf/basiclayer/p
gfcorescopes.code.tex"
File: pgfcorescopes.code.tex 2021/05/15 v3.1.9a (3.1.9a)
\pgfpic=\box61
\pgf@hbox=\box62
\pgf@layerbox@main=\box63
\pgf@picture@serial@count=\count284
)
("C:/Users/aryan/AppData/Local/Programs/MiKTeX 2.9/tex/generic/pgf/basiclayer/p
gfcoregraphicstate.code.tex"
File: pgfcoregraphicstate.code.tex 2021/05/15 v3.1.9a (3.1.9a)
\pgflinewidth=\dimen195
)
("C:/Users/aryan/AppData/Local/Programs/MiKTeX 2.9/tex/generic/pgf/basiclayer/p
gfcoretransformations.code.tex"
File: pgfcoretransformations.code.tex 2021/05/15 v3.1.9a (3.1.9a)
\pgf@pt@x=\dimen196
\pgf@pt@y=\dimen197
\pgf@pt@temp=\dimen198
)
("C:/Users/aryan/AppData/Local/Programs/MiKTeX 2.9/tex/generic/pgf/basiclayer/p
gfcorequick.code.tex"
File: pgfcorequick.code.tex 2021/05/15 v3.1.9a (3.1.9a)
)
("C:/Users/aryan/AppData/Local/Programs/MiKTeX 2.9/tex/generic/pgf/basiclayer/p
gfcoreobjects.code.tex"
File: pgfcoreobjects.code.tex 2021/05/15 v3.1.9a (3.1.9a)
)
("C:/Users/aryan/AppData/Local/Programs/MiKTeX 2.9/tex/generic/pgf/basiclayer/p
gfcorepathprocessing.code.tex"
File: pgfcorepathprocessing.code.tex 2021/05/15 v3.1.9a (3.1.9a)
)
("C:/Users/aryan/AppData/Local/Programs/MiKTeX 2.9/tex/generic/pgf/basiclayer/p
gfcorearrows.code.tex"
File: pgfcorearrows.code.tex 2021/05/15 v3.1.9a (3.1.9a)
\pgfarrowsep=\dimen199
)
("C:/Users/aryan/AppData/Local/Programs/MiKTeX 2.9/tex/generic/pgf/basiclayer/p
gfcoreshade.code.tex"
File: pgfcoreshade.code.tex 2021/05/15 v3.1.9a (3.1.9a)
\pgf@max=\dimen256
\pgf@sys@shading@range@num=\count285
\pgf@shadingcount=\count286
)
("C:/Users/aryan/AppData/Local/Programs/MiKTeX 2.9/tex/generic/pgf/basiclayer/p
gfcoreimage.code.tex"
File: pgfcoreimage.code.tex 2021/05/15 v3.1.9a (3.1.9a)

("C:/Users/aryan/AppData/Local/Programs/MiKTeX 2.9/tex/generic/pgf/basiclayer/p
gfcoreexternal.code.tex"
File: pgfcoreexternal.code.tex 2021/05/15 v3.1.9a (3.1.9a)
\pgfexternal@startupbox=\box64
))
("C:/Users/aryan/AppData/Local/Programs/MiKTeX 2.9/tex/generic/pgf/basiclayer/p
gfcorelayers.code.tex"
File: pgfcorelayers.code.tex 2021/05/15 v3.1.9a (3.1.9a)
)
("C:/Users/aryan/AppData/Local/Programs/MiKTeX 2.9/tex/generic/pgf/basiclayer/p
gfcoretransparency.code.tex"
File: pgfcoretransparency.code.tex 2021/05/15 v3.1.9a (3.1.9a)
)
("C:/Users/aryan/AppData/Local/Programs/MiKTeX 2.9/tex/generic/pgf/basiclayer/p
gfcorepatterns.code.tex"
File: pgfcorepatterns.code.tex 2021/05/15 v3.1.9a (3.1.9a)
)
("C:/Users/aryan/AppData/Local/Programs/MiKTeX 2.9/tex/generic/pgf/basiclayer/p
gfcorerdf.code.tex"
File: pgfcorerdf.code.tex 2021/05/15 v3.1.9a (3.1.9a)
)))
("C:/Users/aryan/AppData/Local/Programs/MiKTeX 2.9/tex/latex/pgf/utilities/xxco
lor.sty"
Package: xxcolor 2003/10/24 ver 0.1
\XC@nummixins=\count287
\XC@countmixins=\count288
)
("C:/Users/aryan/AppData/Local/Programs/MiKTeX 2.9/tex/latex/base/atbegshi-ltx.
sty"
Package: atbegshi-ltx 2021/01/10 v1.0c Emulation of the original atbegshi
package with kernel methods
)
("C:/Users/aryan/AppData/Local/Programs/MiKTeX 2.9/tex/latex/hyperref/hyperref.
sty"
Package: hyperref 2021-06-07 v7.00m Hypertext links for LaTeX

("C:/Users/aryan/AppData/Local/Programs/MiKTeX 2.9/tex/generic/ltxcmds/ltxcmds.
sty"
Package: ltxcmds 2020-05-10 v1.25 LaTeX kernel commands for general use (HO)
)
("C:/Users/aryan/AppData/Local/Programs/MiKTeX 2.9/tex/generic/pdftexcmds/pdfte
xcmds.sty"
Package: pdftexcmds 2020-06-27 v0.33 Utility functions of pdfTeX for LuaTeX (HO
)

("C:/Users/aryan/AppData/Local/Programs/MiKTeX 2.9/tex/generic/infwarerr/infwar
err.sty"
Package: infwarerr 2019/12/03 v1.5 Providing info/warning/error messages (HO)
)
Package pdftexcmds Info: \pdf@primitive is available.
Package pdftexcmds Info: \pdf@ifprimitive is available.
Package pdftexcmds Info: \pdfdraftmode found.
\pdftexcmds@toks=\toks28
)
("C:/Users/aryan/AppData/Local/Programs/MiKTeX 2.9/tex/generic/kvsetkeys/kvsetk
eys.sty"
Package: kvsetkeys 2019/12/15 v1.18 Key value parser (HO)
)
("C:/Users/aryan/AppData/Local/Programs/MiKTeX 2.9/tex/generic/kvdefinekeys/kvd
efinekeys.sty"
Package: kvdefinekeys 2019-12-19 v1.6 Define keys (HO)
)
("C:/Users/aryan/AppData/Local/Programs/MiKTeX 2.9/tex/generic/pdfescape/pdfesc
ape.sty"
Package: pdfescape 2019/12/09 v1.15 Implements pdfTeX's escape features (HO)
)
("C:/Users/aryan/AppData/Local/Programs/MiKTeX 2.9/tex/latex/hycolor/hycolor.st
y"
Package: hycolor 2020-01-27 v1.10 Color options for hyperref/bookmark (HO)
)
("C:/Users/aryan/AppData/Local/Programs/MiKTeX 2.9/tex/latex/letltxmacro/letltx
macro.sty"
Package: letltxmacro 2019/12/03 v1.6 Let assignment for LaTeX macros (HO)
)
("C:/Users/aryan/AppData/Local/Programs/MiKTeX 2.9/tex/latex/auxhook/auxhook.st
y"
Package: auxhook 2019-12-17 v1.6 Hooks for auxiliary files (HO)
)
("C:/Users/aryan/AppData/Local/Programs/MiKTeX 2.9/tex/latex/kvoptions/kvoption
s.sty"
Package: kvoptions 2020-10-07 v3.14 Key value format for package options (HO)
)
\@linkdim=\dimen257
\Hy@linkcounter=\count289
\Hy@pagecounter=\count290

("C:/Users/aryan/AppData/Local/Programs/MiKTeX 2.9/tex/latex/hyperref/pd1enc.de
f"
File: pd1enc.def 2021-06-07 v7.00m Hyperref: PDFDocEncoding definition (HO)
)
("C:/Users/aryan/AppData/Local/Programs/MiKTeX 2.9/tex/latex/hyperref/hyperref-
langpatches.def"
File: hyperref-langpatches.def 2021-06-07 v7.00m Hyperref: patches for babel la
nguages
)
("C:/Users/aryan/AppData/Local/Programs/MiKTeX 2.9/tex/generic/intcalc/intcalc.
sty"
Package: intcalc 2019/12/15 v1.3 Expandable calculations with integers (HO)
)
("C:/Users/aryan/AppData/Local/Programs/MiKTeX 2.9/tex/generic/etexcmds/etexcmd
s.sty"
Package: etexcmds 2019/12/15 v1.7 Avoid name clashes with e-TeX commands (HO)
)
\Hy@SavedSpaceFactor=\count291

("C:/Users/aryan/AppData/Local/Programs/MiKTeX 2.9/tex/latex/hyperref/puenc.def
"
File: puenc.def 2021-06-07 v7.00m Hyperref: PDF Unicode definition (HO)
)
Package hyperref Info: Option `bookmarks' set `true' on input line 4073.
Package hyperref Info: Option `bookmarksopen' set `true' on input line 4073.
Package hyperref Info: Option `implicit' set `false' on input line 4073.
Package hyperref Info: Hyper figures OFF on input line 4192.
Package hyperref Info: Link nesting OFF on input line 4197.
Package hyperref Info: Hyper index ON on input line 4200.
Package hyperref Info: Plain pages OFF on input line 4207.
Package hyperref Info: Backreferencing OFF on input line 4212.
Package hyperref Info: Implicit mode OFF; no redefinition of LaTeX internals.
Package hyperref Info: Bookmarks ON on input line 4445.
\c@Hy@tempcnt=\count292
 ("C:/Users/aryan/AppData/Local/Programs/MiKTeX 2.9/tex/latex/url/url.sty"
\Urlmuskip=\muskip16
Package: url 2013/09/16  ver 3.4  Verb mode for urls, etc.
)
LaTeX Info: Redefining \url on input line 4804.
\XeTeXLinkMargin=\dimen258

("C:/Users/aryan/AppData/Local/Programs/MiKTeX 2.9/tex/generic/bitset/bitset.st
y"
Package: bitset 2019/12/09 v1.3 Handle bit-vector datatype (HO)

("C:/Users/aryan/AppData/Local/Programs/MiKTeX 2.9/tex/generic/bigintcalc/bigin
tcalc.sty"
Package: bigintcalc 2019/12/15 v1.5 Expandable calculations on big integers (HO
)
))
\Fld@menulength=\count293
\Field@Width=\dimen259
\Fld@charsize=\dimen260
Package hyperref Info: Hyper figures OFF on input line 6076.
Package hyperref Info: Link nesting OFF on input line 6081.
Package hyperref Info: Hyper index ON on input line 6084.
Package hyperref Info: backreferencing OFF on input line 6091.
Package hyperref Info: Link coloring OFF on input line 6096.
Package hyperref Info: Link coloring with OCG OFF on input line 6101.
Package hyperref Info: PDF/A mode OFF on input line 6106.
LaTeX Info: Redefining \ref on input line 6146.
LaTeX Info: Redefining \pageref on input line 6150.
\Hy@abspage=\count294


Package hyperref Message: Stopped early.

)
Package hyperref Info: Driver (autodetected): hluatex.

("C:/Users/aryan/AppData/Local/Programs/MiKTeX 2.9/tex/latex/hyperref/hluatex.d
ef"
File: hluatex.def 2021-06-07 v7.00m Hyperref driver for luaTeX

("C:/Users/aryan/AppData/Local/Programs/MiKTeX 2.9/tex/generic/stringenc/string
enc.sty"
Package: stringenc 2019/11/29 v1.12 Convert strings between diff. encodings (HO
)
)
("C:/Users/aryan/AppData/Local/Programs/MiKTeX 2.9/tex/latex/base/atveryend-ltx
.sty"
Package: atveryend-ltx 2020/08/19 v1.0a Emulation of the original atveryend pac
kage
with kernel methods
)
\Fld@listcount=\count295
\c@bookmark@seq@number=\count296

("C:/Users/aryan/AppData/Local/Programs/MiKTeX 2.9/tex/latex/rerunfilecheck/rer
unfilecheck.sty"
Package: rerunfilecheck 2019/12/05 v1.9 Rerun checks for auxiliary files (HO)

("C:/Users/aryan/AppData/Local/Programs/MiKTeX 2.9/tex/generic/uniquecounter/un
iquecounter.sty"
Package: uniquecounter 2019/12/15 v1.4 Provide unlimited unique counter (HO)
)
Package uniquecounter Info: New unique counter `rerunfilecheck' on input line 2
86.
))
("C:/Users/aryan/AppData/Local/Programs/MiKTeX 2.9/tex/latex/beamer/beamerbaser
equires.sty"
("C:/Users/aryan/AppData/Local/Programs/MiKTeX 2.9/tex/latex/beamer/beamerbasec
ompatibility.sty")
("C:/Users/aryan/AppData/Local/Programs/MiKTeX 2.9/tex/latex/beamer/beamerbasef
ont.sty"
("C:/Users/aryan/AppData/Local/Programs/MiKTeX 2.9/tex/latex/amsfonts/amssymb.s
ty"
Package: amssymb 2013/01/14 v3.01 AMS font symbols

("C:/Users/aryan/AppData/Local/Programs/MiKTeX 2.9/tex/latex/amsfonts/amsfonts.
sty"
Package: amsfonts 2013/01/14 v3.01 Basic AMSFonts support
\@emptytoks=\toks29
\symAMSa=\mathgroup4
\symAMSb=\mathgroup5
LaTeX Font Info:    Redeclaring math symbol \hbar on input line 98.
LaTeX Font Info:    Overwriting math alphabet `\mathfrak' in version `bold'
(Font)                  U/euf/m/n --> U/euf/b/n on input line 106.
))
("C:/Users/aryan/AppData/Local/Programs/MiKTeX 2.9/tex/latex/sansmathaccent/san
smathaccent.sty"
Package: sansmathaccent 2020/01/31

("C:/Users/aryan/AppData/Local/Programs/MiKTeX 2.9/tex/latex/koma-script/scrlfi
le.sty"
Package: scrlfile 2021/06/25 v3.34 KOMA-Script package (file load hooks)

("C:/Users/aryan/AppData/Local/Programs/MiKTeX 2.9/tex/latex/koma-script/scrlfi
le-hook.sty"
Package: scrlfile-hook 2021/06/25 v3.34 KOMA-Script package (using LaTeX hooks)


("C:/Users/aryan/AppData/Local/Programs/MiKTeX 2.9/tex/latex/koma-script/scrlog
o.sty"
Package: scrlogo 2021/06/25 v3.34 KOMA-Script package (logo)
)))

LaTeX hooks Warning: Generic hook 'file/before/bm.sty' is deprecated.
(hooks)              Use hook 'file/bm.sty/before' instead.

))
("C:/Users/aryan/AppData/Local/Programs/MiKTeX 2.9/tex/latex/beamer/beamerbaset
ranslator.sty"
("C:/Users/aryan/AppData/Local/Programs/MiKTeX 2.9/tex/latex/translator/transla
tor.sty"
Package: translator 2021-05-31 v1.12d Easy translation of strings in LaTeX
))
("C:/Users/aryan/AppData/Local/Programs/MiKTeX 2.9/tex/latex/beamer/beamerbasem
isc.sty")
("C:/Users/aryan/AppData/Local/Programs/MiKTeX 2.9/tex/latex/beamer/beamerbaset
woscreens.sty")
("C:/Users/aryan/AppData/Local/Programs/MiKTeX 2.9/tex/latex/beamer/beamerbaseo
verlay.sty"
\beamer@argscount=\count297
\beamer@lastskipcover=\skip50
\beamer@trivlistdepth=\count298
)
("C:/Users/aryan/AppData/Local/Programs/MiKTeX 2.9/tex/latex/beamer/beamerbaset
itle.sty")
("C:/Users/aryan/AppData/Local/Programs/MiKTeX 2.9/tex/latex/beamer/beamerbases
ection.sty"
\c@lecture=\count299
\c@part=\count300
\c@section=\count301
\c@subsection=\count302
\c@subsubsection=\count303
)
("C:/Users/aryan/AppData/Local/Programs/MiKTeX 2.9/tex/latex/beamer/beamerbasef
rame.sty"
\beamer@framebox=\box65
\beamer@frametitlebox=\box66
\beamer@zoombox=\box67
\beamer@zoomcount=\count304
\beamer@zoomframecount=\count305
\beamer@frametextheight=\dimen261
\c@subsectionslide=\count306
\beamer@frametopskip=\skip51
\beamer@framebottomskip=\skip52
\beamer@frametopskipautobreak=\skip53
\beamer@framebottomskipautobreak=\skip54
\beamer@envbody=\toks30
\framewidth=\dimen262
\c@framenumber=\count307
)
("C:/Users/aryan/AppData/Local/Programs/MiKTeX 2.9/tex/latex/beamer/beamerbasev
erbatim.sty"
\beamer@verbatimfileout=\write4
)
("C:/Users/aryan/AppData/Local/Programs/MiKTeX 2.9/tex/latex/beamer/beamerbasef
ramesize.sty"
\beamer@splitbox=\box68
\beamer@autobreakcount=\count308
\beamer@autobreaklastheight=\dimen263
\beamer@frametitletoks=\toks31
\beamer@framesubtitletoks=\toks32
)
("C:/Users/aryan/AppData/Local/Programs/MiKTeX 2.9/tex/latex/beamer/beamerbasef
ramecomponents.sty"
\beamer@footins=\box69
)
("C:/Users/aryan/AppData/Local/Programs/MiKTeX 2.9/tex/latex/beamer/beamerbasec
olor.sty")
("C:/Users/aryan/AppData/Local/Programs/MiKTeX 2.9/tex/latex/beamer/beamerbasen
otes.sty"
\beamer@frameboxcopy=\box70
)
("C:/Users/aryan/AppData/Local/Programs/MiKTeX 2.9/tex/latex/beamer/beamerbaset
oc.sty")
("C:/Users/aryan/AppData/Local/Programs/MiKTeX 2.9/tex/latex/beamer/beamerbaset
emplates.sty"
\beamer@sbttoks=\toks33

("C:/Users/aryan/AppData/Local/Programs/MiKTeX 2.9/tex/latex/beamer/beamerbasea
uxtemplates.sty"
("C:/Users/aryan/AppData/Local/Programs/MiKTeX 2.9/tex/latex/beamer/beamerbaseb
oxes.sty"
\bmb@box=\box71
\bmb@colorbox=\box72
\bmb@boxwidth=\dimen264
\bmb@boxheight=\dimen265
\bmb@prevheight=\dimen266
\bmb@temp=\dimen267
\bmb@dima=\dimen268
\bmb@dimb=\dimen269
\bmb@prevheight=\dimen270
)
\beamer@blockheadheight=\dimen271
))
("C:/Users/aryan/AppData/Local/Programs/MiKTeX 2.9/tex/latex/beamer/beamerbasel
ocalstructure.sty"
("C:/Users/aryan/AppData/Local/Programs/MiKTeX 2.9/tex/latex/tools/enumerate.st
y"
Package: enumerate 2015/07/23 v3.00 enumerate extensions (DPC)
\@enLab=\toks34
)
\beamer@bibiconwidth=\skip55
\c@figure=\count309
\c@table=\count310
\abovecaptionskip=\skip56
\belowcaptionskip=\skip57
)
("C:/Users/aryan/AppData/Local/Programs/MiKTeX 2.9/tex/latex/beamer/beamerbasen
avigation.sty"
\beamer@section@min@dim=\dimen272
)
("C:/Users/aryan/AppData/Local/Programs/MiKTeX 2.9/tex/latex/beamer/beamerbaset
heorems.sty"
("C:/Users/aryan/AppData/Local/Programs/MiKTeX 2.9/tex/latex/amsmath/amsmath.st
y"
Package: amsmath 2021/10/15 v2.17l AMS math features
\@mathmargin=\skip58

For additional information on amsmath, use the `?' option.

("C:/Users/aryan/AppData/Local/Programs/MiKTeX 2.9/tex/latex/amsmath/amstext.st
y"
Package: amstext 2021/08/26 v2.01 AMS text

("C:/Users/aryan/AppData/Local/Programs/MiKTeX 2.9/tex/latex/amsmath/amsgen.sty
"
File: amsgen.sty 1999/11/30 v2.0 generic functions
\@emptytoks=\toks35
\ex@=\dimen273
))
("C:/Users/aryan/AppData/Local/Programs/MiKTeX 2.9/tex/latex/amsmath/amsbsy.sty
"
Package: amsbsy 1999/11/29 v1.2d Bold Symbols
\pmbraise@=\dimen274
)
("C:/Users/aryan/AppData/Local/Programs/MiKTeX 2.9/tex/latex/amsmath/amsopn.sty
"
Package: amsopn 2021/08/26 v2.02 operator names
)
\inf@bad=\count311
LaTeX Info: Redefining \frac on input line 236.
\uproot@=\count312
\leftroot@=\count313
LaTeX Info: Redefining \overline on input line 399.
\classnum@=\count314
\DOTSCASE@=\count315
LaTeX Info: Redefining \ldots on input line 496.
LaTeX Info: Redefining \dots on input line 499.
LaTeX Info: Redefining \cdots on input line 620.
\Mathstrutbox@=\box73
\strutbox@=\box74
\big@size=\dimen275
LaTeX Font Info:    Redeclaring font encoding OML on input line 743.
LaTeX Font Info:    Redeclaring font encoding OMS on input line 744.
\macc@depth=\count316
\c@MaxMatrixCols=\count317
\dotsspace@=\muskip17
\c@parentequation=\count318
\dspbrk@lvl=\count319
\tag@help=\toks36
\row@=\count320
\column@=\count321
\maxfields@=\count322
\andhelp@=\toks37
\eqnshift@=\dimen276
\alignsep@=\dimen277
\tagshift@=\dimen278
\tagwidth@=\dimen279
\totwidth@=\dimen280
\lineht@=\dimen281
\@envbody=\toks38
\multlinegap=\skip59
\multlinetaggap=\skip60
\mathdisplay@stack=\toks39
LaTeX Info: Redefining \[ on input line 2938.
LaTeX Info: Redefining \] on input line 2939.
)
("C:/Users/aryan/AppData/Local/Programs/MiKTeX 2.9/tex/latex/amscls/amsthm.sty"
Package: amsthm 2020/05/29 v2.20.6
\thm@style=\toks40
\thm@bodyfont=\toks41
\thm@headfont=\toks42
\thm@notefont=\toks43
\thm@headpunct=\toks44
\thm@preskip=\skip61
\thm@postskip=\skip62
\thm@headsep=\skip63
\dth@everypar=\toks45
)
\c@theorem=\count323
)
("C:/Users/aryan/AppData/Local/Programs/MiKTeX 2.9/tex/latex/beamer/beamerbaset
hemes.sty"))
("C:/Users/aryan/AppData/Local/Programs/MiKTeX 2.9/tex/latex/beamer/beamertheme
default.sty"
("C:/Users/aryan/AppData/Local/Programs/MiKTeX 2.9/tex/latex/beamer/beamerfontt
hemedefault.sty")
("C:/Users/aryan/AppData/Local/Programs/MiKTeX 2.9/tex/latex/beamer/beamercolor
themedefault.sty")
("C:/Users/aryan/AppData/Local/Programs/MiKTeX 2.9/tex/latex/beamer/beamerinner
themedefault.sty"
\beamer@dima=\dimen282
\beamer@dimb=\dimen283
)
("C:/Users/aryan/AppData/Local/Programs/MiKTeX 2.9/tex/latex/beamer/beamerouter
themedefault.sty")))
("C:/Users/aryan/AppData/Local/Programs/MiKTeX 2.9/tex/latex/beamertheme-metrop
olis/beamerthememetropolis.sty"
Package: beamerthememetropolis 2017/01/23 v1.2 Metropolis Beamer theme

("C:/Users/aryan/AppData/Local/Programs/MiKTeX 2.9/tex/latex/pgfopts/pgfopts.st
y"
Package: pgfopts 2014/07/10 v2.1a LaTeX package options with pgfkeys

("C:/Users/aryan/AppData/Local/Programs/MiKTeX 2.9/tex/latex/pgf/utilities/pgfk
eys.sty"
("C:/Users/aryan/AppData/Local/Programs/MiKTeX 2.9/tex/generic/pgf/utilities/pg
fkeys.code.tex"))
\pgfopts@list@add@a@toks=\toks46
\pgfopts@list@add@b@toks=\toks47
)
("C:/Users/aryan/AppData/Local/Programs/MiKTeX 2.9/tex/latex/beamertheme-metrop
olis/beamerinnerthememetropolis.sty"
Package: beamerinnerthememetropolis 2017/01/23 Metropolis inner theme

("C:/Users/aryan/AppData/Local/Programs/MiKTeX 2.9/tex/latex/tools/calc.sty"
Package: calc 2017/05/25 v4.3 Infix arithmetic (KKT,FJ)
\calc@Acount=\count324
\calc@Bcount=\count325
\calc@Adimen=\dimen284
\calc@Bdimen=\dimen285
\calc@Askip=\skip64
\calc@Bskip=\skip65
LaTeX Info: Redefining \setlength on input line 80.
LaTeX Info: Redefining \addtolength on input line 81.
\calc@Ccount=\count326
\calc@Cskip=\skip66
)
("C:/Users/aryan/AppData/Local/Programs/MiKTeX 2.9/tex/latex/pgf/frontendlayer/
tikz.sty"
("C:/Users/aryan/AppData/Local/Programs/MiKTeX 2.9/tex/latex/pgf/basiclayer/pgf
.sty"
Package: pgf 2021/05/15 v3.1.9a (3.1.9a)

("C:/Users/aryan/AppData/Local/Programs/MiKTeX 2.9/tex/generic/pgf/modules/pgfm
oduleshapes.code.tex"
File: pgfmoduleshapes.code.tex 2021/05/15 v3.1.9a (3.1.9a)
\pgfnodeparttextbox=\box75
)
("C:/Users/aryan/AppData/Local/Programs/MiKTeX 2.9/tex/generic/pgf/modules/pgfm
oduleplot.code.tex"
File: pgfmoduleplot.code.tex 2021/05/15 v3.1.9a (3.1.9a)
)
("C:/Users/aryan/AppData/Local/Programs/MiKTeX 2.9/tex/latex/pgf/compatibility/
pgfcomp-version-0-65.sty"
Package: pgfcomp-version-0-65 2021/05/15 v3.1.9a (3.1.9a)
\pgf@nodesepstart=\dimen286
\pgf@nodesepend=\dimen287
)
("C:/Users/aryan/AppData/Local/Programs/MiKTeX 2.9/tex/latex/pgf/compatibility/
pgfcomp-version-1-18.sty"
Package: pgfcomp-version-1-18 2021/05/15 v3.1.9a (3.1.9a)
))
("C:/Users/aryan/AppData/Local/Programs/MiKTeX 2.9/tex/latex/pgf/utilities/pgff
or.sty"
("C:/Users/aryan/AppData/Local/Programs/MiKTeX 2.9/tex/latex/pgf/math/pgfmath.s
ty"
("C:/Users/aryan/AppData/Local/Programs/MiKTeX 2.9/tex/generic/pgf/math/pgfmath
.code.tex"))
("C:/Users/aryan/AppData/Local/Programs/MiKTeX 2.9/tex/generic/pgf/utilities/pg
ffor.code.tex"
Package: pgffor 2021/05/15 v3.1.9a (3.1.9a)

("C:/Users/aryan/AppData/Local/Programs/MiKTeX 2.9/tex/generic/pgf/math/pgfmath
.code.tex")
\pgffor@iter=\dimen288
\pgffor@skip=\dimen289
\pgffor@stack=\toks48
\pgffor@toks=\toks49
))
("C:/Users/aryan/AppData/Local/Programs/MiKTeX 2.9/tex/generic/pgf/frontendlaye
r/tikz/tikz.code.tex"
Package: tikz 2021/05/15 v3.1.9a (3.1.9a)

("C:/Users/aryan/AppData/Local/Programs/MiKTeX 2.9/tex/generic/pgf/libraries/pg
flibraryplothandlers.code.tex"
File: pgflibraryplothandlers.code.tex 2021/05/15 v3.1.9a (3.1.9a)
\pgf@plot@mark@count=\count327
\pgfplotmarksize=\dimen290
)
\tikz@lastx=\dimen291
\tikz@lasty=\dimen292
\tikz@lastxsaved=\dimen293
\tikz@lastysaved=\dimen294
\tikz@lastmovetox=\dimen295
\tikz@lastmovetoy=\dimen296
\tikzleveldistance=\dimen297
\tikzsiblingdistance=\dimen298
\tikz@figbox=\box76
\tikz@figbox@bg=\box77
\tikz@tempbox=\box78
\tikz@tempbox@bg=\box79
\tikztreelevel=\count328
\tikznumberofchildren=\count329
\tikznumberofcurrentchild=\count330
\tikz@fig@count=\count331

("C:/Users/aryan/AppData/Local/Programs/MiKTeX 2.9/tex/generic/pgf/modules/pgfm
odulematrix.code.tex"
File: pgfmodulematrix.code.tex 2021/05/15 v3.1.9a (3.1.9a)
\pgfmatrixcurrentrow=\count332
\pgfmatrixcurrentcolumn=\count333
\pgf@matrix@numberofcolumns=\count334
)
\tikz@expandcount=\count335

("C:/Users/aryan/AppData/Local/Programs/MiKTeX 2.9/tex/generic/pgf/frontendlaye
r/tikz/libraries/tikzlibrarytopaths.code.tex"
File: tikzlibrarytopaths.code.tex 2021/05/15 v3.1.9a (3.1.9a)
)))
\metropolis@titleseparator@linewidth=\skip67
\metropolis@progressonsectionpage=\skip68
\metropolis@progressonsectionpage@linewidth=\skip69
\metropolis@blocksep=\skip70
\metropolis@blockadjust=\skip71
\metropolis@parskip=\skip72
)
("C:/Users/aryan/AppData/Local/Programs/MiKTeX 2.9/tex/latex/beamertheme-metrop
olis/beamerouterthememetropolis.sty"
Package: beamerouterthememetropolis 2017/01/23 Metropolis outer theme
\metropolis@frametitle@padding=\skip73
\metropolis@progressinheadfoot=\skip74
\metropolis@progressinheadfoot@linewidth=\skip75
)
("C:/Users/aryan/AppData/Local/Programs/MiKTeX 2.9/tex/latex/beamertheme-metrop
olis/beamercolorthememetropolis.sty"
Package: beamercolorthememetropolis 2017/01/23 Metropolis color theme
)
("C:/Users/aryan/AppData/Local/Programs/MiKTeX 2.9/tex/latex/beamertheme-metrop
olis/beamerfontthememetropolis.sty"
Package: beamerfontthememetropolis 2017/01/23 Metropolis font theme

("C:/Users/aryan/AppData/Local/Programs/MiKTeX 2.9/tex/generic/iftex/ifxetex.st
y"
Package: ifxetex 2019/10/25 v0.7 ifxetex legacy package. Use iftex instead.
)
("C:/Users/aryan/AppData/Local/Programs/MiKTeX 2.9/tex/generic/iftex/ifluatex.s
ty"
Package: ifluatex 2019/10/25 v1.5 ifluatex legacy package. Use iftex instead.
)
("C:/Users/aryan/AppData/Local/Programs/MiKTeX 2.9/tex/latex/fontspec/fontspec.
sty"
("C:/Users/aryan/AppData/Local/Programs/MiKTeX 2.9/tex/latex/l3packages/xparse/
xparse.sty"
("C:/Users/aryan/AppData/Local/Programs/MiKTeX 2.9/tex/latex/l3kernel/expl3.sty
"
Package: expl3 2021-11-12 L3 programming layer (loader) 

("C:/Users/aryan/AppData/Local/Programs/MiKTeX 2.9/tex/latex/l3backend/l3backen
d-luatex.def"
File: l3backend-luatex.def 2021-10-18 L3 backend support: PDF output (LuaTeX)
\l__color_backend_stack_int=\count336
\l__pdf_internal_box=\box80
))
Package: xparse 2021-11-12 L3 Experimental document command parser
)
Package: fontspec 2020/02/21 v2.7i Font selection for XeLaTeX and LuaLaTeX
Lua module: fontspec 2020/02/21 2.7i Font selection for XeLaTeX and LuaLaTeX
("C:/Users/aryan/AppData/Local/Programs/MiKTeX 2.9/tex/latex/fontspec/fontspec-
luatex.sty"
Package: fontspec-luatex 2020/02/21 v2.7i Font selection for XeLaTeX and LuaLaT
eX
\l__fontspec_script_int=\count337
\l__fontspec_language_int=\count338
\l__fontspec_strnum_int=\count339
\l__fontspec_tmp_int=\count340
\l__fontspec_tmpa_int=\count341
\l__fontspec_tmpb_int=\count342
\l__fontspec_tmpc_int=\count343
\l__fontspec_em_int=\count344
\l__fontspec_emdef_int=\count345
\l__fontspec_strong_int=\count346
\l__fontspec_strongdef_int=\count347
\l__fontspec_tmpa_dim=\dimen299
\l__fontspec_tmpb_dim=\dimen300
\l__fontspec_tmpc_dim=\dimen301

("C:/Users/aryan/AppData/Local/Programs/MiKTeX 2.9/tex/latex/base/fontenc.sty"
Package: fontenc 2021/04/29 v2.0v Standard LaTeX package
)
("C:/Users/aryan/AppData/Local/Programs/MiKTeX 2.9/tex/latex/fontspec/fontspec.
cfg")))
\c@fontsnotfound=\count348
luaotfload | cache : Lookup cache loaded from C:/Users/aryan/AppData/Local/MiKTe
X/2.9/luatex-cache/generic/names/luaotfload-lookup-cache.luc.

Package fontspec Info: Font family 'FiraSansLight(0)' created for font 'Fira
(fontspec)             Sans Light' with options
(fontspec)             [Ligatures=TeX,ItalicFont={Fira Sans Light
(fontspec)             Italic},BoldFont={Fira Sans},BoldItalicFont={Fira Sans
(fontspec)             Italic}].
(fontspec)              
(fontspec)              This font family consists of the following NFSS
(fontspec)             series/shapes:
(fontspec)              
(fontspec)             - 'normal' (m/n) with NFSS spec.:
(fontspec)             <->"FiraSansLight:mode=node;script=latn;language=dflt;+t
lig;"
(fontspec)             - 'small caps'  (m/sc) with NFSS spec.:
(fontspec)             <->"FiraSansLight:mode=node;script=latn;language=dflt;+t
lig;+smcp;"
(fontspec)             - 'bold' (b/n) with NFSS spec.:
(fontspec)             <->"FiraSans:mode=node;script=latn;language=dflt;+tlig;"

(fontspec)             - 'bold small caps'  (b/sc) with NFSS spec.:
(fontspec)             <->"FiraSans:mode=node;script=latn;language=dflt;+tlig;+
smcp;"
(fontspec)             - 'italic' (m/it) with NFSS spec.:
(fontspec)             <->"FiraSansLightItalic:mode=node;script=latn;language=d
flt;+tlig;"
(fontspec)             - 'italic small caps'  (m/scit) with NFSS spec.:
(fontspec)             <->"FiraSansLightItalic:mode=node;script=latn;language=d
flt;+tlig;+smcp;"
(fontspec)             - 'bold italic' (b/it) with NFSS spec.:
(fontspec)             <->"FiraSansItalic:mode=node;script=latn;language=dflt;+
tlig;"
(fontspec)             - 'bold italic small caps'  (b/scit) with NFSS spec.:
(fontspec)             <->"FiraSansItalic:mode=node;script=latn;language=dflt;+
tlig;+smcp;"


Package fontspec Info: Could not resolve font "FiraMonoMedium/I" (it probably
(fontspec)             doesn't exist).

luaotfload | aux : font no 45 (nil) does not define feature smcp for script latn
 with language dflt
luaotfload | aux : font no 46 (nil) does not define feature smcp for script latn
 with language dflt
luaotfload | aux : font no 47 (nil) does not define feature smcp for script latn
 with language dflt
luaotfload | aux : font no 48 (nil) does not define feature smcp for script latn
 with language dflt

Package fontspec Info: Font family 'FiraMono(0)' created for font 'Fira Mono'
(fontspec)             with options
(fontspec)             [WordSpace={1,0,0},HyphenChar=None,PunctuationSpace=Word
Space,BoldFont={Fira
(fontspec)             Mono Medium}].
(fontspec)              
(fontspec)              This font family consists of the following NFSS
(fontspec)             series/shapes:
(fontspec)              
(fontspec)             - 'normal' (m/n) with NFSS spec.:
(fontspec)             <->"FiraMono:mode=node;script=latn;language=dflt;"
(fontspec)             - 'small caps'  (m/sc) with NFSS spec.: 
(fontspec)             and font adjustment code:
(fontspec)             \fontdimen 2\font =1\fontdimen 2\font \fontdimen 3\font
(fontspec)             =0\fontdimen 3\font \fontdimen 4\font =0\fontdimen
(fontspec)             4\font \fontdimen 7\font =0\fontdimen 2\font
(fontspec)             \tex_hyphenchar:D \font =-1\scan_stop: 
(fontspec)             - 'bold' (b/n) with NFSS spec.:
(fontspec)             <->"FiraMonoMedium:mode=node;script=latn;language=dflt;"

(fontspec)             - 'bold small caps'  (b/sc) with NFSS spec.: 
(fontspec)             and font adjustment code:
(fontspec)             \fontdimen 2\font =1\fontdimen 2\font \fontdimen 3\font
(fontspec)             =0\fontdimen 3\font \fontdimen 4\font =0\fontdimen
(fontspec)             4\font \fontdimen 7\font =0\fontdimen 2\font
(fontspec)             \tex_hyphenchar:D \font =-1\scan_stop: 
(fontspec)             - 'italic' (m/it) with NFSS spec.:
(fontspec)             <->"FiraMono/I:mode=node;script=latn;language=dflt;"
(fontspec)             - 'italic small caps'  (m/scit) with NFSS spec.: 
(fontspec)             and font adjustment code:
(fontspec)             \fontdimen 2\font =1\fontdimen 2\font \fontdimen 3\font
(fontspec)             =0\fontdimen 3\font \fontdimen 4\font =0\fontdimen
(fontspec)             4\font \fontdimen 7\font =0\fontdimen 2\font
(fontspec)             \tex_hyphenchar:D \font =-1\scan_stop: 
(fontspec)             - 'bold italic' (b/it) with NFSS spec.:
(fontspec)             <->"FiraMono/BI:mode=node;script=latn;language=dflt;"
(fontspec)             - 'bold italic small caps'  (b/scit) with NFSS spec.: 
(fontspec)             and font adjustment code:
(fontspec)             \fontdimen 2\font =1\fontdimen 2\font \fontdimen 3\font
(fontspec)             =0\fontdimen 3\font \fontdimen 4\font =0\fontdimen
(fontspec)             4\font \fontdimen 7\font =0\fontdimen 2\font
(fontspec)             \tex_hyphenchar:D \font =-1\scan_stop: 

))
("C:/Users/aryan/AppData/Local/Programs/MiKTeX 2.9/tex/latex/appendixnumberbeam
er/appendixnumberbeamer.sty")
("C:/Users/aryan/AppData/Local/Programs/MiKTeX 2.9/tex/latex/booktabs/booktabs.
sty"
Package: booktabs 2020/01/12 v1.61803398 Publication quality tables
\heavyrulewidth=\dimen302
\lightrulewidth=\dimen303
\cmidrulewidth=\dimen304
\belowrulesep=\dimen305
\belowbottomsep=\dimen306
\aboverulesep=\dimen307
\abovetopsep=\dimen308
\cmidrulesep=\dimen309
\cmidrulekern=\dimen310
\defaultaddspace=\dimen311
\@cmidla=\count349
\@cmidlb=\count350
\@aboverulesep=\dimen312
\@belowrulesep=\dimen313
\@thisruleclass=\count351
\@lastruleclass=\count352
\@thisrulewidth=\dimen314
)
("C:/Users/aryan/AppData/Local/Programs/MiKTeX 2.9/tex/latex/ccicons/ccicons.st
y"
Package: ccicons 2017/10/30 v1.6 LaTeX support for Creative Commons icons

("C:/Users/aryan/AppData/Local/Programs/MiKTeX 2.9/tex/latex/xkeyval/xkeyval.st
y"
Package: xkeyval 2020/11/20 v2.8 package option processing (HA)

("C:/Users/aryan/AppData/Local/Programs/MiKTeX 2.9/tex/generic/xkeyval/xkeyval.
tex"
("C:/Users/aryan/AppData/Local/Programs/MiKTeX 2.9/tex/generic/xkeyval/xkvutils
.tex"
\XKV@toks=\toks50
\XKV@tempa@toks=\toks51
)
\XKV@depth=\count353
File: xkeyval.tex 2014/12/03 v2.7a key=value parser (HA)
)))
("C:/Users/aryan/AppData/Local/Programs/MiKTeX 2.9/tex/latex/pgfplots/pgfplots.
sty"
("C:/Users/aryan/AppData/Local/Programs/MiKTeX 2.9/tex/generic/pgfplots/pgfplot
s.revision.tex")
Package: pgfplots 2021/05/15 v1.18.1 Data Visualization (1.18.1)

("C:/Users/aryan/AppData/Local/Programs/MiKTeX 2.9/tex/generic/pgfplots/pgfplot
s.code.tex"
("C:/Users/aryan/AppData/Local/Programs/MiKTeX 2.9/tex/generic/pgfplots/pgfplot
score.code.tex"
Package pgfplots info on input line 124: Initializing with LUA version Lua 5.3
\pgfplots@luabackend@table=\catcodetable12
\t@pgfplots@toka=\toks52
\t@pgfplots@tokb=\toks53
\t@pgfplots@tokc=\toks54
\pgfplots@tmpa=\dimen315
\c@pgfplots@coordindex=\count354
\c@pgfplots@scanlineindex=\count355

("C:/Users/aryan/AppData/Local/Programs/MiKTeX 2.9/tex/generic/pgfplots/sys/pgf
plotssysgeneric.code.tex"))
("C:/Users/aryan/AppData/Local/Programs/MiKTeX 2.9/tex/generic/pgfplots/libs/pg
fplotslibrary.code.tex")
("C:/Users/aryan/AppData/Local/Programs/MiKTeX 2.9/tex/generic/pgfplots/oldpgfc
ompatib/pgfplotsoldpgfsupp_loader.code.tex"
("C:/Users/aryan/AppData/Local/Programs/MiKTeX 2.9/tex/generic/pgf/libraries/pg
flibraryfpu.code.tex")
("C:/Users/aryan/AppData/Local/Programs/MiKTeX 2.9/tex/generic/pgf/libraries/lu
amath/pgflibraryluamath.code.tex")
Package pgfplots info on input line 290: luamath library shipped with pgf 3.1.9
a is up-to-date
)
("C:/Users/aryan/AppData/Local/Programs/MiKTeX 2.9/tex/generic/pgfplots/util/pg
fplotsutil.code.tex"
Package pgfplots info on input line 82: Found new luatex: initializing lua comm
ands instead of write18 (shell-escape)

("C:/Users/aryan/AppData/Local/Programs/MiKTeX 2.9/tex/generic/pgfplots/liststr
ucture/pgfplotsliststructure.code.tex")
("C:/Users/aryan/AppData/Local/Programs/MiKTeX 2.9/tex/generic/pgfplots/liststr
ucture/pgfplotsliststructureext.code.tex")
("C:/Users/aryan/AppData/Local/Programs/MiKTeX 2.9/tex/generic/pgfplots/liststr
ucture/pgfplotsarray.code.tex"
\c@pgfplotsarray@tmp=\count356
)
("C:/Users/aryan/AppData/Local/Programs/MiKTeX 2.9/tex/generic/pgfplots/liststr
ucture/pgfplotsmatrix.code.tex")
("C:/Users/aryan/AppData/Local/Programs/MiKTeX 2.9/tex/generic/pgfplots/numtabl
e/pgfplotstableshared.code.tex"
\c@pgfplotstable@counta=\count357
\t@pgfplotstable@a=\toks55
)
("C:/Users/aryan/AppData/Local/Programs/MiKTeX 2.9/tex/generic/pgfplots/liststr
ucture/pgfplotsdeque.code.tex")
("C:/Users/aryan/AppData/Local/Programs/MiKTeX 2.9/tex/generic/pgfplots/util/pg
fplotsbinary.code.tex"
("C:/Users/aryan/AppData/Local/Programs/MiKTeX 2.9/tex/generic/pgfplots/util/pg
fplotsbinary.data.code.tex"))
("C:/Users/aryan/AppData/Local/Programs/MiKTeX 2.9/tex/generic/pgfplots/util/pg
fplotsutil.verb.code.tex")
("C:/Users/aryan/AppData/Local/Programs/MiKTeX 2.9/tex/generic/pgfplots/libs/pg
flibrarypgfplots.surfshading.code.tex"
\c@pgfplotslibrarysurf@no=\count358

("C:/Users/aryan/AppData/Local/Programs/MiKTeX 2.9/tex/generic/pgfplots/sys/pgf
librarypgfplots.surfshading.pgfsys-luatex.def")))
("C:/Users/aryan/AppData/Local/Programs/MiKTeX 2.9/tex/generic/pgfplots/util/pg
fplotscolormap.code.tex"
("C:/Users/aryan/AppData/Local/Programs/MiKTeX 2.9/tex/generic/pgfplots/util/pg
fplotscolor.code.tex"))
("C:/Users/aryan/AppData/Local/Programs/MiKTeX 2.9/tex/generic/pgfplots/pgfplot
sstackedplots.code.tex")
("C:/Users/aryan/AppData/Local/Programs/MiKTeX 2.9/tex/generic/pgfplots/pgfplot
splothandlers.code.tex"
("C:/Users/aryan/AppData/Local/Programs/MiKTeX 2.9/tex/generic/pgfplots/pgfplot
smeshplothandler.code.tex"
("C:/Users/aryan/AppData/Local/Programs/MiKTeX 2.9/tex/generic/pgfplots/pgfplot
smeshplotimage.code.tex")))
("C:/Users/aryan/AppData/Local/Programs/MiKTeX 2.9/tex/generic/pgfplots/pgfplot
s.scaling.code.tex")
("C:/Users/aryan/AppData/Local/Programs/MiKTeX 2.9/tex/generic/pgfplots/pgfplot
scoordprocessing.code.tex")
("C:/Users/aryan/AppData/Local/Programs/MiKTeX 2.9/tex/generic/pgfplots/pgfplot
s.errorbars.code.tex")
("C:/Users/aryan/AppData/Local/Programs/MiKTeX 2.9/tex/generic/pgfplots/pgfplot
s.markers.code.tex")
("C:/Users/aryan/AppData/Local/Programs/MiKTeX 2.9/tex/generic/pgfplots/pgfplot
sticks.code.tex")
("C:/Users/aryan/AppData/Local/Programs/MiKTeX 2.9/tex/generic/pgfplots/pgfplot
s.paths.code.tex")
("C:/Users/aryan/AppData/Local/Programs/MiKTeX 2.9/tex/generic/pgf/frontendlaye
r/tikz/libraries/tikzlibrarydecorations.code.tex"
("C:/Users/aryan/AppData/Local/Programs/MiKTeX 2.9/tex/generic/pgf/modules/pgfm
oduledecorations.code.tex"
\pgfdecoratedcompleteddistance=\dimen316
\pgfdecoratedremainingdistance=\dimen317
\pgfdecoratedinputsegmentcompleteddistance=\dimen318
\pgfdecoratedinputsegmentremainingdistance=\dimen319
\pgf@decorate@distancetomove=\dimen320
\pgf@decorate@repeatstate=\count359
\pgfdecorationsegmentamplitude=\dimen321
\pgfdecorationsegmentlength=\dimen322
)
\tikz@lib@dec@box=\box81
)
("C:/Users/aryan/AppData/Local/Programs/MiKTeX 2.9/tex/generic/pgf/frontendlaye
r/tikz/libraries/tikzlibrarydecorations.pathmorphing.code.tex"
("C:/Users/aryan/AppData/Local/Programs/MiKTeX 2.9/tex/generic/pgf/libraries/de
corations/pgflibrarydecorations.pathmorphing.code.tex"))
("C:/Users/aryan/AppData/Local/Programs/MiKTeX 2.9/tex/generic/pgf/frontendlaye
r/tikz/libraries/tikzlibrarydecorations.pathreplacing.code.tex"
("C:/Users/aryan/AppData/Local/Programs/MiKTeX 2.9/tex/generic/pgf/libraries/de
corations/pgflibrarydecorations.pathreplacing.code.tex"))
("C:/Users/aryan/AppData/Local/Programs/MiKTeX 2.9/tex/generic/pgfplots/libs/ti
kzlibrarypgfplots.contourlua.code.tex")
\pgfplots@numplots=\count360
\pgfplots@xmin@reg=\dimen323
\pgfplots@xmax@reg=\dimen324
\pgfplots@ymin@reg=\dimen325
\pgfplots@ymax@reg=\dimen326
\pgfplots@zmin@reg=\dimen327
\pgfplots@zmax@reg=\dimen328
)
("C:/Users/aryan/AppData/Local/Programs/MiKTeX 2.9/tex/generic/pgf/frontendlaye
r/tikz/libraries/tikzlibraryplotmarks.code.tex"
File: tikzlibraryplotmarks.code.tex 2021/05/15 v3.1.9a (3.1.9a)

("C:/Users/aryan/AppData/Local/Programs/MiKTeX 2.9/tex/generic/pgf/libraries/pg
flibraryplotmarks.code.tex"
File: pgflibraryplotmarks.code.tex 2021/05/15 v3.1.9a (3.1.9a)
)))
("C:/Users/aryan/AppData/Local/Programs/MiKTeX 2.9/tex/latex/standalone/standal
one.sty"
Package: standalone 2018/03/26 v1.3a Package to include TeX sub-files with prea
mbles

("C:/Users/aryan/AppData/Local/Programs/MiKTeX 2.9/tex/latex/tools/shellesc.sty
"
Package: shellesc 2019/11/08 v1.0c unified shell escape interface for LaTeX
Package shellesc Info: Restricted shell escape enabled on input line 77.
)
("C:/Users/aryan/AppData/Local/Programs/MiKTeX 2.9/tex/latex/currfile/currfile.
sty"
Package: currfile 2020/09/29 v0.7d Provides the file path elements of the curre
nt input file

("C:/Users/aryan/AppData/Local/Programs/MiKTeX 2.9/tex/latex/filehook/filehook.
sty"
Package: filehook 2020/09/29 v0.8a Hooks for input files

("C:/Users/aryan/AppData/Local/Programs/MiKTeX 2.9/tex/latex/filehook/filehook-
2020.sty"
Package: filehook-2020 2020/09/29 v0.8a Hooks for input files
))
\c@currfiledepth=\count361
)
("C:/Users/aryan/AppData/Local/Programs/MiKTeX 2.9/tex/latex/gincltex/gincltex.
sty"
("C:/Users/aryan/AppData/Local/Programs/MiKTeX 2.9/tex/latex/svn-prov/svn-prov.
sty"
Package: svn-prov 2010/04/24 v3.1862 Package Date/Version from SVN Keywords
)
Package: gincltex 2011/09/04 v0.3 Include external LaTeX files like graphics

("C:/Users/aryan/AppData/Local/Programs/MiKTeX 2.9/tex/latex/adjustbox/adjustbo
x.sty"
Package: adjustbox 2020/08/19 v1.3 Adjusting TeX boxes (trim, clip, ...)

("C:/Users/aryan/AppData/Local/Programs/MiKTeX 2.9/tex/latex/adjustbox/adjcalc.
sty"
Package: adjcalc 2012/05/16 v1.1 Provides advanced setlength with multiple back
-ends (calc, etex, pgfmath)
)
("C:/Users/aryan/AppData/Local/Programs/MiKTeX 2.9/tex/latex/adjustbox/trimclip
.sty"
Package: trimclip 2020/08/19 v1.2 Trim and clip general TeX material

("C:/Users/aryan/AppData/Local/Programs/MiKTeX 2.9/tex/latex/collectbox/collect
box.sty"
Package: collectbox 2012/05/17 v0.4b Collect macro arguments as boxes
\collectedbox=\box82
)
\tc@llx=\dimen329
\tc@lly=\dimen330
\tc@urx=\dimen331
\tc@ury=\dimen332

("C:/Users/aryan/AppData/Local/Programs/MiKTeX 2.9/tex/latex/adjustbox/tc-pgf.d
ef"
File: tc-pgf.def 2019/01/04 v2.2 trimclip fall-back clipping driver using PGF
)
Package trimclip Info: No clipping driver 'tc-luatex.def' available.
(trimclip)             Using fall-back PGF driver.
)
\adjbox@Width=\dimen333
\adjbox@Height=\dimen334
\adjbox@Depth=\dimen335
\adjbox@Totalheight=\dimen336
\adjbox@pwidth=\dimen337
\adjbox@pheight=\dimen338
\adjbox@pdepth=\dimen339
\adjbox@ptotalheight=\dimen340

("C:/Users/aryan/AppData/Local/Programs/MiKTeX 2.9/tex/latex/ifoddpage/ifoddpag
e.sty"
Package: ifoddpage 2016/04/23 v1.1 Conditionals for odd/even page detection
\c@checkoddpage=\count362
)
("C:/Users/aryan/AppData/Local/Programs/MiKTeX 2.9/tex/latex/varwidth/varwidth.
sty"
Package: varwidth 2009/03/30 ver 0.92;  Variable-width minipages
\@vwid@box=\box83
\sift@deathcycles=\count363
\@vwid@loff=\dimen341
\@vwid@roff=\dimen342
))
\gincltex@box=\box84
)
("C:/Users/aryan/AppData/Local/Programs/MiKTeX 2.9/tex/latex/filemod/filemod-ex
pmin.sty"
Package: filemod-expmin 2011/09/19 v1.2 Get and compare file modification times
 (expandable; minimal)
))
("C:/Users/aryan/AppData/Local/Programs/MiKTeX 2.9/tex/latex/import/import.sty"
Package: import 2020/04/01  v 6.2
) ("C:/Users/aryan/AppData/Local/Programs/MiKTeX 2.9/tex/latex/base/textcomp.st
y"
Package: textcomp 2020/02/02 v2.0n Standard LaTeX package
)
("C:/Users/aryan/AppData/Local/Programs/MiKTeX 2.9/tex/latex/tools/tabularx.sty
"
Package: tabularx 2020/01/15 v2.11c `tabularx' package (DPC)
 ("C:/Users/aryan/AppData/Local/Programs/MiKTeX 2.9/tex/latex/tools/array.sty"
Package: array 2021/10/04 v2.5f Tabular extension package (FMi)
\col@sep=\dimen343
\ar@mcellbox=\box85
\extrarowheight=\dimen344
\NC@list=\toks56
\extratabsurround=\skip76
\backup@length=\skip77
\ar@cellbox=\box86
)
\TX@col@width=\dimen345
\TX@old@table=\dimen346
\TX@old@col=\dimen347
\TX@target=\dimen348
\TX@delta=\dimen349
\TX@cols=\count364
\TX@ftn=\toks57
)
("C:/Users/aryan/AppData/Local/Programs/MiKTeX 2.9/tex/latex/blindtext/blindtex
t.sty"
Package: blindtext 2012/01/06 V2.0 blindtext-Package

("C:/Users/aryan/AppData/Local/Programs/MiKTeX 2.9/tex/latex/tools/xspace.sty"
Package: xspace 2014/10/28 v1.13 Space after command names (DPC,MH)
)
\c@blindtext=\count365
\c@Blindtext=\count366
\c@blind@countparstart=\count367
\blind@countxx=\count368
\blindtext@numBlindtext=\count369
\blind@countyy=\count370
\c@blindlist=\count371
\c@blindlistlevel=\count372
\c@blindlist@level=\count373
\blind@listitem=\count374
\c@blind@listcount=\count375
\c@blind@levelcount=\count376
\blind@mathformula=\count377
\blind@Mathformula=\count378
\c@blind@randomcount=\count379
\c@blind@randommax=\count380
\c@blind@pangramcount=\count381
\c@blind@pangrammax=\count382
)
("C:/Users/aryan/AppData/Local/Programs/MiKTeX 2.9/tex/latex/biblatex/biblatex.
sty"
Package: biblatex 2020/12/31 v3.16 programmable bibliographies (PK/MW)

("C:/Users/aryan/AppData/Local/Programs/MiKTeX 2.9/tex/latex/logreq/logreq.sty"
Package: logreq 2010/08/04 v1.0 xml request logger
\lrq@indent=\count383
("C:/Users/aryan/AppData/Local/Programs/MiKTeX 2.9/tex/latex/logreq/logreq.def"
File: logreq.def 2010/08/04 v1.0 logreq spec v1.0
)) ("C:/Users/aryan/AppData/Local/Programs/MiKTeX 2.9/tex/latex/base/ifthen.sty
"
Package: ifthen 2020/11/24 v1.1c Standard LaTeX ifthen package (DPC)
)
\c@tabx@nest=\count384
\c@listtotal=\count385
\c@listcount=\count386
\c@liststart=\count387
\c@liststop=\count388
\c@citecount=\count389
\c@citetotal=\count390
\c@multicitecount=\count391
\c@multicitetotal=\count392
\c@instcount=\count393
\c@maxnames=\count394
\c@minnames=\count395
\c@maxitems=\count396
\c@minitems=\count397
\c@citecounter=\count398
\c@maxcitecounter=\count399
\c@savedcitecounter=\count400
\c@uniquelist=\count401
\c@uniquename=\count402
\c@refsection=\count403
\c@refsegment=\count404
\c@maxextratitle=\count405
\c@maxextratitleyear=\count406
\c@maxextraname=\count407
\c@maxextradate=\count408
\c@maxextraalpha=\count409
\c@abbrvpenalty=\count410
\c@highnamepenalty=\count411
\c@lownamepenalty=\count412
\c@maxparens=\count413
\c@parenlevel=\count414
\blx@tempcnta=\count415
\blx@tempcntb=\count416
\blx@tempcntc=\count417
\blx@maxsection=\count418
\blx@maxsegment@0=\count419
\blx@notetype=\count420
\blx@parenlevel@text=\count421
\blx@parenlevel@foot=\count422
\blx@sectionciteorder@0=\count423
\blx@entrysetcounter=\count424
\blx@biblioinstance=\count425
\labelnumberwidth=\skip78
\labelalphawidth=\skip79
\biblabelsep=\skip80
\bibitemsep=\skip81
\bibnamesep=\skip82
\bibinitsep=\skip83
\bibparsep=\skip84
\bibhang=\skip85
\blx@bcfin=\read3
\blx@bcfout=\write5
\blx@langwohyphens=\language2
\c@mincomprange=\count426
\c@maxcomprange=\count427
\c@mincompwidth=\count428
Package biblatex Info: Trying to load biblatex default data model...
Package biblatex Info: ... file 'blx-dm.def' found.

("C:/Users/aryan/AppData/Local/Programs/MiKTeX 2.9/tex/latex/biblatex/blx-dm.de
f"
File: blx-dm.def 2020/12/31 v3.16 biblatex localization (PK/MW)
)
Package biblatex Info: Trying to load biblatex style data model...
Package biblatex Info: ... file 'numeric-comp.dbx' not found.
Package biblatex Info: Trying to load biblatex custom data model...
Package biblatex Info: ... file 'biblatex-dm.cfg' not found.
\c@afterword=\count429
\c@savedafterword=\count430
\c@annotator=\count431
\c@savedannotator=\count432
\c@author=\count433
\c@savedauthor=\count434
\c@bookauthor=\count435
\c@savedbookauthor=\count436
\c@commentator=\count437
\c@savedcommentator=\count438
\c@editor=\count439
\c@savededitor=\count440
\c@editora=\count441
\c@savededitora=\count442
\c@editorb=\count443
\c@savededitorb=\count444
\c@editorc=\count445
\c@savededitorc=\count446
\c@foreword=\count447
\c@savedforeword=\count448
\c@holder=\count449
\c@savedholder=\count450
\c@introduction=\count451
\c@savedintroduction=\count452
\c@namea=\count453
\c@savednamea=\count454
\c@nameb=\count455
\c@savednameb=\count456
\c@namec=\count457
\c@savednamec=\count458
\c@translator=\count459
\c@savedtranslator=\count460
\c@shortauthor=\count461
\c@savedshortauthor=\count462
\c@shorteditor=\count463
\c@savedshorteditor=\count464
\c@labelname=\count465
\c@savedlabelname=\count466
\c@institution=\count467
\c@savedinstitution=\count468
\c@lista=\count469
\c@savedlista=\count470
\c@listb=\count471
\c@savedlistb=\count472
\c@listc=\count473
\c@savedlistc=\count474
\c@listd=\count475
\c@savedlistd=\count476
\c@liste=\count477
\c@savedliste=\count478
\c@listf=\count479
\c@savedlistf=\count480
\c@location=\count481
\c@savedlocation=\count482
\c@organization=\count483
\c@savedorganization=\count484
\c@origlocation=\count485
\c@savedoriglocation=\count486
\c@origpublisher=\count487
\c@savedorigpublisher=\count488
\c@publisher=\count489
\c@savedpublisher=\count490
\c@language=\count491
\c@savedlanguage=\count492
\c@origlanguage=\count493
\c@savedoriglanguage=\count494
\c@pageref=\count495
\c@savedpageref=\count496
\shorthandwidth=\skip86
\shortjournalwidth=\skip87
\shortserieswidth=\skip88
\shorttitlewidth=\skip89
\shortauthorwidth=\skip90
\shorteditorwidth=\skip91
\locallabelnumberwidth=\skip92
\locallabelalphawidth=\skip93
\localshorthandwidth=\skip94
\localshortjournalwidth=\skip95
\localshortserieswidth=\skip96
\localshorttitlewidth=\skip97
\localshortauthorwidth=\skip98
\localshorteditorwidth=\skip99
Package biblatex Info: Trying to load enhanced support for Unicode engines...
Package biblatex Info: ... file 'blx-unicode.def' found.

("C:/Users/aryan/AppData/Local/Programs/MiKTeX 2.9/tex/latex/biblatex/blx-unico
de.def")
Package biblatex Info: Trying to load compatibility code...
Package biblatex Info: ... file 'blx-compat.def' found.

("C:/Users/aryan/AppData/Local/Programs/MiKTeX 2.9/tex/latex/biblatex/blx-compa
t.def"
File: blx-compat.def 2020/12/31 v3.16 biblatex compatibility (PK/MW)
)
Package biblatex Info: Trying to load BibTeX backend compatibility...
Package biblatex Info: ... file 'blx-bibtex.def' found.

("C:/Users/aryan/AppData/Local/Programs/MiKTeX 2.9/tex/latex/biblatex/blx-bibte
x.def"
File: blx-bibtex.def 2020/12/31 v3.16 biblatex compatibility (PK/MW)


Package biblatex Warning: Using fall-back BibTeX(8) backend:
(biblatex)                functionality may be reduced/unavailable.

)
Package biblatex Info: Trying to load generic definitions...
Package biblatex Info: ... file 'biblatex.def' found.

("C:/Users/aryan/AppData/Local/Programs/MiKTeX 2.9/tex/latex/biblatex/biblatex.
def"
File: biblatex.def 2020/12/31 v3.16 biblatex compatibility (PK/MW)
\c@textcitecount=\count497
\c@textcitetotal=\count498
\c@textcitemaxnames=\count499
\c@biburlbigbreakpenalty=\count500
\c@biburlbreakpenalty=\count501
\c@biburlnumpenalty=\count502
\c@biburlucpenalty=\count503
\c@biburllcpenalty=\count504
\biburlbigskip=\muskip18
\biburlnumskip=\muskip19
\biburlucskip=\muskip20
\biburllcskip=\muskip21
\c@smartand=\count505
)
Package biblatex Info: Trying to load bibliography style 'numeric-comp'...
Package biblatex Info: ... file 'numeric-comp.bbx' found.

("C:/Users/aryan/AppData/Local/Programs/MiKTeX 2.9/tex/latex/biblatex/bbx/numer
ic-comp.bbx"
File: numeric-comp.bbx 2020/12/31 v3.16 biblatex bibliography style (PK/MW)
Package biblatex Info: Trying to load bibliography style 'numeric'...
Package biblatex Info: ... file 'numeric.bbx' found.

("C:/Users/aryan/AppData/Local/Programs/MiKTeX 2.9/tex/latex/biblatex/bbx/numer
ic.bbx"
File: numeric.bbx 2020/12/31 v3.16 biblatex bibliography style (PK/MW)
Package biblatex Info: Trying to load bibliography style 'standard'...
Package biblatex Info: ... file 'standard.bbx' found.

("C:/Users/aryan/AppData/Local/Programs/MiKTeX 2.9/tex/latex/biblatex/bbx/stand
ard.bbx"
File: standard.bbx 2020/12/31 v3.16 biblatex bibliography style (PK/MW)
\c@bbx:relatedcount=\count506
\c@bbx:relatedtotal=\count507
)))
Package biblatex Info: Trying to load citation style 'numeric-comp'...
Package biblatex Info: ... file 'numeric-comp.cbx' found.

("C:/Users/aryan/AppData/Local/Programs/MiKTeX 2.9/tex/latex/biblatex/cbx/numer
ic-comp.cbx"
File: numeric-comp.cbx 2020/12/31 v3.16 biblatex citation style (PK/MW)
\c@cbx@tempcnta=\count508
\c@cbx@tempcntb=\count509
\c@cbx@tempcntc=\count510
\c@cbx@tempcntd=\count511
Package biblatex Info: Redefining '\cite'.
Package biblatex Info: Redefining '\parencite'.
Package biblatex Info: Redefining '\footcite'.
Package biblatex Info: Redefining '\footcitetext'.
Package biblatex Info: Redefining '\smartcite'.
Package biblatex Info: Redefining '\supercite'.
Package biblatex Info: Redefining '\textcite'.
Package biblatex Info: Redefining '\textcites'.
Package biblatex Info: Redefining '\cites'.
Package biblatex Info: Redefining '\parencites'.
Package biblatex Info: Redefining '\smartcites'.
)
Package biblatex Info: Trying to load configuration file...
Package biblatex Info: ... file 'biblatex.cfg' found.

("C:/Users/aryan/AppData/Local/Programs/MiKTeX 2.9/tex/latex/biblatex/biblatex.
cfg"
File: biblatex.cfg 
))

Package hyperref Warning: Token not allowed in a PDF string (Unicode):
(hyperref)                removing `\\' on input line 33.


("C:/Users/aryan/AppData/Local/Programs/MiKTeX 2.9/tex/latex/beamertheme-metrop
olis/pgfplotsthemetol.sty"
Package: pgfplotsthemetol 2017/01/23 PGFplots colors based on Paul Tol's SRON t
echnical note
)
\@quotelevel=\count512
\@quotereset=\count513
 (./showcase.aux)
\openout1 = showcase.aux

LaTeX Font Info:    Checking defaults for OML/cmm/m/it on input line 37.
LaTeX Font Info:    ... okay on input line 37.
LaTeX Font Info:    Checking defaults for OMS/cmsy/m/n on input line 37.
LaTeX Font Info:    ... okay on input line 37.
LaTeX Font Info:    Checking defaults for OT1/cmr/m/n on input line 37.
LaTeX Font Info:    ... okay on input line 37.
LaTeX Font Info:    Checking defaults for T1/cmr/m/n on input line 37.
LaTeX Font Info:    ... okay on input line 37.
LaTeX Font Info:    Checking defaults for TS1/cmr/m/n on input line 37.
LaTeX Font Info:    Trying to load font information for TS1+cmr on input line 3
7.

("C:/Users/aryan/AppData/Local/Programs/MiKTeX 2.9/tex/latex/base/ts1cmr.fd"
File: ts1cmr.fd 2019/12/16 v2.5j Standard LaTeX font definitions
)
LaTeX Font Info:    ... okay on input line 37.
LaTeX Font Info:    Checking defaults for TU/lmr/m/n on input line 37.
LaTeX Font Info:    ... okay on input line 37.
LaTeX Font Info:    Checking defaults for OMX/cmex/m/n on input line 37.
LaTeX Font Info:    ... okay on input line 37.
LaTeX Font Info:    Checking defaults for U/cmr/m/n on input line 37.
LaTeX Font Info:    ... okay on input line 37.
LaTeX Font Info:    Checking defaults for PD1/pdf/m/n on input line 37.
LaTeX Font Info:    ... okay on input line 37.
LaTeX Font Info:    Checking defaults for PU/pdf/m/n on input line 37.
LaTeX Font Info:    ... okay on input line 37.

*geometry* driver: auto-detecting
*geometry* detected driver: luatex
*geometry* verbose mode - [ preamble ] result:
* driver: luatex
* paper: custom
* layout: <same size as paper>
* layoutoffset:(h,v)=(0.0pt,0.0pt)
* modes: includehead includefoot 
* h-part:(L,W,R)=(28.45274pt, 307.28987pt, 28.45274pt)
* v-part:(T,H,B)=(0.0pt, 273.14662pt, 0.0pt)
* \paperwidth=364.19536pt
* \paperheight=273.14662pt
* \textwidth=307.28987pt
* \textheight=244.6939pt
* \oddsidemargin=-43.81725pt
* \evensidemargin=-43.81725pt
* \topmargin=-72.26999pt
* \headheight=14.22636pt
* \headsep=0.0pt
* \topskip=10.0pt
* \footskip=14.22636pt
* \marginparwidth=3.0pt
* \marginparsep=11.0pt
* \columnsep=10.0pt
* \skip\footins=9.0pt plus 4.0pt minus 2.0pt
* \hoffset=0.0pt
* \voffset=0.0pt
* \mag=1000
* \@twocolumnfalse
* \@twosidefalse
* \@mparswitchfalse
* \@reversemarginfalse
* (1in=72.27pt=25.4mm, 1cm=28.453pt)


("C:/Users/aryan/AppData/Local/Programs/MiKTeX 2.9/tex/context/base/mkii/supp-p
df.mkii"
[Loading MPS to PDF converter (version 2006.09.02).]
\scratchcounter=\count514
\scratchdimen=\dimen350
\scratchbox=\box87
\nofMPsegments=\count515
\nofMParguments=\count516
\everyMPshowfont=\toks58
\MPscratchCnt=\count517
\MPscratchDim=\dimen351
\MPnumerator=\count518
\makeMPintoPDFobject=\count519
\everyMPtoPDFconversion=\toks59
)
("C:/Users/aryan/AppData/Local/Programs/MiKTeX 2.9/tex/latex/epstopdf-pkg/epsto
pdf-base.sty"
Package: epstopdf-base 2020-01-24 v2.11 Base part for package epstopdf
Package epstopdf-base Info: Redefining graphics rule for `.eps' on input line 4
85.

("C:/Users/aryan/AppData/Local/Programs/MiKTeX 2.9/tex/latex/00miktex/epstopdf-
sys.cfg"
File: epstopdf-sys.cfg 2021/03/18 v2.0 Configuration of epstopdf for MiKTeX
))
Package hyperref Info: Link coloring OFF on input line 37.

("C:/Users/aryan/AppData/Local/Programs/MiKTeX 2.9/tex/latex/hyperref/nameref.s
ty"
Package: nameref 2021-04-02 v2.47 Cross-referencing by name of section

("C:/Users/aryan/AppData/Local/Programs/MiKTeX 2.9/tex/latex/refcount/refcount.
sty"
Package: refcount 2019/12/15 v3.6 Data extraction from label references (HO)
)
("C:/Users/aryan/AppData/Local/Programs/MiKTeX 2.9/tex/generic/gettitlestring/g
ettitlestring.sty"
Package: gettitlestring 2019/12/15 v1.6 Cleanup title references (HO)
)
\c@section@level=\count520
)
LaTeX Info: Redefining \ref on input line 37.
LaTeX Info: Redefining \pageref on input line 37.
LaTeX Info: Redefining \nameref on input line 37.
 (./showcase.out) (./showcase.out)
\@outlinefile=\write6

\openout6 = showcase.out
LaTeX Font Info:    Overwriting symbol font `operators' in version `normal'
(Font)                  OT1/cmr/m/n --> OT1/cmss/m/n on input line 37.
LaTeX Font Info:    Overwriting symbol font `operators' in version `bold'
(Font)                  OT1/cmr/bx/n --> OT1/cmss/b/n on input line 37.
\symnumbers=\mathgroup6
\sympureletters=\mathgroup7
LaTeX Font Info:    Overwriting math alphabet `\mathrm' in version `normal'
(Font)                  OT1/cmss/m/n --> TU/lmr/m/n on input line 37.
LaTeX Font Info:    Redeclaring math alphabet \mathbf on input line 37.
LaTeX Font Info:    Overwriting math alphabet `\mathbf' in version `normal'
(Font)                  OT1/cmr/bx/n --> TU/FiraSansLight(0)/b/n on input line 
37.
LaTeX Font Info:    Overwriting math alphabet `\mathbf' in version `bold'
(Font)                  OT1/cmr/bx/n --> TU/FiraSansLight(0)/b/n on input line 
37.
LaTeX Font Info:    Redeclaring math alphabet \mathsf on input line 37.
LaTeX Font Info:    Overwriting math alphabet `\mathsf' in version `normal'
(Font)                  OT1/cmss/m/n --> TU/FiraSansLight(0)/m/n on input line 
37.
LaTeX Font Info:    Overwriting math alphabet `\mathsf' in version `bold'
(Font)                  OT1/cmss/bx/n --> TU/FiraSansLight(0)/m/n on input line
 37.
LaTeX Font Info:    Redeclaring math alphabet \mathit on input line 37.
LaTeX Font Info:    Overwriting math alphabet `\mathit' in version `normal'
(Font)                  OT1/cmr/m/it --> TU/FiraSansLight(0)/m/it on input line
 37.
LaTeX Font Info:    Overwriting math alphabet `\mathit' in version `bold'
(Font)                  OT1/cmr/bx/it --> TU/FiraSansLight(0)/m/it on input lin
e 37.
LaTeX Font Info:    Redeclaring math alphabet \mathtt on input line 37.
LaTeX Font Info:    Overwriting math alphabet `\mathtt' in version `normal'
(Font)                  OT1/cmtt/m/n --> TU/FiraMono(0)/m/n on input line 37.
LaTeX Font Info:    Overwriting math alphabet `\mathtt' in version `bold'
(Font)                  OT1/cmtt/m/n --> TU/FiraMono(0)/m/n on input line 37.
LaTeX Font Info:    Overwriting symbol font `numbers' in version `bold'
(Font)                  TU/FiraSansLight(0)/m/n --> TU/FiraSansLight(0)/b/n on 
input line 37.
LaTeX Font Info:    Overwriting symbol font `pureletters' in version `bold'
(Font)                  TU/FiraSansLight(0)/m/it --> TU/FiraSansLight(0)/b/it o
n input line 37.
LaTeX Font Info:    Overwriting math alphabet `\mathrm' in version `bold'
(Font)                  OT1/cmss/b/n --> TU/lmr/b/n on input line 37.
LaTeX Font Info:    Overwriting math alphabet `\mathbf' in version `bold'
(Font)                  TU/FiraSansLight(0)/b/n --> TU/FiraSansLight(0)/b/n on 
input line 37.
LaTeX Font Info:    Overwriting math alphabet `\mathsf' in version `bold'
(Font)                  TU/FiraSansLight(0)/m/n --> TU/FiraSansLight(0)/b/n on 
input line 37.
LaTeX Font Info:    Overwriting math alphabet `\mathit' in version `bold'
(Font)                  TU/FiraSansLight(0)/m/it --> TU/FiraSansLight(0)/b/it o
n input line 37.
LaTeX Font Info:    Overwriting math alphabet `\mathtt' in version `bold'
(Font)                  TU/FiraMono(0)/m/n --> TU/FiraMono(0)/b/n on input line
 37.

("C:/Users/aryan/AppData/Local/Programs/MiKTeX 2.9/tex/latex/translator/transla
tor-basic-dictionary-English.dict"
Dictionary: translator-basic-dictionary, Language: English 
)
("C:/Users/aryan/AppData/Local/Programs/MiKTeX 2.9/tex/latex/translator/transla
tor-bibliography-dictionary-English.dict"
Dictionary: translator-bibliography-dictionary, Language: English 
)
("C:/Users/aryan/AppData/Local/Programs/MiKTeX 2.9/tex/latex/translator/transla
tor-environment-dictionary-English.dict"
Dictionary: translator-environment-dictionary, Language: English 
)
("C:/Users/aryan/AppData/Local/Programs/MiKTeX 2.9/tex/latex/translator/transla
tor-months-dictionary-English.dict"
Dictionary: translator-months-dictionary, Language: English 
)
("C:/Users/aryan/AppData/Local/Programs/MiKTeX 2.9/tex/latex/translator/transla
tor-numbers-dictionary-English.dict"
Dictionary: translator-numbers-dictionary, Language: English 
)
("C:/Users/aryan/AppData/Local/Programs/MiKTeX 2.9/tex/latex/translator/transla
tor-theorem-dictionary-English.dict"
Dictionary: translator-theorem-dictionary, Language: English 
)
Package pgfplots notification 'compat/show suggested version=true': you might b
enefit from \pgfplotsset{compat=1.18} (current compat level: 1.9).

Package biblatex Info: Trying to load language 'english'...
Package biblatex Info: ... file 'english.lbx' found.

("C:/Users/aryan/AppData/Local/Programs/MiKTeX 2.9/tex/latex/biblatex/lbx/engli
sh.lbx"
File: english.lbx 2020/12/31 v3.16 biblatex localization (PK/MW)
)
Package biblatex Info: LuaTeX detected.
(biblatex)             Assuming input encoding 'utf8'.
Package biblatex Info: Automatic encoding selection.
(biblatex)             Assuming data encoding 'utf8'.
Package biblatex Info: Input encoding 'utf8' specified.
Package biblatex Info: Data encoding 'utf8' specified.
(biblatex)             No need to reencode data.
Package biblatex Info: Document encoding is UTF8 ....
Package biblatex Info: ... and expl3
(biblatex)             2021-11-12 L3 programming layer (loader) 
(biblatex)             is new enough (at least 2020/04/06),
(biblatex)             setting 'casechanger=expl3'.

("C:/Users/aryan/AppData/Local/Programs/MiKTeX 2.9/tex/latex/biblatex/blx-case-
expl3.sty"
Package: blx-case-expl3 2020/12/31 v3.16 expl3 case changing code for biblatex
)
\openout5 = showcase-blx.bib

Package biblatex Info: Trying to load bibliographic data...
Package biblatex Info: ... file 'showcase.bbl' found.
 (./showcase.bbl

Package biblatex Warning: BibTeX reported the following issues
(biblatex)                with 'lrydin01':
(biblatex)                - Invalid format of field 'month'.

)
Package biblatex Info: Reference section=0 on input line 37.
Package biblatex Info: Reference segment=0 on input line 37.
 (./showcase.nav)
Overfull \vbox (13.79993pt too high) detected at line 39
 []

[1

{C:/Users/aryan/AppData/Local/MiKTeX/2.9/pdftex/config/pdftex.map}]
(../sections/../sections/lasso_introduction.tex
LaTeX Font Info:    Trying to load font information for U+msa on input line 1.

("C:/Users/aryan/AppData/Local/Programs/MiKTeX 2.9/tex/latex/amsfonts/umsa.fd"
File: umsa.fd 2013/01/14 v3.01 AMS symbols A
)
LaTeX Font Info:    Trying to load font information for U+msb on input line 1.
("C:/Users/aryan/AppData/Local/Programs/MiKTeX 2.9/tex/latex/amsfonts/umsb.fd"
File: umsb.fd 2013/01/14 v3.01 AMS symbols B
) [2

]
\openout4 = showcase.vrb
 (./showcase.vrb)
<../sections/../figures/logo_iitd.png, id=47, 496.35036pt x 238.92462pt>
File: ../sections/../figures/logo_iitd.png Graphic file (type png)
<use ../sections/../figures/logo_iitd.png>
Package luatex.def Info: ../sections/../figures/logo_iitd.png  used on input li
ne 24.
(luatex.def)             Requested size: 40.0pt x 19.25288pt.
 [3

<../sections/../figures/logo_iitd.png>])
(../sections/../sections/lasso_theory.tex [4

]
\openout4 = showcase.vrb
 (./showcase.vrb)
File: ../sections/../figures/logo_iitd.png Graphic file (type png)
<use ../sections/../figures/logo_iitd.png>
Package luatex.def Info: ../sections/../figures/logo_iitd.png  used on input li
ne 21.
(luatex.def)             Requested size: 40.0pt x 19.25288pt.
 [5

]
\openout4 = showcase.vrb

(./showcase.vrb)
File: ../sections/../figures/logo_iitd.png Graphic file (type png)
<use ../sections/../figures/logo_iitd.png>
Package luatex.def Info: ../sections/../figures/logo_iitd.png  used on input li
ne 49.
(luatex.def)             Requested size: 40.0pt x 19.25288pt.
 [6

]) (../sections/../sections/Introduction.tex [7

]
\openout4 = showcase.vrb

(./showcase.vrb)
File: ../sections/../figures/logo_iitd.png Graphic file (type png)
<use ../sections/../figures/logo_iitd.png>
Package luatex.def Info: ../sections/../figures/logo_iitd.png  used on input li
ne 23.
(luatex.def)             Requested size: 40.0pt x 19.25288pt.
 [8

]
File: ../sections/../figures/logo_iitd.png Graphic file (type png)
<use ../sections/../figures/logo_iitd.png>
Package luatex.def Info: ../sections/../figures/logo_iitd.png  used on input li
ne 27.
(luatex.def)             Requested size: 40.0pt x 19.25288pt.
 [9

]
File: ../sections/../figures/logo_iitd.png Graphic file (type png)
<use ../sections/../figures/logo_iitd.png>
Package luatex.def Info: ../sections/../figures/logo_iitd.png  used on input li
ne 39.
(luatex.def)             Requested size: 40.0pt x 19.25288pt.
 [10

]) (../sections/../sections/Procedure.tex [11

]
File: ../sections/../figures/logo_iitd.png Graphic file (type png)
<use ../sections/../figures/logo_iitd.png>
Package luatex.def Info: ../sections/../figures/logo_iitd.png  used on input li
ne 13.
(luatex.def)             Requested size: 40.0pt x 19.25288pt.

[12

]) (../sections/../sections/Results.tex [13

]
<../sections/../figures/pdf/pdf_frequency_rte_2019_09.png, id=125, 1927.2pt x 9
78.65625pt>
File: ../sections/../figures/pdf/pdf_frequency_rte_2019_09.png Graphic file (ty
pe png)
<use ../sections/../figures/pdf/pdf_frequency_rte_2019_09.png>
Package luatex.def Info: ../sections/../figures/pdf/pdf_frequency_rte_2019_09.p
ng  used on input line 11.
(luatex.def)             Requested size: 289.06754pt x 146.7921pt.
File: ../sections/../figures/logo_iitd.png Graphic file (type png)
<use ../sections/../figures/logo_iitd.png>
Package luatex.def Info: ../sections/../figures/logo_iitd.png  used on input li
ne 11.
(luatex.def)             Requested size: 40.0pt x 19.25288pt.
 [14

<../sections/../figures/pdf/pdf_frequency_rte_2019_09.png>]
<../sections/../figures/pdf/pdf_frequency_spain_mallorca_2019_05_f1.png, id=133
, 1927.2pt x 978.65625pt>
File: ../sections/../figures/pdf/pdf_frequency_spain_mallorca_2019_05_f1.png Gr
aphic file (type png)
<use ../sections/../figures/pdf/pdf_frequency_spain_mallorca_2019_05_f1.png>
Package luatex.def Info: ../sections/../figures/pdf/pdf_frequency_spain_mallorc
a_2019_05_f1.png  used on input line 20.
(luatex.def)             Requested size: 289.06754pt x 146.7921pt.
File: ../sections/../figures/logo_iitd.png Graphic file (type png)
<use ../sections/../figures/logo_iitd.png>
Package luatex.def Info: ../sections/../figures/logo_iitd.png  used on input li
ne 20.
(luatex.def)             Requested size: 40.0pt x 19.25288pt.
 [15

<../sections/../figures/pdf/pdf_frequency_spain_mallorca_2019_05_f1.png>]
<../sections/../figures/pdf/pdf_frequency_rte_2021_01_blackout.png, id=140, 192
7.2pt x 978.65625pt>
File: ../sections/../figures/pdf/pdf_frequency_rte_2021_01_blackout.png Graphic
 file (type png)
<use ../sections/../figures/pdf/pdf_frequency_rte_2021_01_blackout.png>
Package luatex.def Info: ../sections/../figures/pdf/pdf_frequency_rte_2021_01_b
lackout.png  used on input line 29.
(luatex.def)             Requested size: 289.06754pt x 146.7921pt.
File: ../sections/../figures/logo_iitd.png Graphic file (type png)
<use ../sections/../figures/logo_iitd.png>
Package luatex.def Info: ../sections/../figures/logo_iitd.png  used on input li
ne 29.
(luatex.def)             Requested size: 40.0pt x 19.25288pt.
 [16

<../sections/../figures/pdf/pdf_frequency_rte_2021_01_blackout.png>]
(../sections/../figures/autocorr/comparison_five_no_title.tex)
Overfull \vbox (8.6063pt too high) detected at line 38
 []

File: ../sections/../figures/logo_iitd.png Graphic file (type png)
<use ../sections/../figures/logo_iitd.png>
Package luatex.def Info: ../sections/../figures/logo_iitd.png  used on input li
ne 38.
(luatex.def)             Requested size: 40.0pt x 19.25288pt.
[17

] (../tables/../tables/inverseAutocorrelationValues.tex

Package fontspec Info: Font family 'FiraSansLight(1)' created for font 'Fira
(fontspec)             Sans Light' with options
(fontspec)             [Ligatures=TeX,ItalicFont={Fira Sans Light
(fontspec)             Italic},BoldFont={Fira Sans},BoldItalicFont={Fira Sans
(fontspec)             Italic},Numbers={Monospaced}].
(fontspec)              
(fontspec)              This font family consists of the following NFSS
(fontspec)             series/shapes:
(fontspec)              
(fontspec)             - 'normal' (m/n) with NFSS spec.:
(fontspec)             <->"FiraSansLight:mode=node;script=latn;language=dflt;+t
lig;+tnum;"
(fontspec)             - 'small caps'  (m/sc) with NFSS spec.:
(fontspec)             <->"FiraSansLight:mode=node;script=latn;language=dflt;+t
lig;+tnum;+smcp;"
(fontspec)             - 'bold' (b/n) with NFSS spec.:
(fontspec)             <->"FiraSans:mode=node;script=latn;language=dflt;+tlig;+
tnum;"
(fontspec)             - 'bold small caps'  (b/sc) with NFSS spec.:
(fontspec)             <->"FiraSans:mode=node;script=latn;language=dflt;+tlig;+
tnum;+smcp;"
(fontspec)             - 'italic' (m/it) with NFSS spec.:
(fontspec)             <->"FiraSansLightItalic:mode=node;script=latn;language=d
flt;+tlig;+tnum;"
(fontspec)             - 'italic small caps'  (m/scit) with NFSS spec.:
(fontspec)             <->"FiraSansLightItalic:mode=node;script=latn;language=d
flt;+tlig;+tnum;+smcp;"
(fontspec)             - 'bold italic' (b/it) with NFSS spec.:
(fontspec)             <->"FiraSansItalic:mode=node;script=latn;language=dflt;+
tlig;+tnum;"
(fontspec)             - 'bold italic small caps'  (b/scit) with NFSS spec.:
(fontspec)             <->"FiraSansItalic:mode=node;script=latn;language=dflt;+
tlig;+tnum;+smcp;"

)
File: ../sections/../figures/logo_iitd.png Graphic file (type png)
<use ../sections/../figures/logo_iitd.png>
Package luatex.def Info: ../sections/../figures/logo_iitd.png  used on input li
ne 47.
(luatex.def)             Requested size: 40.0pt x 19.25288pt.
 [18

])
\tf@nav=\write7

\openout7 = showcase.nav
\tf@toc=\write8

\openout8 = showcase.toc
\tf@snm=\write9

\openout9 = showcase.snm

(./showcase.aux)
Package rerunfilecheck Info: File `showcase.out' has not changed.
(rerunfilecheck)             Checksum: DFEF188C37C4D9557D4FF09559538045;445.
Package logreq Info: Writing requests to 'showcase.run.xml'.

\openout1 = showcase.run.xml
)

Here is how much of LuaTeX's memory you used:
 49269 strings out of 477887
 125031,1977958 words of node,token memory allocated
 6738 words of node memory still in use:
   61 hlist, 12 vlist, 15 rule, 26 disc, 4 local_par, 16 math, 193 glue, 73 kern
, 39 penalty, 297 glyph, 205 attribute, 82 glue_spec, 205 attribute_list, 8 writ
e, 28 pdf_literal, 2 pdf_dest, 48 pdf_colorstack nodes
   avail lists: 1:3,2:3673,3:3381,4:198,5:371,6:33,7:2843,8:30,9:1072,10:13,11:1
66
 67572 multiletter control sequences out of 65536+600000
 82 fonts using 19350087 bytes
 128i,20n,131p,1853b,2340s stack positions out of 5000i,500n,10000p,200000b,80000s
<C:/Users/aryan/AppData/Local/Programs/MiKTeX 2.9/fonts/opentype/public/fira/fir
asans-lightitalic.otf><C:/Users/aryan/AppData/Local/Programs/MiKTeX 2.9/fonts/op
entype/public/fira/firasans-light.otf><C:/Users/aryan/AppData/Local/Programs/MiK
TeX 2.9/fonts/opentype/public/fira/firasans-regular.otf><C:/Users/aryan/AppData/
Local/Programs/MiKTeX 2.9/fonts/type1/public/amsfonts/cm/cmex10.pfb><C:/Users/ar
yan/AppData/Local/Programs/MiKTeX 2.9/fonts/type1/public/amsfonts/cm/cmmi10.pfb>
<C:/Users/aryan/AppData/Local/Programs/MiKTeX 2.9/fonts/type1/public/amsfonts/cm
/cmmi7.pfb><C:/Users/aryan/AppData/Local/Programs/MiKTeX 2.9/fonts/type1/public/
amsfonts/cm/cmss10.pfb><C:/Users/aryan/AppData/Local/Programs/MiKTeX 2.9/fonts/t
ype1/public/amsfonts/cm/cmss8.pfb><C:/Users/aryan/AppData/Local/Programs/MiKTeX 
2.9/fonts/type1/public/amsfonts/cm/cmsy10.pfb><C:/Users/aryan/AppData/Local/Prog
rams/MiKTeX 2.9/fonts/type1/public/amsfonts/cm/cmsy5.pfb><C:/Users/aryan/AppData
/Local/Programs/MiKTeX 2.9/fonts/type1/public/amsfonts/cm/cmsy7.pfb>
Output written on showcase.pdf (18 pages, 918734 bytes).

PDF statistics: 210 PDF objects out of 1000 (max. 8388607)
 53 named destinations out of 1000 (max. 131072)
 56 words of extra memory for PDF output out of 10000 (max. 100000000)

