This is pdfTeX, Version 3.141592653-2.6-1.40.24 (MiKTeX 22.8.28) (preloaded format=pdflatex 2022.9.21)  24 SEP 2022 15:36
entering extended mode
 restricted \write18 enabled.
 %&-line parsing enabled.
**./ee507_hw02_aryan_ritwajeet_jha.tex
(ee507_hw02_aryan_ritwajeet_jha.tex
LaTeX2e <2022-06-01> patch level 5
L3 programming layer <2022-08-30>
(/home/aryan/.miktex/texmfs/install/tex/latex/base/article.cls
Document Class: article 2021/10/04 v1.4n Standard LaTeX document class
(/home/aryan/.miktex/texmfs/install/tex/latex/base/size10.clo
File: size10.clo 2021/10/04 v1.4n Standard LaTeX file (size option)
)
\c@part=\count185
\c@section=\count186
\c@subsection=\count187
\c@subsubsection=\count188
\c@paragraph=\count189
\c@subparagraph=\count190
\c@figure=\count191
\c@table=\count192
\abovecaptionskip=\skip47
\belowcaptionskip=\skip48
\bibindent=\dimen138
)
(/home/aryan/.miktex/texmfs/install/tex/latex/biblatex/biblatex.sty
Package: biblatex 2022/07/12 v3.18b programmable bibliographies (PK/MW)

(/home/aryan/.miktex/texmfs/install/tex/generic/pdftexcmds/pdftexcmds.sty
Package: pdftexcmds 2020-06-27 v0.33 Utility functions of pdfTeX for LuaTeX (HO
)

(/home/aryan/.miktex/texmfs/install/tex/generic/infwarerr/infwarerr.sty
Package: infwarerr 2019/12/03 v1.5 Providing info/warning/error messages (HO)
)
(/home/aryan/.miktex/texmfs/install/tex/generic/iftex/iftex.sty
Package: iftex 2022/02/03 v1.0f TeX engine tests
)
(/home/aryan/.miktex/texmfs/install/tex/generic/ltxcmds/ltxcmds.sty
Package: ltxcmds 2020-05-10 v1.25 LaTeX kernel commands for general use (HO)
)
Package pdftexcmds Info: \pdf@primitive is available.
Package pdftexcmds Info: \pdf@ifprimitive is available.
Package pdftexcmds Info: \pdfdraftmode found.
)
(/home/aryan/.miktex/texmfs/install/tex/latex/etoolbox/etoolbox.sty
Package: etoolbox 2020/10/05 v2.5k e-TeX tools for LaTeX (JAW)
\etb@tempcnta=\count193
)
(/home/aryan/.miktex/texmfs/install/tex/latex/graphics/keyval.sty
Package: keyval 2022/05/29 v1.15 key=value parser (DPC)
\KV@toks@=\toks16
)
(/home/aryan/.miktex/texmfs/install/tex/latex/kvoptions/kvoptions.sty
Package: kvoptions 2022-06-15 v3.15 Key value format for package options (HO)

(/home/aryan/.miktex/texmfs/install/tex/generic/kvsetkeys/kvsetkeys.sty
Package: kvsetkeys 2019/12/15 v1.18 Key value parser (HO)
))
(/home/aryan/.miktex/texmfs/install/tex/latex/logreq/logreq.sty
Package: logreq 2010/08/04 v1.0 xml request logger
\lrq@indent=\count194

(/home/aryan/.miktex/texmfs/install/tex/latex/logreq/logreq.def
File: logreq.def 2010/08/04 v1.0 logreq spec v1.0
))
(/home/aryan/.miktex/texmfs/install/tex/latex/base/ifthen.sty
Package: ifthen 2022/04/13 v1.1d Standard LaTeX ifthen package (DPC)
)
(/home/aryan/.miktex/texmfs/install/tex/latex/url/url.sty
\Urlmuskip=\muskip16
Package: url 2013/09/16  ver 3.4  Verb mode for urls, etc.
)
\c@tabx@nest=\count195
\c@listtotal=\count196
\c@listcount=\count197
\c@liststart=\count198
\c@liststop=\count199
\c@citecount=\count266
\c@citetotal=\count267
\c@multicitecount=\count268
\c@multicitetotal=\count269
\c@instcount=\count270
\c@maxnames=\count271
\c@minnames=\count272
\c@maxitems=\count273
\c@minitems=\count274
\c@citecounter=\count275
\c@maxcitecounter=\count276
\c@savedcitecounter=\count277
\c@uniquelist=\count278
\c@uniquename=\count279
\c@refsection=\count280
\c@refsegment=\count281
\c@maxextratitle=\count282
\c@maxextratitleyear=\count283
\c@maxextraname=\count284
\c@maxextradate=\count285
\c@maxextraalpha=\count286
\c@abbrvpenalty=\count287
\c@highnamepenalty=\count288
\c@lownamepenalty=\count289
\c@maxparens=\count290
\c@parenlevel=\count291
\blx@tempcnta=\count292
\blx@tempcntb=\count293
\blx@tempcntc=\count294
\c@blx@maxsection=\count295
\blx@maxsegment@0=\count296
\blx@notetype=\count297
\blx@parenlevel@text=\count298
\blx@parenlevel@foot=\count299
\blx@sectionciteorder@0=\count300
\blx@sectionciteorderinternal@0=\count301
\blx@entrysetcounter=\count302
\blx@biblioinstance=\count303
\labelnumberwidth=\skip49
\labelalphawidth=\skip50
\biblabelsep=\skip51
\bibitemsep=\skip52
\bibnamesep=\skip53
\bibinitsep=\skip54
\bibparsep=\skip55
\bibhang=\skip56
\blx@bcfin=\read2
\blx@bcfout=\write3
\blx@langwohyphens=\language1
\c@mincomprange=\count304
\c@maxcomprange=\count305
\c@mincompwidth=\count306
Package biblatex Info: Trying to load biblatex default data model...
Package biblatex Info: ... file 'blx-dm.def' found.

(/home/aryan/.miktex/texmfs/install/tex/latex/biblatex/blx-dm.def
File: blx-dm.def 2022/07/12 v3.18b biblatex localization (PK/MW)
)
Package biblatex Info: Trying to load biblatex style data model...
Package biblatex Info: ... file 'numeric-comp.dbx' not found.
Package biblatex Info: Trying to load biblatex custom data model...
Package biblatex Info: ... file 'biblatex-dm.cfg' not found.
\c@afterword=\count307
\c@savedafterword=\count308
\c@annotator=\count309
\c@savedannotator=\count310
\c@author=\count311
\c@savedauthor=\count312
\c@bookauthor=\count313
\c@savedbookauthor=\count314
\c@commentator=\count315
\c@savedcommentator=\count316
\c@editor=\count317
\c@savededitor=\count318
\c@editora=\count319
\c@savededitora=\count320
\c@editorb=\count321
\c@savededitorb=\count322
\c@editorc=\count323
\c@savededitorc=\count324
\c@foreword=\count325
\c@savedforeword=\count326
\c@holder=\count327
\c@savedholder=\count328
\c@introduction=\count329
\c@savedintroduction=\count330
\c@namea=\count331
\c@savednamea=\count332
\c@nameb=\count333
\c@savednameb=\count334
\c@namec=\count335
\c@savednamec=\count336
\c@translator=\count337
\c@savedtranslator=\count338
\c@shortauthor=\count339
\c@savedshortauthor=\count340
\c@shorteditor=\count341
\c@savedshorteditor=\count342
\c@labelname=\count343
\c@savedlabelname=\count344
\c@institution=\count345
\c@savedinstitution=\count346
\c@lista=\count347
\c@savedlista=\count348
\c@listb=\count349
\c@savedlistb=\count350
\c@listc=\count351
\c@savedlistc=\count352
\c@listd=\count353
\c@savedlistd=\count354
\c@liste=\count355
\c@savedliste=\count356
\c@listf=\count357
\c@savedlistf=\count358
\c@location=\count359
\c@savedlocation=\count360
\c@organization=\count361
\c@savedorganization=\count362
\c@origlocation=\count363
\c@savedoriglocation=\count364
\c@origpublisher=\count365
\c@savedorigpublisher=\count366
\c@publisher=\count367
\c@savedpublisher=\count368
\c@language=\count369
\c@savedlanguage=\count370
\c@origlanguage=\count371
\c@savedoriglanguage=\count372
\c@pageref=\count373
\c@savedpageref=\count374
\shorthandwidth=\skip57
\shortjournalwidth=\skip58
\shortserieswidth=\skip59
\shorttitlewidth=\skip60
\shortauthorwidth=\skip61
\shorteditorwidth=\skip62
\locallabelnumberwidth=\skip63
\locallabelalphawidth=\skip64
\localshorthandwidth=\skip65
\localshortjournalwidth=\skip66
\localshortserieswidth=\skip67
\localshorttitlewidth=\skip68
\localshortauthorwidth=\skip69
\localshorteditorwidth=\skip70
Package biblatex Info: Trying to load compatibility code...
Package biblatex Info: ... file 'blx-compat.def' found.

(/home/aryan/.miktex/texmfs/install/tex/latex/biblatex/blx-compat.def
File: blx-compat.def 2022/07/12 v3.18b biblatex compatibility (PK/MW)
)
Package biblatex Info: Trying to load generic definitions...
Package biblatex Info: ... file 'biblatex.def' found.

(/home/aryan/.miktex/texmfs/install/tex/latex/biblatex/biblatex.def
File: biblatex.def 2022/07/12 v3.18b biblatex compatibility (PK/MW)
\c@textcitecount=\count375
\c@textcitetotal=\count376
\c@textcitemaxnames=\count377
\c@biburlbigbreakpenalty=\count378
\c@biburlbreakpenalty=\count379
\c@biburlnumpenalty=\count380
\c@biburlucpenalty=\count381
\c@biburllcpenalty=\count382
\biburlbigskip=\muskip17
\biburlnumskip=\muskip18
\biburlucskip=\muskip19
\biburllcskip=\muskip20
\c@smartand=\count383
)
Package biblatex Info: Trying to load bibliography style 'numeric-comp'...
Package biblatex Info: ... file 'numeric-comp.bbx' found.

(/home/aryan/.miktex/texmfs/install/tex/latex/biblatex/bbx/numeric-comp.bbx
File: numeric-comp.bbx 2022/07/12 v3.18b biblatex bibliography style (PK/MW)
Package biblatex Info: Trying to load bibliography style 'numeric'...
Package biblatex Info: ... file 'numeric.bbx' found.

(/home/aryan/.miktex/texmfs/install/tex/latex/biblatex/bbx/numeric.bbx
File: numeric.bbx 2022/07/12 v3.18b biblatex bibliography style (PK/MW)
Package biblatex Info: Trying to load bibliography style 'standard'...
Package biblatex Info: ... file 'standard.bbx' found.

(/home/aryan/.miktex/texmfs/install/tex/latex/biblatex/bbx/standard.bbx
File: standard.bbx 2022/07/12 v3.18b biblatex bibliography style (PK/MW)
\c@bbx:relatedcount=\count384
\c@bbx:relatedtotal=\count385
)))
Package biblatex Info: Trying to load citation style 'numeric-comp'...
Package biblatex Info: ... file 'numeric-comp.cbx' found.

(/home/aryan/.miktex/texmfs/install/tex/latex/biblatex/cbx/numeric-comp.cbx
File: numeric-comp.cbx 2022/07/12 v3.18b biblatex citation style (PK/MW)
\c@cbx@tempcnta=\count386
\c@cbx@tempcntb=\count387
\c@cbx@tempcntc=\count388
\c@cbx@tempcntd=\count389
Package biblatex Info: Redefining '\cite'.
Package biblatex Info: Redefining '\parencite'.
Package biblatex Info: Redefining '\footcite'.
Package biblatex Info: Redefining '\footcitetext'.
Package biblatex Info: Redefining '\smartcite'.
Package biblatex Info: Redefining '\supercite'.
Package biblatex Info: Redefining '\textcite'.
Package biblatex Info: Redefining '\textcites'.
Package biblatex Info: Redefining '\cites'.
Package biblatex Info: Redefining '\parencites'.
Package biblatex Info: Redefining '\smartcites'.
)
Package biblatex Info: Trying to load configuration file...
Package biblatex Info: ... file 'biblatex.cfg' found.

(/home/aryan/.miktex/texmfs/install/tex/latex/biblatex/biblatex.cfg
File: biblatex.cfg 
)
Package biblatex Info: Input encoding 'utf8' detected.
Package biblatex Info: Document encoding is UTF8 ....

(/home/aryan/.miktex/texmfs/install/tex/latex/l3kernel/expl3.sty
Package: expl3 2022-08-30 L3 programming layer (loader) 

(/home/aryan/.miktex/texmfs/install/tex/latex/l3backend/l3backend-pdftex.def
File: l3backend-pdftex.def 2022-08-30 L3 backend support: PDF output (pdfTeX)
\l__color_backend_stack_int=\count390
\l__pdf_internal_box=\box51
))
Package biblatex Info: ... and expl3
(biblatex)             2022-08-30 L3 programming layer (loader) 
(biblatex)             is new enough (at least 2020/04/06),
(biblatex)             setting 'casechanger=expl3'.

(/home/aryan/.miktex/texmfs/install/tex/latex/biblatex/blx-case-expl3.sty
(/home/aryan/.miktex/texmfs/install/tex/latex/l3packages/xparse/xparse.sty
Package: xparse 2022-06-22 L3 Experimental document command parser
)
Package: blx-case-expl3 2022/07/12 v3.18b expl3 case changing code for biblatex

))
(/home/aryan/.miktex/texmfs/install/tex/latex/graphics/graphicx.sty
Package: graphicx 2021/09/16 v1.2d Enhanced LaTeX Graphics (DPC,SPQR)

(/home/aryan/.miktex/texmfs/install/tex/latex/graphics/graphics.sty
Package: graphics 2022/03/10 v1.4e Standard LaTeX Graphics (DPC,SPQR)

(/home/aryan/.miktex/texmfs/install/tex/latex/graphics/trig.sty
Package: trig 2021/08/11 v1.11 sin cos tan (DPC)
)
(/home/aryan/.miktex/texmfs/install/tex/latex/graphics-cfg/graphics.cfg
File: graphics.cfg 2016/06/04 v1.11 sample graphics configuration
)
Package graphics Info: Driver file: pdftex.def on input line 107.

(/home/aryan/.miktex/texmfs/install/tex/latex/graphics-def/pdftex.def
File: pdftex.def 2020/10/05 v1.2a Graphics/color driver for pdftex
))
\Gin@req@height=\dimen139
\Gin@req@width=\dimen140
)
(/home/aryan/.miktex/texmfs/install/tex/latex/import/import.sty
Package: import 2020/04/01  v 6.2
)
(/home/aryan/.miktex/texmfs/install/tex/latex/hyperref/hyperref.sty
Package: hyperref 2022-06-20 v7.00s Hypertext links for LaTeX

(/home/aryan/.miktex/texmfs/install/tex/generic/kvdefinekeys/kvdefinekeys.sty
Package: kvdefinekeys 2019-12-19 v1.6 Define keys (HO)
)
(/home/aryan/.miktex/texmfs/install/tex/generic/pdfescape/pdfescape.sty
Package: pdfescape 2019/12/09 v1.15 Implements pdfTeX's escape features (HO)
)
(/home/aryan/.miktex/texmfs/install/tex/latex/hycolor/hycolor.sty
Package: hycolor 2020-01-27 v1.10 Color options for hyperref/bookmark (HO)
)
(/home/aryan/.miktex/texmfs/install/tex/latex/letltxmacro/letltxmacro.sty
Package: letltxmacro 2019/12/03 v1.6 Let assignment for LaTeX macros (HO)
)
(/home/aryan/.miktex/texmfs/install/tex/latex/auxhook/auxhook.sty
Package: auxhook 2019-12-17 v1.6 Hooks for auxiliary files (HO)
)
(/home/aryan/.miktex/texmfs/install/tex/latex/hyperref/nameref.sty
Package: nameref 2022-05-17 v2.50 Cross-referencing by name of section

(/home/aryan/.miktex/texmfs/install/tex/latex/refcount/refcount.sty
Package: refcount 2019/12/15 v3.6 Data extraction from label references (HO)
)
(/home/aryan/.miktex/texmfs/install/tex/generic/gettitlestring/gettitlestring.s
ty
Package: gettitlestring 2019/12/15 v1.6 Cleanup title references (HO)
)
\c@section@level=\count391
)
\@linkdim=\dimen141
\Hy@linkcounter=\count392
\Hy@pagecounter=\count393
 (/home/aryan/.miktex/texmfs/install/tex/latex/hyperref/pd1enc.def
File: pd1enc.def 2022-06-20 v7.00s Hyperref: PDFDocEncoding definition (HO)
Now handling font encoding PD1 ...
... no UTF-8 mapping file for font encoding PD1
)
(/home/aryan/.miktex/texmfs/install/tex/generic/intcalc/intcalc.sty
Package: intcalc 2019/12/15 v1.3 Expandable calculations with integers (HO)
)
(/home/aryan/.miktex/texmfs/install/tex/generic/etexcmds/etexcmds.sty
Package: etexcmds 2019/12/15 v1.7 Avoid name clashes with e-TeX commands (HO)
)
\Hy@SavedSpaceFactor=\count394

(/home/aryan/.miktex/texmfs/install/tex/latex/hyperref/puenc.def
File: puenc.def 2022-06-20 v7.00s Hyperref: PDF Unicode definition (HO)
Now handling font encoding PU ...
... no UTF-8 mapping file for font encoding PU
)
Package hyperref Info: Hyper figures OFF on input line 4162.
Package hyperref Info: Link nesting OFF on input line 4167.
Package hyperref Info: Hyper index ON on input line 4170.
Package hyperref Info: Plain pages OFF on input line 4177.
Package hyperref Info: Backreferencing OFF on input line 4182.
Package hyperref Info: Implicit mode ON; LaTeX internals redefined.
Package hyperref Info: Bookmarks ON on input line 4408.
\c@Hy@tempcnt=\count395
LaTeX Info: Redefining \url on input line 4746.
\XeTeXLinkMargin=\dimen142

(/home/aryan/.miktex/texmfs/install/tex/generic/bitset/bitset.sty
Package: bitset 2019/12/09 v1.3 Handle bit-vector datatype (HO)

(/home/aryan/.miktex/texmfs/install/tex/generic/bigintcalc/bigintcalc.sty
Package: bigintcalc 2019/12/15 v1.5 Expandable calculations on big integers (HO
)
))
\Fld@menulength=\count396
\Field@Width=\dimen143
\Fld@charsize=\dimen144
Package hyperref Info: Hyper figures OFF on input line 6024.
Package hyperref Info: Link nesting OFF on input line 6029.
Package hyperref Info: Hyper index ON on input line 6032.
Package hyperref Info: backreferencing OFF on input line 6039.
Package hyperref Info: Link coloring OFF on input line 6044.
Package hyperref Info: Link coloring with OCG OFF on input line 6049.
Package hyperref Info: PDF/A mode OFF on input line 6054.

(/home/aryan/.miktex/texmfs/install/tex/latex/base/atbegshi-ltx.sty
Package: atbegshi-ltx 2021/01/10 v1.0c Emulation of the original atbegshi
package with kernel methods
)
\Hy@abspage=\count397
\c@Item=\count398
\c@Hfootnote=\count399
)
Package hyperref Info: Driver (autodetected): hpdftex.

(/home/aryan/.miktex/texmfs/install/tex/latex/hyperref/hpdftex.def
File: hpdftex.def 2022-06-20 v7.00s Hyperref driver for pdfTeX

(/home/aryan/.miktex/texmfs/install/tex/latex/base/atveryend-ltx.sty
Package: atveryend-ltx 2020/08/19 v1.0a Emulation of the original atveryend pac
kage
with kernel methods
)
\Fld@listcount=\count400
\c@bookmark@seq@number=\count401

(/home/aryan/.miktex/texmfs/install/tex/latex/rerunfilecheck/rerunfilecheck.sty
Package: rerunfilecheck 2022-07-10 v1.10 Rerun checks for auxiliary files (HO)

(/home/aryan/.miktex/texmfs/install/tex/generic/uniquecounter/uniquecounter.sty
Package: uniquecounter 2019/12/15 v1.4 Provide unlimited unique counter (HO)
)
Package uniquecounter Info: New unique counter `rerunfilecheck' on input line 2
85.
)
\Hy@SectionHShift=\skip71
) (/home/aryan/.miktex/texmfs/install/tex/latex/amsmath/amsmath.sty
Package: amsmath 2022/04/08 v2.17n AMS math features
\@mathmargin=\skip72

For additional information on amsmath, use the `?' option.
(/home/aryan/.miktex/texmfs/install/tex/latex/amsmath/amstext.sty
Package: amstext 2021/08/26 v2.01 AMS text

(/home/aryan/.miktex/texmfs/install/tex/latex/amsmath/amsgen.sty
File: amsgen.sty 1999/11/30 v2.0 generic functions
\@emptytoks=\toks17
\ex@=\dimen145
))
(/home/aryan/.miktex/texmfs/install/tex/latex/amsmath/amsbsy.sty
Package: amsbsy 1999/11/29 v1.2d Bold Symbols
\pmbraise@=\dimen146
)
(/home/aryan/.miktex/texmfs/install/tex/latex/amsmath/amsopn.sty
Package: amsopn 2022/04/08 v2.04 operator names
)
\inf@bad=\count402
LaTeX Info: Redefining \frac on input line 234.
\uproot@=\count403
\leftroot@=\count404
LaTeX Info: Redefining \overline on input line 399.
LaTeX Info: Redefining \colon on input line 410.
\classnum@=\count405
\DOTSCASE@=\count406
LaTeX Info: Redefining \ldots on input line 496.
LaTeX Info: Redefining \dots on input line 499.
LaTeX Info: Redefining \cdots on input line 620.
\Mathstrutbox@=\box52
\strutbox@=\box53
LaTeX Info: Redefining \big on input line 722.
LaTeX Info: Redefining \Big on input line 723.
LaTeX Info: Redefining \bigg on input line 724.
LaTeX Info: Redefining \Bigg on input line 725.
\big@size=\dimen147
LaTeX Font Info:    Redeclaring font encoding OML on input line 743.
LaTeX Font Info:    Redeclaring font encoding OMS on input line 744.
\macc@depth=\count407
LaTeX Info: Redefining \bmod on input line 905.
LaTeX Info: Redefining \pmod on input line 910.
LaTeX Info: Redefining \smash on input line 940.
LaTeX Info: Redefining \relbar on input line 970.
LaTeX Info: Redefining \Relbar on input line 971.
\c@MaxMatrixCols=\count408
\dotsspace@=\muskip21
\c@parentequation=\count409
\dspbrk@lvl=\count410
\tag@help=\toks18
\row@=\count411
\column@=\count412
\maxfields@=\count413
\andhelp@=\toks19
\eqnshift@=\dimen148
\alignsep@=\dimen149
\tagshift@=\dimen150
\tagwidth@=\dimen151
\totwidth@=\dimen152
\lineht@=\dimen153
\@envbody=\toks20
\multlinegap=\skip73
\multlinetaggap=\skip74
\mathdisplay@stack=\toks21
LaTeX Info: Redefining \[ on input line 2953.
LaTeX Info: Redefining \] on input line 2954.
)
(/home/aryan/.miktex/texmfs/install/tex/latex/amsfonts/amssymb.sty
Package: amssymb 2013/01/14 v3.01 AMS font symbols

(/home/aryan/.miktex/texmfs/install/tex/latex/amsfonts/amsfonts.sty
Package: amsfonts 2013/01/14 v3.01 Basic AMSFonts support
\symAMSa=\mathgroup4
\symAMSb=\mathgroup5
LaTeX Font Info:    Redeclaring math symbol \hbar on input line 98.
LaTeX Font Info:    Overwriting math alphabet `\mathfrak' in version `bold'
(Font)                  U/euf/m/n --> U/euf/b/n on input line 106.
))
(/home/aryan/.miktex/texmfs/install/tex/latex/amscls/amsthm.sty
Package: amsthm 2020/05/29 v2.20.6
\thm@style=\toks22
\thm@bodyfont=\toks23
\thm@headfont=\toks24
\thm@notefont=\toks25
\thm@headpunct=\toks26
\thm@preskip=\skip75
\thm@postskip=\skip76
\thm@headsep=\skip77
\dth@everypar=\toks27
)
(/home/aryan/.miktex/texmfs/install/tex/latex/tools/array.sty
Package: array 2021/10/04 v2.5f Tabular extension package (FMi)
\col@sep=\dimen154
\ar@mcellbox=\box54
\extrarowheight=\dimen155
\NC@list=\toks28
\extratabsurround=\skip78
\backup@length=\skip79
\ar@cellbox=\box55
)
(/home/aryan/.miktex/texmfs/install/tex/latex/lipsum/lipsum.sty
(/home/aryan/.miktex/texmfs/install/tex/latex/l3packages/l3keys2e/l3keys2e.sty
Package: l3keys2e 2022-06-22 LaTeX2e option processing using LaTeX3 keys
)
Package: lipsum 2021-09-20 v2.7 150 paragraphs of Lorem Ipsum dummy text
\g__lipsum_par_int=\count414
\l__lipsum_a_int=\count415
\l__lipsum_b_int=\count416
(/home/aryan/.miktex/texmfs/install/tex/latex/lipsum/lipsum.ltd.tex))
(/home/aryan/.miktex/texmfs/install/tex/latex/enumitem/enumitem.sty
Package: enumitem 2019/06/20 v3.9 Customized lists
\labelindent=\skip80
\enit@outerparindent=\dimen156
\enit@toks=\toks29
\enit@inbox=\box56
\enit@count@id=\count417
\enitdp@description=\count418
)
(/home/aryan/.miktex/texmfs/install/tex/latex/booktabs/booktabs.sty
Package: booktabs 2020/01/12 v1.61803398 Publication quality tables
\heavyrulewidth=\dimen157
\lightrulewidth=\dimen158
\cmidrulewidth=\dimen159
\belowrulesep=\dimen160
\belowbottomsep=\dimen161
\aboverulesep=\dimen162
\abovetopsep=\dimen163
\cmidrulesep=\dimen164
\cmidrulekern=\dimen165
\defaultaddspace=\dimen166
\@cmidla=\count419
\@cmidlb=\count420
\@aboverulesep=\dimen167
\@belowrulesep=\dimen168
\@thisruleclass=\count421
\@lastruleclass=\count422
\@thisrulewidth=\dimen169
)
(/home/aryan/.miktex/texmfs/install/tex/latex/cleveref/cleveref.sty
Package: cleveref 2018/03/27 v0.21.4 Intelligent cross-referencing
Package cleveref Info: `hyperref' support loaded on input line 2370.
LaTeX Info: Redefining \cref on input line 2370.
LaTeX Info: Redefining \Cref on input line 2370.
LaTeX Info: Redefining \crefrange on input line 2370.
LaTeX Info: Redefining \Crefrange on input line 2370.
LaTeX Info: Redefining \cpageref on input line 2370.
LaTeX Info: Redefining \Cpageref on input line 2370.
LaTeX Info: Redefining \cpagerefrange on input line 2370.
LaTeX Info: Redefining \Cpagerefrange on input line 2370.
LaTeX Info: Redefining \labelcref on input line 2370.
LaTeX Info: Redefining \labelcpageref on input line 2370.
Package cleveref Info: `amsthm' support loaded on input line 3026.
Package cleveref Info: always capitalise cross-reference names on input line 78
30.
Package cleveref Info: always capitalise cross-reference names on input line 78
52.
)
(/home/aryan/.miktex/texmfs/install/tex/latex/fira/FiraSans.sty
Package: FiraSans 2019/10/10 (Bob Tennent and autoinst) Style file for Fira San
s fonts.

(/home/aryan/.miktex/texmfs/install/tex/generic/iftex/ifxetex.sty
Package: ifxetex 2019/10/25 v0.7 ifxetex legacy package. Use iftex instead.
)
(/home/aryan/.miktex/texmfs/install/tex/generic/iftex/ifluatex.sty
Package: ifluatex 2019/10/25 v1.5 ifluatex legacy package. Use iftex instead.
)
(/home/aryan/.miktex/texmfs/install/tex/latex/xkeyval/xkeyval.sty
Package: xkeyval 2022/06/16 v2.9 package option processing (HA)

(/home/aryan/.miktex/texmfs/install/tex/generic/xkeyval/xkeyval.tex
(/home/aryan/.miktex/texmfs/install/tex/generic/xkeyval/xkvutils.tex
\XKV@toks=\toks30
\XKV@tempa@toks=\toks31
)
\XKV@depth=\count423
File: xkeyval.tex 2014/12/03 v2.7a key=value parser (HA)
))
(/home/aryan/.miktex/texmfs/install/tex/latex/base/textcomp.sty
Package: textcomp 2020/02/02 v2.0n Standard LaTeX package
)
(/home/aryan/.miktex/texmfs/install/tex/latex/fontaxes/fontaxes.sty
Package: fontaxes 2020/07/21 v1.0e Font selection axes
LaTeX Info: Redefining \upshape on input line 29.
LaTeX Info: Redefining \itshape on input line 31.
LaTeX Info: Redefining \slshape on input line 33.
LaTeX Info: Redefining \swshape on input line 35.
LaTeX Info: Redefining \scshape on input line 37.
LaTeX Info: Redefining \sscshape on input line 39.
LaTeX Info: Redefining \ulcshape on input line 41.
LaTeX Info: Redefining \textsw on input line 47.
LaTeX Info: Redefining \textssc on input line 48.
LaTeX Info: Redefining \textulc on input line 49.
))
(/home/aryan/.miktex/texmfs/install/tex/latex/base/fontenc.sty
Package: fontenc 2021/04/29 v2.0v Standard LaTeX package
LaTeX Font Info:    Trying to load font information for T1+FiraSans-OsF on inpu
t line 112.

(/home/aryan/.miktex/texmfs/install/tex/latex/fira/T1FiraSans-OsF.fd
File: T1FiraSans-OsF.fd 2019/10/10 (autoinst) Font definitions for T1/FiraSans-
OsF.
)
LaTeX Font Info:    Font shape `T1/FiraSans-OsF/m/n' in size <10> not available

(Font)              Font shape `T1/FiraSans-OsF/regular/n' tried instead on inp
ut line 112.
LaTeX Font Info:    Font shape `T1/FiraSans-OsF/regular/n' will be
(Font)              scaled to size 10.0pt on input line 112.
)
(/home/aryan/.miktex/texmfs/install/tex/latex/pgfplots/pgfplots.sty
(/home/aryan/.miktex/texmfs/install/tex/generic/pgfplots/pgfplots.revision.tex)
Package: pgfplots 2021/05/15 v1.18.1 Data Visualization (1.18.1)
(/home/aryan/.miktex/texmfs/install/tex/latex/pgf/frontendlayer/tikz.sty
(/home/aryan/.miktex/texmfs/install/tex/latex/pgf/basiclayer/pgf.sty
(/home/aryan/.miktex/texmfs/install/tex/latex/pgf/utilities/pgfrcs.sty
(/home/aryan/.miktex/texmfs/install/tex/generic/pgf/utilities/pgfutil-common.te
x
\pgfutil@everybye=\toks32
\pgfutil@tempdima=\dimen170
\pgfutil@tempdimb=\dimen171

(/home/aryan/.miktex/texmfs/install/tex/generic/pgf/utilities/pgfutil-common-li
sts.tex))
(/home/aryan/.miktex/texmfs/install/tex/generic/pgf/utilities/pgfutil-latex.def
\pgfutil@abb=\box57
) (/home/aryan/.miktex/texmfs/install/tex/generic/pgf/utilities/pgfrcs.code.tex
(/home/aryan/.miktex/texmfs/install/tex/generic/pgf/pgf.revision.tex)
Package: pgfrcs 2021/05/15 v3.1.9a (3.1.9a)
))
Package: pgf 2021/05/15 v3.1.9a (3.1.9a)

(/home/aryan/.miktex/texmfs/install/tex/latex/pgf/basiclayer/pgfcore.sty
(/home/aryan/.miktex/texmfs/install/tex/latex/pgf/systemlayer/pgfsys.sty
(/home/aryan/.miktex/texmfs/install/tex/generic/pgf/systemlayer/pgfsys.code.tex
Package: pgfsys 2021/05/15 v3.1.9a (3.1.9a)
(/home/aryan/.miktex/texmfs/install/tex/generic/pgf/utilities/pgfkeys.code.tex
\pgfkeys@pathtoks=\toks33
\pgfkeys@temptoks=\toks34

(/home/aryan/.miktex/texmfs/install/tex/generic/pgf/utilities/pgfkeysfiltered.c
ode.tex
\pgfkeys@tmptoks=\toks35
))
\pgf@x=\dimen172
\pgf@y=\dimen173
\pgf@xa=\dimen174
\pgf@ya=\dimen175
\pgf@xb=\dimen176
\pgf@yb=\dimen177
\pgf@xc=\dimen178
\pgf@yc=\dimen179
\pgf@xd=\dimen180
\pgf@yd=\dimen181
\w@pgf@writea=\write4
\r@pgf@reada=\read3
\c@pgf@counta=\count424
\c@pgf@countb=\count425
\c@pgf@countc=\count426
\c@pgf@countd=\count427
\t@pgf@toka=\toks36
\t@pgf@tokb=\toks37
\t@pgf@tokc=\toks38
\pgf@sys@id@count=\count428

(/home/aryan/.miktex/texmfs/install/tex/generic/pgf/systemlayer/pgf.cfg
File: pgf.cfg 2021/05/15 v3.1.9a (3.1.9a)
)
Driver file for pgf: pgfsys-pdftex.def

(/home/aryan/.miktex/texmfs/install/tex/generic/pgf/systemlayer/pgfsys-pdftex.d
ef
File: pgfsys-pdftex.def 2021/05/15 v3.1.9a (3.1.9a)

(/home/aryan/.miktex/texmfs/install/tex/generic/pgf/systemlayer/pgfsys-common-p
df.def
File: pgfsys-common-pdf.def 2021/05/15 v3.1.9a (3.1.9a)
)))
(/home/aryan/.miktex/texmfs/install/tex/generic/pgf/systemlayer/pgfsyssoftpath.
code.tex
File: pgfsyssoftpath.code.tex 2021/05/15 v3.1.9a (3.1.9a)
\pgfsyssoftpath@smallbuffer@items=\count429
\pgfsyssoftpath@bigbuffer@items=\count430
)
(/home/aryan/.miktex/texmfs/install/tex/generic/pgf/systemlayer/pgfsysprotocol.
code.tex
File: pgfsysprotocol.code.tex 2021/05/15 v3.1.9a (3.1.9a)
)) (/home/aryan/.miktex/texmfs/install/tex/latex/xcolor/xcolor.sty
Package: xcolor 2022/06/12 v2.14 LaTeX color extensions (UK)

(/home/aryan/.miktex/texmfs/install/tex/latex/graphics-cfg/color.cfg
File: color.cfg 2016/01/02 v1.6 sample color configuration
)
Package xcolor Info: Driver file: pdftex.def on input line 227.

(/home/aryan/.miktex/texmfs/install/tex/latex-dev/graphics/mathcolor.ltx)
Package xcolor Info: Model `cmy' substituted by `cmy0' on input line 1353.
Package xcolor Info: Model `hsb' substituted by `rgb' on input line 1357.
Package xcolor Info: Model `RGB' extended on input line 1369.
Package xcolor Info: Model `HTML' substituted by `rgb' on input line 1371.
Package xcolor Info: Model `Hsb' substituted by `hsb' on input line 1372.
Package xcolor Info: Model `tHsb' substituted by `hsb' on input line 1373.
Package xcolor Info: Model `HSB' substituted by `hsb' on input line 1374.
Package xcolor Info: Model `Gray' substituted by `gray' on input line 1375.
Package xcolor Info: Model `wave' substituted by `hsb' on input line 1376.
)
(/home/aryan/.miktex/texmfs/install/tex/generic/pgf/basiclayer/pgfcore.code.tex
Package: pgfcore 2021/05/15 v3.1.9a (3.1.9a)
(/home/aryan/.miktex/texmfs/install/tex/generic/pgf/math/pgfmath.code.tex
(/home/aryan/.miktex/texmfs/install/tex/generic/pgf/math/pgfmathcalc.code.tex
(/home/aryan/.miktex/texmfs/install/tex/generic/pgf/math/pgfmathutil.code.tex)
(/home/aryan/.miktex/texmfs/install/tex/generic/pgf/math/pgfmathparser.code.tex
\pgfmath@dimen=\dimen182
\pgfmath@count=\count431
\pgfmath@box=\box58
\pgfmath@toks=\toks39
\pgfmath@stack@operand=\toks40
\pgfmath@stack@operation=\toks41
)
(/home/aryan/.miktex/texmfs/install/tex/generic/pgf/math/pgfmathfunctions.code.
tex
(/home/aryan/.miktex/texmfs/install/tex/generic/pgf/math/pgfmathfunctions.basic
.code.tex)
(/home/aryan/.miktex/texmfs/install/tex/generic/pgf/math/pgfmathfunctions.trigo
nometric.code.tex)
(/home/aryan/.miktex/texmfs/install/tex/generic/pgf/math/pgfmathfunctions.rando
m.code.tex)
(/home/aryan/.miktex/texmfs/install/tex/generic/pgf/math/pgfmathfunctions.compa
rison.code.tex)
(/home/aryan/.miktex/texmfs/install/tex/generic/pgf/math/pgfmathfunctions.base.
code.tex)
(/home/aryan/.miktex/texmfs/install/tex/generic/pgf/math/pgfmathfunctions.round
.code.tex)
(/home/aryan/.miktex/texmfs/install/tex/generic/pgf/math/pgfmathfunctions.misc.
code.tex)
(/home/aryan/.miktex/texmfs/install/tex/generic/pgf/math/pgfmathfunctions.integ
erarithmetics.code.tex)))
(/home/aryan/.miktex/texmfs/install/tex/generic/pgf/math/pgfmathfloat.code.tex
\c@pgfmathroundto@lastzeros=\count432
)) (/home/aryan/.miktex/texmfs/install/tex/generic/pgf/math/pgfint.code.tex)
(/home/aryan/.miktex/texmfs/install/tex/generic/pgf/basiclayer/pgfcorepoints.co
de.tex
File: pgfcorepoints.code.tex 2021/05/15 v3.1.9a (3.1.9a)
\pgf@picminx=\dimen183
\pgf@picmaxx=\dimen184
\pgf@picminy=\dimen185
\pgf@picmaxy=\dimen186
\pgf@pathminx=\dimen187
\pgf@pathmaxx=\dimen188
\pgf@pathminy=\dimen189
\pgf@pathmaxy=\dimen190
\pgf@xx=\dimen191
\pgf@xy=\dimen192
\pgf@yx=\dimen193
\pgf@yy=\dimen194
\pgf@zx=\dimen195
\pgf@zy=\dimen196
)
(/home/aryan/.miktex/texmfs/install/tex/generic/pgf/basiclayer/pgfcorepathconst
ruct.code.tex
File: pgfcorepathconstruct.code.tex 2021/05/15 v3.1.9a (3.1.9a)
\pgf@path@lastx=\dimen197
\pgf@path@lasty=\dimen198
)
(/home/aryan/.miktex/texmfs/install/tex/generic/pgf/basiclayer/pgfcorepathusage
.code.tex
File: pgfcorepathusage.code.tex 2021/05/15 v3.1.9a (3.1.9a)
\pgf@shorten@end@additional=\dimen199
\pgf@shorten@start@additional=\dimen256
)
(/home/aryan/.miktex/texmfs/install/tex/generic/pgf/basiclayer/pgfcorescopes.co
de.tex
File: pgfcorescopes.code.tex 2021/05/15 v3.1.9a (3.1.9a)
\pgfpic=\box59
\pgf@hbox=\box60
\pgf@layerbox@main=\box61
\pgf@picture@serial@count=\count433
)
(/home/aryan/.miktex/texmfs/install/tex/generic/pgf/basiclayer/pgfcoregraphicst
ate.code.tex
File: pgfcoregraphicstate.code.tex 2021/05/15 v3.1.9a (3.1.9a)
\pgflinewidth=\dimen257
)
(/home/aryan/.miktex/texmfs/install/tex/generic/pgf/basiclayer/pgfcoretransform
ations.code.tex
File: pgfcoretransformations.code.tex 2021/05/15 v3.1.9a (3.1.9a)
\pgf@pt@x=\dimen258
\pgf@pt@y=\dimen259
\pgf@pt@temp=\dimen260
)
(/home/aryan/.miktex/texmfs/install/tex/generic/pgf/basiclayer/pgfcorequick.cod
e.tex
File: pgfcorequick.code.tex 2021/05/15 v3.1.9a (3.1.9a)
)
(/home/aryan/.miktex/texmfs/install/tex/generic/pgf/basiclayer/pgfcoreobjects.c
ode.tex
File: pgfcoreobjects.code.tex 2021/05/15 v3.1.9a (3.1.9a)
)
(/home/aryan/.miktex/texmfs/install/tex/generic/pgf/basiclayer/pgfcorepathproce
ssing.code.tex
File: pgfcorepathprocessing.code.tex 2021/05/15 v3.1.9a (3.1.9a)
)
(/home/aryan/.miktex/texmfs/install/tex/generic/pgf/basiclayer/pgfcorearrows.co
de.tex
File: pgfcorearrows.code.tex 2021/05/15 v3.1.9a (3.1.9a)
\pgfarrowsep=\dimen261
)
(/home/aryan/.miktex/texmfs/install/tex/generic/pgf/basiclayer/pgfcoreshade.cod
e.tex
File: pgfcoreshade.code.tex 2021/05/15 v3.1.9a (3.1.9a)
\pgf@max=\dimen262
\pgf@sys@shading@range@num=\count434
\pgf@shadingcount=\count435
)
(/home/aryan/.miktex/texmfs/install/tex/generic/pgf/basiclayer/pgfcoreimage.cod
e.tex
File: pgfcoreimage.code.tex 2021/05/15 v3.1.9a (3.1.9a)

(/home/aryan/.miktex/texmfs/install/tex/generic/pgf/basiclayer/pgfcoreexternal.
code.tex
File: pgfcoreexternal.code.tex 2021/05/15 v3.1.9a (3.1.9a)
\pgfexternal@startupbox=\box62
))
(/home/aryan/.miktex/texmfs/install/tex/generic/pgf/basiclayer/pgfcorelayers.co
de.tex
File: pgfcorelayers.code.tex 2021/05/15 v3.1.9a (3.1.9a)
)
(/home/aryan/.miktex/texmfs/install/tex/generic/pgf/basiclayer/pgfcoretranspare
ncy.code.tex
File: pgfcoretransparency.code.tex 2021/05/15 v3.1.9a (3.1.9a)
)
(/home/aryan/.miktex/texmfs/install/tex/generic/pgf/basiclayer/pgfcorepatterns.
code.tex
File: pgfcorepatterns.code.tex 2021/05/15 v3.1.9a (3.1.9a)
)
(/home/aryan/.miktex/texmfs/install/tex/generic/pgf/basiclayer/pgfcorerdf.code.
tex
File: pgfcorerdf.code.tex 2021/05/15 v3.1.9a (3.1.9a)
)))
(/home/aryan/.miktex/texmfs/install/tex/generic/pgf/modules/pgfmoduleshapes.cod
e.tex
File: pgfmoduleshapes.code.tex 2021/05/15 v3.1.9a (3.1.9a)
\pgfnodeparttextbox=\box63
)
(/home/aryan/.miktex/texmfs/install/tex/generic/pgf/modules/pgfmoduleplot.code.
tex
File: pgfmoduleplot.code.tex 2021/05/15 v3.1.9a (3.1.9a)
)
(/home/aryan/.miktex/texmfs/install/tex/latex/pgf/compatibility/pgfcomp-version
-0-65.sty
Package: pgfcomp-version-0-65 2021/05/15 v3.1.9a (3.1.9a)
\pgf@nodesepstart=\dimen263
\pgf@nodesepend=\dimen264
)
(/home/aryan/.miktex/texmfs/install/tex/latex/pgf/compatibility/pgfcomp-version
-1-18.sty
Package: pgfcomp-version-1-18 2021/05/15 v3.1.9a (3.1.9a)
))
(/home/aryan/.miktex/texmfs/install/tex/latex/pgf/utilities/pgffor.sty
(/home/aryan/.miktex/texmfs/install/tex/latex/pgf/utilities/pgfkeys.sty
(/home/aryan/.miktex/texmfs/install/tex/generic/pgf/utilities/pgfkeys.code.tex)
) (/home/aryan/.miktex/texmfs/install/tex/latex/pgf/math/pgfmath.sty
(/home/aryan/.miktex/texmfs/install/tex/generic/pgf/math/pgfmath.code.tex))
(/home/aryan/.miktex/texmfs/install/tex/generic/pgf/utilities/pgffor.code.tex
Package: pgffor 2021/05/15 v3.1.9a (3.1.9a)

(/home/aryan/.miktex/texmfs/install/tex/generic/pgf/math/pgfmath.code.tex)
\pgffor@iter=\dimen265
\pgffor@skip=\dimen266
\pgffor@stack=\toks42
\pgffor@toks=\toks43
))
(/home/aryan/.miktex/texmfs/install/tex/generic/pgf/frontendlayer/tikz/tikz.cod
e.tex
Package: tikz 2021/05/15 v3.1.9a (3.1.9a)

(/home/aryan/.miktex/texmfs/install/tex/generic/pgf/libraries/pgflibraryplothan
dlers.code.tex
File: pgflibraryplothandlers.code.tex 2021/05/15 v3.1.9a (3.1.9a)
\pgf@plot@mark@count=\count436
\pgfplotmarksize=\dimen267
)
\tikz@lastx=\dimen268
\tikz@lasty=\dimen269
\tikz@lastxsaved=\dimen270
\tikz@lastysaved=\dimen271
\tikz@lastmovetox=\dimen272
\tikz@lastmovetoy=\dimen273
\tikzleveldistance=\dimen274
\tikzsiblingdistance=\dimen275
\tikz@figbox=\box64
\tikz@figbox@bg=\box65
\tikz@tempbox=\box66
\tikz@tempbox@bg=\box67
\tikztreelevel=\count437
\tikznumberofchildren=\count438
\tikznumberofcurrentchild=\count439
\tikz@fig@count=\count440

(/home/aryan/.miktex/texmfs/install/tex/generic/pgf/modules/pgfmodulematrix.cod
e.tex
File: pgfmodulematrix.code.tex 2021/05/15 v3.1.9a (3.1.9a)
\pgfmatrixcurrentrow=\count441
\pgfmatrixcurrentcolumn=\count442
\pgf@matrix@numberofcolumns=\count443
)
\tikz@expandcount=\count444

(/home/aryan/.miktex/texmfs/install/tex/generic/pgf/frontendlayer/tikz/librarie
s/tikzlibrarytopaths.code.tex
File: tikzlibrarytopaths.code.tex 2021/05/15 v3.1.9a (3.1.9a)
)))
(/home/aryan/.miktex/texmfs/install/tex/generic/pgfplots/pgfplots.code.tex
(/home/aryan/.miktex/texmfs/install/tex/generic/pgfplots/pgfplotscore.code.tex
\t@pgfplots@toka=\toks44
\t@pgfplots@tokb=\toks45
\t@pgfplots@tokc=\toks46
\pgfplots@tmpa=\dimen276
\c@pgfplots@coordindex=\count445
\c@pgfplots@scanlineindex=\count446

(/home/aryan/.miktex/texmfs/install/tex/generic/pgfplots/sys/pgfplotssysgeneric
.code.tex))
(/home/aryan/.miktex/texmfs/install/tex/generic/pgfplots/libs/pgfplotslibrary.c
ode.tex)
(/home/aryan/.miktex/texmfs/install/tex/generic/pgfplots/oldpgfcompatib/pgfplot
soldpgfsupp_loader.code.tex
(/home/aryan/.miktex/texmfs/install/tex/generic/pgf/libraries/pgflibraryfpu.cod
e.tex))
(/home/aryan/.miktex/texmfs/install/tex/generic/pgfplots/util/pgfplotsutil.code
.tex
(/home/aryan/.miktex/texmfs/install/tex/generic/pgfplots/liststructure/pgfplots
liststructure.code.tex)
(/home/aryan/.miktex/texmfs/install/tex/generic/pgfplots/liststructure/pgfplots
liststructureext.code.tex)
(/home/aryan/.miktex/texmfs/install/tex/generic/pgfplots/liststructure/pgfplots
array.code.tex
\c@pgfplotsarray@tmp=\count447
)
(/home/aryan/.miktex/texmfs/install/tex/generic/pgfplots/liststructure/pgfplots
matrix.code.tex)
(/home/aryan/.miktex/texmfs/install/tex/generic/pgfplots/numtable/pgfplotstable
shared.code.tex
\c@pgfplotstable@counta=\count448
\t@pgfplotstable@a=\toks47
)
(/home/aryan/.miktex/texmfs/install/tex/generic/pgfplots/liststructure/pgfplots
deque.code.tex)
(/home/aryan/.miktex/texmfs/install/tex/generic/pgfplots/util/pgfplotsbinary.co
de.tex
(/home/aryan/.miktex/texmfs/install/tex/generic/pgfplots/util/pgfplotsbinary.da
ta.code.tex))
(/home/aryan/.miktex/texmfs/install/tex/generic/pgfplots/util/pgfplotsutil.verb
.code.tex)
(/home/aryan/.miktex/texmfs/install/tex/generic/pgfplots/libs/pgflibrarypgfplot
s.surfshading.code.tex
\c@pgfplotslibrarysurf@no=\count449

(/home/aryan/.miktex/texmfs/install/tex/generic/pgfplots/sys/pgflibrarypgfplots
.surfshading.pgfsys-pdftex.def)))
(/home/aryan/.miktex/texmfs/install/tex/generic/pgfplots/util/pgfplotscolormap.
code.tex
(/home/aryan/.miktex/texmfs/install/tex/generic/pgfplots/util/pgfplotscolor.cod
e.tex))
(/home/aryan/.miktex/texmfs/install/tex/generic/pgfplots/pgfplotsstackedplots.c
ode.tex)
(/home/aryan/.miktex/texmfs/install/tex/generic/pgfplots/pgfplotsplothandlers.c
ode.tex
(/home/aryan/.miktex/texmfs/install/tex/generic/pgfplots/pgfplotsmeshplothandle
r.code.tex
(/home/aryan/.miktex/texmfs/install/tex/generic/pgfplots/pgfplotsmeshplotimage.
code.tex)))
(/home/aryan/.miktex/texmfs/install/tex/generic/pgfplots/pgfplots.scaling.code.
tex)
(/home/aryan/.miktex/texmfs/install/tex/generic/pgfplots/pgfplotscoordprocessin
g.code.tex)
(/home/aryan/.miktex/texmfs/install/tex/generic/pgfplots/pgfplots.errorbars.cod
e.tex)
(/home/aryan/.miktex/texmfs/install/tex/generic/pgfplots/pgfplots.markers.code.
tex)
(/home/aryan/.miktex/texmfs/install/tex/generic/pgfplots/pgfplotsticks.code.tex
)
(/home/aryan/.miktex/texmfs/install/tex/generic/pgfplots/pgfplots.paths.code.te
x)
(/home/aryan/.miktex/texmfs/install/tex/generic/pgf/frontendlayer/tikz/librarie
s/tikzlibrarydecorations.code.tex
(/home/aryan/.miktex/texmfs/install/tex/generic/pgf/modules/pgfmoduledecoration
s.code.tex
\pgfdecoratedcompleteddistance=\dimen277
\pgfdecoratedremainingdistance=\dimen278
\pgfdecoratedinputsegmentcompleteddistance=\dimen279
\pgfdecoratedinputsegmentremainingdistance=\dimen280
\pgf@decorate@distancetomove=\dimen281
\pgf@decorate@repeatstate=\count450
\pgfdecorationsegmentamplitude=\dimen282
\pgfdecorationsegmentlength=\dimen283
)
\tikz@lib@dec@box=\box68
)
(/home/aryan/.miktex/texmfs/install/tex/generic/pgf/frontendlayer/tikz/librarie
s/tikzlibrarydecorations.pathmorphing.code.tex
(/home/aryan/.miktex/texmfs/install/tex/generic/pgf/libraries/decorations/pgfli
brarydecorations.pathmorphing.code.tex))
(/home/aryan/.miktex/texmfs/install/tex/generic/pgf/frontendlayer/tikz/librarie
s/tikzlibrarydecorations.pathreplacing.code.tex
(/home/aryan/.miktex/texmfs/install/tex/generic/pgf/libraries/decorations/pgfli
brarydecorations.pathreplacing.code.tex))
(/home/aryan/.miktex/texmfs/install/tex/generic/pgfplots/libs/tikzlibrarypgfplo
ts.contourlua.code.tex)
\pgfplots@numplots=\count451
\pgfplots@xmin@reg=\dimen284
\pgfplots@xmax@reg=\dimen285
\pgfplots@ymin@reg=\dimen286
\pgfplots@ymax@reg=\dimen287
\pgfplots@zmin@reg=\dimen288
\pgfplots@zmax@reg=\dimen289
)
(/home/aryan/.miktex/texmfs/install/tex/generic/pgf/frontendlayer/tikz/librarie
s/tikzlibraryplotmarks.code.tex
File: tikzlibraryplotmarks.code.tex 2021/05/15 v3.1.9a (3.1.9a)

(/home/aryan/.miktex/texmfs/install/tex/generic/pgf/libraries/pgflibraryplotmar
ks.code.tex
File: pgflibraryplotmarks.code.tex 2021/05/15 v3.1.9a (3.1.9a)
)))
(/home/aryan/.miktex/texmfs/install/tex/latex/standalone/standalone.sty
Package: standalone 2018/03/26 v1.3a Package to include TeX sub-files with prea
mbles

(/home/aryan/.miktex/texmfs/install/tex/latex/tools/shellesc.sty
Package: shellesc 2019/11/08 v1.0c unified shell escape interface for LaTeX
Package shellesc Info: Restricted shell escape enabled on input line 77.
)
(/home/aryan/.miktex/texmfs/install/tex/latex/currfile/currfile.sty
Package: currfile 2020/09/29 v0.7d Provides the file path elements of the curre
nt input file

(/home/aryan/.miktex/texmfs/install/tex/latex/filehook/filehook.sty
Package: filehook 2020/09/29 v0.8a Hooks for input files

(/home/aryan/.miktex/texmfs/install/tex/latex/filehook/filehook-2020.sty
Package: filehook-2020 2020/09/29 v0.8a Hooks for input files
))
\c@currfiledepth=\count452
)
(/home/aryan/.miktex/texmfs/install/tex/latex/gincltex/gincltex.sty
(/home/aryan/.miktex/texmfs/install/tex/latex/svn-prov/svn-prov.sty
Package: svn-prov 2010/04/24 v3.1862 Package Date/Version from SVN Keywords
)
Package: gincltex 2011/09/04 v0.3 Include external LaTeX files like graphics

(/home/aryan/.miktex/texmfs/install/tex/latex/adjustbox/adjustbox.sty
Package: adjustbox 2020/08/19 v1.3 Adjusting TeX boxes (trim, clip, ...)

(/home/aryan/.miktex/texmfs/install/tex/latex/adjustbox/adjcalc.sty
Package: adjcalc 2012/05/16 v1.1 Provides advanced setlength with multiple back
-ends (calc, etex, pgfmath)
)
(/home/aryan/.miktex/texmfs/install/tex/latex/adjustbox/trimclip.sty
Package: trimclip 2020/08/19 v1.2 Trim and clip general TeX material

(/home/aryan/.miktex/texmfs/install/tex/latex/collectbox/collectbox.sty
Package: collectbox 2012/05/17 v0.4b Collect macro arguments as boxes
\collectedbox=\box69
)
\tc@llx=\dimen290
\tc@lly=\dimen291
\tc@urx=\dimen292
\tc@ury=\dimen293
Package trimclip Info: Using driver 'tc-pdftex.def'.

(/home/aryan/.miktex/texmfs/install/tex/latex/adjustbox/tc-pdftex.def
File: tc-pdftex.def 2019/01/04 v2.2 Clipping driver for pdftex
))
\adjbox@Width=\dimen294
\adjbox@Height=\dimen295
\adjbox@Depth=\dimen296
\adjbox@Totalheight=\dimen297
\adjbox@pwidth=\dimen298
\adjbox@pheight=\dimen299
\adjbox@pdepth=\dimen300
\adjbox@ptotalheight=\dimen301

(/home/aryan/.miktex/texmfs/install/tex/latex/ifoddpage/ifoddpage.sty
Package: ifoddpage 2016/04/23 v1.1 Conditionals for odd/even page detection
\c@checkoddpage=\count453
)
(/home/aryan/.miktex/texmfs/install/tex/latex/varwidth/varwidth.sty
Package: varwidth 2009/03/30 ver 0.92;  Variable-width minipages
\@vwid@box=\box70
\sift@deathcycles=\count454
\@vwid@loff=\dimen302
\@vwid@roff=\dimen303
))
\gincltex@box=\box71
)
(/home/aryan/.miktex/texmfs/install/tex/latex/filemod/filemod-expmin.sty
Package: filemod-expmin 2011/09/19 v1.2 Get and compare file modification times
 (expandable; minimal)
))
(/home/aryan/.miktex/texmfs/install/tex/latex/titlesec/titlesec.sty
Package: titlesec 2021/07/05 v2.14 Sectioning titles
\ttl@box=\box72
\beforetitleunit=\skip81
\aftertitleunit=\skip82
\ttl@plus=\dimen304
\ttl@minus=\dimen305
\ttl@toksa=\toks48
\titlewidth=\dimen306
\titlewidthlast=\dimen307
\titlewidthfirst=\dimen308
)
(/home/aryan/.miktex/texmfs/install/tex/latex/titlesec/titletoc.sty
Package: titletoc 2021/07/05 v2.14 TOC entries
\ttl@leftsep=\dimen309
)
(/home/aryan/.miktex/texmfs/install/tex/latex/caption/caption.sty
Package: caption 2022/03/01 v3.6b Customizing captions (AR)

(/home/aryan/.miktex/texmfs/install/tex/latex/caption/caption3.sty
Package: caption3 2022/03/17 v2.3b caption3 kernel (AR)
\caption@tempdima=\dimen310
\captionmargin=\dimen311
\caption@leftmargin=\dimen312
\caption@rightmargin=\dimen313
\caption@width=\dimen314
\caption@indent=\dimen315
\caption@parindent=\dimen316
\caption@hangindent=\dimen317
Package caption Info: Standard document class detected.
)
\c@caption@flags=\count455
\c@continuedfloat=\count456
Package caption Info: hyperref package is loaded.
)
(/home/aryan/.miktex/texmfs/install/tex/latex/caption/subcaption.sty
Package: subcaption 2022/01/07 v1.5 Sub-captions (AR)
\c@subfigure=\count457
\c@subtable=\count458
)
(/home/aryan/.miktex/texmfs/install/tex/latex/mnsymbol/MnSymbol.sty
Package: MnSymbol 2007/01/21 v1.4 support for the MnSymbol font
LaTeX Info: Redefining \dagger on input line 84.
LaTeX Info: Redefining \ddagger on input line 84.
LaTeX Info: Redefining \mathparagraph on input line 84.
LaTeX Info: Redefining \mathsection on input line 84.
LaTeX Info: Redefining \mathdollar on input line 84.
LaTeX Info: Redefining \mathsterling on input line 84.
LaTeX Info: Redefining \yen on input line 84.
LaTeX Info: Redefining \circledR on input line 84.
LaTeX Info: Redefining \circledS on input line 84.
LaTeX Info: Redefining \Re on input line 84.
LaTeX Info: Redefining \Im on input line 84.
LaTeX Info: Redefining \dotplus on input line 84.
LaTeX Info: Redefining \thicksim on input line 84.
LaTeX Info: Redefining \thickapprox on input line 84.
LaTeX Info: Redefining \veebar on input line 84.
LaTeX Info: Redefining \barwedge on input line 84.
LaTeX Info: Redefining \doublebarwedge on input line 84.
LaTeX Info: Redefining \centerdot on input line 84.
LaTeX Info: Redefining \divideontimes on input line 84.
\symMnSyA=\mathgroup6
\symMnSyB=\mathgroup7
\symMnSyC=\mathgroup8
\symMnSyD=\mathgroup9
LaTeX Font Info:    Redeclaring symbol font `largesymbols' on input line 119.
LaTeX Font Info:    Overwriting symbol font `largesymbols' in version `normal'
(Font)                  OMX/cmex/m/n --> OMX/MnSymbolE/m/n on input line 119.
LaTeX Font Info:    Overwriting symbol font `largesymbols' in version `bold'
(Font)                  OMX/cmex/m/n --> OMX/MnSymbolE/m/n on input line 119.
LaTeX Font Info:    Redeclaring symbol font `symbols' on input line 120.
LaTeX Font Info:    Encoding `OMS' has changed to `U' for symbol font
(Font)              `symbols' in the math version `normal' on input line 120.
LaTeX Font Info:    Overwriting symbol font `symbols' in version `normal'
(Font)                  OMS/cmsy/m/n --> U/MnSymbolF/m/n on input line 120.
LaTeX Font Info:    Encoding `OMS' has changed to `U' for symbol font
(Font)              `symbols' in the math version `bold' on input line 120.
LaTeX Font Info:    Overwriting symbol font `symbols' in version `bold'
(Font)                  OMS/cmsy/b/n --> U/MnSymbolF/m/n on input line 120.
LaTeX Font Info:    Overwriting symbol font `MnSyA' in version `bold'
(Font)                  U/MnSymbolA/m/n --> U/MnSymbolA/b/n on input line 121.
LaTeX Font Info:    Overwriting symbol font `MnSyB' in version `bold'
(Font)                  U/MnSymbolB/m/n --> U/MnSymbolB/b/n on input line 122.
LaTeX Font Info:    Overwriting symbol font `MnSyC' in version `bold'
(Font)                  U/MnSymbolC/m/n --> U/MnSymbolC/b/n on input line 123.
LaTeX Font Info:    Overwriting symbol font `MnSyD' in version `bold'
(Font)                  U/MnSymbolD/m/n --> U/MnSymbolD/b/n on input line 124.
LaTeX Font Info:    Overwriting symbol font `largesymbols' in version `bold'
(Font)                  OMX/MnSymbolE/m/n --> OMX/MnSymbolE/b/n on input line 1
25.
LaTeX Font Info:    Overwriting symbol font `symbols' in version `bold'
(Font)                  U/MnSymbolF/m/n --> U/MnSymbolF/b/n on input line 126.
LaTeX Font Info:    Redeclaring math alphabet \mathcal on input line 241.
LaTeX Font Info:    Overwriting math alphabet `\mathcal' in version `bold'
(Font)                  OMS/MnSymbolS/m/n --> OMS/MnSymbolS/b/n on input line 2
41.
LaTeX Info: Redefining \longrightarrow on input line 548.
LaTeX Info: Redefining \longleftarrow on input line 549.
LaTeX Info: Redefining \longleftrightarrow on input line 550.
LaTeX Info: Redefining \Longrightarrow on input line 551.
LaTeX Info: Redefining \Longleftarrow on input line 552.
LaTeX Info: Redefining \Longleftrightarrow on input line 553.
LaTeX Info: Redefining \longmapsto on input line 554.
LaTeX Info: Redefining \vdots on input line 868.
LaTeX Font Info:    Redeclaring math symbol \braceld on input line 1721.
LaTeX Font Info:    Redeclaring math symbol \bracelu on input line 1722.
LaTeX Font Info:    Redeclaring math symbol \bracerd on input line 1723.
LaTeX Font Info:    Redeclaring math symbol \braceru on input line 1724.
LaTeX Info: Redefining \downbracefill on input line 1799.
LaTeX Info: Redefining \upbracefill on input line 1800.
LaTeX Info: Redefining \overbrace on input line 1819.
LaTeX Info: Redefining \underbrace on input line 1820.
LaTeX Info: Redefining \surd on input line 1843.
LaTeX Font Info:    Redeclaring math accent \widehat on input line 1845.
LaTeX Font Info:    Redeclaring math accent \widetilde on input line 1846.
LaTeX Font Info:    Redeclaring math accent \vec on input line 1848.
)
(/home/aryan/.miktex/texmfs/install/tex/latex/wasysym/wasysym.sty
Package: wasysym 2020/01/19 v2.4 Wasy-2 symbol support package
\symwasy=\mathgroup10
LaTeX Font Info:    Overwriting symbol font `wasy' in version `bold'
(Font)                  U/wasy/m/n --> U/wasy/b/n on input line 93.
LaTeX Font Info:    Redeclaring math symbol \invneg on input line 242.
)
(/home/aryan/.miktex/texmfs/install/tex/latex/tikzsymbols/tikzsymbols.sty
Package: tikzsymbols 2021/12/14 v4.12a Some symbols created using tikz and LaTe
X3.

(/home/aryan/.miktex/texmfs/install/tex/latex/tools/xspace.sty
Package: xspace 2014/10/28 v1.13 Space after command names (DPC,MH)
)
(/home/aryan/.miktex/texmfs/install/tex/generic/pgf/frontendlayer/tikz/librarie
s/tikzlibraryarrows.code.tex
File: tikzlibraryarrows.code.tex 2021/05/15 v3.1.9a (3.1.9a)

(/home/aryan/.miktex/texmfs/install/tex/generic/pgf/libraries/pgflibraryarrows.
code.tex
File: pgflibraryarrows.code.tex 2021/05/15 v3.1.9a (3.1.9a)
\arrowsize=\dimen318
))
(/home/aryan/.miktex/texmfs/install/tex/generic/pgf/frontendlayer/tikz/librarie
s/tikzlibrarytrees.code.tex
File: tikzlibrarytrees.code.tex 2021/05/15 v3.1.9a (3.1.9a)
)
\l__tikzsymbols_Moai_thickness_dim=\dimen319
\l__tikzsymbols_Kochtopf_nr_arguments_int=\count459
\l__tikzsymbols_Bratpfanne_nr_arguments_int=\count460
\l__tikzsymbols_Schneebesen_nr_arguments_int=\count461
\l__tikzsymbols_Sieb_nr_arguments_int=\count462
\l__tikzsymbols_Purierstab_nr_arguments_int=\count463
\l__tikzsymbols_Dreizack_nr_arguments_int=\count464
\l__tikzsymbols_Backblech_nr_arguments_int=\count465
\l__tikzsymbols_Ofen_nr_arguments_int=\count466
\l__tikzsymbols_Pfanne_nr_arguments_int=\count467
\l__tikzsymbols_Herd_nr_arguments_int=\count468
\l__tikzsymbols_Saftpresse_nr_arguments_int=\count469
\l__tikzsymbols_Schussel_nr_arguments_int=\count470
\l__tikzsymbols_Schaler_nr_arguments_int=\count471
\l__tikzsymbols_Reibe_nr_arguments_int=\count472
\l__tikzsymbols_Flasche_nr_arguments_int=\count473
\l__tikzsymbols_Nudelholz_nr_arguments_int=\count474
\l__tikzsymbols_Knoblauchpresse_nr_arguments_int=\count475
\l__tikzsymbols_Sadey_nr_arguments_int=\count476
\l__tikzsymbols_dSadey_nr_arguments_int=\count477
\l__tikzsymbols_Changey_nr_arguments_int=\count478
\l__tikzsymbols_dChangey_nr_arguments_int=\count479
\l__tikzsymbols_cChangey_nr_arguments_int=\count480
\l__tikzsymbols_dcChangey_nr_arguments_int=\count481
\l__tikzsymbols_Annoey_nr_arguments_int=\count482
\l__tikzsymbols_dAnnoey_nr_arguments_int=\count483
\l__tikzsymbols_Smiley_nr_arguments_int=\count484
\l__tikzsymbols_dSmiley_nr_arguments_int=\count485
\l__tikzsymbols_Laughey_nr_arguments_int=\count486
\l__tikzsymbols_dLaughey_nr_arguments_int=\count487
\l__tikzsymbols_Neutrey_nr_arguments_int=\count488
\l__tikzsymbols_dNeutrey_nr_arguments_int=\count489
\l__tikzsymbols_Winkey_nr_arguments_int=\count490
\l__tikzsymbols_oldWinkey_nr_arguments_int=\count491
\l__tikzsymbols_dWinkey_nr_arguments_int=\count492
\l__tikzsymbols_olddWinkey_nr_arguments_int=\count493
\l__tikzsymbols_Sey_nr_arguments_int=\count494
\l__tikzsymbols_dSey_nr_arguments_int=\count495
\l__tikzsymbols_Xey_nr_arguments_int=\count496
\l__tikzsymbols_dXey_nr_arguments_int=\count497
\l__tikzsymbols_Innocey_nr_arguments_int=\count498
\l__tikzsymbols_wInnocey_nr_arguments_int=\count499
\l__tikzsymbols_dInnocey_nr_arguments_int=\count500
\l__tikzsymbols_Cooley_nr_arguments_int=\count501
\l__tikzsymbols_dCooley_nr_arguments_int=\count502
\l__tikzsymbols_Tongey_nr_arguments_int=\count503
\l__tikzsymbols_dTongey_nr_arguments_int=\count504
\l__tikzsymbols_Nursey_nr_arguments_int=\count505
\l__tikzsymbols_dNursey_nr_arguments_int=\count506
\l__tikzsymbols_Vomey_nr_arguments_int=\count507
\l__tikzsymbols_dVomey_nr_arguments_int=\count508
\l__tikzsymbols_Walley_nr_arguments_int=\count509
\l__tikzsymbols_rWalley_nr_arguments_int=\count510
\l__tikzsymbols_dWalley_nr_arguments_int=\count511
\l__tikzsymbols_drWalley_nr_arguments_int=\count512
\l__tikzsymbols_Cat_nr_arguments_int=\count513
\l__tikzsymbols_SchrodingersCat_nr_arguments_int=\count514
\l__tikzsymbols_Ninja_nr_arguments_int=\count515
\l__tikzsymbols_dNinja_nr_arguments_int=\count516
\l__tikzsymbols_Sleepey_nr_arguments_int=\count517
\l__tikzsymbols_dSleepey_nr_arguments_int=\count518
\l__tikzsymbols_Maskey_nr_arguments_int=\count519
\l__tikzsymbols_NiceReapey_nr_arguments_int=\count520
\l__tikzsymbols_Strichmaxerl_nr_arguments_int=\count521
\l__tikzsymbols_Person_nr_arguments_int=\count522
\l__tikzsymbols_Heart_nr_arguments_int=\count523
\l__tikzsymbols_dHeart_nr_arguments_int=\count524
\l__tikzsymbols_HeartBroken_nr_arguments_int=\count525
\l__tikzsymbols_Candle_nr_arguments_int=\count526
\l__tikzsymbols_Fire_nr_arguments_int=\count527
\l__tikzsymbols_Coffeecup_nr_arguments_int=\count528
\l__tikzsymbols_Chair_nr_arguments_int=\count529
\l__tikzsymbols_Bed_nr_arguments_int=\count530
\l__tikzsymbols_Tribar_nr_arguments_int=\count531
\l__tikzsymbols_Moai_nr_arguments_int=\count532
\l__tikzsymbols_Snowman_nr_arguments_int=\count533
\l__tikzsymbols_BasicTree_nr_arguments_int=\count534
\l__tikzsymbols_WorstTree_nr_arguments_int=\count535
\l__tikzsymbols_Springtree_nr_arguments_int=\count536
\l__tikzsymbols_Summertree_nr_arguments_int=\count537
\l__tikzsymbols_Autumntree_nr_arguments_int=\count538
\l__tikzsymbols_Wintertree_nr_arguments_int=\count539
)
(/home/aryan/.miktex/texmfs/install/tex/latex/amsfonts/euscript.sty
Package: euscript 2009/06/22 v3.00 Euler Script fonts
LaTeX Font Info:    Overwriting math alphabet `\EuScript' in version `bold'
(Font)                  U/eus/m/n --> U/eus/b/n on input line 33.
)
(/home/aryan/.miktex/texmfs/install/tex/latex/float/float.sty
Package: float 2001/11/08 v1.3d Float enhancements (AL)
\c@float@type=\count540
\float@exts=\toks49
\float@box=\box73
\@float@everytoks=\toks50
\@floatcapt=\box74
)
\@quotelevel=\count541
\@quotereset=\count542

(ee507_hw02_aryan_ritwajeet_jha.aux

LaTeX Warning: Label `eq:tmp3f1' multiply defined.


LaTeX Warning: Label `eq:tmp3f1@cref' multiply defined.


LaTeX Warning: Label `eq:tmp3f1' multiply defined.


LaTeX Warning: Label `eq:tmp3f1@cref' multiply defined.

)
\openout1 = `ee507_hw02_aryan_ritwajeet_jha.aux'.

LaTeX Font Info:    Checking defaults for OML/cmm/m/it on input line 67.
LaTeX Font Info:    ... okay on input line 67.
LaTeX Font Info:    Checking defaults for OMS/cmsy/m/n on input line 67.
LaTeX Font Info:    ... okay on input line 67.
LaTeX Font Info:    Checking defaults for OT1/cmr/m/n on input line 67.
LaTeX Font Info:    ... okay on input line 67.
LaTeX Font Info:    Checking defaults for T1/cmr/m/n on input line 67.
LaTeX Font Info:    ... okay on input line 67.
LaTeX Font Info:    Checking defaults for TS1/cmr/m/n on input line 67.
LaTeX Font Info:    ... okay on input line 67.
LaTeX Font Info:    Checking defaults for OMX/cmex/m/n on input line 67.
LaTeX Font Info:    ... okay on input line 67.
LaTeX Font Info:    Checking defaults for U/cmr/m/n on input line 67.
LaTeX Font Info:    ... okay on input line 67.
LaTeX Font Info:    Checking defaults for PD1/pdf/m/n on input line 67.
LaTeX Font Info:    ... okay on input line 67.
LaTeX Font Info:    Checking defaults for PU/pdf/m/n on input line 67.
LaTeX Font Info:    ... okay on input line 67.
Package biblatex Info: Trying to load language 'english'...
Package biblatex Info: ... file 'english.lbx' found.
 (/home/aryan/.miktex/texmfs/install/tex/latex/biblatex/lbx/english.lbx
File: english.lbx 2022/07/12 v3.18b biblatex localization (PK/MW)
)
Package biblatex Info: Input encoding 'utf8' detected.
Package biblatex Info: Automatic encoding selection.
(biblatex)             Assuming data encoding 'utf8'.
\openout3 = `ee507_hw02_aryan_ritwajeet_jha.bcf'.

Package biblatex Info: Trying to load bibliographic data...
Package biblatex Info: ... file 'ee507_hw02_aryan_ritwajeet_jha.bbl' found.

(ee507_hw02_aryan_ritwajeet_jha.bbl)
Package biblatex Info: Reference section=0 on input line 67.
Package biblatex Info: Reference segment=0 on input line 67.

(/home/aryan/.miktex/texmfs/install/tex/context/base/mkii/supp-pdf.mkii
[Loading MPS to PDF converter (version 2006.09.02).]
\scratchcounter=\count543
\scratchdimen=\dimen320
\scratchbox=\box75
\nofMPsegments=\count544
\nofMParguments=\count545
\everyMPshowfont=\toks51
\MPscratchCnt=\count546
\MPscratchDim=\dimen321
\MPnumerator=\count547
\makeMPintoPDFobject=\count548
\everyMPtoPDFconversion=\toks52
) (/home/aryan/.miktex/texmfs/install/tex/latex/epstopdf-pkg/epstopdf-base.sty
Package: epstopdf-base 2020-01-24 v2.11 Base part for package epstopdf
Package epstopdf-base Info: Redefining graphics rule for `.eps' on input line 4
85.

(/home/aryan/.miktex/texmfs/install/tex/latex/00miktex/epstopdf-sys.cfg
File: epstopdf-sys.cfg 2021/03/18 v2.0 Configuration of epstopdf for MiKTeX
))
Package hyperref Info: Link coloring OFF on input line 67.

(ee507_hw02_aryan_ritwajeet_jha.out) (ee507_hw02_aryan_ritwajeet_jha.out)
\@outlinefile=\write5
\openout5 = `ee507_hw02_aryan_ritwajeet_jha.out'.

\c@mv@tabular=\count549
\c@mv@boldtabular=\count550


Package pgfplots Warning: running in backwards compatibility mode (unsuitable t
ick labels; missing features). Consider writing \pgfplotsset{compat=1.18} into 
your preamble.
 on input line 67.

Package caption Info: Begin \AtBeginDocument code.
Package caption Info: float package is loaded.
Package caption Info: End \AtBeginDocument code.
LaTeX Font Info:    Font shape `T1/FiraSans-OsF/m/n' in size <17.28> not availa
ble
(Font)              Font shape `T1/FiraSans-OsF/regular/n' tried instead on inp
ut line 69.
LaTeX Font Info:    Font shape `T1/FiraSans-OsF/regular/n' will be
(Font)              scaled to size 17.28pt on input line 69.
LaTeX Font Info:    Font shape `T1/FiraSans-OsF/m/n' in size <12> not available

(Font)              Font shape `T1/FiraSans-OsF/regular/n' tried instead on inp
ut line 69.
LaTeX Font Info:    Font shape `T1/FiraSans-OsF/regular/n' will be
(Font)              scaled to size 12.0pt on input line 69.
LaTeX Font Info:    Trying to load font information for U+msa on input line 69.

(/home/aryan/.miktex/texmfs/install/tex/latex/amsfonts/umsa.fd
File: umsa.fd 2013/01/14 v3.01 AMS symbols A
)
LaTeX Font Info:    Trying to load font information for U+msb on input line 69.


(/home/aryan/.miktex/texmfs/install/tex/latex/amsfonts/umsb.fd
File: umsb.fd 2013/01/14 v3.01 AMS symbols B
)
LaTeX Font Info:    Trying to load font information for U+wasy on input line 69
.

(/home/aryan/.miktex/texmfs/install/tex/latex/wasysym/uwasy.fd
File: uwasy.fd 2020/01/19 v2.4 Wasy-2 symbol font definitions
)
LaTeX Font Info:    Font shape `T1/FiraSans-OsF/m/n' in size <14.4> not availab
le
(Font)              Font shape `T1/FiraSans-OsF/regular/n' tried instead on inp
ut line 69.
LaTeX Font Info:    Font shape `T1/FiraSans-OsF/regular/n' will be
(Font)              scaled to size 14.4pt on input line 69.
LaTeX Font Info:    Font shape `T1/FiraSans-OsF/b/n' in size <14.4> not availab
le
(Font)              Font shape `T1/FiraSans-OsF/bold/n' tried instead on input 
line 69.
LaTeX Font Info:    Font shape `T1/FiraSans-OsF/bold/n' will be
(Font)              scaled to size 14.4pt on input line 69.

(ee507_hw02_aryan_ritwajeet_jha.toc
LaTeX Font Info:    Font shape `T1/FiraSans-OsF/b/n' in size <10> not available

(Font)              Font shape `T1/FiraSans-OsF/bold/n' tried instead on input 
line 1.
LaTeX Font Info:    Font shape `T1/FiraSans-OsF/bold/n' will be
(Font)              scaled to size 10.0pt on input line 1.
)
\tf@toc=\write6
\openout6 = `ee507_hw02_aryan_ritwajeet_jha.toc'.

 [1

{/home/aryan/.miktex/texmfs/data/fonts/map/pdftex/pdftex.map}] (../sections/q01
.tex
LaTeX Font Info:    Font shape `T1/FiraSans-OsF/b/n' in size <12> not available

(Font)              Font shape `T1/FiraSans-OsF/bold/n' tried instead on input 
line 11.
LaTeX Font Info:    Font shape `T1/FiraSans-OsF/bold/n' will be
(Font)              scaled to size 12.0pt on input line 11.
LaTeX Font Info:    Font shape `T1/FiraSans-OsF/m/n' in size <7> not available
(Font)              Font shape `T1/FiraSans-OsF/regular/n' tried instead on inp
ut line 15.
LaTeX Font Info:    Font shape `T1/FiraSans-OsF/regular/n' will be
(Font)              scaled to size 7.0pt on input line 15.
LaTeX Font Info:    Font shape `T1/FiraSans-OsF/m/n' in size <5> not available
(Font)              Font shape `T1/FiraSans-OsF/regular/n' tried instead on inp
ut line 15.
LaTeX Font Info:    Font shape `T1/FiraSans-OsF/regular/n' will be
(Font)              scaled to size 5.0pt on input line 15.
 [2]
Overfull \hbox (17.53253pt too wide) in paragraph at lines 38--40
\T1/FiraSans-OsF/regular/n/10 This probability is smaller (approximately two-th
irds of) than the probability
 []


Overfull \hbox (7.74652pt too wide) in paragraph at lines 41--42
\T1/FiraSans-OsF/regular/n/10 our knowledge (decreased the probability of happe
ning) of event $\OML/cmm/m/it/10 A$ \T1/FiraSans-OsF/regular/n/10 (Eq. ([]5[])
 []

[3]) (../sections/q02.tex
Overfull \hbox (0.43646pt too wide) in paragraph at lines 5--6
[]\T1/FiraSans-OsF/regular/n/10 If events $\OML/cmm/m/it/10 A$ \T1/FiraSans-OsF
/regular/n/10 and $\OML/cmm/m/it/10 B$ \T1/FiraSans-OsF/regular/n/10 are indepe
ndent, and events $\OML/cmm/m/it/10 A$ \T1/FiraSans-OsF/regular/n/10 and $\OML/
cmm/m/it/10 C$ \T1/FiraSans-OsF/regular/n/10 are independent,
 []


Overfull \hbox (19.38632pt too wide) in paragraph at lines 6--7
[]\T1/FiraSans-OsF/regular/n/10 If two events are disjoint, are they always, so
metimes, or never independent?
 []

\g__tikzsymbols_savebox_F_0 g 0 G_10_Laughey_1_none_none_box=\box76

Overfull \hbox (4.14351pt too wide) in paragraph at lines 29--30
[]\T1/FiraSans-OsF/regular/n/10 Disregarding the trivial case when at least one
 of the events is impossible,
 []


Overfull \hbox (6.68352pt too wide) in paragraph at lines 29--30
\T1/FiraSans-OsF/regular/n/10 sense, as say, if events $\OML/cmm/m/it/10 A$ \T1
/FiraSans-OsF/regular/n/10 and $\OML/cmm/m/it/10 B$ \T1/FiraSans-OsF/regular/n/
10 with non-zero probabilities are completely
 []

)
Underfull \hbox (badness 10000) in paragraph at lines 31--75

 []

[4

] (../sections/q03.tex
Overfull \hbox (2.95558pt too wide) in paragraph at lines 3--5
\T1/FiraSans-OsF/regular/n/10 A randomly selected student in an engineering cla
ss id diligent with probability
 []


Overfull \hbox (17.12988pt too wide) in paragraph at lines 3--5
\T1/FiraSans-OsF/regular/n/10 homework with probability $\OT1/cmr/m/n/10 0\OML/
cmm/m/it/10 :\OT1/cmr/m/n/10 9$ \T1/FiraSans-OsF/regular/n/10 and does not do s
o with probability $\OT1/cmr/m/n/10 0\OML/cmm/m/it/10 :\OT1/cmr/m/n/10 1$\T1/Fi
raSans-OsF/regular/n/10 . Meanwhile,
 []


Overfull \hbox (9.72519pt too wide) in paragraph at lines 3--5
\T1/FiraSans-OsF/regular/n/10 grade with probability $\OT1/cmr/m/n/10 0\OML/cmm
/m/it/10 :\OT1/cmr/m/n/10 4$ \T1/FiraSans-OsF/regular/n/10 and an $\OML/cmm/m/i
t/10 F$ \T1/FiraSans-OsF/regular/n/10 grade with probability $\OT1/cmr/m/n/10 0
\OML/cmm/m/it/10 :\OT1/cmr/m/n/10 3$ \T1/FiraSans-OsF/regular/n/10 (again, irre
spective
 []


Underfull \hbox (badness 10000) in paragraph at lines 3--5

 []


Overfull \hbox (2.5066pt too wide) in paragraph at lines 8--9
[]\T1/FiraSans-OsF/regular/n/10 What is the probability that the student comple
tes all of their homework? 
 []

\g__tikzsymbols_savebox_F_0 g 0 G_10_Sadey_1_none_box=\box77
[5

] (../figures/../figures/decisionTree.pdf_tex
<../figures/../figures//decisionTree.pdf, id=146, page=1, 531.41481pt x 495.089
68pt>
File: ../figures/../figures//decisionTree.pdf Graphic file (type pdf)
<use ../figures/../figures//decisionTree.pdf, page 1>
Package pdftex.def Info: ../figures/../figures//decisionTree.pdf , page1 used o
n input line 56.
(pdftex.def)             Requested size: 531.41481pt x 495.11868pt.
) [6 <../figures/../figures//decisionTree.pdf>] [7]
Overfull \hbox (16.3367pt too wide) in paragraph at lines 106--106
 \T1/FiraSans-OsF/regular/n/10 Now starting with the RHS of Eq. ([]17[]) and us
ing the Law of Total Probability: 
 []

\g__tikzsymbols_savebox_F_0 g 0 G_10_Neutrey_1_none_box=\box78

Overfull \hbox (16.3367pt too wide) in paragraph at lines 106--106
 \T1/FiraSans-OsF/regular/n/10 Now starting with the RHS of Eq. ([]17[]) and us
ing the Law of Total Probability: 
 []


Overfull \hbox (0.20631pt too wide) in paragraph at lines 121--121
 \T1/FiraSans-OsF/regular/n/10 Starting from the LHS of Eq. ([]22[]), and using
 the Law of Total Probability: 
 []


Overfull \hbox (17.5367pt too wide) in paragraph at lines 121--121
 \T1/FiraSans-OsF/regular/n/10 Now starting with the RHS of Eq. ([]22[]) and us
ing the Law of Total Probability: 
 []

\g__tikzsymbols_savebox_F_0 g 0 G_10_Smiley_1_none_box=\box79

Overfull \hbox (0.20631pt too wide) in paragraph at lines 121--121
 \T1/FiraSans-OsF/regular/n/10 Starting from the LHS of Eq. ([]22[]), and using
 the Law of Total Probability: 
 []


Overfull \hbox (17.5367pt too wide) in paragraph at lines 121--121
 \T1/FiraSans-OsF/regular/n/10 Now starting with the RHS of Eq. ([]22[]) and us
ing the Law of Total Probability: 
 []

[8] [9])
Underfull \hbox (badness 10000) in paragraph at lines 136--77

 []

[10] (../sections/q04.tex
Overfull \hbox (12.24608pt too wide) in paragraph at lines 11--12
[]\T1/FiraSans-OsF/regular/n/10 It should be noted that outcomes are always ind
ependent events, therefore
 []


Overfull \hbox (5.17598pt too wide) in paragraph at lines 36--36
 \T1/FiraSans-OsF/regular/n/10 Conceptually, in a `universe' (a subset of all p
ossible events constrained
 []


Overfull \hbox (5.17598pt too wide) in paragraph at lines 36--36
 \T1/FiraSans-OsF/regular/n/10 Conceptually, in a `universe' (a subset of all p
ossible events constrained
 []

[11

])
Underfull \hbox (badness 10000) in paragraph at lines 38--79

 []

[12] (../sections/q05.tex
Overfull \hbox (10.08307pt too wide) in paragraph at lines 3--4
[]\T1/FiraSans-OsF/regular/n/10 Please define a random variable, and explain wh
y the concept is important. 
 []

LaTeX Font Info:    Trying to load font information for TS1+FiraSans-OsF on inp
ut line 13.
(/home/aryan/.miktex/texmfs/install/tex/latex/fira/TS1FiraSans-OsF.fd
File: TS1FiraSans-OsF.fd 2019/10/10 (autoinst) Font definitions for TS1/FiraSan
s-OsF.
)
LaTeX Font Info:    Font shape `TS1/FiraSans-OsF/m/n' in size <10> not availabl
e
(Font)              Font shape `TS1/FiraSans-OsF/regular/n' tried instead on in
put line 13.
LaTeX Font Info:    Font shape `TS1/FiraSans-OsF/regular/n' will be
(Font)              scaled to size 10.0pt on input line 13.

Overfull \hbox (10.09355pt too wide) in paragraph at lines 14--15
[]\T1/FiraSans-OsF/regular/n/10 Random Variables can be used to efficiently tri
m the set of all possible
 []


Overfull \hbox (9.4662pt too wide) in paragraph at lines 15--16
\T1/FiraSans-OsF/regular/n/10 for an outcome in most physical/simulated experim
ents. For example
 []


Overfull \hbox (15.59259pt too wide) in paragraph at lines 15--16
\T1/FiraSans-OsF/regular/n/10 describing the distribution in an adult human pop
ulation are outcomes
 []


Overfull \hbox (9.47607pt too wide) in paragraph at lines 17--19
\T1/FiraSans-OsF/regular/n/10 experimenter is usually interested in range queri
es, such as the probability
 []


Overfull \hbox (14.38072pt too wide) in paragraph at lines 17--19
\OT1/cmr/m/n/10 165\OML/cmm/m/it/10 cm$\T1/FiraSans-OsF/regular/n/10 , in which
 case the value can be conveniently calculated by computing
 []

)
Underfull \hbox (badness 10000) in paragraph at lines 21--81

 []

[13

] (../sections/q06.tex (../figures/../figures/cdf1.pdf_tex
<../figures/../figures//cdf1.pdf, id=259, page=1, 411.211pt x 349.99138pt>
File: ../figures/../figures//cdf1.pdf Graphic file (type pdf)
<use ../figures/../figures//cdf1.pdf, page 1>
Package pdftex.def Info: ../figures/../figures//cdf1.pdf , page1 used on input 
line 56.
(pdftex.def)             Requested size: 411.211pt x 350.00653pt.
LaTeX Font Info:    Calculating math sizes for size <24> on input line 57.


LaTeX Font Warning: Font shape `OT1/cmr/m/n' in size <24> not available
(Font)              size <24.88> substituted on input line 57.


LaTeX Font Warning: Font shape `OT1/cmr/m/n' in size <16.79993> not available
(Font)              size <17.28> substituted on input line 57.


LaTeX Font Warning: Font shape `OML/cmm/m/it' in size <24> not available
(Font)              size <24.88> substituted on input line 57.


LaTeX Font Warning: Font shape `OML/cmm/m/it' in size <16.79993> not available
(Font)              size <17.28> substituted on input line 57.


LaTeX Font Warning: Font shape `U/wasy/m/n' in size <24> not available
(Font)              size <24.88> substituted on input line 57.


LaTeX Font Warning: Font shape `U/wasy/m/n' in size <16.79993> not available
(Font)              size <17.28> substituted on input line 57.

) [14

] [15 <../figures/../figures//cdf1.pdf>]
pdfTeX warning (ext4): destination with the same identifier (name{equation.0.28
}) has been already used, duplicate ignored
<to be read again> 
                   \relax 
l.88 		\begin{equation}
                       
pdfTeX warning (ext4): destination with the same identifier (name{equation.0.28
}) has been already used, duplicate ignored
<to be read again> 
                   \relax 
l.88 		\begin{equation}
                       
pdfTeX warning (ext4): destination with the same identifier (name{equation.0.28
}) has been already used, duplicate ignored
<to be read again> 
                   \relax 
l.88 		\begin{equation}
                       
pdfTeX warning (ext4): destination with the same identifier (name{equation.0.28
}) has been already used, duplicate ignored
<to be read again> 
                   \relax 
l.88 		\begin{equation}
                        (../figures/../figures/cdf2.pdf_tex
<../figures/../figures//cdf2.pdf, id=306, page=1, 411.211pt x 349.99138pt>
File: ../figures/../figures//cdf2.pdf Graphic file (type pdf)
<use ../figures/../figures//cdf2.pdf, page 1>
Package pdftex.def Info: ../figures/../figures//cdf2.pdf , page1 used on input 
line 56.
(pdftex.def)             Requested size: 411.211pt x 350.00653pt.
<../figures/../figures//cdf2.pdf, id=307, page=2, 411.211pt x 349.99138pt>
File: ../figures/../figures//cdf2.pdf Graphic file (type pdf)
<use ../figures/../figures//cdf2.pdf, page 2>
Package pdftex.def Info: ../figures/../figures//cdf2.pdf , page2 used on input 
line 66.
(pdftex.def)             Requested size: 411.211pt x 350.00653pt.
) [16])
Underfull \hbox (badness 10000) in paragraph at lines 111--83

 []

[17 <../figures/../figures//cdf2.pdf> <../figures/../figures//cdf2.pdf

pdfTeX warning: pdflatex (file ../figures/../figures//cdf2.pdf): PDF inclusion:
 multiple pdfs with page group included in a single page
>] (../sections/q07.tex (../figures/../figures/dartBoardRandomVariable.pdf_tex
<../figures/../figures//dartBoardRandomVariable.pdf, id=339, page=1, 609.24648p
t x 554.15141pt>
File: ../figures/../figures//dartBoardRandomVariable.pdf Graphic file (type pdf
)
<use ../figures/../figures//dartBoardRandomVariable.pdf, page 1>
Package pdftex.def Info: ../figures/../figures//dartBoardRandomVariable.pdf , p
age1 used on input line 56.
(pdftex.def)             Requested size: 609.24646pt x 554.20078pt.
<../figures/../figures//dartBoardRandomVariable.pdf, id=340, page=2, 609.24648p
t x 554.15141pt>
File: ../figures/../figures//dartBoardRandomVariable.pdf Graphic file (type pdf
)
<use ../figures/../figures//dartBoardRandomVariable.pdf, page 2>
Package pdftex.def Info: ../figures/../figures//dartBoardRandomVariable.pdf , p
age2 used on input line 61.
(pdftex.def)             Requested size: 609.24646pt x 554.20078pt.
<../figures/../figures//dartBoardRandomVariable.pdf, id=341, page=3, 609.24648p
t x 554.15141pt>
File: ../figures/../figures//dartBoardRandomVariable.pdf Graphic file (type pdf
)
<use ../figures/../figures//dartBoardRandomVariable.pdf, page 3>
Package pdftex.def Info: ../figures/../figures//dartBoardRandomVariable.pdf , p
age3 used on input line 63.
(pdftex.def)             Requested size: 609.24646pt x 554.20078pt.
<../figures/../figures//dartBoardRandomVariable.pdf, id=342, page=4, 609.24648p
t x 554.15141pt>
File: ../figures/../figures//dartBoardRandomVariable.pdf Graphic file (type pdf
)
<use ../figures/../figures//dartBoardRandomVariable.pdf, page 4>
Package pdftex.def Info: ../figures/../figures//dartBoardRandomVariable.pdf , p
age4 used on input line 65.
(pdftex.def)             Requested size: 609.24646pt x 554.20078pt.
<../figures/../figures//dartBoardRandomVariable.pdf, id=343, page=5, 609.24648p
t x 554.15141pt>
File: ../figures/../figures//dartBoardRandomVariable.pdf Graphic file (type pdf
)
<use ../figures/../figures//dartBoardRandomVariable.pdf, page 5>
Package pdftex.def Info: ../figures/../figures//dartBoardRandomVariable.pdf , p
age5 used on input line 74.
(pdftex.def)             Requested size: 609.24646pt x 554.20078pt.
) [18

 <../figures/../figures//dartBoardRandomVariable.pdf> <../figures/../figures//d
artBoardRandomVariable.pdf

pdfTeX warning: pdflatex (file ../figures/../figures//dartBoardRandomVariable.p
df): PDF inclusion: multiple pdfs with page group included in a single page
> <../figures/../figures//dartBoardRandomVariable.pdf

pdfTeX warning: pdflatex (file ../figures/../figures//dartBoardRandomVariable.p
df): PDF inclusion: multiple pdfs with page group included in a single page
> <../figures/../figures//dartBoardRandomVariable.pdf

pdfTeX warning: pdflatex (file ../figures/../figures//dartBoardRandomVariable.p
df): PDF inclusion: multiple pdfs with page group included in a single page
> <../figures/../figures//dartBoardRandomVariable.pdf

pdfTeX warning: pdflatex (file ../figures/../figures//dartBoardRandomVariable.p
df): PDF inclusion: multiple pdfs with page group included in a single page
>]
Underfull \hbox (badness 10000) in paragraph at lines 27--28

 []


pdfTeX warning (ext4): destination with the same identifier (name{equation.0.28
}) has been already used, duplicate ignored
<to be read again> 
                   \relax 
l.28 	\begin{equation}
                      
pdfTeX warning (ext4): destination with the same identifier (name{equation.0.28
}) has been already used, duplicate ignored
<to be read again> 
                   \relax 
l.28 	\begin{equation}
                      
pdfTeX warning (ext4): destination with the same identifier (name{equation.0.28
}) has been already used, duplicate ignored
<to be read again> 
                   \relax 
l.28 	\begin{equation}
                      
pdfTeX warning (ext4): destination with the same identifier (name{equation.0.28
}) has been already used, duplicate ignored
<to be read again> 
                   \relax 
l.28 	\begin{equation}
                      
Underfull \hbox (badness 10000) in paragraph at lines 39--40

 []


pdfTeX warning (ext4): destination with the same identifier (name{equation.0.28
}) has been already used, duplicate ignored
<to be read again> 
                   \relax 
l.40 	\begin{equation}
                      
pdfTeX warning (ext4): destination with the same identifier (name{equation.0.28
}) has been already used, duplicate ignored
<to be read again> 
                   \relax 
l.40 	\begin{equation}
                      
pdfTeX warning (ext4): destination with the same identifier (name{equation.0.28
}) has been already used, duplicate ignored
<to be read again> 
                   \relax 
l.40 	\begin{equation}
                      
pdfTeX warning (ext4): destination with the same identifier (name{equation.0.28
}) has been already used, duplicate ignored
<to be read again> 
                   \relax 
l.40 	\begin{equation}
                      
pdfTeX warning (ext4): destination with the same identifier (name{equation.0.28
}) has been already used, duplicate ignored
<to be read again> 
                   \relax 
l.63 		\end{align}
                   [19])
Underfull \hbox (badness 10000) in paragraph at lines 66--85

 []

[20] (ee507_hw02_aryan_ritwajeet_jha.aux)

LaTeX Font Warning: Size substitutions with differences
(Font)              up to 0.88pt have occurred.


LaTeX Warning: There were multiply-defined labels.

Package rerunfilecheck Info: File `ee507_hw02_aryan_ritwajeet_jha.out' has not 
changed.
(rerunfilecheck)             Checksum: 7C2919AD90F42BF14DB22D1EBDD26BA9;1256.
Package logreq Info: Writing requests to 'ee507_hw02_aryan_ritwajeet_jha.run.xm
l'.
\openout1 = `ee507_hw02_aryan_ritwajeet_jha.run.xml'.

 ) 
Here is how much of TeX's memory you used:
 48259 strings out of 477324
 1075878 string characters out of 2828730
 1947609 words of memory out of 3000000
 68494 multiletter control sequences out of 15000+600000
 625451 words of font info for 127 fonts, out of 8000000 for 9000
 0 hyphenation exceptions out of 8191
 99i,18n,117p,935b,848s stack positions out of 10000i,1000n,20000p,200000b,80000s
{/home/aryan/.miktex/texmfs/install/fonts/enc/dvips/mnsymbol/MnSymbolD.enc}{/
home/aryan/.miktex/texmfs/install/fonts/enc/dvips/mnsymbol/MnSymbolC.enc}{/home
/aryan/.miktex/texmfs/install/fonts/enc/dvips/mnsymbol/MnSymbolE.enc}{/home/ary
an/.miktex/texmfs/install/fonts/enc/dvips/fira/fir_d67aat.enc}{/home/aryan/.mik
tex/texmfs/install/fonts/enc/dvips/mnsymbol/MnSymbolA.enc}{/home/aryan/.miktex/
texmfs/install/fonts/enc/dvips/fira/fir_iln36p.enc}</home/aryan/.miktex/texmfs/
install/fonts/type1/public/fira/FiraSans-Bold.pfb></home/aryan/.miktex/texmfs/i
nstall/fonts/type1/public/fira/FiraSans-Regular.pfb></home/aryan/.miktex/texmfs
/install/fonts/type1/public/mnsymbol/MnSymbol10.pfb></home/aryan/.miktex/texmfs
/install/fonts/type1/public/mnsymbol/MnSymbol12.pfb></home/aryan/.miktex/texmfs
/install/fonts/type1/public/mnsymbol/MnSymbol7.pfb></home/aryan/.miktex/texmfs/
install/fonts/type1/public/amsfonts/cm/cmmi10.pfb></home/aryan/.miktex/texmfs/i
nstall/fonts/type1/public/amsfonts/cm/cmmi12.pfb></home/aryan/.miktex/texmfs/in
stall/fonts/type1/public/amsfonts/cm/cmmi7.pfb></home/aryan/.miktex/texmfs/inst
all/fonts/type1/public/amsfonts/cm/cmr10.pfb></home/aryan/.miktex/texmfs/instal
l/fonts/type1/public/amsfonts/cm/cmr12.pfb></home/aryan/.miktex/texmfs/install/
fonts/type1/public/amsfonts/cm/cmr17.pfb></home/aryan/.miktex/texmfs/install/fo
nts/type1/public/amsfonts/cm/cmr5.pfb></home/aryan/.miktex/texmfs/install/fonts
/type1/public/amsfonts/cm/cmr7.pfb></home/aryan/.miktex/texmfs/install/fonts/ty
pe1/public/amsfonts/cm/cmr8.pfb>
Output written on ee507_hw02_aryan_ritwajeet_jha.pdf (20 pages, 377120 bytes).
PDF statistics:
 541 PDF objects out of 1000 (max. 8388607)
 116 named destinations out of 1000 (max. 500000)
 170 words of extra memory for PDF output out of 10000 (max. 10000000)

