This is LuaHBTeX, Version 1.15.0 (MiKTeX 22.7.30) (format=lualatex 2022.7.31)  3 AUG 2022 13:59
 restricted system commands enabled.
**Theory.tex
(./Theory.tex
LaTeX2e <2022-06-01> patch level 5
Lua module: luaotfload 2022-06-15 3.22 Lua based OpenType font support
Lua module: lualibs 2021-05-20 2.74 ConTeXt Lua standard libraries.
Lua module: lualibs-extended 2021-05-20 2.74 ConTeXt Lua libraries -- extended c
ollection.
luaotfload | conf : Root cache directory is "C:/Users/aryan/AppData/Local/MiKTeX
/luatex-cache/generic/names".
luaotfload | init : Loading fontloader "fontloader-2022-06-15.lua" from kpse-res
olved path "C:/Users/aryan/AppData/Local/Programs/MiKTeX/tex/luatex/luaotfload/f
ontloader-2022-06-15.lua".
Lua-only attribute luaotfload@noligature = 1
luaotfload | init : Context OpenType loader version 3.120
Inserting `luaotfload.node_processor' at position 1 in `pre_linebreak_filter'.
Inserting `luaotfload.node_processor' at position 1 in `hpack_filter'.
Inserting `luaotfload.glyph_stream' at position 1 in `glyph_stream_provider'.
Inserting `luaotfload.define_font' at position 1 in `define_font'.
Lua-only attribute luaotfload_color_attribute = 2
luaotfload | conf : Root cache directory is "C:/Users/aryan/AppData/Local/MiKTeX
/luatex-cache/generic/names".
Inserting `luaotfload.harf.strip_prefix' at position 1 in `find_opentype_file'.
Inserting `luaotfload.harf.strip_prefix' at position 1 in `find_truetype_file'.
Removing  `luaotfload.glyph_stream' from `glyph_stream_provider'.
Inserting `luaotfload.harf.glyphstream' at position 1 in `glyph_stream_provider'
.
Inserting `luaotfload.harf.finalize_vlist' at position 1 in `post_linebreak_filt
er'.
Inserting `luaotfload.harf.finalize_hlist' at position 2 in `hpack_filter'.
Inserting `luaotfload.cleanup_files' at position 1 in `wrapup_run'.
Inserting `luaotfload.harf.finalize_unicode' at position 1 in `finish_pdffile'.
Inserting `luaotfload.glyphinfo' at position 1 in `glyph_info'.
Lua-only attribute luaotfload.letterspace_done = 3
Inserting `luaotfload.aux.set_sscale_dimens' at position 1 in `luaotfload.patch_
font'.
Inserting `luaotfload.aux.set_font_index' at position 2 in `luaotfload.patch_fon
t'.
Inserting `luaotfload.aux.patch_cambria_domh' at position 3 in `luaotfload.patch
_font'.
Inserting `luaotfload.aux.fixup_fontdata' at position 1 in `luaotfload.patch_fon
t_unsafe'.
Inserting `luaotfload.aux.set_capheight' at position 4 in `luaotfload.patch_font
'.
Inserting `luaotfload.aux.set_xheight' at position 5 in `luaotfload.patch_font'.
Inserting `luaotfload.rewrite_fontname' at position 6 in `luaotfload.patch_font'
. L3 programming layer <2022-07-15>
Inserting `tracingstacklevels' at position 1 in `input_level_string'.
! Undefined control sequence.
l.1 \section
          [Theory]{Theory}
The control sequence at the end of the top line
of your error message was never \def'ed. If you have
misspelled it (e.g., `\hobx'), type `I' and the correct
spelling (e.g., `I\hbox'). Otherwise just continue,
and I'll forget about whatever was undefined.


! LaTeX Error: Missing \begin{document}.

See the LaTeX manual or LaTeX Companion for explanation.
Type  H <return>  for immediate help.
 ...                                              
                                                  
l.1 \section[
           Theory]{Theory}
You're in trouble here.  Try typing  <return>  to proceed.
If that doesn't work, type  X <return>  to quit.


Overfull \hbox (20.0pt too wide) in paragraph at lines 1--3
[][Theory]Theory
 []


! LaTeX Error: Missing \begin{document}.

See the LaTeX manual or LaTeX Companion for explanation.
Type  H <return>  for immediate help.
 ...                                              
                                                  
l.4 ...rame}{Bifurcations and Critical Slowing Down}
                                                  
You're in trouble here.  Try typing  <return>  to proceed.
If that doesn't work, type  X <return>  to quit.

luaotfload | db : Font names database loaded from C:/Users/aryan/AppData/Local/M
iKTeX/luatex-cache/generic/names/luaotfload-names.luc.gz
! Undefined control sequence.
l.5 ...ters. Serious bifurcations, called \textcolor
                                                  {red}{Critical Bifurcation...
The control sequence at the end of the top line
of your error message was never \def'ed. If you have
misspelled it (e.g., `\hobx'), type `I' and the correct
spelling (e.g., `I\hbox'). Otherwise just continue,
and I'll forget about whatever was undefined.


Overfull \hbox (20.0pt too wide) in paragraph at lines 4--7
[][]
 []


Overfull \hbox (15.2pt too wide) in paragraph at lines 4--7
\TU/lmr/bx/n/10 Bi-
 []


Overfull \hbox (18.47pt too wide) in paragraph at lines 4--7
\TU/lmr/bx/n/10 fur-
 []


Overfull \hbox (14.53pt too wide) in paragraph at lines 4--7
\TU/lmr/bx/n/10 ca-
 []


Overfull \hbox (19.8pt too wide) in paragraph at lines 4--7
\TU/lmr/bx/n/10 tion\nullfont :
 []


! LaTeX Error: Missing \begin{document}.

See the LaTeX manual or LaTeX Companion for explanation.
Type  H <return>  for immediate help.
 ...                                              
                                                  
l.8 ...rame}{Bifurcations and Critical Slowing Down}
                                                  
You're in trouble here.  Try typing  <return>  to proceed.
If that doesn't work, type  X <return>  to quit.


! LaTeX Error: Environment figure undefined.

See the LaTeX manual or LaTeX Companion for explanation.
Type  H <return>  for immediate help.
 ...                                              
                                                  
l.9 	\begin{figure}
                 
Your command was ignored.
Type  I <command> <return>  to replace it with another command,
or  <return>  to continue without it.


! LaTeX Error: \caption outside float.

See the LaTeX manual or LaTeX Companion for explanation.
Type  H <return>  for immediate help.
 ...                                              
                                                  
l.13 		\caption
             {Bifurcation Diagram showing the Normal form of Transcritical B...
You're in trouble here.  Try typing  <return>  to proceed.
If that doesn't work, type  X <return>  to quit.


Overfull \hbox (20.0pt too wide) in paragraph at lines 8--14
 [][] 
 []

LaTeX Font Info:    External font `cmex10' loaded for size
(Font)              <7> on input line 14.
LaTeX Font Info:    External font `cmex10' loaded for size
(Font)              <5> on input line 14.

Overfull \hbox (55.32005pt too wide) detected at line 16
[] \OT1/cmr/m/n/10 = \OML/cmm/m/it/10 x \OMS/cmsy/m/n/10 ^^@ \OML/cmm/m/it/10 
x[]
 []


! LaTeX Error: \begin{frame} on input line 8 ended by \end{figure}.

See the LaTeX manual or LaTeX Companion for explanation.
Type  H <return>  for immediate help.
 ...                                              
                                                  
l.17 	\end{figure}
                
Your command was ignored.
Type  I <command> <return>  to replace it with another command,
or  <return>  to continue without it.


! LaTeX Error: Missing \begin{document}.

See the LaTeX manual or LaTeX Companion for explanation.
Type  H <return>  for immediate help.
 ...                                              
                                                  
l.20 ...ame}{Bifurcations and Critical Slowing Down}
                                                  
You're in trouble here.  Try typing  <return>  to proceed.
If that doesn't work, type  X <return>  to quit.


Overfull \hbox (20.0pt too wide) in paragraph at lines 20--22
[][]
 []


Overfull \hbox (24.54001pt too wide) in paragraph at lines 20--22
\TU/lmr/bx/n/10 Crit-
 []


Overfull \hbox (7.02pt too wide) in paragraph at lines 20--22
\TU/lmr/bx/n/10 i-
 []


Overfull \hbox (13.89pt too wide) in paragraph at lines 20--22
\TU/lmr/bx/n/10 cal
 []


Overfull \hbox (27.15pt too wide) in paragraph at lines 20--22
\TU/lmr/bx/n/10 Slow-
 []


Overfull \hbox (15.33pt too wide) in paragraph at lines 20--22
\TU/lmr/bx/n/10 ing
 []


Overfull \hbox (28.95pt too wide) in paragraph at lines 20--22
\TU/lmr/bx/n/10 Down\nullfont :
 []


! LaTeX Error: Missing \begin{document}.

See the LaTeX manual or LaTeX Companion for explanation.
Type  H <return>  for immediate help.
 ...                                              
                                                  
l.24 	\begin{itemize}
                   
You're in trouble here.  Try typing  <return>  to proceed.
If that doesn't work, type  X <return>  to quit.


Overfull \hbox (20.0pt too wide) in paragraph at lines 24--24
[] 
 []


Overfull \hbox (20.0pt too wide) in paragraph at lines 30--32
[]The
 []


! LaTeX Error: Missing \begin{document}.

See the LaTeX manual or LaTeX Companion for explanation.
Type  H <return>  for immediate help.
 ...                                              
                                                  
l.33 \begin{frame}{AR1 and Variance}
                                  
You're in trouble here.  Try typing  <return>  to proceed.
If that doesn't work, type  X <return>  to quit.


Overfull \hbox (20.0pt too wide) in paragraph at lines 33--34
[][] 
 []


Overfull \hbox (91.9561pt too wide) detected at line 37
[]\OML/cmm/m/it/10 d\OT1/cmr/m/n/10 [\OML/cmm/m/it/10 k\OT1/cmr/m/n/10 ] = \OML
/cmm/m/it/10 a[]d\OT1/cmr/m/n/10 [\OML/cmm/m/it/10 k \OMS/cmsy/m/n/10 ^^@ \OT1/
cmr/m/n/10 1] + \OML/cmm/m/it/10 e\OT1/cmr/m/n/10 [\OML/cmm/m/it/10 k\OT1/cmr/m
/n/10 ]
 []


! LaTeX Error: Missing \begin{document}.

See the LaTeX manual or LaTeX Companion for explanation.
Type  H <return>  for immediate help.
 ...                                              
                                                  
l.40 	\begin{equation}
                    
You're in trouble here.  Try typing  <return>  to proceed.
If that doesn't work, type  X <return>  to quit.


Overfull \hbox (20.0pt too wide) in paragraph at lines 40--40
[] 
 []


Overfull \hbox (75.86064pt too wide) detected at line 43
[]\OML/cmm/m/it/10 [] \OT1/cmr/m/n/10 = [] [] \OML/cmm/m/it/10 d\OT1/cmr/m/n/1
0 [\OML/cmm/m/it/10 k\OT1/cmr/m/n/10 ][]
 []

)
! Emergency stop.
<*> Theory.tex
           
*** (job aborted, no legal \end found)



Here is how much of LuaTeX's memory you used:
 28 strings out of 477474
 100000,383344 words of node,token memory allocated 10020 words of node memory still in use:
   85 hlist, 7 vlist, 18 rule, 7 disc, 14 local_par, 1 dir, 273 glue, 22 kern, 4
2 penalty, 866 glyph, 95 attribute, 39 glue_spec, 95 attribute_list, 1 temp, 4 w
rite nodes
   avail lists: 3:20,4:34,5:2,8:18,10:33
 21168 multiletter control sequences out of 65536+600000
 26 fonts using 1476743 bytes
 18i,3n,12p,295b,119s stack positions out of 10000i,1000n,20000p,200000b,80000s
!  ==> Fatal error occurred, no output PDF file produced!
