This is LuaHBTeX, Version 1.15.0 (MiKTeX 22.7.30) (format=lualatex 2022.7.31)  3 AUG 2022 11:58
 restricted system commands enabled.
**Introduction.tex
(./Introduction.tex
LaTeX2e <2022-06-01> patch level 5
Lua module: luaotfload 2022-06-15 3.22 Lua based OpenType font support
Lua module: lualibs 2021-05-20 2.74 ConTeXt Lua standard libraries.
Lua module: lualibs-extended 2021-05-20 2.74 ConTeXt Lua libraries -- extended c
ollection.
luaotfload | conf : Root cache directory is "C:/Users/aryan/AppData/Local/MiKTeX
/luatex-cache/generic/names".
luaotfload | init : Loading fontloader "fontloader-2022-06-15.lua" from kpse-res
olved path "C:/Users/aryan/AppData/Local/Programs/MiKTeX/tex/luatex/luaotfload/f
ontloader-2022-06-15.lua".
Lua-only attribute luaotfload@noligature = 1
luaotfload | init : Context OpenType loader version 3.120
Inserting `luaotfload.node_processor' at position 1 in `pre_linebreak_filter'.
Inserting `luaotfload.node_processor' at position 1 in `hpack_filter'.
Inserting `luaotfload.glyph_stream' at position 1 in `glyph_stream_provider'.
Inserting `luaotfload.define_font' at position 1 in `define_font'.
Lua-only attribute luaotfload_color_attribute = 2
luaotfload | conf : Root cache directory is "C:/Users/aryan/AppData/Local/MiKTeX
/luatex-cache/generic/names".
Inserting `luaotfload.harf.strip_prefix' at position 1 in `find_opentype_file'.
Inserting `luaotfload.harf.strip_prefix' at position 1 in `find_truetype_file'.
Removing  `luaotfload.glyph_stream' from `glyph_stream_provider'.
Inserting `luaotfload.harf.glyphstream' at position 1 in `glyph_stream_provider'
.
Inserting `luaotfload.harf.finalize_vlist' at position 1 in `post_linebreak_filt
er'.
Inserting `luaotfload.harf.finalize_hlist' at position 2 in `hpack_filter'.
Inserting `luaotfload.cleanup_files' at position 1 in `wrapup_run'.
Inserting `luaotfload.harf.finalize_unicode' at position 1 in `finish_pdffile'.
Inserting `luaotfload.glyphinfo' at position 1 in `glyph_info'.
Lua-only attribute luaotfload.letterspace_done = 3
Inserting `luaotfload.aux.set_sscale_dimens' at position 1 in `luaotfload.patch_
font'.
Inserting `luaotfload.aux.set_font_index' at position 2 in `luaotfload.patch_fon
t'.
Inserting `luaotfload.aux.patch_cambria_domh' at position 3 in `luaotfload.patch
_font'.
Inserting `luaotfload.aux.fixup_fontdata' at position 1 in `luaotfload.patch_fon
t_unsafe'.
Inserting `luaotfload.aux.set_capheight' at position 4 in `luaotfload.patch_font
'.
Inserting `luaotfload.aux.set_xheight' at position 5 in `luaotfload.patch_font'.
Inserting `luaotfload.rewrite_fontname' at position 6 in `luaotfload.patch_font'
. L3 programming layer <2022-07-15>
Inserting `tracingstacklevels' at position 1 in `input_level_string'.
! Undefined control sequence.
l.1 \section
          [Introduction to My Work]{Introduction}
The control sequence at the end of the top line
of your error message was never \def'ed. If you have
misspelled it (e.g., `\hobx'), type `I' and the correct
spelling (e.g., `I\hbox'). Otherwise just continue,
and I'll forget about whatever was undefined.


! LaTeX Error: Missing \begin{document}.

See the LaTeX manual or LaTeX Companion for explanation.
Type  H <return>  for immediate help.
 ...                                              
                                                  
l.1 \section[
           Introduction to My Work]{Introduction}
You're in trouble here.  Try typing  <return>  to proceed.
If that doesn't work, type  X <return>  to quit.


Overfull \hbox (20.0pt too wide) in paragraph at lines 1--3
[][Introduction
 []


! LaTeX Error: Missing \begin{document}.

See the LaTeX manual or LaTeX Companion for explanation.
Type  H <return>  for immediate help.
 ...                                              
                                                  
l.4 \begin{frame}[
                fragile]{Transient vs Steady State Stability}
You're in trouble here.  Try typing  <return>  to proceed.
If that doesn't work, type  X <return>  to quit.


! LaTeX Error: Environment tabularx undefined.

See the LaTeX manual or LaTeX Companion for explanation.
Type  H <return>  for immediate help.
 ...                                              
                                                  
l.5 	\begin{tabularx}
                   {\textwidth}{
Your command was ignored.
Type  I <command> <return>  to replace it with another command,
or  <return>  to continue without it.

! Missing number, treated as zero.
<to be read again> 
}
l.5 	\begin{tabularx}{\textwidth}
                               {
A number should have been here; I inserted `0'.
(If you can't figure out why I needed to see a number,
look up `weird error' in the index to The TeXbook.)

! Illegal unit of measure (pt inserted).
<to be read again> 
}
l.5 	\begin{tabularx}{\textwidth}
                               {
Dimensions can be in units of em, ex, in, pt, pc,
cm, mm, dd, cc, nd, nc, bp, or sp; but yours is a new one!
I'll assume that you meant to say pt, for printer's points.
To recover gracefully from this error, it's best to
delete the erroneous units; e.g., type `2' to delete
two letters. (See Chapter 27 of The TeXbook.)

! Undefined control sequence.
l.10 			>{\leavevmode\raggedright\arraybackslash
                                              }% Right bullet + formatting o...
The control sequence at the end of the top line
of your error message was never \def'ed. If you have
misspelled it (e.g., `\hobx'), type `I' and the correct
spelling (e.g., `I\hbox'). Otherwise just continue,
and I'll forget about whatever was undefined.

luaotfload | db : Font names database loaded from C:/Users/aryan/AppData/Local/M
iKTeX/luatex-cache/generic/names/luaotfload-names.luc.gz
! Misplaced alignment tab character &.
l.14 		\textbf{Transient Stability} &
                                    \textbf{Steady State Stability}\\
I can't figure out why you would want to use a tab mark
here. If you just want an ampersand, the remedy is
simple: Just type `I\&' now. But if some right brace
up above has ended a previous alignment prematurely,
you're probably due for more error messages, and you
might try typing `S' now just to see what is salvageable.

! Undefined control sequence.
<recently read> \toprule 
         
l.15 		\toprule
             
The control sequence at the end of the top line
of your error message was never \def'ed. If you have
misspelled it (e.g., `\hobx'), type `I' and the correct
spelling (e.g., `I\hbox'). Otherwise just continue,
and I'll forget about whatever was undefined.

! Misplaced alignment tab character &.
l.16 ...e in a state variable(s) causes blackouts. &
                                                  
I can't figure out why you would want to use a tab mark
here. If you just want an ampersand, the remedy is
simple: Just type `I\&' now. But if some right brace
up above has ended a previous alignment prematurely,
you're probably due for more error messages, and you
might try typing `S' now just to see what is salvageable.

! Undefined control sequence.
l.17 ...ver time, ultimately leading to a \textcolor
                                                  {red}{critical point} wher...
The control sequence at the end of the top line
of your error message was never \def'ed. If you have
misspelled it (e.g., `\hobx'), type `I' and the correct
spelling (e.g., `I\hbox'). Otherwise just continue,
and I'll forget about whatever was undefined.

! Misplaced alignment tab character &.
l.18 ...r due to corrective protection mechanisms. &
                                                  
I can't figure out why you would want to use a tab mark
here. If you just want an ampersand, the remedy is
simple: Just type `I\&' now. But if some right brace
up above has ended a previous alignment prematurely,
you're probably due for more error messages, and you
might try typing `S' now just to see what is salvageable.

! Undefined control sequence.
l.20 		\bottomrule
                
The control sequence at the end of the top line
of your error message was never \def'ed. If you have
misspelled it (e.g., `\hobx'), type `I' and the correct
spelling (e.g., `I\hbox'). Otherwise just continue,
and I'll forget about whatever was undefined.


! LaTeX Error: \begin{frame} on input line 4 ended by \end{tabularx}.

See the LaTeX manual or LaTeX Companion for explanation.
Type  H <return>  for immediate help.
 ...                                              
                                                  
l.21 	\end{tabularx}
                  
Your command was ignored.
Type  I <command> <return>  to replace it with another command,
or  <return>  to continue without it.


Overfull \hbox (20.0pt too wide) in paragraph at lines 4--23
[][]fragile]Transient
 []


Overfull \hbox (27.59pt too wide) in paragraph at lines 4--23
\TU/lmr/bx/n/10 Tran-
 []


Overfull \hbox (23.54pt too wide) in paragraph at lines 4--23
\TU/lmr/bx/n/10 sient
 []


Overfull \hbox (20.28pt too wide) in paragraph at lines 4--23
\TU/lmr/bx/n/10 Sta-
 []


Overfull \hbox (16.6pt too wide) in paragraph at lines 4--23
\TU/lmr/bx/n/10 bil-
 []


Overfull \hbox (13.41pt too wide) in paragraph at lines 4--23
\TU/lmr/bx/n/10 ity
 []


Overfull \hbox (34.18001pt too wide) in paragraph at lines 4--23
\TU/lmr/bx/n/10 Steady
 []


Overfull \hbox (26.19pt too wide) in paragraph at lines 4--23
\TU/lmr/bx/n/10 State
 []


Overfull \hbox (20.28pt too wide) in paragraph at lines 4--23
\TU/lmr/bx/n/10 Sta-
 []


Overfull \hbox (16.6pt too wide) in paragraph at lines 4--23
\TU/lmr/bx/n/10 bil-
 []


Overfull \hbox (13.41pt too wide) in paragraph at lines 4--23
\TU/lmr/bx/n/10 ity 
 []


! LaTeX Error: Missing \begin{document}.

See the LaTeX manual or LaTeX Companion for explanation.
Type  H <return>  for immediate help.
 ...                                              
                                                  
l.24 ...ame}{Bifurcations and Critical Slowing Down}
                                                  
You're in trouble here.  Try typing  <return>  to proceed.
If that doesn't work, type  X <return>  to quit.

! Undefined control sequence.
l.25 ...ers. Serious bifurcations, called \textcolor
                                                  {red}{Critical Bifurcation...
The control sequence at the end of the top line
of your error message was never \def'ed. If you have
misspelled it (e.g., `\hobx'), type `I' and the correct
spelling (e.g., `I\hbox'). Otherwise just continue,
and I'll forget about whatever was undefined.


Overfull \hbox (20.0pt too wide) in paragraph at lines 24--27
[][]
 []


Overfull \hbox (15.2pt too wide) in paragraph at lines 24--27
\TU/lmr/bx/n/10 Bi-
 []


Overfull \hbox (18.47pt too wide) in paragraph at lines 24--27
\TU/lmr/bx/n/10 fur-
 []


Overfull \hbox (14.53pt too wide) in paragraph at lines 24--27
\TU/lmr/bx/n/10 ca-
 []


Overfull \hbox (19.8pt too wide) in paragraph at lines 24--27
\TU/lmr/bx/n/10 tion\nullfont :
 []


! LaTeX Error: Missing \begin{document}.

See the LaTeX manual or LaTeX Companion for explanation.
Type  H <return>  for immediate help.
 ...                                              
                                                  
l.28 ...ame}{Bifurcations and Critical Slowing Down}
                                                  
You're in trouble here.  Try typing  <return>  to proceed.
If that doesn't work, type  X <return>  to quit.


Overfull \hbox (20.0pt too wide) in paragraph at lines 28--30
[][]
 []


Overfull \hbox (24.54001pt too wide) in paragraph at lines 28--30
\TU/lmr/bx/n/10 Crit-
 []


Overfull \hbox (7.02pt too wide) in paragraph at lines 28--30
\TU/lmr/bx/n/10 i-
 []


Overfull \hbox (13.89pt too wide) in paragraph at lines 28--30
\TU/lmr/bx/n/10 cal
 []


Overfull \hbox (27.15pt too wide) in paragraph at lines 28--30
\TU/lmr/bx/n/10 Slow-
 []


Overfull \hbox (15.33pt too wide) in paragraph at lines 28--30
\TU/lmr/bx/n/10 ing
 []


Overfull \hbox (28.95pt too wide) in paragraph at lines 28--30
\TU/lmr/bx/n/10 Down\nullfont :
 []


! LaTeX Error: Missing \begin{document}.

See the LaTeX manual or LaTeX Companion for explanation.
Type  H <return>  for immediate help.
 ...                                              
                                                  
l.31 	\begin{itemize}
                   
You're in trouble here.  Try typing  <return>  to proceed.
If that doesn't work, type  X <return>  to quit.


Overfull \hbox (20.0pt too wide) in paragraph at lines 31--31
[] 
 []

)
! Emergency stop.
<*> Introduction.tex
                 
*** (job aborted, no legal \end found)



Here is how much of LuaTeX's memory you used:
 26 strings out of 477474
 100000,383344 words of node,token memory allocated 12516 words of node memory still in use:
   56 hlist, 3 vlist, 12 rule, 13 disc, 9 local_par, 1 dir, 314 glue, 13 kern, 3
7 penalty, 1249 glyph, 73 attribute, 39 glue_spec, 73 attribute_list, 1 temp, 1 
write nodes
   avail lists: 4:51,5:11,10:50
 21166 multiletter control sequences out of 65536+600000
 15 fonts using 723367 bytes
 15i,3n,12p,301b,91s stack positions out of 10000i,1000n,20000p,200000b,80000s
!  ==> Fatal error occurred, no output PDF file produced!
